[2016.04.28-15.12.51:642][  0]Log file open, 04/28/16 11:12:51
[2016.04.28-15.12.51:642][  0]LogInit:Display: Running engine for game: Game_GT
[2016.04.28-15.12.51:642][  0]LogPlatformFile: Not using cached read wrapper
[2016.04.28-15.12.51:642][  0]LogInit:Display: RandInit(-634920217) SRandInit(-634920213).
[2016.04.28-15.12.51:642][  0]LogTaskGraph: Started task graph with 4 named threads and 7 total threads.
[2016.04.28-15.12.51:642][  0]LogStats: Stats thread started at 0.081601
[2016.04.28-15.12.51:642][  0]LogInit: Version: 4.10.1-2791327+++depot+UE4-Releases+4.10
[2016.04.28-15.12.51:642][  0]LogInit: API Version: 2758231
[2016.04.28-15.12.51:642][  0]LogInit: Compiled (64-bit): Dec  4 2015 19:44:40
[2016.04.28-15.12.51:642][  0]LogInit: Compiled with Visual C++: 19.00.23026.00
[2016.04.28-15.12.51:642][  0]LogInit: Build Configuration: Development
[2016.04.28-15.12.51:642][  0]LogInit: Branch Name: ++depot+UE4-Releases+4.10
[2016.04.28-15.12.51:642][  0]LogInit: Command line:  
[2016.04.28-15.12.51:642][  0]LogInit: Base directory: C:/Program Files (x86)/Epic Games/4.10/Engine/Binaries/Win64/
[2016.04.28-15.12.51:642][  0]LogInit: Rocket: 1
[2016.04.28-15.12.51:647][  0]LogInit: Using libcurl 7.41.0
[2016.04.28-15.12.51:647][  0]LogInit:  - built for x86_64-pc-win32
[2016.04.28-15.12.51:647][  0]LogInit:  - supports SSL with WinSSL
[2016.04.28-15.12.51:647][  0]LogInit:  - other features:
[2016.04.28-15.12.51:647][  0]LogInit:      CURL_VERSION_SSL
[2016.04.28-15.12.51:647][  0]LogInit:      CURL_VERSION_IPV6
[2016.04.28-15.12.51:647][  0]LogInit:      CURL_VERSION_ASYNCHDNS
[2016.04.28-15.12.51:647][  0]LogInit:      CURL_VERSION_LARGEFILE
[2016.04.28-15.12.51:647][  0]LogInit:      CURL_VERSION_IDN
[2016.04.28-15.12.51:648][  0]LogInit:  CurlRequestOptions (configurable via config and command line):
[2016.04.28-15.12.51:648][  0]LogInit:  - bVerifyPeer = true  - Libcurl will verify peer certificate
[2016.04.28-15.12.51:648][  0]LogInit:  - bUseHttpProxy = false  - Libcurl will NOT use HTTP proxy
[2016.04.28-15.12.51:648][  0]LogInit:  - bDontReuseConnections = false  - Libcurl will reuse connections
[2016.04.28-15.12.51:648][  0]LogInit:  - CertBundlePath = nullptr  - Libcurl will use whatever was configured at build time.
[2016.04.28-15.12.51:654][  0]LogInit: Presizing for 0 objects not considered by GC, pre-allocating 0 bytes.
[2016.04.28-15.12.51:659][  0]LogInit: Object subsystem initialized
[2016.04.28-15.12.51:660][  0]LogInit: Selected Device Profile: [Windows]
[2016.04.28-15.12.51:660][  0]LogInit: Applying CVar settings loaded from the selected device profile: [Windows]
[2016.04.28-15.12.51:668][  0]LogInit: Computer: APPLEEATER-V2
[2016.04.28-15.12.51:668][  0]LogInit: User: dacos
[2016.04.28-15.12.51:668][  0]LogInit: CPU Page size=4096, Cores=4
[2016.04.28-15.12.51:668][  0]LogInit: High frequency timer resolution =2.533207 MHz
[2016.04.28-15.12.51:668][  0]LogMemory: Memory total: Physical=11.9GB (12GB approx)
[2016.04.28-15.12.51:668][  0]LogMemory: Platform Memory Stats for Windows
[2016.04.28-15.12.51:668][  0]LogMemory: Process Physical Memory: 58.86 MB used, 58.86 MB peak
[2016.04.28-15.12.51:668][  0]LogMemory: Process Virtual Memory: 58.00 MB used, 58.00 MB peak
[2016.04.28-15.12.51:668][  0]LogMemory: Physical Memory: 4853.17 MB used, 12177.01 MB total
[2016.04.28-15.12.51:668][  0]LogMemory: Virtual Memory: 382.61 MB used, 134217728.00 MB total
[2016.04.28-15.12.51:701][  0]LogTextLocalizationManager: No specific translations for ('en-US') exist, so ('en') translations will be used.
[2016.04.28-15.12.52:233][  0]LogD3D11RHI: Found D3D11 adapter 0: NVIDIA GeForce GTX 960M         (Feature Level 11_0)
[2016.04.28-15.12.52:233][  0]LogD3D11RHI: Adapter has 1995MB of dedicated video memory, 0MB of dedicated system memory, and 6088MB of shared system memory, 1 output[s]
[2016.04.28-15.12.52:239][  0]LogD3D11RHI: Found D3D11 adapter 1: Intel(R) HD Graphics 4600 (Feature Level 11_0)
[2016.04.28-15.12.52:239][  0]LogD3D11RHI: Adapter has 112MB of dedicated video memory, 0MB of dedicated system memory, and 6088MB of shared system memory, 0 output[s]
[2016.04.28-15.12.52:241][  0]LogD3D11RHI: Found D3D11 adapter 2: Microsoft Basic Render Driver (Feature Level 11_0)
[2016.04.28-15.12.52:241][  0]LogD3D11RHI: Adapter has 0MB of dedicated video memory, 0MB of dedicated system memory, and 6088MB of shared system memory, 0 output[s]
[2016.04.28-15.12.52:241][  0]LogD3D11RHI: Chosen D3D11 Adapter Id = 0
[2016.04.28-15.12.52:247][  0]LogD3D11RHI: !Direct3DDevice
[2016.04.28-15.12.52:247][  0]LogRHI: Texture pool is 1361 MB (70% of 1945 MB)
[2016.04.28-15.12.52:285][  0]LogD3D11RHI: Async texture creation enabled
[2016.04.28-15.12.52:760][  0]LogShaderCompilers: Guid format shader working directory is -27 characters bigger than the processId version (../../../../../../Users/dacos/OneDrive/Documents/Unreal Projects/Game_GT/Intermediate/Shaders/WorkingDirectory/12736/).
[2016.04.28-15.12.52:760][  0]LogShaderCompilers: Cleaned the shader compiler working directory 'C:/Users/dacos/AppData/Local/Temp/UnrealShaderWorkingDir/C4E9B5B649370B8D8B43658A36B1F827/'.
[2016.04.28-15.12.52:760][  0]LogShaderCompilers:Display: Using Local Shader Compiler.
[2016.04.28-15.12.53:446][  0]LogTemp:Display: Loaded TP AllDesktopTargetPlatform
[2016.04.28-15.12.53:450][  0]LogTemp:Display: Loaded TP WindowsClientTargetPlatform
[2016.04.28-15.12.53:455][  0]LogTemp:Display: Loaded TP WindowsNoEditorTargetPlatform
[2016.04.28-15.12.53:459][  0]LogTemp:Display: Loaded TP WindowsServerTargetPlatform
[2016.04.28-15.12.53:464][  0]LogTemp:Display: Loaded TP WindowsTargetPlatform
[2016.04.28-15.12.53:467][  0]LogTemp:Display: Loaded TP AndroidTargetPlatform
[2016.04.28-15.12.53:470][  0]LogTemp:Display: Loaded TP Android_ASTCTargetPlatform
[2016.04.28-15.12.53:473][  0]LogTemp:Display: Loaded TP Android_ATCTargetPlatform
[2016.04.28-15.12.53:477][  0]LogTemp:Display: Loaded TP Android_DXTTargetPlatform
[2016.04.28-15.12.53:481][  0]LogTemp:Display: Loaded TP Android_ETC1TargetPlatform
[2016.04.28-15.12.53:484][  0]LogTemp:Display: Loaded TP Android_ETC2TargetPlatform
[2016.04.28-15.12.53:490][  0]LogTemp:Display: Loaded TP Android_MultiTargetPlatform
[2016.04.28-15.12.53:490][  0]LogTemp:Display: Loaded TP Android_PVRTCTargetPlatform
[2016.04.28-15.12.53:491][  0]LogTemp:Display: Loaded TP HTML5TargetPlatform
[2016.04.28-15.12.53:507][  0]LogTemp:Display: Loaded TP IOSTargetPlatform
[2016.04.28-15.12.53:509][  0]LogTemp:Display: Loaded TP LinuxNoEditorTargetPlatform
[2016.04.28-15.12.53:512][  0]LogTemp:Display: Loaded TP LinuxServerTargetPlatform
[2016.04.28-15.12.53:515][  0]LogTemp:Display: Loaded TP LinuxTargetPlatform
[2016.04.28-15.12.53:515][  0]LogTargetPlatformManager:Display: Building Assets For Windows
[2016.04.28-15.12.53:592][  0]LogDerivedDataCache:Display: Max Cache Size: 512 MB
[2016.04.28-15.12.53:633][  0]LogDerivedDataCache: Loaded boot cache 0.04s 42MB C:/Users/dacos/AppData/Local/UnrealEngine/4.10/DerivedDataCache/Boot.ddc.
[2016.04.28-15.12.53:633][  0]LogDerivedDataCache:Display: Loaded Boot cache: C:/Users/dacos/AppData/Local/UnrealEngine/4.10/DerivedDataCache/Boot.ddc
[2016.04.28-15.12.53:633][  0]LogDerivedDataCache: FDerivedDataBackendGraph:  Pak pak cache file ../../../../../../Users/dacos/OneDrive/Documents/Unreal Projects/Game_GT/DerivedDataCache/DDC.ddp not found, will not use a pak cache.
[2016.04.28-15.12.53:633][  0]LogDerivedDataCache: Unable to find inner node Pak for hierarchical cache Hierarchy.
[2016.04.28-15.12.53:633][  0]LogDerivedDataCache: FDerivedDataBackendGraph:  CompressedPak pak cache file ../../../../../../Users/dacos/OneDrive/Documents/Unreal Projects/Game_GT/DerivedDataCache/Compressed.ddp not found, will not use a pak cache.
[2016.04.28-15.12.53:633][  0]LogDerivedDataCache: Unable to find inner node CompressedPak for hierarchical cache Hierarchy.
[2016.04.28-15.12.53:686][  0]LogDerivedDataCache:Display: Pak cache opened for reading ../../../Engine/DerivedDataCache/Compressed.ddp.
[2016.04.28-15.12.53:698][  0]LogDerivedDataCache: Using Local data cache path C:/Users/dacos/AppData/Local/UnrealEngine/Common/DerivedDataCache: Writable
[2016.04.28-15.12.53:864][  0]LogInit: Selected Device Profile: [Windows]
[2016.04.28-15.12.53:866][  0]LogContentStreaming: Texture pool size is 0.000000MB
[2016.04.28-15.12.53:965][  0]LogMeshUtilities: No automatic mesh reduction module available
[2016.04.28-15.12.53:965][  0]LogMeshUtilities: No automatic mesh merging module available
[2016.04.28-15.12.54:183][  0]LogInit: WinSock: version 1.1 (2.2), MaxSocks=32767, MaxUdp=65467
[2016.04.28-15.12.54:865][  0]UdpMessaging: Initializing bridge on interface 0.0.0.0:0 to multicast group 230.0.0.1:6666.
[2016.04.28-15.12.54:929][  0]LogLinker:Warning: Asset '../../../../../../Users/dacos/OneDrive/Documents/Unreal Projects/Game_GT/Content/Mannequin/Animations/ThirdPerson_AnimBP.uasset' has been saved with empty engine version. The asset will be loaded but may be incompatible.
[2016.04.28-15.12.54:930][  0]LogLinker:Warning: Asset '../../../../../../Users/dacos/OneDrive/Documents/Unreal Projects/Game_GT/Content/Mannequin/Animations/ThirdPerson_Jump.uasset' has been saved with empty engine version. The asset will be loaded but may be incompatible.
[2016.04.28-15.12.54:931][  0]LogLinker:Warning: Asset '../../../../../../Users/dacos/OneDrive/Documents/Unreal Projects/Game_GT/Content/Mannequin/Animations/ThirdPersonJump_Loop.uasset' has been saved with empty engine version. The asset will be loaded but may be incompatible.
[2016.04.28-15.12.54:932][  0]LogLinker:Warning: Asset '../../../../../../Users/dacos/OneDrive/Documents/Unreal Projects/Game_GT/Content/Mannequin/Animations/ThirdPersonJump_Start.uasset' has been saved with empty engine version. The asset will be loaded but may be incompatible.
[2016.04.28-15.12.54:933][  0]LogLinker:Warning: Asset '../../../../../../Users/dacos/OneDrive/Documents/Unreal Projects/Game_GT/Content/Mannequin/Animations/ThirdPerson_IdleRun_2D.uasset' has been saved with empty engine version. The asset will be loaded but may be incompatible.
[2016.04.28-15.12.54:933][  0]LogLinker:Warning: Asset '../../../../../../Users/dacos/OneDrive/Documents/Unreal Projects/Game_GT/Content/Mannequin/Animations/ThirdPersonIdle.uasset' has been saved with empty engine version. The asset will be loaded but may be incompatible.
[2016.04.28-15.12.54:934][  0]LogLinker:Warning: Asset '../../../../../../Users/dacos/OneDrive/Documents/Unreal Projects/Game_GT/Content/Mannequin/Animations/ThirdPersonRun.uasset' has been saved with empty engine version. The asset will be loaded but may be incompatible.
[2016.04.28-15.12.54:935][  0]LogLinker:Warning: Asset '../../../../../../Users/dacos/OneDrive/Documents/Unreal Projects/Game_GT/Content/Mannequin/Animations/ThirdPersonWalk.uasset' has been saved with empty engine version. The asset will be loaded but may be incompatible.
[2016.04.28-15.12.55:253][  0]LogAssetRegistry: FAssetRegistry took 0.0114 seconds to start up
[2016.04.28-15.12.55:413][  0]SourceControl: Info Source control is disabled
[2016.04.28-15.12.56:110][  0]LogObj: 31636 objects as part of root set at end of initial load.
[2016.04.28-15.12.56:110][  0]LogUObjectAllocator: 7168920 out of 0 bytes used by permanent object pool.
[2016.04.28-15.12.56:169][  0]LogEngine: Initializing Engine...
[2016.04.28-15.12.56:172][  0]LogHMD: Can't find Oculus library dev build: is proper Runtime installed? Version: 0.8.0.0
[2016.04.28-15.12.56:172][  0]LogHMD: SteamVR failed to initialize.  Err: 110
[2016.04.28-15.12.56:285][  0]LogAIModule: Creating AISystem for world NewWorld
[2016.04.28-15.12.56:287][  0]LogInit: XAudio2 using 'Speakers (Realtek High Definition Audio)' : 2 channels at 48 kHz using 32 bits per sample (channel mask 0x3)
[2016.04.28-15.12.56:350][  0]LogInit: FAudioDevice initialized.
[2016.04.28-15.12.56:376][  0]LogDerivedDataCache: Saved boot cache 0.03s 42MB C:/Users/dacos/AppData/Local/UnrealEngine/4.10/DerivedDataCache/Boot.ddc.
[2016.04.28-15.12.56:382][  0]LogInit: Texture streaming: Enabled
[2016.04.28-15.12.56:386][  0]LogAnalytics: Creating configured Analytics provider AnalyticsET
[2016.04.28-15.12.56:387][  0]LogAnalytics: [UEEditor.Rocket.Release] APIServer = http://et2.epicgames.com/ET2/. AppVersion = 4.10.1-2791327+++depot+UE4-Releases+4.10
[2016.04.28-15.12.56:387][  0]LogAnalytics: [UEEditor.Rocket.Release] SetUserId 7271a55c42ba7649a468ef8135f6e487|72e7fe8abf234c00b7d4ff8eb3462f9c|ed1d22c6-da52-4d8a-a8db-03a689afc6c5
[2016.04.28-15.12.56:387][  0]LogAnalytics: [UEEditor.Rocket.Release] AnalyticsET::StartSession
[2016.04.28-15.12.56:402][  0]LogWindowsTextInputMethodSystem:Display: IME system now deactivated.
[2016.04.28-15.12.56:434][  0]LogInit: Transaction tracking system initialized
[2016.04.28-15.12.56:474][  0]BlueprintLog: New page: Editor Load
[2016.04.28-15.12.56:604][  0]LocalizationService: Info Localization service is disabled
[2016.04.28-15.12.56:683][  0]LogConsoleResponse:Display: 
[2016.04.28-15.12.56:791][  0]LogCook:Display: Done creating registry. It took  0.00s.
[2016.04.28-15.12.57:033][  0]LogFileCache: Scanning file cache for directory 'C:/Users/dacos/OneDrive/Documents/Unreal Projects/Game_GT/Content/' took 0.01s
[2016.04.28-15.12.57:033][  0]Cmd: MAP LOAD FILE="../../../../../../Users/dacos/OneDrive/Documents/Unreal Projects/Game_GT/Content/TopDownCPP/Maps/TopDownExampleMap.umap" TEMPLATE=0 SHOWPROGRESS=1 FEATURELEVEL=3
[2016.04.28-15.12.57:034][  0]LightingResults: New page: Lighting Build
[2016.04.28-15.12.57:039][  0]MapCheck: New page: Map Check
[2016.04.28-15.12.57:039][  0]LightingResults: New page: Lighting Build
[2016.04.28-15.12.57:061][  0]LogParticles: Destroying 0 GPU particle simulations for FXSystem 0x0000026D4E285B20
[2016.04.28-15.12.57:943][  0]LogLinker:Warning: CreateExport: Failed to load Parent for Function /Game/Blueprints/NPC/RadaBancroft.RadaBancroft_C:UserConstructionScript; removing parent information, but keeping function
[2016.04.28-15.12.58:143][  0]LogLinker:Warning: CreateExport: Failed to load Parent for Function /Game/TestContent/Lili_Jarvinen.Lili_Jarvinen_C:UserConstructionScript; removing parent information, but keeping function
[2016.04.28-15.12.58:995][  0]LogAIModule: Creating AISystem for world TopDownExampleMap
[2016.04.28-15.12.59:069][  0]LogEditorServer: Finished looking for orphan Actors (0.000 secs)
[2016.04.28-15.12.59:072][  0]Cmd: MAP CHECKDEP NOCLEARLOG
[2016.04.28-15.12.59:184][  0]MapCheck: Info Map check complete: 0 Error(s), 0 Warning(s), took 111.991ms to complete.
[2016.04.28-15.12.59:184][  0]LogFileHelpers: Loading map 'TopDownExampleMap' took 2.151
[2016.04.28-15.12.59:351][  0]LogCollectionManager: Loaded 0 collections in 0.006264 seconds
[2016.04.28-15.12.59:396][  0]LogFileCache: Scanning file cache for directory 'C:/Users/dacos/OneDrive/Documents/Unreal Projects/Game_GT/Saved/Collections/' took 0.01s
[2016.04.28-15.12.59:396][  0]LogFileCache: Scanning file cache for directory 'C:/Users/dacos/OneDrive/Documents/Unreal Projects/Game_GT/Content/Developers/dacos/Collections/' took 0.01s
[2016.04.28-15.12.59:396][  0]LogFileCache: Scanning file cache for directory 'C:/Users/dacos/OneDrive/Documents/Unreal Projects/Game_GT/Content/Collections/' took 0.01s
[2016.04.28-15.12.59:396][  0]LogCollectionManager: Rebuilt the GUID cache for 0 collections in 0.000003 seconds
[2016.04.28-15.12.59:418][  0]LogContentBrowser: Native class hierarchy populated in 0.0217 seconds. Added 1897 classes and 340 folders.
[2016.04.28-15.12.59:429][  0]LogContentBrowser: Native class hierarchy updated for 'WidgetCarousel' in 0.0017 seconds. Added 0 classes and 0 folders.
[2016.04.28-15.12.59:494][  0]LogContentBrowser: Native class hierarchy updated for 'AddContentDialog' in 0.0019 seconds. Added 0 classes and 0 folders.
[2016.04.28-15.12.59:502][  0]LogContentBrowser: Native class hierarchy updated for 'SceneOutliner' in 0.0012 seconds. Added 1 classes and 2 folders.
[2016.04.28-15.12.59:522][  0]LogCrashTracker: Crashtracker disabled due to settings.
[2016.04.28-15.12.59:528][  0]LogUObjectGlobals:Warning: Failed to find object 'Class None.'
[2016.04.28-15.12.59:552][  0]LogLoad: Full Startup: 8.62 seconds (BP compile: 0.51 seconds)
[2016.04.28-15.12.59:564][  0]LogOcInput: Can't find Oculus library dev build: is proper Runtime installed? Version: 0.8.0.0
[2016.04.28-15.12.59:744][  0]SourceControl: Info On branch master
[2016.04.28-15.12.59:744][  0]SourceControl: Info Your branch is up-to-date with 'origin/master'.
[2016.04.28-15.12.59:744][  0]SourceControl: Info Changes to be committed:
[2016.04.28-15.12.59:744][  0]SourceControl: Info   (use "git reset HEAD <file>..." to unstage)
[2016.04.28-15.12.59:744][  0]SourceControl: Info 	deleted:    Content/Blueprints/vehicles/BussBody_MP.uasset
[2016.04.28-15.12.59:744][  0]SourceControl: Info Changes not staged for commit:
[2016.04.28-15.12.59:744][  0]SourceControl: Info   (use "git add <file>..." to update what will be committed)
[2016.04.28-15.12.59:744][  0]SourceControl: Info   (use "git checkout -- <file>..." to discard changes in working directory)
[2016.04.28-15.12.59:744][  0]SourceControl: Info 	modified:   Intermediate/CachedAssetRegistry.bin
[2016.04.28-15.12.59:744][  0]SourceControl: Info 	modified:   Intermediate/Config/CoalescedSourceConfigs/Engine.ini
[2016.04.28-15.12.59:744][  0]SourceControl: Info 	modified:   Intermediate/Config/CoalescedSourceConfigs/Game.ini
[2016.04.28-15.12.59:744][  0]SourceControl: Info 	modified:   Saved/Autosaves/PackageRestoreData.json
[2016.04.28-15.12.59:744][  0]SourceControl: Info 	modified:   Saved/Config/Windows/Editor.ini
[2016.04.28-15.12.59:744][  0]SourceControl: Info 	modified:   Saved/Config/Windows/EditorPerProjectUserSettings.ini
[2016.04.28-15.12.59:744][  0]SourceControl: Info 	modified:   Saved/Config/Windows/Engine.ini
[2016.04.28-15.12.59:744][  0]SourceControl: Info 	modified:   Saved/Logs/Game_GT.log
[2016.04.28-15.12.59:744][  0]SourceControl: Info Untracked files:
[2016.04.28-15.12.59:744][  0]SourceControl: Info   (use "git add <file>..." to include in what will be committed)
[2016.04.28-15.12.59:744][  0]SourceControl: Info 	Saved/Logs/Game_GT-backup-2016.04.28-11.05.13.log
[2016.04.28-15.12.59:744][  0]SourceControl: Info 	Saved/Logs/Game_GT-backup-2016.04.28-11.12.51.log
[2016.04.28-15.12.59:744][  0]SourceControl: Info 	Saved/Logs/UE4CC-Windows-07EAFC6F4681392CEC48359FFBD0AB0C/
[2016.04.28-15.12.59:744][  0]LogContentStreaming: Texture pool size now 1000 MB
[2016.04.28-15.12.59:954][  0]LogRenderer: Reallocating scene render targets to support 1388x588 (Frame:2).
[2016.04.28-15.13.00:736][ 10]LogAssetRegistry: Asset discovery search completed in 5.4946 seconds
[2016.04.28-15.13.00:736][ 10]LogCollectionManager: Rebuilt the object cache for 0 collections in 0.000001 seconds (found 0 objects)
[2016.04.28-15.13.00:736][ 10]LogCollectionManager: Fixed up redirectors for 0 collections in 0.000023 seconds (updated 0 objects)
[2016.04.28-15.13.05:644][262]LogLinker:Warning: Asset '../../../Engine/Content/ArtTools/RenderToTexture/Macros/RenderToTextureMacros.uasset' has been saved with empty engine version. The asset will be loaded but may be incompatible.
[2016.04.28-15.13.06:185][262]LogContentBrowser: Native class hierarchy updated for 'BlueprintGraph' in 0.0015 seconds. Added 107 classes and 0 folders.
[2016.04.28-15.13.10:686][439]LogRenderer: Reallocating scene render targets to support 1388x876 (Frame:313).
[2016.04.28-15.13.35:226][241]BlueprintLog: New page: Compile BussBody
[2016.04.28-15.13.35:618][241]Cmd: OBJ SAVEPACKAGE PACKAGE="/Game/Blueprints/vehicles/BussBody" FILE="../../../../../../Users/dacos/OneDrive/Documents/Unreal Projects/Game_GT/Content/Blueprints/vehicles/BussBody.uasset" SILENT=true
[2016.04.28-15.13.35:737][241]LogSavePackage: Save=24.380558ms
[2016.04.28-15.13.35:737][241]LogSavePackage: Moving '../../../../../../Users/dacos/OneDrive/Documents/Unreal Projects/Game_GT/Saved/BussBodyD8CF138444BB33450D50AA8E35ED3C0D.tmp' to '../../../../../../Users/dacos/OneDrive/Documents/Unreal Projects/Game_GT/Content/Blueprints/vehicles/BussBody.uasset'
[2016.04.28-15.13.35:740][241]LogSavePackage: Total save time: 119.998485ms
[2016.04.28-15.13.35:740][241]LogSavePackage:Display: Finished SavePackage ../../../../../../Users/dacos/OneDrive/Documents/Unreal Projects/Game_GT/Content/Blueprints/vehicles/BussBody.uasset
[2016.04.28-15.13.35:746][241]BlueprintEditorCompileResults: Info [0044.82] Compile of BussBody successful! [in 519 ms]
[2016.04.28-15.13.37:543][329]LogBlueprintUserMessages: Early PlayInEditor Detection: Level '/Game/TopDownCPP/Maps/TopDownExampleMap.TopDownExampleMap:PersistentLevel' has LevelScriptBlueprint '/Game/TopDownCPP/Maps/TopDownExampleMap.TopDownExampleMap:PersistentLevel.TopDownExampleMap' with GeneratedClass '/Game/TopDownCPP/Maps/TopDownExampleMap.TopDownExampleMap_C' with ClassGeneratedBy '/Game/TopDownCPP/Maps/TopDownExampleMap.TopDownExampleMap:PersistentLevel.TopDownExampleMap'
[2016.04.28-15.13.37:544][329]LogPlayLevel: PlayLevel: No blueprints needed recompiling
[2016.04.28-15.13.37:544][329]PIE: New page: PIE session: TopDownExampleMap (Apr 28, 2016, 7:13:37 AM)
[2016.04.28-15.13.37:544][329]LogPlayLevel: Creating play world package: /Game/TopDownCPP/Maps/UEDPIE_0_TopDownExampleMap
[2016.04.28-15.13.37:567][329]LogPlayLevel: PIE: StaticDuplicateObject took: (0.022802s)
[2016.04.28-15.13.37:568][329]LogAIModule: Creating AISystem for world TopDownExampleMap
[2016.04.28-15.13.37:568][329]LogPlayLevel: PIE: World Init took: (0.001292s)
[2016.04.28-15.13.37:568][329]LogPlayLevel: PIE: Created PIE world by copying editor world from /Game/TopDownCPP/Maps/TopDownExampleMap.TopDownExampleMap to /Game/TopDownCPP/Maps/UEDPIE_0_TopDownExampleMap.TopDownExampleMap (0.024572s)
[2016.04.28-15.13.37:621][329]LogInit: XAudio2 using 'Speakers (Realtek High Definition Audio)' : 2 channels at 48 kHz using 32 bits per sample (channel mask 0x3)
[2016.04.28-15.13.37:631][329]LogInit: FAudioDevice initialized.
[2016.04.28-15.13.37:683][329]LogWorld: Game class is '2DTopDown_Style_C'
[2016.04.28-15.13.37:697][329]LogWorld: Bringing World /Game/TopDownCPP/Maps/UEDPIE_0_TopDownExampleMap.TopDownExampleMap up for play (max tick rate 0) at 2016.04.28-11.13.37
[2016.04.28-15.13.37:697][329]LogActor:Warning: GameSession /Game/TopDownCPP/Maps/UEDPIE_0_TopDownExampleMap.TopDownExampleMap:PersistentLevel.GameSession_0 has natively added scene component(s), but none of them were set as the actor's RootComponent - picking one arbitrarily
[2016.04.28-15.13.37:697][329]LogActor:Warning: GameNetworkManager /Game/TopDownCPP/Maps/UEDPIE_0_TopDownExampleMap.TopDownExampleMap:PersistentLevel.GameNetworkManager_0 has natively added scene component(s), but none of them were set as the actor's RootComponent - picking one arbitrarily
[2016.04.28-15.13.37:701][329]LogWorld: Bringing up level for play took: 0.017114
[2016.04.28-15.13.37:704][329]PIE: Info Play in editor start time for /Game/TopDownCPP/Maps/UEDPIE_0_TopDownExampleMap 0.756
[2016.04.28-15.13.37:704][329]LogBlueprintUserMessages: Late PlayInEditor Detection: Level '/Game/TopDownCPP/Maps/TopDownExampleMap.TopDownExampleMap:PersistentLevel' has LevelScriptBlueprint '/Game/TopDownCPP/Maps/TopDownExampleMap.TopDownExampleMap:PersistentLevel.TopDownExampleMap' with GeneratedClass '/Game/TopDownCPP/Maps/TopDownExampleMap.TopDownExampleMap_C' with ClassGeneratedBy '/Game/TopDownCPP/Maps/TopDownExampleMap.TopDownExampleMap:PersistentLevel.TopDownExampleMap'
[2016.04.28-15.13.42:652][522]LogEditorViewport: Clicking on Actor (LMB): BussBody_C (BussBody)
[2016.04.28-15.13.42:652][522]LogSelection:Warning: PIE object was selected: "BussPar_C /Game/TopDownCPP/Maps/UEDPIE_0_TopDownExampleMap.TopDownExampleMap:PersistentLevel.BussPar_C_2"
[2016.04.28-15.13.54:476][ 71]LogBlueprintUserMessages: Early EndPlayMap Detection: Level '/Game/TopDownCPP/Maps/TopDownExampleMap.TopDownExampleMap:PersistentLevel' has LevelScriptBlueprint '/Game/TopDownCPP/Maps/TopDownExampleMap.TopDownExampleMap:PersistentLevel.TopDownExampleMap' with GeneratedClass '/Game/TopDownCPP/Maps/TopDownExampleMap.TopDownExampleMap_C' with ClassGeneratedBy '/Game/TopDownCPP/Maps/TopDownExampleMap.TopDownExampleMap:PersistentLevel.TopDownExampleMap'
[2016.04.28-15.13.54:551][ 71]LogBlueprintUserMessages: Late EndPlayMap Detection: Level '/Game/TopDownCPP/Maps/TopDownExampleMap.TopDownExampleMap:PersistentLevel' has LevelScriptBlueprint '/Game/TopDownCPP/Maps/TopDownExampleMap.TopDownExampleMap:PersistentLevel.TopDownExampleMap' with GeneratedClass '/Game/TopDownCPP/Maps/TopDownExampleMap.TopDownExampleMap_C' with ClassGeneratedBy '/Game/TopDownCPP/Maps/TopDownExampleMap.TopDownExampleMap:PersistentLevel.TopDownExampleMap'
[2016.04.28-15.13.54:584][ 71]LogParticles: Destroying 0 GPU particle simulations for FXSystem 0x0000026D5584ECA0
[2016.04.28-15.14.21:154][578]LogEditorTransaction: Undo Modify Component(s)
[2016.04.28-15.14.25:641][805]LogEditorTransaction: Undo Modify Component(s)
[2016.04.28-15.14.29:206][ 14]LogEditorTransaction: Undo Modify Component(s)
[2016.04.28-15.15.08:979][720]Cmd: OBJ SAVEPACKAGE PACKAGE="/Game/Blueprints/vehicles/BussBody" FILE="../../../../../../Users/dacos/OneDrive/Documents/Unreal Projects/Game_GT/Content/Blueprints/vehicles/BussBody.uasset" SILENT=true
[2016.04.28-15.15.09:047][720]LogSavePackage: Save=22.560335ms
[2016.04.28-15.15.09:047][720]LogSavePackage: Moving '../../../../../../Users/dacos/OneDrive/Documents/Unreal Projects/Game_GT/Saved/BussBody093D356E45107EA19F005083F6A7066E.tmp' to '../../../../../../Users/dacos/OneDrive/Documents/Unreal Projects/Game_GT/Content/Blueprints/vehicles/BussBody.uasset'
[2016.04.28-15.15.09:050][720]LogSavePackage: Total save time: 65.387473ms
[2016.04.28-15.15.09:050][720]LogSavePackage:Display: Finished SavePackage ../../../../../../Users/dacos/OneDrive/Documents/Unreal Projects/Game_GT/Content/Blueprints/vehicles/BussBody.uasset
[2016.04.28-15.15.10:883][820]LogBlueprintUserMessages: Early PlayInEditor Detection: Level '/Game/TopDownCPP/Maps/TopDownExampleMap.TopDownExampleMap:PersistentLevel' has LevelScriptBlueprint '/Game/TopDownCPP/Maps/TopDownExampleMap.TopDownExampleMap:PersistentLevel.TopDownExampleMap' with GeneratedClass '/Game/TopDownCPP/Maps/TopDownExampleMap.TopDownExampleMap_C' with ClassGeneratedBy '/Game/TopDownCPP/Maps/TopDownExampleMap.TopDownExampleMap:PersistentLevel.TopDownExampleMap'
[2016.04.28-15.15.10:883][820]BlueprintLog: New page: Pre-Play auto-recompile
[2016.04.28-15.15.10:886][820]LogPlayLevel: [PlayLevel] Compiling BussBody before play...
[2016.04.28-15.15.10:980][820]LogPlayLevel: PlayLevel: Blueprint regeneration took 96 ms (1 blueprints)
[2016.04.28-15.15.11:068][820]PIE: New page: PIE session: TopDownExampleMap (Apr 28, 2016, 7:15:11 AM)
[2016.04.28-15.15.11:068][820]LogPlayLevel: Creating play world package: /Game/TopDownCPP/Maps/UEDPIE_0_TopDownExampleMap
[2016.04.28-15.15.11:086][820]LogPlayLevel: PIE: StaticDuplicateObject took: (0.017102s)
[2016.04.28-15.15.11:086][820]LogAIModule: Creating AISystem for world TopDownExampleMap
[2016.04.28-15.15.11:086][820]LogPlayLevel: PIE: World Init took: (0.000744s)
[2016.04.28-15.15.11:087][820]LogPlayLevel: PIE: Created PIE world by copying editor world from /Game/TopDownCPP/Maps/TopDownExampleMap.TopDownExampleMap to /Game/TopDownCPP/Maps/UEDPIE_0_TopDownExampleMap.TopDownExampleMap (0.018196s)
[2016.04.28-15.15.11:117][820]LogInit: XAudio2 using 'Speakers (Realtek High Definition Audio)' : 2 channels at 48 kHz using 32 bits per sample (channel mask 0x3)
[2016.04.28-15.15.11:125][820]LogInit: FAudioDevice initialized.
[2016.04.28-15.15.11:158][820]LogWorld: Game class is '2DTopDown_Style_C'
[2016.04.28-15.15.11:171][820]LogWorld: Bringing World /Game/TopDownCPP/Maps/UEDPIE_0_TopDownExampleMap.TopDownExampleMap up for play (max tick rate 0) at 2016.04.28-11.15.11
[2016.04.28-15.15.11:171][820]LogActor:Warning: GameSession /Game/TopDownCPP/Maps/UEDPIE_0_TopDownExampleMap.TopDownExampleMap:PersistentLevel.GameSession_1 has natively added scene component(s), but none of them were set as the actor's RootComponent - picking one arbitrarily
[2016.04.28-15.15.11:171][820]LogActor:Warning: GameNetworkManager /Game/TopDownCPP/Maps/UEDPIE_0_TopDownExampleMap.TopDownExampleMap:PersistentLevel.GameNetworkManager_1 has natively added scene component(s), but none of them were set as the actor's RootComponent - picking one arbitrarily
[2016.04.28-15.15.11:175][820]LogWorld: Bringing up level for play took: 0.016017
[2016.04.28-15.15.11:177][820]PIE: Info Play in editor start time for /Game/TopDownCPP/Maps/UEDPIE_0_TopDownExampleMap 0.229
[2016.04.28-15.15.11:178][820]LogBlueprintUserMessages: Late PlayInEditor Detection: Level '/Game/TopDownCPP/Maps/TopDownExampleMap.TopDownExampleMap:PersistentLevel' has LevelScriptBlueprint '/Game/TopDownCPP/Maps/TopDownExampleMap.TopDownExampleMap:PersistentLevel.TopDownExampleMap' with GeneratedClass '/Game/TopDownCPP/Maps/TopDownExampleMap.TopDownExampleMap_C' with ClassGeneratedBy '/Game/TopDownCPP/Maps/TopDownExampleMap.TopDownExampleMap:PersistentLevel.TopDownExampleMap'
[2016.04.28-15.15.16:939][199]LogBlueprintUserMessages: Early EndPlayMap Detection: Level '/Game/TopDownCPP/Maps/TopDownExampleMap.TopDownExampleMap:PersistentLevel' has LevelScriptBlueprint '/Game/TopDownCPP/Maps/TopDownExampleMap.TopDownExampleMap:PersistentLevel.TopDownExampleMap' with GeneratedClass '/Game/TopDownCPP/Maps/TopDownExampleMap.TopDownExampleMap_C' with ClassGeneratedBy '/Game/TopDownCPP/Maps/TopDownExampleMap.TopDownExampleMap:PersistentLevel.TopDownExampleMap'
[2016.04.28-15.15.17:002][199]LogBlueprintUserMessages: Late EndPlayMap Detection: Level '/Game/TopDownCPP/Maps/TopDownExampleMap.TopDownExampleMap:PersistentLevel' has LevelScriptBlueprint '/Game/TopDownCPP/Maps/TopDownExampleMap.TopDownExampleMap:PersistentLevel.TopDownExampleMap' with GeneratedClass '/Game/TopDownCPP/Maps/TopDownExampleMap.TopDownExampleMap_C' with ClassGeneratedBy '/Game/TopDownCPP/Maps/TopDownExampleMap.TopDownExampleMap:PersistentLevel.TopDownExampleMap'
[2016.04.28-15.15.17:058][200]LogParticles: Destroying 0 GPU particle simulations for FXSystem 0x0000026D5EEAB100
[2016.04.28-15.15.18:771][282]LogBlueprintUserMessages: Early PlayInEditor Detection: Level '/Game/TopDownCPP/Maps/TopDownExampleMap.TopDownExampleMap:PersistentLevel' has LevelScriptBlueprint '/Game/TopDownCPP/Maps/TopDownExampleMap.TopDownExampleMap:PersistentLevel.TopDownExampleMap' with GeneratedClass '/Game/TopDownCPP/Maps/TopDownExampleMap.TopDownExampleMap_C' with ClassGeneratedBy '/Game/TopDownCPP/Maps/TopDownExampleMap.TopDownExampleMap:PersistentLevel.TopDownExampleMap'
[2016.04.28-15.15.18:771][282]LogPlayLevel: PlayLevel: No blueprints needed recompiling
[2016.04.28-15.15.18:771][282]PIE: New page: PIE session: TopDownExampleMap (Apr 28, 2016, 7:15:18 AM)
[2016.04.28-15.15.18:771][282]LogPlayLevel: Creating play world package: /Game/TopDownCPP/Maps/UEDPIE_0_TopDownExampleMap
[2016.04.28-15.15.18:788][282]LogPlayLevel: PIE: StaticDuplicateObject took: (0.017188s)
[2016.04.28-15.15.18:789][282]LogAIModule: Creating AISystem for world TopDownExampleMap
[2016.04.28-15.15.18:789][282]LogPlayLevel: PIE: World Init took: (0.000759s)
[2016.04.28-15.15.18:789][282]LogPlayLevel: PIE: Created PIE world by copying editor world from /Game/TopDownCPP/Maps/TopDownExampleMap.TopDownExampleMap to /Game/TopDownCPP/Maps/UEDPIE_0_TopDownExampleMap.TopDownExampleMap (0.018198s)
[2016.04.28-15.15.18:821][282]LogInit: XAudio2 using 'Speakers (Realtek High Definition Audio)' : 2 channels at 48 kHz using 32 bits per sample (channel mask 0x3)
[2016.04.28-15.15.18:828][282]LogInit: FAudioDevice initialized.
[2016.04.28-15.15.18:859][282]LogWorld: Game class is '2DTopDown_Style_C'
[2016.04.28-15.15.18:872][282]LogWorld: Bringing World /Game/TopDownCPP/Maps/UEDPIE_0_TopDownExampleMap.TopDownExampleMap up for play (max tick rate 0) at 2016.04.28-11.15.18
[2016.04.28-15.15.18:872][282]LogActor:Warning: GameSession /Game/TopDownCPP/Maps/UEDPIE_0_TopDownExampleMap.TopDownExampleMap:PersistentLevel.GameSession_2 has natively added scene component(s), but none of them were set as the actor's RootComponent - picking one arbitrarily
[2016.04.28-15.15.18:872][282]LogActor:Warning: GameNetworkManager /Game/TopDownCPP/Maps/UEDPIE_0_TopDownExampleMap.TopDownExampleMap:PersistentLevel.GameNetworkManager_2 has natively added scene component(s), but none of them were set as the actor's RootComponent - picking one arbitrarily
[2016.04.28-15.15.18:876][282]LogWorld: Bringing up level for play took: 0.015819
[2016.04.28-15.15.18:878][282]PIE: Info Play in editor start time for /Game/TopDownCPP/Maps/UEDPIE_0_TopDownExampleMap -0.071
[2016.04.28-15.15.18:878][282]LogBlueprintUserMessages: Late PlayInEditor Detection: Level '/Game/TopDownCPP/Maps/TopDownExampleMap.TopDownExampleMap:PersistentLevel' has LevelScriptBlueprint '/Game/TopDownCPP/Maps/TopDownExampleMap.TopDownExampleMap:PersistentLevel.TopDownExampleMap' with GeneratedClass '/Game/TopDownCPP/Maps/TopDownExampleMap.TopDownExampleMap_C' with ClassGeneratedBy '/Game/TopDownCPP/Maps/TopDownExampleMap.TopDownExampleMap:PersistentLevel.TopDownExampleMap'
[2016.04.28-15.15.19:617][318]LogSelection:Warning: PIE object was selected: "BussPar_C /Game/TopDownCPP/Maps/UEDPIE_0_TopDownExampleMap.TopDownExampleMap:PersistentLevel.BussPar_C_2"
[2016.04.28-15.16.18:936][973]LogParticles: Destroying 0 GPU particle simulations for FXSystem 0x0000026D639EF7E0
[2016.04.28-15.20.25:116][687]LogBlueprintUserMessages: Early EndPlayMap Detection: Level '/Game/TopDownCPP/Maps/TopDownExampleMap.TopDownExampleMap:PersistentLevel' has LevelScriptBlueprint '/Game/TopDownCPP/Maps/TopDownExampleMap.TopDownExampleMap:PersistentLevel.TopDownExampleMap' with GeneratedClass '/Game/TopDownCPP/Maps/TopDownExampleMap.TopDownExampleMap_C' with ClassGeneratedBy '/Game/TopDownCPP/Maps/TopDownExampleMap.TopDownExampleMap:PersistentLevel.TopDownExampleMap'
[2016.04.28-15.20.25:177][687]LogBlueprintUserMessages: Late EndPlayMap Detection: Level '/Game/TopDownCPP/Maps/TopDownExampleMap.TopDownExampleMap:PersistentLevel' has LevelScriptBlueprint '/Game/TopDownCPP/Maps/TopDownExampleMap.TopDownExampleMap:PersistentLevel.TopDownExampleMap' with GeneratedClass '/Game/TopDownCPP/Maps/TopDownExampleMap.TopDownExampleMap_C' with ClassGeneratedBy '/Game/TopDownCPP/Maps/TopDownExampleMap.TopDownExampleMap:PersistentLevel.TopDownExampleMap'
[2016.04.28-15.20.25:232][688]LogParticles: Destroying 0 GPU particle simulations for FXSystem 0x0000026D4164B920
[2016.04.28-15.20.25:922][718]LogBlueprintUserMessages: Early PlayInEditor Detection: Level '/Game/TopDownCPP/Maps/TopDownExampleMap.TopDownExampleMap:PersistentLevel' has LevelScriptBlueprint '/Game/TopDownCPP/Maps/TopDownExampleMap.TopDownExampleMap:PersistentLevel.TopDownExampleMap' with GeneratedClass '/Game/TopDownCPP/Maps/TopDownExampleMap.TopDownExampleMap_C' with ClassGeneratedBy '/Game/TopDownCPP/Maps/TopDownExampleMap.TopDownExampleMap:PersistentLevel.TopDownExampleMap'
[2016.04.28-15.20.25:922][718]LogPlayLevel: PlayLevel: No blueprints needed recompiling
[2016.04.28-15.20.25:922][718]PIE: New page: PIE session: TopDownExampleMap (Apr 28, 2016, 7:20:25 AM)
[2016.04.28-15.20.25:923][718]LogPlayLevel: Creating play world package: /Game/TopDownCPP/Maps/UEDPIE_0_TopDownExampleMap
[2016.04.28-15.20.25:953][718]LogPlayLevel: PIE: StaticDuplicateObject took: (0.030556s)
[2016.04.28-15.20.25:955][718]LogAIModule: Creating AISystem for world TopDownExampleMap
[2016.04.28-15.20.25:955][718]LogPlayLevel: PIE: World Init took: (0.001933s)
[2016.04.28-15.20.25:956][718]LogPlayLevel: PIE: Created PIE world by copying editor world from /Game/TopDownCPP/Maps/TopDownExampleMap.TopDownExampleMap to /Game/TopDownCPP/Maps/UEDPIE_0_TopDownExampleMap.TopDownExampleMap (0.033001s)
[2016.04.28-15.20.26:016][718]LogInit: XAudio2 using 'Speakers (Realtek High Definition Audio)' : 2 channels at 48 kHz using 32 bits per sample (channel mask 0x3)
[2016.04.28-15.20.26:032][718]LogInit: FAudioDevice initialized.
[2016.04.28-15.20.26:081][718]LogWorld: Game class is '2DTopDown_Style_C'
[2016.04.28-15.20.26:101][718]LogWorld: Bringing World /Game/TopDownCPP/Maps/UEDPIE_0_TopDownExampleMap.TopDownExampleMap up for play (max tick rate 60) at 2016.04.28-11.20.26
[2016.04.28-15.20.26:101][718]LogActor:Warning: GameSession /Game/TopDownCPP/Maps/UEDPIE_0_TopDownExampleMap.TopDownExampleMap:PersistentLevel.GameSession_3 has natively added scene component(s), but none of them were set as the actor's RootComponent - picking one arbitrarily
[2016.04.28-15.20.26:102][718]LogActor:Warning: GameNetworkManager /Game/TopDownCPP/Maps/UEDPIE_0_TopDownExampleMap.TopDownExampleMap:PersistentLevel.GameNetworkManager_3 has natively added scene component(s), but none of them were set as the actor's RootComponent - picking one arbitrarily
[2016.04.28-15.20.26:108][718]LogWorld: Bringing up level for play took: 0.026806
[2016.04.28-15.20.26:112][718]PIE: Info Play in editor start time for /Game/TopDownCPP/Maps/UEDPIE_0_TopDownExampleMap 1.163
[2016.04.28-15.20.26:112][718]LogBlueprintUserMessages: Late PlayInEditor Detection: Level '/Game/TopDownCPP/Maps/TopDownExampleMap.TopDownExampleMap:PersistentLevel' has LevelScriptBlueprint '/Game/TopDownCPP/Maps/TopDownExampleMap.TopDownExampleMap:PersistentLevel.TopDownExampleMap' with GeneratedClass '/Game/TopDownCPP/Maps/TopDownExampleMap.TopDownExampleMap_C' with ClassGeneratedBy '/Game/TopDownCPP/Maps/TopDownExampleMap.TopDownExampleMap:PersistentLevel.TopDownExampleMap'
[2016.04.28-15.22.27:300][507]LogParticles: Destroying 0 GPU particle simulations for FXSystem 0x0000026D63474F40
[2016.04.28-15.23.49:988][709]LogBlueprintUserMessages: Early EndPlayMap Detection: Level '/Game/TopDownCPP/Maps/TopDownExampleMap.TopDownExampleMap:PersistentLevel' has LevelScriptBlueprint '/Game/TopDownCPP/Maps/TopDownExampleMap.TopDownExampleMap:PersistentLevel.TopDownExampleMap' with GeneratedClass '/Game/TopDownCPP/Maps/TopDownExampleMap.TopDownExampleMap_C' with ClassGeneratedBy '/Game/TopDownCPP/Maps/TopDownExampleMap.TopDownExampleMap:PersistentLevel.TopDownExampleMap'
[2016.04.28-15.23.50:062][709]LogBlueprintUserMessages: Late EndPlayMap Detection: Level '/Game/TopDownCPP/Maps/TopDownExampleMap.TopDownExampleMap:PersistentLevel' has LevelScriptBlueprint '/Game/TopDownCPP/Maps/TopDownExampleMap.TopDownExampleMap:PersistentLevel.TopDownExampleMap' with GeneratedClass '/Game/TopDownCPP/Maps/TopDownExampleMap.TopDownExampleMap_C' with ClassGeneratedBy '/Game/TopDownCPP/Maps/TopDownExampleMap.TopDownExampleMap:PersistentLevel.TopDownExampleMap'
[2016.04.28-15.23.50:123][710]LogParticles: Destroying 0 GPU particle simulations for FXSystem 0x0000026D54E0E020
[2016.04.28-15.23.52:884][848]LogEditorViewport: Clicking on Actor (LMB): BP_Sky_Sphere_C (BP_Sky_Sphere)
[2016.04.28-15.24.40:041][622]LogBlueprintUserMessages: Early PlayInEditor Detection: Level '/Game/TopDownCPP/Maps/TopDownExampleMap.TopDownExampleMap:PersistentLevel' has LevelScriptBlueprint '/Game/TopDownCPP/Maps/TopDownExampleMap.TopDownExampleMap:PersistentLevel.TopDownExampleMap' with GeneratedClass '/Game/TopDownCPP/Maps/TopDownExampleMap.TopDownExampleMap_C' with ClassGeneratedBy '/Game/TopDownCPP/Maps/TopDownExampleMap.TopDownExampleMap:PersistentLevel.TopDownExampleMap'
[2016.04.28-15.24.40:041][622]LogPlayLevel: PlayLevel: No blueprints needed recompiling
[2016.04.28-15.24.40:041][622]PIE: New page: PIE session: TopDownExampleMap (Apr 28, 2016, 7:24:40 AM)
[2016.04.28-15.24.40:041][622]LogPlayLevel: Creating play world package: /Game/TopDownCPP/Maps/UEDPIE_0_TopDownExampleMap
[2016.04.28-15.24.40:075][622]LogPlayLevel: PIE: StaticDuplicateObject took: (0.034056s)
[2016.04.28-15.24.40:076][622]LogAIModule: Creating AISystem for world TopDownExampleMap
[2016.04.28-15.24.40:077][622]LogPlayLevel: PIE: World Init took: (0.001425s)
[2016.04.28-15.24.40:077][622]LogPlayLevel: PIE: Created PIE world by copying editor world from /Game/TopDownCPP/Maps/TopDownExampleMap.TopDownExampleMap to /Game/TopDownCPP/Maps/UEDPIE_0_TopDownExampleMap.TopDownExampleMap (0.035869s)
[2016.04.28-15.24.40:125][622]LogInit: XAudio2 using 'Speakers (Realtek High Definition Audio)' : 2 channels at 48 kHz using 32 bits per sample (channel mask 0x3)
[2016.04.28-15.24.40:137][622]LogInit: FAudioDevice initialized.
[2016.04.28-15.24.40:182][622]LogWorld: Game class is '2DTopDown_Style_C'
[2016.04.28-15.24.40:202][622]LogWorld: Bringing World /Game/TopDownCPP/Maps/UEDPIE_0_TopDownExampleMap.TopDownExampleMap up for play (max tick rate 60) at 2016.04.28-11.24.40
[2016.04.28-15.24.40:202][622]LogActor:Warning: GameSession /Game/TopDownCPP/Maps/UEDPIE_0_TopDownExampleMap.TopDownExampleMap:PersistentLevel.GameSession_4 has natively added scene component(s), but none of them were set as the actor's RootComponent - picking one arbitrarily
[2016.04.28-15.24.40:202][622]LogActor:Warning: GameNetworkManager /Game/TopDownCPP/Maps/UEDPIE_0_TopDownExampleMap.TopDownExampleMap:PersistentLevel.GameNetworkManager_4 has natively added scene component(s), but none of them were set as the actor's RootComponent - picking one arbitrarily
[2016.04.28-15.24.40:208][622]LogWorld: Bringing up level for play took: 0.024645
[2016.04.28-15.24.40:213][622]PIE: Info Play in editor start time for /Game/TopDownCPP/Maps/UEDPIE_0_TopDownExampleMap -0.736
[2016.04.28-15.24.40:213][622]LogBlueprintUserMessages: Late PlayInEditor Detection: Level '/Game/TopDownCPP/Maps/TopDownExampleMap.TopDownExampleMap:PersistentLevel' has LevelScriptBlueprint '/Game/TopDownCPP/Maps/TopDownExampleMap.TopDownExampleMap:PersistentLevel.TopDownExampleMap' with GeneratedClass '/Game/TopDownCPP/Maps/TopDownExampleMap.TopDownExampleMap_C' with ClassGeneratedBy '/Game/TopDownCPP/Maps/TopDownExampleMap.TopDownExampleMap:PersistentLevel.TopDownExampleMap'
[2016.04.28-15.25.04:763][ 87]LogBlueprintUserMessages: Early EndPlayMap Detection: Level '/Game/TopDownCPP/Maps/TopDownExampleMap.TopDownExampleMap:PersistentLevel' has LevelScriptBlueprint '/Game/TopDownCPP/Maps/TopDownExampleMap.TopDownExampleMap:PersistentLevel.TopDownExampleMap' with GeneratedClass '/Game/TopDownCPP/Maps/TopDownExampleMap.TopDownExampleMap_C' with ClassGeneratedBy '/Game/TopDownCPP/Maps/TopDownExampleMap.TopDownExampleMap:PersistentLevel.TopDownExampleMap'
[2016.04.28-15.25.04:823][ 87]LogBlueprintUserMessages: Late EndPlayMap Detection: Level '/Game/TopDownCPP/Maps/TopDownExampleMap.TopDownExampleMap:PersistentLevel' has LevelScriptBlueprint '/Game/TopDownCPP/Maps/TopDownExampleMap.TopDownExampleMap:PersistentLevel.TopDownExampleMap' with GeneratedClass '/Game/TopDownCPP/Maps/TopDownExampleMap.TopDownExampleMap_C' with ClassGeneratedBy '/Game/TopDownCPP/Maps/TopDownExampleMap.TopDownExampleMap:PersistentLevel.TopDownExampleMap'
[2016.04.28-15.25.04:889][ 88]LogParticles: Destroying 0 GPU particle simulations for FXSystem 0x0000026D418CF100
[2016.04.28-15.25.24:153][228]LogBlueprintUserMessages: Early PlayInEditor Detection: Level '/Game/TopDownCPP/Maps/TopDownExampleMap.TopDownExampleMap:PersistentLevel' has LevelScriptBlueprint '/Game/TopDownCPP/Maps/TopDownExampleMap.TopDownExampleMap:PersistentLevel.TopDownExampleMap' with GeneratedClass '/Game/TopDownCPP/Maps/TopDownExampleMap.TopDownExampleMap_C' with ClassGeneratedBy '/Game/TopDownCPP/Maps/TopDownExampleMap.TopDownExampleMap:PersistentLevel.TopDownExampleMap'
[2016.04.28-15.25.24:153][228]LogPlayLevel: PlayLevel: No blueprints needed recompiling
[2016.04.28-15.25.24:153][228]PIE: New page: PIE session: TopDownExampleMap (Apr 28, 2016, 7:25:24 AM)
[2016.04.28-15.25.24:153][228]LogPlayLevel: Creating play world package: /Game/TopDownCPP/Maps/UEDPIE_0_TopDownExampleMap
[2016.04.28-15.25.24:173][228]LogPlayLevel: PIE: StaticDuplicateObject took: (0.019629s)
[2016.04.28-15.25.24:174][228]LogAIModule: Creating AISystem for world TopDownExampleMap
[2016.04.28-15.25.24:174][228]LogPlayLevel: PIE: World Init took: (0.000739s)
[2016.04.28-15.25.24:174][228]LogPlayLevel: PIE: Created PIE world by copying editor world from /Game/TopDownCPP/Maps/TopDownExampleMap.TopDownExampleMap to /Game/TopDownCPP/Maps/UEDPIE_0_TopDownExampleMap.TopDownExampleMap (0.020655s)
[2016.04.28-15.25.24:220][228]LogInit: XAudio2 using 'Speakers (Realtek High Definition Audio)' : 2 channels at 48 kHz using 32 bits per sample (channel mask 0x3)
[2016.04.28-15.25.24:226][228]LogInit: FAudioDevice initialized.
[2016.04.28-15.25.24:259][228]LogWorld: Game class is '2DTopDown_Style_C'
[2016.04.28-15.25.24:275][228]LogWorld: Bringing World /Game/TopDownCPP/Maps/UEDPIE_0_TopDownExampleMap.TopDownExampleMap up for play (max tick rate 60) at 2016.04.28-11.25.24
[2016.04.28-15.25.24:275][228]LogActor:Warning: GameSession /Game/TopDownCPP/Maps/UEDPIE_0_TopDownExampleMap.TopDownExampleMap:PersistentLevel.GameSession_5 has natively added scene component(s), but none of them were set as the actor's RootComponent - picking one arbitrarily
[2016.04.28-15.25.24:275][228]LogActor:Warning: GameNetworkManager /Game/TopDownCPP/Maps/UEDPIE_0_TopDownExampleMap.TopDownExampleMap:PersistentLevel.GameNetworkManager_5 has natively added scene component(s), but none of them were set as the actor's RootComponent - picking one arbitrarily
[2016.04.28-15.25.24:279][228]LogWorld: Bringing up level for play took: 0.019247
[2016.04.28-15.25.24:282][228]PIE: Info Play in editor start time for /Game/TopDownCPP/Maps/UEDPIE_0_TopDownExampleMap -0.666
[2016.04.28-15.25.24:282][228]LogBlueprintUserMessages: Late PlayInEditor Detection: Level '/Game/TopDownCPP/Maps/TopDownExampleMap.TopDownExampleMap:PersistentLevel' has LevelScriptBlueprint '/Game/TopDownCPP/Maps/TopDownExampleMap.TopDownExampleMap:PersistentLevel.TopDownExampleMap' with GeneratedClass '/Game/TopDownCPP/Maps/TopDownExampleMap.TopDownExampleMap_C' with ClassGeneratedBy '/Game/TopDownCPP/Maps/TopDownExampleMap.TopDownExampleMap:PersistentLevel.TopDownExampleMap'
[2016.04.28-15.25.46:821][409]LogBlueprintUserMessages: Early EndPlayMap Detection: Level '/Game/TopDownCPP/Maps/TopDownExampleMap.TopDownExampleMap:PersistentLevel' has LevelScriptBlueprint '/Game/TopDownCPP/Maps/TopDownExampleMap.TopDownExampleMap:PersistentLevel.TopDownExampleMap' with GeneratedClass '/Game/TopDownCPP/Maps/TopDownExampleMap.TopDownExampleMap_C' with ClassGeneratedBy '/Game/TopDownCPP/Maps/TopDownExampleMap.TopDownExampleMap:PersistentLevel.TopDownExampleMap'
[2016.04.28-15.25.46:887][409]LogBlueprintUserMessages: Late EndPlayMap Detection: Level '/Game/TopDownCPP/Maps/TopDownExampleMap.TopDownExampleMap:PersistentLevel' has LevelScriptBlueprint '/Game/TopDownCPP/Maps/TopDownExampleMap.TopDownExampleMap:PersistentLevel.TopDownExampleMap' with GeneratedClass '/Game/TopDownCPP/Maps/TopDownExampleMap.TopDownExampleMap_C' with ClassGeneratedBy '/Game/TopDownCPP/Maps/TopDownExampleMap.TopDownExampleMap:PersistentLevel.TopDownExampleMap'
[2016.04.28-15.25.46:953][410]LogParticles: Destroying 0 GPU particle simulations for FXSystem 0x0000026D0FA98220
[2016.04.28-15.25.51:609][626]LogEditorViewport: Clicking on Actor (LMB): Lili_Jarvinen_C (Lili_Jarvinen)
[2016.04.28-15.26.36:164][946]SourceControl: Info On branch master
[2016.04.28-15.26.36:164][946]SourceControl: Info Your branch is up-to-date with 'origin/master'.
[2016.04.28-15.26.36:164][946]SourceControl: Info Changes to be committed:
[2016.04.28-15.26.36:164][946]SourceControl: Info   (use "git reset HEAD <file>..." to unstage)
[2016.04.28-15.26.36:164][946]SourceControl: Info 	deleted:    Content/Blueprints/vehicles/BussBody_MP.uasset
[2016.04.28-15.26.36:164][946]SourceControl: Info Changes not staged for commit:
[2016.04.28-15.26.36:164][946]SourceControl: Info   (use "git add/rm <file>..." to update what will be committed)
[2016.04.28-15.26.36:164][946]SourceControl: Info   (use "git checkout -- <file>..." to discard changes in working directory)
[2016.04.28-15.26.36:164][946]SourceControl: Info 	modified:   Content/Blueprints/vehicles/BussBody.uasset
[2016.04.28-15.26.36:164][946]SourceControl: Info 	modified:   Intermediate/CachedAssetRegistry.bin
[2016.04.28-15.26.36:164][946]SourceControl: Info 	modified:   Intermediate/Config/CoalescedSourceConfigs/Engine.ini
[2016.04.28-15.26.36:164][946]SourceControl: Info 	modified:   Intermediate/Config/CoalescedSourceConfigs/Game.ini
[2016.04.28-15.26.36:164][946]SourceControl: Info 	modified:   Saved/Autosaves/PackageRestoreData.json
[2016.04.28-15.26.36:164][946]SourceControl: Info 	deleted:    Saved/Backup/CharacterTest1_2016-02-03-12-02-42.uasset
[2016.04.28-15.26.36:164][946]SourceControl: Info 	deleted:    Saved/Backup/Club_MeatingRoom_2016-02-03-11-08-50.uasset
[2016.04.28-15.26.36:164][946]SourceControl: Info 	deleted:    Saved/Backup/Club_MeatingRoom_2016-02-03-11-17-40.uasset
[2016.04.28-15.26.36:164][946]SourceControl: Info 	deleted:    Saved/Backup/Club_MeatingRoom_2016-02-03-11-23-32.uasset
[2016.04.28-15.26.36:164][946]SourceControl: Info 	deleted:    Saved/Backup/Club_MeatingRoom_2016-02-03-11-32-43.uasset
[2016.04.28-15.26.36:164][946]SourceControl: Info 	deleted:    Saved/Backup/Club_MeatingRoom_2016-02-03-11-37-46.uasset
[2016.04.28-15.26.36:164][946]SourceControl: Info 	deleted:    Saved/Backup/ConversationTestNPC_2016-01-28-12-06-21.uasset
[2016.04.28-15.26.36:164][946]SourceControl: Info 	deleted:    Saved/Backup/ConversationTestNPC_2016-01-28-12-35-12.uasset
[2016.04.28-15.26.36:164][946]SourceControl: Info 	deleted:    Saved/Backup/ConversationTestNPC_2016-02-01-11-05-33.uasset
[2016.04.28-15.26.36:164][946]SourceControl: Info 	deleted:    Saved/Backup/ConversationTestNPC_2016-02-01-11-15-53.uasset
[2016.04.28-15.26.36:164][946]SourceControl: Info 	deleted:    Saved/Backup/ConversationTestNPC_2016-02-01-12-18-02.uasset
[2016.04.28-15.26.36:164][946]SourceControl: Info 	deleted:    Saved/Backup/ConversationTestNPC_2016-02-03-11-13-06.uasset
[2016.04.28-15.26.36:164][946]SourceControl: Info 	deleted:    Saved/Backup/ConversationTestNPC_2016-02-03-11-20-51.uasset
[2016.04.28-15.26.36:164][946]SourceControl: Info 	deleted:    Saved/Backup/ConversationTestNPC_2016-02-03-12-24-10.uasset
[2016.04.28-15.26.36:164][946]SourceControl: Info 	deleted:    Saved/Backup/ConversationTestNPC_2016-02-03-12-33-54.uasset
[2016.04.28-15.26.36:164][946]SourceControl: Info 	deleted:    Saved/Backup/ConversationTestNPC_2016-02-03-12-39-31.uasset
[2016.04.28-15.26.36:164][946]SourceControl: Info 	deleted:    Saved/Backup/Conversation_2016-01-26-11-20-12.uasset
[2016.04.28-15.26.36:164][946]SourceControl: Info 	deleted:    Saved/Backup/Conversation_2016-01-28-11-36-26.uasset
[2016.04.28-15.26.36:164][946]SourceControl: Info 	deleted:    Saved/Backup/Conversation_2016-01-28-11-51-23.uasset
[2016.04.28-15.26.36:164][946]SourceControl: Info 	deleted:    Saved/Backup/Conversation_2016-01-28-12-06-22.uasset
[2016.04.28-15.26.36:164][946]SourceControl: Info 	deleted:    Saved/Backup/Conversation_2016-01-28-12-11-31.uasset
[2016.04.28-15.26.36:164][946]SourceControl: Info 	deleted:    Saved/Backup/Conversation_2016-01-28-12-35-12.uasset
[2016.04.28-15.26.36:164][946]SourceControl: Info 	deleted:    Saved/Backup/Conversation_2016-02-01-12-06-38.uasset
[2016.04.28-15.26.36:164][946]SourceControl: Info 	deleted:    Saved/Backup/Conversation_2016-02-01-12-23-32.uasset
[2016.04.28-15.26.36:164][946]SourceControl: Info 	deleted:    Saved/Backup/Conversation_2016-02-03-11-19-41.uasset
[2016.04.28-15.26.36:164][946]SourceControl: Info 	deleted:    Saved/Backup/Conversation_2016-02-03-11-32-40.uasset
[2016.04.28-15.26.36:164][946]SourceControl: Info 	deleted:    Saved/Backup/Conversation_2016-02-03-11-43-38.uasset
[2016.04.28-15.26.36:164][946]SourceControl: Info 	deleted:    Saved/Backup/Conversation_2016-02-03-12-42-15.uasset
[2016.04.28-15.26.36:164][946]SourceControl: Info 	deleted:    Saved/Backup/HPBar_2016-01-26-11-02-44.uasset
[2016.04.28-15.26.36:164][946]SourceControl: Info 	deleted:    Saved/Backup/HPBar_2016-01-26-11-09-08.uasset
[2016.04.28-15.26.36:164][946]SourceControl: Info 	deleted:    Saved/Backup/HPBar_2016-01-28-11-10-37.uasset
[2016.04.28-15.26.36:164][946]SourceControl: Info 	deleted:    Saved/Backup/HPBar_2016-01-28-11-24-57.uasset
[2016.04.28-15.26.36:164][946]SourceControl: Info 	deleted:    Saved/Backup/HPBar_2016-01-28-11-35-25.uasset
[2016.04.28-15.26.36:165][946]SourceControl: Info 	deleted:    Saved/Backup/HPBar_2016-01-28-11-51-21.uasset
[2016.04.28-15.26.36:165][946]SourceControl: Info 	deleted:    Saved/Backup/HPBar_2016-01-28-12-01-24.uasset
[2016.04.28-15.26.36:165][946]SourceControl: Info 	deleted:    Saved/Backup/HPBar_2016-01-28-12-17-56.uasset
[2016.04.28-15.26.36:165][946]SourceControl: Info 	deleted:    Saved/Backup/HPBar_2016-01-28-12-35-20.uasset
[2016.04.28-15.26.36:165][946]SourceControl: Info 	deleted:    Saved/Backup/HPBar_2016-02-01-10-54-39.uasset
[2016.04.28-15.26.36:165][946]SourceControl: Info 	deleted:    Saved/Backup/HPBar_2016-02-01-10-59-40.uasset
[2016.04.28-15.26.36:165][946]SourceControl: Info 	deleted:    Saved/Backup/HPBar_2016-02-01-11-21-50.uasset
[2016.04.28-15.26.36:165][946]SourceControl: Info 	deleted:    Saved/Backup/HPBar_2016-02-01-11-54-41.uasset
[2016.04.28-15.26.36:165][946]SourceControl: Info 	deleted:    Saved/Backup/HPBar_2016-02-01-12-06-37.uasset
[2016.04.28-15.26.36:165][946]SourceControl: Info 	deleted:    Saved/Backup/HPBar_2016-02-01-12-12-36.uasset
[2016.04.28-15.26.36:165][946]SourceControl: Info 	deleted:    Saved/Backup/HPBar_2016-02-01-12-21-29.uasset
[2016.04.28-15.26.36:165][946]SourceControl: Info 	deleted:    Saved/Backup/HPBar_2016-02-01-12-27-19.uasset
[2016.04.28-15.26.36:165][946]SourceControl: Info 	deleted:    Saved/Backup/HPBar_2016-02-01-12-34-21.uasset
[2016.04.28-15.26.36:165][946]SourceControl: Info 	deleted:    Saved/Backup/HPBar_2016-02-03-10-59-30.uasset
[2016.04.28-15.26.36:165][946]SourceControl: Info 	deleted:    Saved/Backup/HPBar_2016-02-03-11-20-11.uasset
[2016.04.28-15.26.36:165][946]SourceControl: Info 	deleted:    Saved/Backup/HPBar_2016-02-03-11-41-10.uasset
[2016.04.28-15.26.36:165][946]SourceControl: Info 	deleted:    Saved/Backup/HPBar_2016-02-03-11-51-21.uasset
[2016.04.28-15.26.36:165][946]SourceControl: Info 	deleted:    Saved/Backup/HPBar_2016-02-03-11-56-43.uasset
[2016.04.28-15.26.36:165][946]SourceControl: Info 	deleted:    Saved/Backup/HPBar_2016-02-03-12-08-49.uasset
[2016.04.28-15.26.36:165][946]SourceControl: Info 	deleted:    Saved/Backup/HPBar_2016-02-03-12-30-37.uasset
[2016.04.28-15.26.36:165][946]SourceControl: Info 	deleted:    Saved/Backup/HPBar_2016-02-03-12-42-19.uasset
[2016.04.28-15.26.36:165][946]SourceControl: Info 	deleted:    "Saved/Backup/LiliJ\303\244rvinen_2016-02-03-12-03-01.uasset"
[2016.04.28-15.26.36:165][946]SourceControl: Info 	deleted:    Saved/Backup/LizardMan_PaperCharacter_2016-02-01-11-15-52.uasset
[2016.04.28-15.26.36:165][946]SourceControl: Info 	deleted:    Saved/Backup/LizardMan_PaperCharacter_2016-02-01-11-21-51.uasset
[2016.04.28-15.26.36:165][946]SourceControl: Info 	deleted:    Saved/Backup/LizardMan_PaperCharacter_2016-02-01-11-43-30.uasset
[2016.04.28-15.26.36:165][946]SourceControl: Info 	deleted:    Saved/Backup/MeatingRoomFront_2016-02-03-11-21-56.uasset
[2016.04.28-15.26.36:165][946]SourceControl: Info 	deleted:    Saved/Backup/TopDownExampleMap_2016-01-26-11-09-07.umap
[2016.04.28-15.26.36:165][946]SourceControl: Info 	deleted:    Saved/Backup/TopDownExampleMap_2016-01-28-11-14-55.umap
[2016.04.28-15.26.36:165][946]SourceControl: Info 	deleted:    Saved/Backup/TopDownExampleMap_2016-01-28-11-35-25.umap
[2016.04.28-15.26.36:165][946]SourceControl: Info 	deleted:    Saved/Backup/TopDownExampleMap_2016-01-28-12-38-57.umap
[2016.04.28-15.26.36:165][946]SourceControl: Info 	deleted:    Saved/Backup/TopDownExampleMap_2016-02-01-11-09-59.umap
[2016.04.28-15.26.36:165][946]SourceControl: Info 	deleted:    Saved/Backup/TopDownExampleMap_2016-02-01-11-26-45.umap
[2016.04.28-15.26.36:165][946]SourceControl: Info 	deleted:    Saved/Backup/TopDownExampleMap_2016-02-01-11-37-40.umap
[2016.04.28-15.26.36:165][946]SourceControl: Info 	deleted:    Saved/Backup/TopDownExampleMap_2016-02-01-12-40-13.umap
[2016.04.28-15.26.36:165][946]SourceControl: Info 	deleted:    Saved/Backup/TopDownExampleMap_2016-02-03-11-02-56.umap
[2016.04.28-15.26.36:165][946]SourceControl: Info 	deleted:    Saved/Backup/TopDownExampleMap_2016-02-03-11-11-41.umap
[2016.04.28-15.26.36:165][946]SourceControl: Info 	deleted:    Saved/Backup/TopDownExampleMap_2016-02-03-11-13-05.umap
[2016.04.28-15.26.36:165][946]SourceControl: Info 	deleted:    Saved/Backup/TopDownExampleMap_2016-02-03-11-24-14.umap
[2016.04.28-15.26.36:165][946]SourceControl: Info 	deleted:    Saved/Backup/TopDownExampleMap_2016-02-03-11-24-49.umap
[2016.04.28-15.26.36:165][946]SourceControl: Info 	deleted:    Saved/Backup/TopDownExampleMap_2016-02-03-11-51-21.umap
[2016.04.28-15.26.36:165][946]SourceControl: Info 	deleted:    Saved/Backup/TopDownExampleMap_2016-02-03-11-54-41.umap
[2016.04.28-15.26.36:165][946]SourceControl: Info 	deleted:    Saved/Backup/TopDownExampleMap_2016-02-03-12-05-50.umap
[2016.04.28-15.26.36:165][946]SourceControl: Info 	deleted:    Saved/Backup/TopDownExampleMap_2016-02-03-12-24-09.umap
[2016.04.28-15.26.36:165][946]SourceControl: Info 	deleted:    Saved/Backup/TopDownExampleMap_2016-02-03-12-41-54.umap
[2016.04.28-15.26.36:165][946]SourceControl: Info 	modified:   Saved/Config/Windows/EditorPerProjectUserSettings.ini
[2016.04.28-15.26.36:165][946]SourceControl: Info 	modified:   Saved/Config/Windows/Engine.ini
[2016.04.28-15.26.36:165][946]SourceControl: Info 	modified:   Saved/Logs/Game_GT.log
[2016.04.28-15.26.36:165][946]SourceControl: Info Untracked files:
[2016.04.28-15.26.36:165][946]SourceControl: Info   (use "git add <file>..." to include in what will be committed)
[2016.04.28-15.26.36:165][946]SourceControl: Info 	Saved/Backup/BussBody_2016-04-28-11-13-35.uasset
[2016.04.28-15.26.36:165][946]SourceControl: Info 	Saved/Logs/Game_GT-backup-2016.04.28-11.05.13.log
[2016.04.28-15.26.36:165][946]SourceControl: Info 	Saved/Logs/Game_GT-backup-2016.04.28-11.12.51.log
[2016.04.28-15.26.36:165][946]SourceControl: Info 	Saved/Logs/UE4CC-Windows-07EAFC6F4681392CEC48359FFBD0AB0C/
[2016.04.28-15.26.36:679][946]LogParticles: Destroying 0 GPU particle simulations for FXSystem 0x0000026D0FADF2E0
[2016.04.28-15.26.36:826][946]LogSavePackage: Save=36.355103ms
[2016.04.28-15.26.36:826][946]LogSavePackage: Moving '../../../../../../Users/dacos/OneDrive/Documents/Unreal Projects/Game_GT/Saved/Lili_Jarvinen4EFDE5A4447E17B14FEF1EA39BB34510.tmp' to '../../../../../../Users/dacos/OneDrive/Documents/Unreal Projects/Game_GT/Content/Blueprints/Characters/Lili_Jarvinen.uasset'
[2016.04.28-15.26.36:829][946]LogSavePackage: Total save time: 39.930020ms
[2016.04.28-15.26.36:829][946]LogSavePackage:Display: Finished SavePackage ../../../../../../Users/dacos/OneDrive/Documents/Unreal Projects/Game_GT/Content/Blueprints/Characters/Lili_Jarvinen.uasset
[2016.04.28-15.26.37:005][946]LogMetaData: Removing '/Game/Blueprints/Characters/Lili_Jarvinen.Lili_Jarvinen_C' ref from Metadata '/Game/TestContent/Lili_Jarvinen.PackageMetaData'
[2016.04.28-15.26.37:005][946]LogMetaData: Removing '/Game/Blueprints/Characters/Lili_Jarvinen.Lili_Jarvinen:UserConstructionScript.K2Node_FunctionEntry_127' ref from Metadata '/Game/TestContent/Lili_Jarvinen.PackageMetaData'
[2016.04.28-15.26.37:005][946]LogMetaData: Removing '/Game/Blueprints/Characters/Lili_Jarvinen.Lili_Jarvinen:EventGraph.K2Node_Event_42' ref from Metadata '/Game/TestContent/Lili_Jarvinen.PackageMetaData'
[2016.04.28-15.26.37:005][946]LogMetaData: Removing '/Game/Blueprints/Characters/Lili_Jarvinen.Lili_Jarvinen:EventGraph.K2Node_CallParentFunction_1' ref from Metadata '/Game/TestContent/Lili_Jarvinen.PackageMetaData'
[2016.04.28-15.26.37:005][946]LogMetaData: Removing '/Game/Blueprints/Characters/Lili_Jarvinen.Lili_Jarvinen:EventGraph.K2Node_Event_43' ref from Metadata '/Game/TestContent/Lili_Jarvinen.PackageMetaData'
[2016.04.28-15.26.37:005][946]LogMetaData: Removing '/Game/Blueprints/Characters/Lili_Jarvinen.Lili_Jarvinen:EventGraph.K2Node_Event_44' ref from Metadata '/Game/TestContent/Lili_Jarvinen.PackageMetaData'
[2016.04.28-15.26.37:005][946]LogMetaData: Removing '/Game/Blueprints/Characters/Lili_Jarvinen.Lili_Jarvinen:EventGraph.K2Node_CallParentFunction_2' ref from Metadata '/Game/TestContent/Lili_Jarvinen.PackageMetaData'
[2016.04.28-15.26.37:005][946]LogMetaData: Removing '/Game/Blueprints/Characters/Lili_Jarvinen.SKEL_Lili_Jarvinen_C' ref from Metadata '/Game/TestContent/Lili_Jarvinen.PackageMetaData'
[2016.04.28-15.26.37:169][946]LogSavePackage: Save=34.995560ms
[2016.04.28-15.26.37:169][946]LogSavePackage: Moving '../../../../../../Users/dacos/OneDrive/Documents/Unreal Projects/Game_GT/Saved/Lili_Jarvinen2AB00B0F47E82F35A8FC2FBC29CEBAF8.tmp' to '../../../../../../Users/dacos/OneDrive/Documents/Unreal Projects/Game_GT/Content/Blueprints/Characters/Lili_Jarvinen.uasset'
[2016.04.28-15.26.37:174][946]LogSavePackage: Total save time: 105.740275ms
[2016.04.28-15.26.37:174][946]LogSavePackage:Display: Finished SavePackage ../../../../../../Users/dacos/OneDrive/Documents/Unreal Projects/Game_GT/Content/Blueprints/Characters/Lili_Jarvinen.uasset
[2016.04.28-15.26.37:192][946]Cmd: OBJ SAVEPACKAGE PACKAGE="/Game/TestContent/Lili_Jarvinen" FILE="../../../../../../Users/dacos/OneDrive/Documents/Unreal Projects/Game_GT/Content/TestContent/Lili_Jarvinen.uasset" SILENT=true
[2016.04.28-15.26.37:262][946]LogSavePackage: Save=10.695929ms
[2016.04.28-15.26.37:262][946]LogSavePackage: Moving '../../../../../../Users/dacos/OneDrive/Documents/Unreal Projects/Game_GT/Saved/Lili_JarvinenA57251C74319D9C01FFE218E083E1E78.tmp' to '../../../../../../Users/dacos/OneDrive/Documents/Unreal Projects/Game_GT/Content/TestContent/Lili_Jarvinen.uasset'
[2016.04.28-15.26.37:266][946]LogSavePackage: Total save time: 71.734369ms
[2016.04.28-15.26.37:267][946]LogSavePackage:Display: Finished SavePackage ../../../../../../Users/dacos/OneDrive/Documents/Unreal Projects/Game_GT/Content/TestContent/Lili_Jarvinen.uasset
[2016.04.28-15.26.52:433][611]LogActorComponent: UnregisterComponent: (/Engine/Transient.EditorFloorComp) Not registered. Aborting.
[2016.04.28-15.26.52:877][611]LogObjectTools:Warning: ForceReplaceReferences replaced references for a transient object 'DEADCLASS_RadaBancroft_C_1' or package '/Engine/Transient'.
[2016.04.28-15.26.52:877][611]LogObjectTools:Warning: ForceReplaceReferences replaced references for a transient object 'REINST_SKEL_RadaBancroft_C_194' or package '/Engine/Transient'.
[2016.04.28-15.26.52:877][611]LogObjectTools:Warning: ForceReplaceReferences replaced references for a transient object 'DEADCLASS_RadaBancroft_C_0' or package '/Engine/Transient'.
[2016.04.28-15.26.52:877][611]LogObjectTools:Warning: ForceReplaceReferences replaced references for a transient object 'REINST_RadaBancroft_C_193' or package '/Engine/Transient'.
[2016.04.28-15.26.53:130][611]LogParticles: Destroying 0 GPU particle simulations for FXSystem 0x0000026D23BDA160
[2016.04.28-15.26.53:487][611]SourceControl: Info rm 'Content/Blueprints/Characters/RadaBancroft.uasset'
[2016.04.28-15.27.23:577][324]LogEditorViewport: Clicking on Actor (LMB): RoadStrait_C (RoadStrait)
[2016.04.28-15.27.24:326][367]LogEditorViewport: Clicking on Actor (LMB): RadaBancroft_C (RadaBancroft)
[2016.04.28-15.27.51:423][864]SourceControl: Info rm 'Content/Blueprints/Characters/TEST.uasset'
[2016.04.28-15.27.55:677][102]LogActorComponent: UnregisterComponent: (/Engine/Transient.CharMoveComp) Not registered. Aborting.
[2016.04.28-15.27.57:846][102]SourceControl: Info rm 'Content/Blueprints/Characters/TestChar.uasset'
[2016.04.28-15.28.10:357][828]SourceControl: Info On branch master
[2016.04.28-15.28.10:357][828]SourceControl: Info Your branch is up-to-date with 'origin/master'.
[2016.04.28-15.28.10:357][828]SourceControl: Info Changes to be committed:
[2016.04.28-15.28.10:357][828]SourceControl: Info   (use "git reset HEAD <file>..." to unstage)
[2016.04.28-15.28.10:357][828]SourceControl: Info 	new file:   Content/Blueprints/Characters/Lili_Jarvinen.uasset
[2016.04.28-15.28.10:357][828]SourceControl: Info 	deleted:    Content/Blueprints/Characters/RadaBancroft.uasset
[2016.04.28-15.28.10:357][828]SourceControl: Info 	deleted:    Content/Blueprints/Characters/TEST.uasset
[2016.04.28-15.28.10:357][828]SourceControl: Info 	deleted:    Content/Blueprints/Characters/TestChar.uasset
[2016.04.28-15.28.10:357][828]SourceControl: Info 	deleted:    Content/Blueprints/vehicles/BussBody_MP.uasset
[2016.04.28-15.28.10:357][828]SourceControl: Info 	modified:   Content/TestContent/Lili_Jarvinen.uasset
[2016.04.28-15.28.10:357][828]SourceControl: Info Changes not staged for commit:
[2016.04.28-15.28.10:357][828]SourceControl: Info   (use "git add/rm <file>..." to update what will be committed)
[2016.04.28-15.28.10:357][828]SourceControl: Info   (use "git checkout -- <file>..." to discard changes in working directory)
[2016.04.28-15.28.10:357][828]SourceControl: Info 	modified:   Content/Blueprints/Characters/Lili_Jarvinen.uasset
[2016.04.28-15.28.10:357][828]SourceControl: Info 	modified:   Content/Blueprints/vehicles/BussBody.uasset
[2016.04.28-15.28.10:357][828]SourceControl: Info 	modified:   Intermediate/CachedAssetRegistry.bin
[2016.04.28-15.28.10:357][828]SourceControl: Info 	modified:   Intermediate/Config/CoalescedSourceConfigs/Engine.ini
[2016.04.28-15.28.10:357][828]SourceControl: Info 	modified:   Intermediate/Config/CoalescedSourceConfigs/Game.ini
[2016.04.28-15.28.10:357][828]SourceControl: Info 	modified:   Saved/Autosaves/PackageRestoreData.json
[2016.04.28-15.28.10:357][828]SourceControl: Info 	deleted:    Saved/Backup/CharacterTest1_2016-02-03-12-02-42.uasset
[2016.04.28-15.28.10:357][828]SourceControl: Info 	deleted:    Saved/Backup/Club_MeatingRoom_2016-02-03-11-08-50.uasset
[2016.04.28-15.28.10:357][828]SourceControl: Info 	deleted:    Saved/Backup/Club_MeatingRoom_2016-02-03-11-17-40.uasset
[2016.04.28-15.28.10:357][828]SourceControl: Info 	deleted:    Saved/Backup/Club_MeatingRoom_2016-02-03-11-23-32.uasset
[2016.04.28-15.28.10:357][828]SourceControl: Info 	deleted:    Saved/Backup/Club_MeatingRoom_2016-02-03-11-32-43.uasset
[2016.04.28-15.28.10:357][828]SourceControl: Info 	deleted:    Saved/Backup/Club_MeatingRoom_2016-02-03-11-37-46.uasset
[2016.04.28-15.28.10:357][828]SourceControl: Info 	deleted:    Saved/Backup/ConversationTestNPC_2016-01-28-12-06-21.uasset
[2016.04.28-15.28.10:357][828]SourceControl: Info 	deleted:    Saved/Backup/ConversationTestNPC_2016-01-28-12-35-12.uasset
[2016.04.28-15.28.10:357][828]SourceControl: Info 	deleted:    Saved/Backup/ConversationTestNPC_2016-02-01-11-05-33.uasset
[2016.04.28-15.28.10:357][828]SourceControl: Info 	deleted:    Saved/Backup/ConversationTestNPC_2016-02-01-11-15-53.uasset
[2016.04.28-15.28.10:357][828]SourceControl: Info 	deleted:    Saved/Backup/ConversationTestNPC_2016-02-01-12-18-02.uasset
[2016.04.28-15.28.10:357][828]SourceControl: Info 	deleted:    Saved/Backup/ConversationTestNPC_2016-02-03-11-13-06.uasset
[2016.04.28-15.28.10:357][828]SourceControl: Info 	deleted:    Saved/Backup/ConversationTestNPC_2016-02-03-11-20-51.uasset
[2016.04.28-15.28.10:357][828]SourceControl: Info 	deleted:    Saved/Backup/ConversationTestNPC_2016-02-03-12-24-10.uasset
[2016.04.28-15.28.10:357][828]SourceControl: Info 	deleted:    Saved/Backup/ConversationTestNPC_2016-02-03-12-33-54.uasset
[2016.04.28-15.28.10:357][828]SourceControl: Info 	deleted:    Saved/Backup/ConversationTestNPC_2016-02-03-12-39-31.uasset
[2016.04.28-15.28.10:357][828]SourceControl: Info 	deleted:    Saved/Backup/Conversation_2016-01-26-11-20-12.uasset
[2016.04.28-15.28.10:357][828]SourceControl: Info 	deleted:    Saved/Backup/Conversation_2016-01-28-11-36-26.uasset
[2016.04.28-15.28.10:357][828]SourceControl: Info 	deleted:    Saved/Backup/Conversation_2016-01-28-11-51-23.uasset
[2016.04.28-15.28.10:357][828]SourceControl: Info 	deleted:    Saved/Backup/Conversation_2016-01-28-12-06-22.uasset
[2016.04.28-15.28.10:357][828]SourceControl: Info 	deleted:    Saved/Backup/Conversation_2016-01-28-12-11-31.uasset
[2016.04.28-15.28.10:357][828]SourceControl: Info 	deleted:    Saved/Backup/Conversation_2016-01-28-12-35-12.uasset
[2016.04.28-15.28.10:357][828]SourceControl: Info 	deleted:    Saved/Backup/Conversation_2016-02-01-12-06-38.uasset
[2016.04.28-15.28.10:357][828]SourceControl: Info 	deleted:    Saved/Backup/Conversation_2016-02-01-12-23-32.uasset
[2016.04.28-15.28.10:357][828]SourceControl: Info 	deleted:    Saved/Backup/Conversation_2016-02-03-11-19-41.uasset
[2016.04.28-15.28.10:357][828]SourceControl: Info 	deleted:    Saved/Backup/Conversation_2016-02-03-11-32-40.uasset
[2016.04.28-15.28.10:357][828]SourceControl: Info 	deleted:    Saved/Backup/Conversation_2016-02-03-11-43-38.uasset
[2016.04.28-15.28.10:357][828]SourceControl: Info 	deleted:    Saved/Backup/Conversation_2016-02-03-12-42-15.uasset
[2016.04.28-15.28.10:358][828]SourceControl: Info 	deleted:    Saved/Backup/HPBar_2016-01-26-11-02-44.uasset
[2016.04.28-15.28.10:358][828]SourceControl: Info 	deleted:    Saved/Backup/HPBar_2016-01-26-11-09-08.uasset
[2016.04.28-15.28.10:358][828]SourceControl: Info 	deleted:    Saved/Backup/HPBar_2016-01-28-11-10-37.uasset
[2016.04.28-15.28.10:358][828]SourceControl: Info 	deleted:    Saved/Backup/HPBar_2016-01-28-11-24-57.uasset
[2016.04.28-15.28.10:358][828]SourceControl: Info 	deleted:    Saved/Backup/HPBar_2016-01-28-11-35-25.uasset
[2016.04.28-15.28.10:358][828]SourceControl: Info 	deleted:    Saved/Backup/HPBar_2016-01-28-11-51-21.uasset
[2016.04.28-15.28.10:358][828]SourceControl: Info 	deleted:    Saved/Backup/HPBar_2016-01-28-12-01-24.uasset
[2016.04.28-15.28.10:358][828]SourceControl: Info 	deleted:    Saved/Backup/HPBar_2016-01-28-12-17-56.uasset
[2016.04.28-15.28.10:358][828]SourceControl: Info 	deleted:    Saved/Backup/HPBar_2016-01-28-12-35-20.uasset
[2016.04.28-15.28.10:358][828]SourceControl: Info 	deleted:    Saved/Backup/HPBar_2016-02-01-10-54-39.uasset
[2016.04.28-15.28.10:358][828]SourceControl: Info 	deleted:    Saved/Backup/HPBar_2016-02-01-10-59-40.uasset
[2016.04.28-15.28.10:358][828]SourceControl: Info 	deleted:    Saved/Backup/HPBar_2016-02-01-11-21-50.uasset
[2016.04.28-15.28.10:358][828]SourceControl: Info 	deleted:    Saved/Backup/HPBar_2016-02-01-11-54-41.uasset
[2016.04.28-15.28.10:358][828]SourceControl: Info 	deleted:    Saved/Backup/HPBar_2016-02-01-12-06-37.uasset
[2016.04.28-15.28.10:358][828]SourceControl: Info 	deleted:    Saved/Backup/HPBar_2016-02-01-12-12-36.uasset
[2016.04.28-15.28.10:358][828]SourceControl: Info 	deleted:    Saved/Backup/HPBar_2016-02-01-12-21-29.uasset
[2016.04.28-15.28.10:358][828]SourceControl: Info 	deleted:    Saved/Backup/HPBar_2016-02-01-12-27-19.uasset
[2016.04.28-15.28.10:358][828]SourceControl: Info 	deleted:    Saved/Backup/HPBar_2016-02-01-12-34-21.uasset
[2016.04.28-15.28.10:358][828]SourceControl: Info 	deleted:    Saved/Backup/HPBar_2016-02-03-10-59-30.uasset
[2016.04.28-15.28.10:358][828]SourceControl: Info 	deleted:    Saved/Backup/HPBar_2016-02-03-11-20-11.uasset
[2016.04.28-15.28.10:358][828]SourceControl: Info 	deleted:    Saved/Backup/HPBar_2016-02-03-11-41-10.uasset
[2016.04.28-15.28.10:358][828]SourceControl: Info 	deleted:    Saved/Backup/HPBar_2016-02-03-11-51-21.uasset
[2016.04.28-15.28.10:358][828]SourceControl: Info 	deleted:    Saved/Backup/HPBar_2016-02-03-11-56-43.uasset
[2016.04.28-15.28.10:358][828]SourceControl: Info 	deleted:    Saved/Backup/HPBar_2016-02-03-12-08-49.uasset
[2016.04.28-15.28.10:358][828]SourceControl: Info 	deleted:    Saved/Backup/HPBar_2016-02-03-12-30-37.uasset
[2016.04.28-15.28.10:358][828]SourceControl: Info 	deleted:    Saved/Backup/HPBar_2016-02-03-12-42-19.uasset
[2016.04.28-15.28.10:358][828]SourceControl: Info 	deleted:    "Saved/Backup/LiliJ\303\244rvinen_2016-02-03-12-03-01.uasset"
[2016.04.28-15.28.10:358][828]SourceControl: Info 	deleted:    Saved/Backup/LizardMan_PaperCharacter_2016-02-01-11-15-52.uasset
[2016.04.28-15.28.10:358][828]SourceControl: Info 	deleted:    Saved/Backup/LizardMan_PaperCharacter_2016-02-01-11-21-51.uasset
[2016.04.28-15.28.10:358][828]SourceControl: Info 	deleted:    Saved/Backup/LizardMan_PaperCharacter_2016-02-01-11-43-30.uasset
[2016.04.28-15.28.10:358][828]SourceControl: Info 	deleted:    Saved/Backup/MeatingRoomFront_2016-02-03-11-21-56.uasset
[2016.04.28-15.28.10:358][828]SourceControl: Info 	deleted:    Saved/Backup/TopDownExampleMap_2016-01-26-11-09-07.umap
[2016.04.28-15.28.10:358][828]SourceControl: Info 	deleted:    Saved/Backup/TopDownExampleMap_2016-01-28-11-14-55.umap
[2016.04.28-15.28.10:358][828]SourceControl: Info 	deleted:    Saved/Backup/TopDownExampleMap_2016-01-28-11-35-25.umap
[2016.04.28-15.28.10:358][828]SourceControl: Info 	deleted:    Saved/Backup/TopDownExampleMap_2016-01-28-12-38-57.umap
[2016.04.28-15.28.10:358][828]SourceControl: Info 	deleted:    Saved/Backup/TopDownExampleMap_2016-02-01-11-09-59.umap
[2016.04.28-15.28.10:358][828]SourceControl: Info 	deleted:    Saved/Backup/TopDownExampleMap_2016-02-01-11-26-45.umap
[2016.04.28-15.28.10:358][828]SourceControl: Info 	deleted:    Saved/Backup/TopDownExampleMap_2016-02-01-11-37-40.umap
[2016.04.28-15.28.10:358][828]SourceControl: Info 	deleted:    Saved/Backup/TopDownExampleMap_2016-02-01-12-40-13.umap
[2016.04.28-15.28.10:358][828]SourceControl: Info 	deleted:    Saved/Backup/TopDownExampleMap_2016-02-03-11-02-56.umap
[2016.04.28-15.28.10:358][828]SourceControl: Info 	deleted:    Saved/Backup/TopDownExampleMap_2016-02-03-11-11-41.umap
[2016.04.28-15.28.10:358][828]SourceControl: Info 	deleted:    Saved/Backup/TopDownExampleMap_2016-02-03-11-13-05.umap
[2016.04.28-15.28.10:358][828]SourceControl: Info 	deleted:    Saved/Backup/TopDownExampleMap_2016-02-03-11-24-14.umap
[2016.04.28-15.28.10:358][828]SourceControl: Info 	deleted:    Saved/Backup/TopDownExampleMap_2016-02-03-11-24-49.umap
[2016.04.28-15.28.10:358][828]SourceControl: Info 	deleted:    Saved/Backup/TopDownExampleMap_2016-02-03-11-51-21.umap
[2016.04.28-15.28.10:358][828]SourceControl: Info 	deleted:    Saved/Backup/TopDownExampleMap_2016-02-03-11-54-41.umap
[2016.04.28-15.28.10:358][828]SourceControl: Info 	deleted:    Saved/Backup/TopDownExampleMap_2016-02-03-12-05-50.umap
[2016.04.28-15.28.10:358][828]SourceControl: Info 	deleted:    Saved/Backup/TopDownExampleMap_2016-02-03-12-24-09.umap
[2016.04.28-15.28.10:358][828]SourceControl: Info 	deleted:    Saved/Backup/TopDownExampleMap_2016-02-03-12-41-54.umap
[2016.04.28-15.28.10:358][828]SourceControl: Info 	modified:   Saved/Config/Windows/EditorPerProjectUserSettings.ini
[2016.04.28-15.28.10:358][828]SourceControl: Info 	modified:   Saved/Config/Windows/Engine.ini
[2016.04.28-15.28.10:358][828]SourceControl: Info 	modified:   Saved/Logs/Game_GT.log
[2016.04.28-15.28.10:358][828]SourceControl: Info Untracked files:
[2016.04.28-15.28.10:358][828]SourceControl: Info   (use "git add <file>..." to include in what will be committed)
[2016.04.28-15.28.10:358][828]SourceControl: Info 	Saved/Backup/BussBody_2016-04-28-11-13-35.uasset
[2016.04.28-15.28.10:358][828]SourceControl: Info 	Saved/Backup/Lili_Jarvinen_2016-04-28-11-26-37.uasset
[2016.04.28-15.28.10:358][828]SourceControl: Info 	Saved/Logs/Game_GT-backup-2016.04.28-11.05.13.log
[2016.04.28-15.28.10:359][828]SourceControl: Info 	Saved/Logs/Game_GT-backup-2016.04.28-11.12.51.log
[2016.04.28-15.28.10:359][828]SourceControl: Info 	Saved/Logs/UE4CC-Windows-07EAFC6F4681392CEC48359FFBD0AB0C/
[2016.04.28-15.28.11:112][828]LogCrashTracker: 


[2016.04.28-15.28.11:112][828]LogCrashTracker: 


[2016.04.28-15.28.11:112][828]LogWindows:Error: === Critical error: ===
Fatal error!



[2016.04.28-15.28.11:188][828]LogExit: Executing StaticShutdownAfterError
[2016.04.28-15.28.11:193][828]LogPhysics:Warning: PHYSX: ..\..\PhysX\src\NpScene.cpp (2946) 8 : PxScene::unlockWrite() called without matching call to PxScene::lockWrite(), behaviour will be undefined.
[2016.04.28-15.28.11:193][828]LogPhysics:Warning: PHYSX: ..\..\PhysX\src\NpScene.cpp (2946) 8 : PxScene::unlockWrite() called without matching call to PxScene::lockWrite(), behaviour will be undefined.
[2016.04.28-15.28.11:193][828]LogPhysics:Warning: PHYSX: ..\..\PhysX\src\NpScene.cpp (2946) 8 : PxScene::unlockWrite() called without matching call to PxScene::lockWrite(), behaviour will be undefined.
[2016.04.28-15.28.11:193][828]LogPhysics:Warning: PHYSX: ..\..\PhysX\src\NpScene.cpp (2946) 8 : PxScene::unlockWrite() called without matching call to PxScene::lockWrite(), behaviour will be undefined.
[2016.04.28-15.28.11:193][828]LogWindows: FPlatformMisc::RequestExit(1)
[2016.04.28-15.28.11:193][828]Log file closed, 04/28/16 11:28:11
