[2016.02.05-16.56.19:958][  0]Log file open, 02/05/16 11:56:19
[2016.02.05-16.56.19:958][  0]LogInit:Display: Running engine for game: Game_GT
[2016.02.05-16.56.19:958][  0]LogPlatformFile: Not using cached read wrapper
[2016.02.05-16.56.19:958][  0]LogInit:Display: RandInit(-198332883) SRandInit(-198332882).
[2016.02.05-16.56.19:958][  0]LogTaskGraph: Started task graph with 4 named threads and 7 total threads.
[2016.02.05-16.56.19:958][  0]LogStats: Stats thread started at 0.537216
[2016.02.05-16.56.19:958][  0]LogInit: Version: 4.10.1-2791327+++depot+UE4-Releases+4.10
[2016.02.05-16.56.19:958][  0]LogInit: API Version: 2758231
[2016.02.05-16.56.19:958][  0]LogInit: Compiled (64-bit): Dec  4 2015 19:44:40
[2016.02.05-16.56.19:958][  0]LogInit: Compiled with Visual C++: 19.00.23026.00
[2016.02.05-16.56.19:958][  0]LogInit: Build Configuration: Development
[2016.02.05-16.56.19:958][  0]LogInit: Branch Name: ++depot+UE4-Releases+4.10
[2016.02.05-16.56.19:958][  0]LogInit: Command line:  
[2016.02.05-16.56.19:958][  0]LogInit: Base directory: C:/Program Files (x86)/Epic Games/4.10/Engine/Binaries/Win64/
[2016.02.05-16.56.19:958][  0]LogInit: Rocket: 1
[2016.02.05-16.56.19:985][  0]LogInit: Using libcurl 7.41.0
[2016.02.05-16.56.19:985][  0]LogInit:  - built for x86_64-pc-win32
[2016.02.05-16.56.19:985][  0]LogInit:  - supports SSL with WinSSL
[2016.02.05-16.56.19:985][  0]LogInit:  - other features:
[2016.02.05-16.56.19:985][  0]LogInit:      CURL_VERSION_SSL
[2016.02.05-16.56.19:985][  0]LogInit:      CURL_VERSION_IPV6
[2016.02.05-16.56.19:985][  0]LogInit:      CURL_VERSION_ASYNCHDNS
[2016.02.05-16.56.19:985][  0]LogInit:      CURL_VERSION_LARGEFILE
[2016.02.05-16.56.19:985][  0]LogInit:      CURL_VERSION_IDN
[2016.02.05-16.56.19:986][  0]LogInit:  CurlRequestOptions (configurable via config and command line):
[2016.02.05-16.56.19:986][  0]LogInit:  - bVerifyPeer = true  - Libcurl will verify peer certificate
[2016.02.05-16.56.19:986][  0]LogInit:  - bUseHttpProxy = false  - Libcurl will NOT use HTTP proxy
[2016.02.05-16.56.19:986][  0]LogInit:  - bDontReuseConnections = false  - Libcurl will reuse connections
[2016.02.05-16.56.19:986][  0]LogInit:  - CertBundlePath = nullptr  - Libcurl will use whatever was configured at build time.
[2016.02.05-16.56.20:025][  0]LogInit: Presizing for 0 objects not considered by GC, pre-allocating 0 bytes.
[2016.02.05-16.56.20:037][  0]LogInit: Object subsystem initialized
[2016.02.05-16.56.20:048][  0]LogInit: Selected Device Profile: [Windows]
[2016.02.05-16.56.20:048][  0]LogInit: Applying CVar settings loaded from the selected device profile: [Windows]
[2016.02.05-16.56.20:068][  0]LogInit: Computer: APPLEEATER-V2
[2016.02.05-16.56.20:068][  0]LogInit: User: dacos
[2016.02.05-16.56.20:068][  0]LogInit: CPU Page size=4096, Cores=4
[2016.02.05-16.56.20:068][  0]LogInit: High frequency timer resolution =2.533211 MHz
[2016.02.05-16.56.20:068][  0]LogMemory: Memory total: Physical=11.9GB (12GB approx)
[2016.02.05-16.56.20:068][  0]LogMemory: Platform Memory Stats for Windows
[2016.02.05-16.56.20:068][  0]LogMemory: Process Physical Memory: 59.38 MB used, 59.38 MB peak
[2016.02.05-16.56.20:068][  0]LogMemory: Process Virtual Memory: 56.94 MB used, 56.94 MB peak
[2016.02.05-16.56.20:068][  0]LogMemory: Physical Memory: 3467.59 MB used, 12177.01 MB total
[2016.02.05-16.56.20:068][  0]LogMemory: Virtual Memory: 382.69 MB used, 134217728.00 MB total
[2016.02.05-16.56.20:322][  0]LogTextLocalizationManager: No specific translations for ('en-US') exist, so ('en') translations will be used.
[2016.02.05-16.56.20:835][  0]LogD3D11RHI: Found D3D11 adapter 0: NVIDIA GeForce GTX 960M        (Feature Level 11_0)
[2016.02.05-16.56.20:835][  0]LogD3D11RHI: Adapter has 1995MB of dedicated video memory, 0MB of dedicated system memory, and 6088MB of shared system memory, 1 output[s]
[2016.02.05-16.56.20:840][  0]LogD3D11RHI: Found D3D11 adapter 1: Intel(R) HD Graphics 4600 (Feature Level 11_0)
[2016.02.05-16.56.20:840][  0]LogD3D11RHI: Adapter has 112MB of dedicated video memory, 0MB of dedicated system memory, and 6088MB of shared system memory, 0 output[s]
[2016.02.05-16.56.20:842][  0]LogD3D11RHI: Found D3D11 adapter 2: Microsoft Basic Render Driver (Feature Level 11_0)
[2016.02.05-16.56.20:842][  0]LogD3D11RHI: Adapter has 0MB of dedicated video memory, 0MB of dedicated system memory, and 6088MB of shared system memory, 0 output[s]
[2016.02.05-16.56.20:842][  0]LogD3D11RHI: Chosen D3D11 Adapter Id = 0
[2016.02.05-16.56.20:846][  0]LogD3D11RHI: !Direct3DDevice
[2016.02.05-16.56.20:846][  0]LogRHI: Texture pool is 1361 MB (70% of 1945 MB)
[2016.02.05-16.56.20:859][  0]LogD3D11RHI: Async texture creation enabled
[2016.02.05-16.56.21:341][  0]LogShaderCompilers: Guid format shader working directory is -26 characters bigger than the processId version (../../../../../../Users/dacos/OneDrive/Documents/Unreal Projects/Game_GT/Intermediate/Shaders/WorkingDirectory/1108/).
[2016.02.05-16.56.21:342][  0]LogShaderCompilers: Cleaned the shader compiler working directory 'C:/Users/dacos/AppData/Local/Temp/UnrealShaderWorkingDir/40A31E744E1014C1BD31DEBF7D1732E4/'.
[2016.02.05-16.56.21:342][  0]LogShaderCompilers:Display: Using Local Shader Compiler.
[2016.02.05-16.56.22:804][  0]LogTemp:Display: Loaded TP AllDesktopTargetPlatform
[2016.02.05-16.56.22:809][  0]LogTemp:Display: Loaded TP WindowsClientTargetPlatform
[2016.02.05-16.56.22:813][  0]LogTemp:Display: Loaded TP WindowsNoEditorTargetPlatform
[2016.02.05-16.56.22:817][  0]LogTemp:Display: Loaded TP WindowsServerTargetPlatform
[2016.02.05-16.56.22:822][  0]LogTemp:Display: Loaded TP WindowsTargetPlatform
[2016.02.05-16.56.22:828][  0]LogTemp:Display: Loaded TP AndroidTargetPlatform
[2016.02.05-16.56.22:831][  0]LogTemp:Display: Loaded TP Android_ASTCTargetPlatform
[2016.02.05-16.56.22:835][  0]LogTemp:Display: Loaded TP Android_ATCTargetPlatform
[2016.02.05-16.56.22:839][  0]LogTemp:Display: Loaded TP Android_DXTTargetPlatform
[2016.02.05-16.56.22:842][  0]LogTemp:Display: Loaded TP Android_ETC1TargetPlatform
[2016.02.05-16.56.22:846][  0]LogTemp:Display: Loaded TP Android_ETC2TargetPlatform
[2016.02.05-16.56.22:854][  0]LogTemp:Display: Loaded TP Android_MultiTargetPlatform
[2016.02.05-16.56.22:854][  0]LogTemp:Display: Loaded TP Android_PVRTCTargetPlatform
[2016.02.05-16.56.22:855][  0]LogTemp:Display: Loaded TP HTML5TargetPlatform
[2016.02.05-16.56.22:898][  0]LogTemp:Display: Loaded TP IOSTargetPlatform
[2016.02.05-16.56.22:901][  0]LogTemp:Display: Loaded TP LinuxNoEditorTargetPlatform
[2016.02.05-16.56.22:904][  0]LogTemp:Display: Loaded TP LinuxServerTargetPlatform
[2016.02.05-16.56.22:910][  0]LogTemp:Display: Loaded TP LinuxTargetPlatform
[2016.02.05-16.56.22:910][  0]LogTargetPlatformManager:Display: Building Assets For Windows
[2016.02.05-16.56.23:182][  0]LogDerivedDataCache:Display: Max Cache Size: 512 MB
[2016.02.05-16.56.23:385][  0]LogDerivedDataCache: Loaded boot cache 0.20s 42MB C:/Users/dacos/AppData/Local/UnrealEngine/4.10/DerivedDataCache/Boot.ddc.
[2016.02.05-16.56.23:385][  0]LogDerivedDataCache:Display: Loaded Boot cache: C:/Users/dacos/AppData/Local/UnrealEngine/4.10/DerivedDataCache/Boot.ddc
[2016.02.05-16.56.23:385][  0]LogDerivedDataCache: FDerivedDataBackendGraph:  Pak pak cache file ../../../../../../Users/dacos/OneDrive/Documents/Unreal Projects/Game_GT/DerivedDataCache/DDC.ddp not found, will not use a pak cache.
[2016.02.05-16.56.23:385][  0]LogDerivedDataCache: Unable to find inner node Pak for hierarchical cache Hierarchy.
[2016.02.05-16.56.23:385][  0]LogDerivedDataCache: FDerivedDataBackendGraph:  CompressedPak pak cache file ../../../../../../Users/dacos/OneDrive/Documents/Unreal Projects/Game_GT/DerivedDataCache/Compressed.ddp not found, will not use a pak cache.
[2016.02.05-16.56.23:385][  0]LogDerivedDataCache: Unable to find inner node CompressedPak for hierarchical cache Hierarchy.
[2016.02.05-16.56.23:461][  0]LogDerivedDataCache:Display: Pak cache opened for reading ../../../Engine/DerivedDataCache/Compressed.ddp.
[2016.02.05-16.56.23:475][  0]LogDerivedDataCache: Using Local data cache path C:/Users/dacos/AppData/Local/UnrealEngine/Common/DerivedDataCache: Writable
[2016.02.05-16.56.25:915][  0]LogInit: Selected Device Profile: [Windows]
[2016.02.05-16.56.25:922][  0]LogContentStreaming: Texture pool size is 0.000000MB
[2016.02.05-16.56.26:123][  0]LogMeshUtilities: No automatic mesh reduction module available
[2016.02.05-16.56.26:123][  0]LogMeshUtilities: No automatic mesh merging module available
[2016.02.05-16.56.26:712][  0]LogInit: WinSock: version 1.1 (2.2), MaxSocks=32767, MaxUdp=65467
[2016.02.05-16.56.28:814][  0]UdpMessaging: Initializing bridge on interface 0.0.0.0:0 to multicast group 230.0.0.1:6666.
[2016.02.05-16.56.28:889][  0]LogLinker:Warning: Asset '../../../../../../Users/dacos/OneDrive/Documents/Unreal Projects/Game_GT/Content/Mannequin/Animations/ThirdPerson_AnimBP.uasset' has been saved with empty engine version. The asset will be loaded but may be incompatible.
[2016.02.05-16.56.28:894][  0]LogLinker:Warning: Asset '../../../../../../Users/dacos/OneDrive/Documents/Unreal Projects/Game_GT/Content/Mannequin/Animations/ThirdPerson_Jump.uasset' has been saved with empty engine version. The asset will be loaded but may be incompatible.
[2016.02.05-16.56.28:902][  0]LogLinker:Warning: Asset '../../../../../../Users/dacos/OneDrive/Documents/Unreal Projects/Game_GT/Content/Mannequin/Animations/ThirdPersonJump_Loop.uasset' has been saved with empty engine version. The asset will be loaded but may be incompatible.
[2016.02.05-16.56.28:907][  0]LogLinker:Warning: Asset '../../../../../../Users/dacos/OneDrive/Documents/Unreal Projects/Game_GT/Content/Mannequin/Animations/ThirdPersonJump_Start.uasset' has been saved with empty engine version. The asset will be loaded but may be incompatible.
[2016.02.05-16.56.28:911][  0]LogLinker:Warning: Asset '../../../../../../Users/dacos/OneDrive/Documents/Unreal Projects/Game_GT/Content/Mannequin/Animations/ThirdPerson_IdleRun_2D.uasset' has been saved with empty engine version. The asset will be loaded but may be incompatible.
[2016.02.05-16.56.28:915][  0]LogLinker:Warning: Asset '../../../../../../Users/dacos/OneDrive/Documents/Unreal Projects/Game_GT/Content/Mannequin/Animations/ThirdPersonIdle.uasset' has been saved with empty engine version. The asset will be loaded but may be incompatible.
[2016.02.05-16.56.28:922][  0]LogLinker:Warning: Asset '../../../../../../Users/dacos/OneDrive/Documents/Unreal Projects/Game_GT/Content/Mannequin/Animations/ThirdPersonRun.uasset' has been saved with empty engine version. The asset will be loaded but may be incompatible.
[2016.02.05-16.56.28:926][  0]LogLinker:Warning: Asset '../../../../../../Users/dacos/OneDrive/Documents/Unreal Projects/Game_GT/Content/Mannequin/Animations/ThirdPersonWalk.uasset' has been saved with empty engine version. The asset will be loaded but may be incompatible.
[2016.02.05-16.56.29:420][  0]LogAssetRegistry: FAssetRegistry took 0.0124 seconds to start up
[2016.02.05-16.56.29:745][  0]SourceControl: Info Source control is disabled
[2016.02.05-16.56.30:514][  0]LogObj: 31636 objects as part of root set at end of initial load.
[2016.02.05-16.56.30:514][  0]LogUObjectAllocator: 7168920 out of 0 bytes used by permanent object pool.
[2016.02.05-16.56.30:609][  0]LogEngine: Initializing Engine...
[2016.02.05-16.56.30:612][  0]LogHMD: Can't find Oculus library dev build: is proper Runtime installed? Version: 0.8.0.0
[2016.02.05-16.56.30:624][  0]LogHMD: SteamVR failed to initialize.  Err: 110
[2016.02.05-16.56.30:832][  0]LogAIModule: Creating AISystem for world NewWorld
[2016.02.05-16.56.30:857][  0]LogInit: XAudio2 using 'Headset Earphone (Logitech G933 Gaming Headset)' : 2 channels at 48 kHz using 16 bits per sample (channel mask 0x3)
[2016.02.05-16.56.30:876][  0]LogInit: FAudioDevice initialized.
[2016.02.05-16.56.30:903][  0]LogDerivedDataCache: Saved boot cache 0.03s 42MB C:/Users/dacos/AppData/Local/UnrealEngine/4.10/DerivedDataCache/Boot.ddc.
[2016.02.05-16.56.30:911][  0]LogInit: Texture streaming: Enabled
[2016.02.05-16.56.30:918][  0]LogAnalytics: Creating configured Analytics provider AnalyticsET
[2016.02.05-16.56.30:918][  0]LogAnalytics: [UEEditor.Rocket.Release] APIServer = http://et2.epicgames.com/ET2/. AppVersion = 4.10.1-2791327+++depot+UE4-Releases+4.10
[2016.02.05-16.56.30:918][  0]LogAnalytics: [UEEditor.Rocket.Release] SetUserId 7271a55c42ba7649a468ef8135f6e487|72e7fe8abf234c00b7d4ff8eb3462f9c|ed1d22c6-da52-4d8a-a8db-03a689afc6c5
[2016.02.05-16.56.30:919][  0]LogAnalytics: [UEEditor.Rocket.Release] AnalyticsET::StartSession
[2016.02.05-16.56.30:953][  0]LogInit: Transaction tracking system initialized
[2016.02.05-16.56.30:999][  0]BlueprintLog: New page: Editor Load
[2016.02.05-16.56.31:194][  0]LocalizationService: Info Localization service is disabled
[2016.02.05-16.56.31:312][  0]LogConsoleResponse:Display: 
[2016.02.05-16.56.31:573][  0]LogCook:Display: Done creating registry. It took  0.00s.
[2016.02.05-16.56.31:847][  0]LogFileCache: Scanning file cache for directory 'C:/Users/dacos/OneDrive/Documents/Unreal Projects/Game_GT/Content/' took 0.02s
[2016.02.05-16.56.31:847][  0]Cmd: MAP LOAD FILE="../../../../../../Users/dacos/OneDrive/Documents/Unreal Projects/Game_GT/Content/TopDownCPP/Maps/TopDownExampleMap.umap" TEMPLATE=0 SHOWPROGRESS=1 FEATURELEVEL=3
[2016.02.05-16.56.31:848][  0]LightingResults: New page: Lighting Build
[2016.02.05-16.56.31:855][  0]MapCheck: New page: Map Check
[2016.02.05-16.56.31:855][  0]LightingResults: New page: Lighting Build
[2016.02.05-16.56.31:871][  0]LogParticles: Destroying 0 GPU particle simulations for FXSystem 0x0000019BEDD69B20
[2016.02.05-16.56.33:299][  0]LogAIModule: Creating AISystem for world TopDownExampleMap
[2016.02.05-16.56.33:385][  0]LogEditorServer: Finished looking for orphan Actors (0.000 secs)
[2016.02.05-16.56.33:388][  0]Cmd: MAP CHECKDEP NOCLEARLOG
[2016.02.05-16.56.33:447][  0]MapCheck: Info Map check complete: 0 Error(s), 0 Warning(s), took 58.011ms to complete.
[2016.02.05-16.56.33:447][  0]LogFileHelpers: Loading map 'TopDownExampleMap' took 1.600
[2016.02.05-16.56.33:655][  0]LogCollectionManager: Loaded 0 collections in 0.002784 seconds
[2016.02.05-16.56.33:716][  0]LogFileCache: Scanning file cache for directory 'C:/Users/dacos/OneDrive/Documents/Unreal Projects/Game_GT/Saved/Collections/' took 0.01s
[2016.02.05-16.56.33:716][  0]LogFileCache: Scanning file cache for directory 'C:/Users/dacos/OneDrive/Documents/Unreal Projects/Game_GT/Content/Developers/dacos/Collections/' took 0.01s
[2016.02.05-16.56.33:716][  0]LogFileCache: Scanning file cache for directory 'C:/Users/dacos/OneDrive/Documents/Unreal Projects/Game_GT/Content/Collections/' took 0.01s
[2016.02.05-16.56.33:716][  0]LogCollectionManager: Rebuilt the GUID cache for 0 collections in 0.000006 seconds
[2016.02.05-16.56.33:734][  0]LogContentBrowser: Native class hierarchy populated in 0.0170 seconds. Added 1897 classes and 340 folders.
[2016.02.05-16.56.33:746][  0]LogContentBrowser: Native class hierarchy updated for 'WidgetCarousel' in 0.0010 seconds. Added 0 classes and 0 folders.
[2016.02.05-16.56.34:075][  0]LogContentBrowser: Native class hierarchy updated for 'AddContentDialog' in 0.0011 seconds. Added 0 classes and 0 folders.
[2016.02.05-16.56.34:086][  0]LogContentBrowser: Native class hierarchy updated for 'SceneOutliner' in 0.0011 seconds. Added 1 classes and 2 folders.
[2016.02.05-16.56.34:156][  0]LogCrashTracker: Crashtracker disabled due to settings.
[2016.02.05-16.56.34:174][  0]LogUObjectGlobals:Warning: Failed to find object 'Class None.'
[2016.02.05-16.56.34:198][  0]LogLoad: Full Startup: 16.46 seconds (BP compile: 0.46 seconds)
[2016.02.05-16.56.34:548][  0]LogOcInput: Can't find Oculus library dev build: is proper Runtime installed? Version: 0.8.0.0
[2016.02.05-16.56.34:667][  0]SourceControl: Info On branch master
[2016.02.05-16.56.34:667][  0]SourceControl: Info Your branch is up-to-date with 'origin/master'.
[2016.02.05-16.56.34:667][  0]SourceControl: Info Changes not staged for commit:
[2016.02.05-16.56.34:667][  0]SourceControl: Info   (use "git add <file>..." to update what will be committed)
[2016.02.05-16.56.34:667][  0]SourceControl: Info   (use "git checkout -- <file>..." to discard changes in working directory)
[2016.02.05-16.56.34:667][  0]SourceControl: Info 	modified:   Intermediate/CachedAssetRegistry.bin
[2016.02.05-16.56.34:667][  0]SourceControl: Info 	modified:   Intermediate/Config/CoalescedSourceConfigs/Engine.ini
[2016.02.05-16.56.34:667][  0]SourceControl: Info 	modified:   Intermediate/Config/CoalescedSourceConfigs/Game.ini
[2016.02.05-16.56.34:667][  0]SourceControl: Info 	modified:   Saved/Config/Windows/Editor.ini
[2016.02.05-16.56.34:667][  0]SourceControl: Info 	modified:   Saved/Config/Windows/EditorPerProjectUserSettings.ini
[2016.02.05-16.56.34:667][  0]SourceControl: Info 	modified:   Saved/Config/Windows/Engine.ini
[2016.02.05-16.56.34:667][  0]SourceControl: Info 	modified:   Saved/Logs/Game_GT.log
[2016.02.05-16.56.34:667][  0]SourceControl: Info Untracked files:
[2016.02.05-16.56.34:667][  0]SourceControl: Info   (use "git add <file>..." to include in what will be committed)
[2016.02.05-16.56.34:667][  0]SourceControl: Info 	Saved/Logs/Game_GT-backup-2016.02.05-11.56.19.log
[2016.02.05-16.56.34:667][  0]SourceControl: Info no changes added to commit (use "git add" and/or "git commit -a")
[2016.02.05-16.56.34:667][  0]LogContentStreaming: Texture pool size now 1000 MB
[2016.02.05-16.56.34:876][  1]LogRenderer: Reallocating scene render targets to support 1404x508 (Frame:2).
[2016.02.05-16.56.37:545][  9]LogAssetRegistry: Asset discovery search completed in 8.1362 seconds
[2016.02.05-16.56.37:552][  9]LogCollectionManager: Rebuilt the object cache for 0 collections in 0.000001 seconds (found 0 objects)
[2016.02.05-16.56.37:552][  9]LogCollectionManager: Fixed up redirectors for 0 collections in 0.000365 seconds (updated 0 objects)
[2016.02.05-16.57.33:454][259]LogRenderer: Reallocating scene render targets to support 1868x696 (Frame:84).
[2016.02.05-16.57.38:851][403]LogBlueprintUserMessages: Early PlayInEditor Detection: Level '/Game/TopDownCPP/Maps/TopDownExampleMap.TopDownExampleMap:PersistentLevel' has LevelScriptBlueprint '/Game/TopDownCPP/Maps/TopDownExampleMap.TopDownExampleMap:PersistentLevel.TopDownExampleMap' with GeneratedClass '/Game/TopDownCPP/Maps/TopDownExampleMap.TopDownExampleMap_C' with ClassGeneratedBy '/Game/TopDownCPP/Maps/TopDownExampleMap.TopDownExampleMap:PersistentLevel.TopDownExampleMap'
[2016.02.05-16.57.38:851][403]LogPlayLevel: PlayLevel: No blueprints needed recompiling
[2016.02.05-16.57.38:859][403]PIE: New page: PIE session: TopDownExampleMap (Feb 5, 2016, 6:57:38 AM)
[2016.02.05-16.57.38:859][403]LogPlayLevel: Creating play world package: /Game/TopDownCPP/Maps/UEDPIE_0_TopDownExampleMap
[2016.02.05-16.57.38:882][403]LogPlayLevel: PIE: StaticDuplicateObject took: (0.022393s)
[2016.02.05-16.57.38:883][403]LogAIModule: Creating AISystem for world TopDownExampleMap
[2016.02.05-16.57.38:883][403]LogPlayLevel: PIE: World Init took: (0.001560s)
[2016.02.05-16.57.38:884][403]LogPlayLevel: PIE: Created PIE world by copying editor world from /Game/TopDownCPP/Maps/TopDownExampleMap.TopDownExampleMap to /Game/TopDownCPP/Maps/UEDPIE_0_TopDownExampleMap.TopDownExampleMap (0.024499s)
[2016.02.05-16.57.39:003][403]LogInit: XAudio2 using 'Headset Earphone (Logitech G933 Gaming Headset)' : 2 channels at 48 kHz using 16 bits per sample (channel mask 0x3)
[2016.02.05-16.57.39:036][403]LogInit: FAudioDevice initialized.
[2016.02.05-16.57.39:120][403]LogWorld: Game class is '2DTopDown_Style_C'
[2016.02.05-16.57.39:139][403]LogWorld: Bringing World /Game/TopDownCPP/Maps/UEDPIE_0_TopDownExampleMap.TopDownExampleMap up for play (max tick rate 60) at 2016.02.05-11.57.39
[2016.02.05-16.57.39:139][403]LogActor:Warning: GameSession /Game/TopDownCPP/Maps/UEDPIE_0_TopDownExampleMap.TopDownExampleMap:PersistentLevel.GameSession_0 has natively added scene component(s), but none of them were set as the actor's RootComponent - picking one arbitrarily
[2016.02.05-16.57.39:139][403]Lo