[2016.03.01-15.57.10:967][  0]Log file open, 03/01/16 10:57:10
[2016.03.01-15.57.10:967][  0]LogInit:Display: Running engine for game: Game_GT
[2016.03.01-15.57.10:967][  0]LogPlatformFile: Not using cached read wrapper
[2016.03.01-15.57.10:967][  0]LogInit:Display: RandInit(-1936044487) SRandInit(-1936044477).
[2016.03.01-15.57.10:967][  0]LogTaskGraph: Started task graph with 4 named threads and 7 total threads.
[2016.03.01-15.57.10:967][  0]LogStats: Stats thread started at 0.579578
[2016.03.01-15.57.10:967][  0]LogInit: Version: 4.10.1-2791327+++depot+UE4-Releases+4.10
[2016.03.01-15.57.10:967][  0]LogInit: API Version: 2758231
[2016.03.01-15.57.10:967][  0]LogInit: Compiled (64-bit): Dec  4 2015 19:44:40
[2016.03.01-15.57.10:967][  0]LogInit: Compiled with Visual C++: 19.00.23026.00
[2016.03.01-15.57.10:967][  0]LogInit: Build Configuration: Development
[2016.03.01-15.57.10:967][  0]LogInit: Branch Name: ++depot+UE4-Releases+4.10
[2016.03.01-15.57.10:967][  0]LogInit: Command line:  
[2016.03.01-15.57.10:967][  0]LogInit: Base directory: C:/Program Files (x86)/Epic Games/4.10/Engine/Binaries/Win64/
[2016.03.01-15.57.10:967][  0]LogInit: Rocket: 1
[2016.03.01-15.57.11:001][  0]LogInit: Using libcurl 7.41.0
[2016.03.01-15.57.11:001][  0]LogInit:  - built for x86_64-pc-win32
[2016.03.01-15.57.11:001][  0]LogInit:  - supports SSL with WinSSL
[2016.03.01-15.57.11:001][  0]LogInit:  - other features:
[2016.03.01-15.57.11:001][  0]LogInit:      CURL_VERSION_SSL
[2016.03.01-15.57.11:001][  0]LogInit:      CURL_VERSION_IPV6
[2016.03.01-15.57.11:002][  0]LogInit:      CURL_VERSION_ASYNCHDNS
[2016.03.01-15.57.11:002][  0]LogInit:      CURL_VERSION_LARGEFILE
[2016.03.01-15.57.11:002][  0]LogInit:      CURL_VERSION_IDN
[2016.03.01-15.57.11:003][  0]LogInit:  CurlRequestOptions (configurable via config and command line):
[2016.03.01-15.57.11:003][  0]LogInit:  - bVerifyPeer = true  - Libcurl will verify peer certificate
[2016.03.01-15.57.11:003][  0]LogInit:  - bUseHttpProxy = false  - Libcurl will NOT use HTTP proxy
[2016.03.01-15.57.11:003][  0]LogInit:  - bDontReuseConnections = false  - Libcurl will reuse connections
[2016.03.01-15.57.11:003][  0]LogInit:  - CertBundlePath = nullptr  - Libcurl will use whatever was configured at build time.
[2016.03.01-15.57.11:049][  0]LogInit: Presizing for 0 objects not considered by GC, pre-allocating 0 bytes.
[2016.03.01-15.57.11:061][  0]LogInit: Object subsystem initialized
[2016.03.01-15.57.11:073][  0]LogInit: Selected Device Profile: [Windows]
[2016.03.01-15.57.11:073][  0]LogInit: Applying CVar settings loaded from the selected device profile: [Windows]
[2016.03.01-15.57.11:100][  0]LogInit: Computer: APPLEEATER-V2
[2016.03.01-15.57.11:100][  0]LogInit: User: dacos
[2016.03.01-15.57.11:100][  0]LogInit: CPU Page size=4096, Cores=4
[2016.03.01-15.57.11:100][  0]LogInit: High frequency timer resolution =2.533204 MHz
[2016.03.01-15.57.11:101][  0]LogMemory: Memory total: Physical=11.9GB (12GB approx)
[2016.03.01-15.57.11:101][  0]LogMemory: Platform Memory Stats for Windows
[2016.03.01-15.57.11:101][  0]LogMemory: Process Physical Memory: 60.20 MB used, 60.20 MB peak
[2016.03.01-15.57.11:101][  0]LogMemory: Process Virtual Memory: 57.86 MB used, 57.86 MB peak
[2016.03.01-15.57.11:101][  0]LogMemory: Physical Memory: 4603.93 MB used, 12177.01 MB total
[2016.03.01-15.57.11:101][  0]LogMemory: Virtual Memory: 383.91 MB used, 134217728.00 MB total
[2016.03.01-15.57.11:372][  0]LogTextLocalizationManager: No specific translations for ('en-US') exist, so ('en') translations will be used.
[2016.03.01-15.57.11:959][  0]LogD3D11RHI: Found D3D11 adapter 0: NVIDIA GeForce GTX 960M        (Feature Level 11_0)
[2016.03.01-15.57.11:959][  0]LogD3D11RHI: Adapter has 1995MB of dedicated video memory, 0MB of dedicated system memory, and 6088MB of shared system memory, 1 output[s]
[2016.03.01-15.57.11:964][  0]LogD3D11RHI: Found D3D11 adapter 1: Intel(R) HD Graphics 4600 (Feature Level 11_0)
[2016.03.01-15.57.11:964][  0]LogD3D11RHI: Adapter has 112MB of dedicated video memory, 0MB of dedicated system memory, and 6088MB of shared system memory, 0 output[s]
[2016.03.01-15.57.11:966][  0]LogD3D11RHI: Found D3D11 adapter 2: Microsoft Basic Render Driver (Feature Level 11_0)
[2016.03.01-15.57.11:966][  0]LogD3D11RHI: Adapter has 0MB of dedicated video memory, 0MB of dedicated system memory, and 6088MB of shared system memory, 0 output[s]
[2016.03.01-15.57.11:966][  0]LogD3D11RHI: Chosen D3D11 Adapter Id = 0
[2016.03.01-15.57.11:972][  0]LogD3D11RHI: !Direct3DDevice
[2016.03.01-15.57.11:972][  0]LogRHI: Texture pool is 1361 MB (70% of 1945 MB)
[2016.03.01-15.57.11:993][  0]LogD3D11RHI: Async texture creation enabled
[2016.03.01-15.57.12:570][  0]LogShaderCompilers: Guid format shader working directory is -26 characters bigger than the processId version (../../../../../../Users/dacos/OneDrive/Documents/Unreal Projects/Game_GT/Intermediate/Shaders/WorkingDirectory/9136/).
[2016.03.01-15.57.12:570][  0]LogShaderCompilers: Cleaned the shader compiler working directory 'C:/Users/dacos/AppData/Local/Temp/UnrealShaderWorkingDir/BF587D9F470148F114768BA57FB307B3/'.
[2016.03.01-15.57.12:570][  0]LogShaderCompilers:Display: Using Local Shader Compiler.
[2016.03.01-15.57.14:584][  0]LogTemp:Display: Loaded TP AllDesktopTargetPlatform
[2016.03.01-15.57.14:588][  0]LogTemp:Display: Loaded TP WindowsClientTargetPlatform
[2016.03.01-15.57.14:594][  0]LogTemp:Display: Loaded TP WindowsNoEditorTargetPlatform
[2016.03.01-15.57.14:600][  0]LogTemp:Display: Loaded TP WindowsServerTargetPlatform
[2016.03.01-15.57.14:604][  0]LogTemp:Display: Loaded TP WindowsTargetPlatform
[2016.03.01-15.57.14:613][  0]LogTemp:Display: Loaded TP AndroidTargetPlatform
[2016.03.01-15.57.14:616][  0]LogTemp:Display: Loaded TP Android_ASTCTargetPlatform
[2016.03.01-15.57.14:619][  0]LogTemp:Display: Loaded TP Android_ATCTargetPlatform
[2016.03.01-15.57.14:624][  0]LogTemp:Display: Loaded TP Android_DXTTargetPlatform
[2016.03.01-15.57.14:630][  0]LogTemp:Display: Loaded TP Android_ETC1TargetPlatform
[2016.03.01-15.57.14:633][  0]LogTemp:Display: Loaded TP Android_ETC2TargetPlatform
[2016.03.01-15.57.14:645][  0]LogTemp:Display: Loaded TP Android_MultiTargetPlatform
[2016.03.01-15.57.14:645][  0]LogTemp:Display: Loaded TP Android_PVRTCTargetPlatform
[2016.03.01-15.57.14:647][  0]LogTemp:Display: Loaded TP HTML5TargetPlatform
[2016.03.01-15.57.14:706][  0]LogTemp:Display: Loaded TP IOSTargetPlatform
[2016.03.01-15.57.14:711][  0]LogTemp:Display: Loaded TP LinuxNoEditorTargetPlatform
[2016.03.01-15.57.14:715][  0]LogTemp:Display: Loaded TP LinuxServerTargetPlatform
[2016.03.01-15.57.14:720][  0]LogTemp:Display: Loaded TP LinuxTargetPlatform
[2016.03.01-15.57.14:720][  0]LogTargetPlatformManager:Display: Building Assets For Windows
[2016.03.01-15.57.15:196][  0]LogDerivedDataCache:Display: Max Cache Size: 512 MB
[2016.03.01-15.57.15:438][  0]LogDerivedDataCache: Loaded boot cache 0.24s 42MB C:/Users/dacos/AppData/Local/UnrealEngine/4.10/DerivedDataCache/Boot.ddc.
[2016.03.01-15.57.15:438][  0]LogDerivedDataCache:Display: Loaded Boot cache: C:/Users/dacos/AppData/Local/UnrealEngine/4.10/DerivedDataCache/Boot.ddc
[2016.03.01-15.57.15:438][  0]LogDerivedDataCache: FDerivedDataBackendGraph:  Pak pak cache file ../../../../../../Users/dacos/OneDrive/Documents/Unreal Projects/Game_GT/DerivedDataCache/DDC.ddp not found, will not use a pak cache.
[2016.03.01-15.57.15:438][  0]LogDerivedDataCache: Unable to find inner node Pak for hierarchical cache Hierarchy.
[2016.03.01-15.57.15:439][  0]LogDerivedDataCache: FDerivedDataBackendGraph:  CompressedPak pak cache file ../../../../../../Users/dacos/OneDrive/Documents/Unreal Projects/Game_GT/DerivedDataCache/Compressed.ddp not found, will not use a pak cache.
[2016.03.01-15.57.15:439][  0]LogDerivedDataCache: Unable to find inner node CompressedPak for hierarchical cache Hierarchy.
[2016.03.01-15.57.15:509][  0]LogDerivedDataCache:Display: Pak cache opened for reading ../../../Engine/DerivedDataCache/Compressed.ddp.
[2016.03.01-15.57.15:521][  0]LogDerivedDataCache: Using Local data cache path C:/Users/dacos/AppData/Local/UnrealEngine/Common/DerivedDataCache: Writable
[2016.03.01-15.57.18:712][  0]LogInit: Selected Device Profile: [Windows]
[2016.03.01-15.57.18:722][  0]LogContentStreaming: Texture pool size is 0.000000MB
[2016.03.01-15.57.19:068][  0]LogMeshUtilities: No automatic mesh reduction module available
[2016.03.01-15.57.19:068][  0]LogMeshUtilities: No automatic mesh merging module available
[2016.03.01-15.57.19:750][  0]LogInit: WinSock: version 1.1 (2.2), MaxSocks=32767, MaxUdp=65467
[2016.03.01-15.57.22:021][  0]UdpMessaging: Initializing bridge on interface 0.0.0.0:0 to multicast group 230.0.0.1:6666.
[2016.03.01-15.57.22:098][  0]LogLinker:Warning: Asset '../../../../../../Users/dacos/OneDrive/Documents/Unreal Projects/Game_GT/Content/Mannequin/Animations/ThirdPerson_AnimBP.uasset' has been saved with empty engine version. The asset will be loaded but may be incompatible.
[2016.03.01-15.57.22:103][  0]LogLinker:Warning: Asset '../../../../../../Users/dacos/OneDrive/Documents/Unreal Projects/Game_GT/Content/Mannequin/Animations/ThirdPerson_Jump.uasset' has been saved with empty engine version. The asset will be loaded but may be incompatible.
[2016.03.01-15.57.22:114][  0]LogLinker:Warning: Asset '../../../../../../Users/dacos/OneDrive/Documents/Unreal Projects/Game_GT/Content/Mannequin/Animations/ThirdPersonJump_Loop.uasset' has been saved with empty engine version. The asset will be loaded but may be incompatible.
[2016.03.01-15.57.22:118][  0]LogLinker:Warning: Asset '../../../../../../Users/dacos/OneDrive/Documents/Unreal Projects/Game_GT/Content/Mannequin/Animations/ThirdPersonJump_Start.uasset' has been saved with empty engine version. The asset will be loaded but may be incompatible.
[2016.03.01-15.57.22:123][  0]LogLinker:Warning: Asset '../../../../../../Users/dacos/OneDrive/Documents/Unreal Projects/Game_GT/Content/Mannequin/Animations/ThirdPerson_IdleRun_2D.uasset' has been saved with empty engine version. The asset will be loaded but may be incompatible.
[2016.03.01-15.57.22:127][  0]LogLinker:Warning: Asset '../../../../../../Users/dacos/OneDrive/Documents/Unreal Projects/Game_GT/Content/Mannequin/Animations/ThirdPersonIdle.uasset' has been saved with empty engine version. The asset will be loaded but may be incompatible.
[2016.03.01-15.57.22:133][  0]LogLinker:Warning: Asset '../../../../../../Users/dacos/OneDrive/Documents/Unreal Projects/Game_GT/Content/Mannequin/Animations/ThirdPersonRun.uasset' has been saved with empty engine version. The asset will be loaded but may be incompatible.
[2016.03.01-15.57.22:137][  0]LogLinker:Warning: Asset '../../../../../../Users/dacos/OneDrive/Documents/Unreal Projects/Game_GT/Content/Mannequin/Animations/ThirdPersonWalk.uasset' has been saved with empty engine version. The asset will be loaded but may be incompatible.
[2016.03.01-15.57.22:657][  0]LogAssetRegistry: FAssetRegistry took 0.0128 seconds to start up
[2016.03.01-15.57.23:012][  0]SourceControl: Info Source control is disabled
[2016.03.01-15.57.23:934][  0]LogObj: 31636 objects as part of root set at end of initial load.
[2016.03.01-15.57.23:934][  0]LogUObjectAllocator: 7168912 out of 0 bytes used by permanent object pool.
[2016.03.01-15.57.24:043][  0]LogEngine: Initializing Engine...
[2016.03.01-15.57.24:045][  0]LogHMD: Can't find Oculus library dev build: is proper Runtime installed? Version: 0.8.0.0
[2016.03.01-15.57.24:057][  0]LogHMD: SteamVR failed to initialize.  Err: 110
[2016.03.01-15.57.24:291][  0]LogAIModule: Creating AISystem for world NewWorld
[2016.03.01-15.57.24:305][  0]LogInit: XAudio2 using 'Speakers (Realtek High Definition Audio)' : 2 channels at 48 kHz using 32 bits per sample (channel mask 0x3)
[2016.03.01-15.57.24:317][  0]LogInit: FAudioDevice initialized.
[2016.03.01-15.57.24:344][  0]LogDerivedDataCache: Saved boot cache 0.03s 42MB C:/Users/dacos/AppData/Local/UnrealEngine/4.10/DerivedDataCache/Boot.ddc.
[2016.03.01-15.57.24:349][  0]LogInit: Texture streaming: Enabled
[2016.03.01-15.57.24:355][  0]LogAnalytics: Creating configured Analytics provider AnalyticsET
[2016.03.01-15.57.24:356][  0]LogAnalytics: [UEEditor.Rocket.Release] APIServer = http://et2.epicgames.com/ET2/. AppVersion = 4.10.1-2791327+++depot+UE4-Releases+4.10
[2016.03.01-15.57.24:356][  0]LogAnalytics: [UEEditor.Rocket.Release] SetUserId 7271a55c42ba7649a468ef8135f6e487|72e7fe8abf234c00b7d4ff8eb3462f9c|ed1d22c6-da52-4d8a-a8db-03a689afc6c5
[2016.03.01-15.57.24:357][  0]LogAnalytics: [UEEditor.Rocket.Release] AnalyticsET::StartSession
[2016.03.01-15.57.24:392][  0]LogInit: Transaction tracking system initialized
[2016.03.01-15.57.24:443][  0]BlueprintLog: New page: Editor Load
[2016.03.01-15.57.24:781][  0]LocalizationService: Info Localization service is disabled
[2016.03.01-15.57.24:929][  0]LogConsoleResponse:Display: 
[2016.03.01-15.57.25:258][  0]LogCook:Display: Done creating registry. It took  0.00s.
[2016.03.01-15.57.25:575][  0]LogFileCache: Scanning file cache for directory 'C:/Users/dacos/OneDrive/Documents/Unreal Projects/Game_GT/Content/' took 0.02s
[2016.03.01-15.57.25:575][  0]Cmd: MAP LOAD FILE="../../../../../../Users/dacos/OneDrive/Documents/Unreal Projects/Game_GT/Content/TopDownCPP/Maps/TopDownExampleMap.umap" TEMPLATE=0 SHOWPROGRESS=1 FEATURELEVEL=3
[2016.03.01-15.57.25:576][  0]LightingResults: New page: Lighting Build
[2016.03.01-15.57.25:584][  0]MapCheck: New page: Map Check
[2016.03.01-15.57.25:584][  0]LightingResults: New page: Lighting Build
[2016.03.01-15.57.25:604][  0]LogParticles: Destroying 0 GPU particle simulations for FXSystem 0x00000159CC631B20
[2016.03.01-15.57.28:043][  0]LogAIModule: Creating AISystem for world TopDownExampleMap
[2016.03.01-15.57.28:164][  0]LogEditorServer: Finished looking for orphan Actors (0.000 secs)
[2016.03.01-15.57.28:170][  0]Cmd: MAP CHECKDEP NOCLEARLOG
[2016.03.01-15.57.28:259][  0]MapCheck: Info Map check complete: 0 Error(s), 0 Warning(s), took 88.79ms to complete.
[2016.03.01-15.57.28:259][  0]LogFileHelpers: Loading map 'TopDownExampleMap' took 2.684
[2016.03.01-15.57.28:503][  0]LogCollectionManager: Loaded 0 collections in 0.008281 seconds
[2016.03.01-15.57.28:602][  0]LogFileCache: Scanning file cache for directory 'C:/Users/dacos/OneDrive/Documents/Unreal Projects/Game_GT/Saved/Collections/' took 0.01s
[2016.03.01-15.57.28:602][  0]LogFileCache: Scanning file cache for directory 'C:/Users/dacos/OneDrive/Documents/Unreal Projects/Game_GT/Content/Developers/dacos/Collections/' took 0.01s
[2016.03.01-15.57.28:602][  0]LogFileCache: Scanning file cache for directory 'C:/Users/dacos/OneDrive/Documents/Unreal Projects/Game_GT/Content/Collections/' took 0.01s
[2016.03.01-15.57.28:602][  0]LogCollectionManager: Rebuilt the GUID cache for 0 collections in 0.000005 seconds
[2016.03.01-15.57.28:617][  0]LogContentBrowser: Native class hierarchy populated in 0.0142 seconds. Added 1897 classes and 340 folders.
[2016.03.01-15.57.28:631][  0]LogContentBrowser: Native class hierarchy updated for 'WidgetCarousel' in 0.0010 seconds. Added 0 classes and 0 folders.
[2016.03.01-15.57.28:964][  0]LogContentBrowser: Native class hierarchy updated for 'AddContentDialog' in 0.0011 seconds. Added 0 classes and 0 folders.
[2016.03.01-15.57.28:976][  0]LogContentBrowser: Native class hierarchy updated for 'SceneOutliner' in 0.0014 seconds. Added 1 classes and 2 folders.
[2016.03.01-15.57.29:046][  0]LogCrashTracker: Crashtracker disabled due to settings.
[2016.03.01-15.57.29:065][  0]LogUObjectGlobals:Warning: Failed to find object 'Class None.'
[2016.03.01-15.57.29:090][  0]LogLoad: Full Startup: 20.86 seconds (BP compile: 0.72 seconds)
[2016.03.01-15.57.29:432][  0]LogOcInput: Can't find Oculus library dev build: is proper Runtime installed? Version: 0.8.0.0
[2016.03.01-15.57.29:589][  0]SourceControl: Info On branch master
[2016.03.01-15.57.29:589][  0]SourceControl: Info Your branch is up-to-date with 'origin/master'.
[2016.03.01-15.57.29:589][  0]SourceControl: Info Changes not staged for commit:
[2016.03.01-15.57.29:589][  0]SourceControl: Info   (use "git add/rm <file>..." to update what will be committed)
[2016.03.01-15.57.29:589][  0]SourceControl: Info   (use "git checkout -- <file>..." to discard changes in working directory)
[2016.03.01-15.57.29:589][  0]SourceControl: Info 	modified:   Intermediate/CachedAssetRegistry.bin
[2016.03.01-15.57.29:589][  0]SourceControl: Info 	modified:   Saved/Config/Windows/Editor.ini
[2016.03.01-15.57.29:589][  0]SourceControl: Info 	modified:   Saved/Config/Windows/Engine.ini
[2016.03.01-15.57.29:589][  0]SourceControl: Info 	deleted:    Saved/Logs/Game_GT-backup-2016.02.23-11.14.44.log
[2016.03.01-15.57.29:589][  0]SourceControl: Info 	modified:   Saved/Logs/Game_GT.log
[2016.03.01-15.57.29:589][  0]SourceControl: Info Untracked files:
[2016.03.01-15.57.29:589][  0]SourceControl: Info   (use "git add <file>..." to include in what will be committed)
[2016.03.01-15.57.29:589][  0]SourceControl: Info 	Saved/Logs/Game_GT-backup-2016.03.01-10.57.10.log
[2016.03.01-15.57.29:589][  0]SourceControl: Info no changes added to commit (use "git add" and/or "git commit -a")
[2016.03.01-15.57.29:590][  0]LogContentStreaming: Texture pool size now 1000 MB
[2016.03.01-15.57.29:785][  0]LogRenderer: Reallocating scene render targets to support 1604x544 (Frame:2).
[2016.03.01-15.57.33:333][ 11]LogAssetRegistry: Asset discovery search completed in 10.6873 seconds
[2016.03.01-15.57.33:340][ 11]LogCollectionManager: Rebuilt the object cache for 0 collections in 0.000005 seconds (found 0 objects)
[2016.03.01-15.57.33:340][ 11]LogCollectionManager: Fixed up redirectors for 0 collections in 0.000653 seconds (updated 0 objects)
[2016.03.01-15.58.08:531][798]LogBlueprintUserMessages: Early PlayInEditor Detection: Level '/Game/TopDownCPP/Maps/TopDownExampleMap.TopDownExampleMap:PersistentLevel' has LevelScriptBlueprint '/Game/TopDownCPP/Maps/TopDownExampleMap.TopDownExampleMap:PersistentLevel.TopDownExampleMap' with GeneratedClass '/Game/TopDownCPP/Maps/TopDownExampleMap.TopDownExampleMap_C' with ClassGeneratedBy '/Game/TopDownCPP/Maps/TopDownExampleMap.TopDownExampleMap:PersistentLevel.TopDownExampleMap'
[2016.03.01-15.58.08:531][798]LogPlayLevel: PlayLevel: No blueprints needed recompiling
[2016.03.01-15.58.08:531][798]PIE: New page: PIE session: TopDownExampleMap (Mar 1, 2016, 5:58:08 AM)
[2016.03.01-15.58.08:531][798]LogPlayLevel: Creating play world package: /Game/TopDownCPP/Maps/UEDPIE_0_TopDownExampleMap
[2016.03.01-15.58.08:553][798]LogPlayLevel: PIE: StaticDuplicateObject took: (0.022042s)
[2016.03.01-15.58.08:555][798]LogAIModule: Creating AISystem for world TopDownExampleMap
[2016.03.01-15.58.08:555][798]LogPlayLevel: PIE: World Init took: (0.001621s)
[2016.03.01-15.58.08:556][798]LogPlayLevel: PIE: Created PIE world by copying editor world from /Game/TopDownCPP/Maps/TopDownExampleMap.TopDownExampleMap to /Game/TopDownCPP/Maps/UEDPIE_0_TopDownExampleMap.TopDownExampleMap (0.024278s)
[2016.03.01-15.58.08:667][798]LogInit: XAudio2 using 'Speakers (Realtek High Definition Audio)' : 2 channels at 48 kHz using 32 bits per sample (channel mask 0x3)
[2016.03.01-15.58.08:676][798]LogInit: FAudioDevice initialized.
[2016.03.01-15.58.08:738][798]LogWorld: Game class is '2DTopDown_Style_C'
[2016.03.01-15.58.08:752][798]LogWorld: Bringing World /Game/TopDownCPP/Maps/UEDPIE_0_TopDownExampleMap.TopDownExampleMap up for play (max tick rate 0) at 2016.03.01-10.58.08
[2016.03.01-15.58.08:752][798]LogActor:Warning: GameSession /Game/TopDownCPP/Maps/UEDPIE_0_TopDownExampleMap.TopDownExampleMap:PersistentLevel.GameSession_0 has natively added scene component(s), but none of them were set as the actor's RootComponent - picking one arbitrarily
[2016.03.01-15.58.08:752][798]LogActor:Warning: GameNetworkManager /Game/TopDownCPP/Maps/UEDPIE_0_TopDownExampleMap.TopDownExampleMap:PersistentLevel.GameNetworkManager_0 has natively added scene component(s), but none of them were set as the actor's RootComponent - picking one arbitrarily
[2016.03.01-15.58.08:761][798]LogWorld: Bringing up level for play took: 0.022476
[2016.03.01-15.58.08:768][798]PIE: Info Play in editor start time for /Game/TopDownCPP/Maps/UEDPIE_0_TopDownExampleMap 0.479
[2016.03.01-15.58.08:768][798]LogBlueprintUserMessages: Late PlayInEditor Detection: Level '/Game/TopDownCPP/Maps/TopDownExampleMap.TopDownExampleMap:PersistentLevel' has LevelScriptBlueprint '/Game/TopDownCPP/Maps/TopDownExampleMap.TopDownExampleMap:PersistentLevel.TopDownExampleMap' with GeneratedClass '/Game/TopDownCPP/Maps/TopDownExampleMap.TopDownExampleMap_C' with ClassGeneratedBy '/Game/TopDownCPP/Maps/TopDownExampleMap.TopDownExampleMap:PersistentLevel.TopDownExampleMap'
[2016.03.01-15.58.14:392][ 56]LogBlueprintUserMessages: Early EndPlayMap Detection: Level '/Game/TopDownCPP/Maps/TopDownExampleMap.TopDownExampleMap:PersistentLevel' has LevelScriptBlueprint '/Game/TopDownCPP/Maps/TopDownExampleMap.TopDownExampleMap:PersistentLevel.TopDownExampleMap' with GeneratedClass '/Game/TopDownCPP/Maps/TopDownExampleMap.TopDownExampleMap_C' with ClassGeneratedBy '/Game/TopDownCPP/Maps/TopDownExampleMap.TopDownExampleMap:PersistentLevel.TopDownExampleMap'
[2016.03.01-15.58.14:469][ 56]LogBlueprintUserMessages: Late EndPlayMap Detection: Level '/Game/TopDownCPP/Maps/TopDownExampleMap.TopDownExampleMap:PersistentLevel' has LevelScriptBlueprint '/Game/TopDownCPP/Maps/TopDownExampleMap.TopDownExampleMap:PersistentLevel.TopDownExampleMap' with GeneratedClass '/Game/TopDownCPP/Maps/TopDownExampleMap.TopDownExampleMap_C' with ClassGeneratedBy '/Game/TopDownCPP/Maps/TopDownExampleMap.TopDownExampleMap:PersistentLevel.TopDownExampleMap'
[2016.03.01-15.58.14:504][ 56]LogParticles: Destroying 0 GPU particle simulations for FXSystem 0x00000159E4E618A0
[2016.03.01-15.58.17:418][172]LogEditorViewport: Clicking on Actor (LMB): RoadStrait_C (RoadStrait3)
[2016.03.01-15.58.20:821][313]LogBlueprintUserMessages: Early PlayInEditor Detection: Level '/Game/TopDownCPP/Maps/TopDownExampleMap.TopDownExampleMap:PersistentLevel' has LevelScriptBlueprint '/Game/TopDownCPP/Maps/TopDownExampleMap.TopDownExampleMap:PersistentLevel.TopDownExampleMap' with GeneratedClass '/Game/TopDownCPP/Maps/TopDownExampleMap.TopDownExampleMap_C' with ClassGeneratedBy '/Game/TopDownCPP/Maps/TopDownExampleMap.TopDownExampleMap:PersistentLevel.TopDownExampleMap'
[2016.03.01-15.58.20:821][313]LogPlayLevel: PlayLevel: No blueprints needed recompiling
[2016.03.01-15.58.20:822][313]PIE: New page: PIE session: TopDownExampleMap (Mar 1, 2016, 5:58:20 AM)
[2016.03.01-15.58.20:822][313]LogPlayLevel: Creating play world package: /Game/TopDownCPP/Maps/UEDPIE_0_TopDownExampleMap
[2016.03.01-15.58.20:844][313]LogPlayLevel: PIE: StaticDuplicateObject took: (0.022342s)
[2016.03.01-15.58.20:845][313]LogAIModule: Creating AISystem for world TopDownExampleMap
[2016.03.01-15.58.20:845][313]LogPlayLevel: PIE: World Init took: (0.001359s)
[2016.03.01-15.58.20:846][313]LogPlayLevel: PIE: Created PIE world by copying editor world from /Game/TopDownCPP/Maps/TopDownExampleMap.TopDownExampleMap to /Game/TopDownCPP/Maps/UEDPIE_0_TopDownExampleMap.TopDownExampleMap (0.024150s)
[2016.03.01-15.58.20:890][313]LogInit: XAudio2 using 'Speakers (Realtek High Definition Audio)' : 2 channels at 48 kHz using 32 bits per sample (channel mask 0x3)
[2016.03.01-15.58.20:902][313]LogInit: FAudioDevice initialized.
[2016.03.01-15.58.20:950][313]LogWorld: Game class is '2DTopDown_Style_C'
[2016.03.01-15.58.20:969][313]LogWorld: Bringing World /Game/TopDownCPP/Maps/UEDPIE_0_TopDownExampleMap.TopDownExampleMap up for play (max tick rate 0) at 2016.03.01-10.58.20
[2016.03.01-15.58.20:970][313]LogActor:Warning: GameSession /Game/TopDownCPP/Maps/UEDPIE_0_TopDownExampleMap.TopDownExampleMap:PersistentLevel.GameSession_1 has natively added scene component(s), but none of them were set as the actor's RootComponent - picking one arbitrarily
[2016.03.01-15.58.20:970][313]LogActor:Warning: GameNetworkManager /Game/TopDownCPP/Maps/UEDPIE_0_TopDownExampleMap.TopDownExampleMap:PersistentLevel.GameNetworkManager_1 has natively added scene component(s), but none of them were set as the actor's RootComponent - picking one arbitrarily
[2016.03.01-15.58.20:973][313]LogWorld: Bringing up level for play took: 0.021738
[2016.03.01-15.58.20:978][313]PIE: Info Play in editor start time for /Game/TopDownCPP/Maps/UEDPIE_0_TopDownExampleMap 0.688
[2016.03.01-15.58.20:978][313]LogBlueprintUserMessages: Late PlayInEditor Detection: Level '/Game/TopDownCPP/Maps/TopDownExampleMap.TopDownExampleMap:PersistentLevel' has LevelScriptBlueprint '/Game/TopDownCPP/Maps/TopDownExampleMap.TopDownExampleMap:PersistentLevel.TopDownExampleMap' with GeneratedClass '/Game/TopDownCPP/Maps/TopDownExampleMap.TopDownExampleMap_C' with ClassGeneratedBy '/Game/TopDownCPP/Maps/TopDownExampleMap.TopDownExampleMap:PersistentLevel.TopDownExampleMap'
[2016.03.01-15.58.25:045][518]LogBlueprintUserMessages: Early EndPlayMap Detection: Level '/Game/TopDownCPP/Maps/TopDownExampleMap.TopDownExampleMap:PersistentLevel' has LevelScriptBlueprint '/Game/TopDownCPP/Maps/TopDownExampleMap.TopDownExampleMap:PersistentLevel.TopDownExampleMap' with GeneratedClass '/Game/TopDownCPP/Maps/TopDownExampleMap.TopDownExampleMap_C' with ClassGeneratedBy '/Game/TopDownCPP/Maps/TopDownExampleMap.TopDownExampleMap:PersistentLevel.TopDownExampleMap'
[2016.03.01-15.58.25:103][518]LogBlueprintUserMessages: Late EndPlayMap Detection: Level '/Game/TopDownCPP/Maps/TopDownExampleMap.TopDownExampleMap:PersistentLevel' has LevelScriptBlueprint '/Game/TopDownCPP/Maps/TopDownExampleMap.TopDownExampleMap:PersistentLevel.TopDownExampleMap' with GeneratedClass '/Game/TopDownCPP/Maps/TopDownExampleMap.TopDownExampleMap_C' with ClassGeneratedBy '/Game/TopDownCPP/Maps/TopDownExampleMap.TopDownExampleMap:PersistentLevel.TopDownExampleMap'
[2016.03.01-15.58.25:138][518]LogParticles: Destroying 0 GPU particle simulations for FXSystem 0x00000159BF98A7A0
[2016.03.01-15.58.28:932][678]LogBlueprintUserMessages: Early PlayInEditor Detection: Level '/Game/TopDownCPP/Maps/TopDownExampleMap.TopDownExampleMap:PersistentLevel' has LevelScriptBlueprint '/Game/TopDownCPP/Maps/TopDownExampleMap.TopDownExampleMap:PersistentLevel.TopDownExampleMap' with GeneratedClass '/Game/TopDownCPP/Maps/TopDownExampleMap.TopDownExampleMap_C' with ClassGeneratedBy '/Game/TopDownCPP/Maps/TopDownExampleMap.TopDownExampleMap:PersistentLevel.TopDownExampleMap'
[2016.03.01-15.58.28:932][678]LogPlayLevel: PlayLevel: No blueprints needed recompiling
[2016.03.01-15.58.28:932][678]PIE: New page: PIE session: TopDownExampleMap (Mar 1, 2016, 5:58:28 AM)
[2016.03.01-15.58.28:933][678]LogPlayLevel: Creating play world package: /Game/TopDownCPP/Maps/UEDPIE_0_TopDownExampleMap
[2016.03.01-15.58.28:958][678]LogPlayLevel: PIE: StaticDuplicateObject took: (0.025264s)
[2016.03.01-15.58.28:960][678]LogAIModule: Creating AISystem for world TopDownExampleMap
[2016.03.01-15.58.28:960][678]LogPlayLevel: PIE: World Init took: (0.002317s)
[2016.03.01-15.58.28:961][678]LogPlayLevel: PIE: Created PIE world by copying editor world from /Game/TopDownCPP/Maps/TopDownExampleMap.TopDownExampleMap to /Game/TopDownCPP/Maps/UEDPIE_0_TopDownExampleMap.TopDownExampleMap (0.028242s)
[2016.03.01-15.58.29:013][678]LogInit: XAudio2 using 'Speakers (Realtek High Definition Audio)' : 2 channels at 48 kHz using 32 bits per sample (channel mask 0x3)
[2016.03.01-15.58.29:027][678]LogInit: FAudioDevice initialized.
[2016.03.01-15.58.29:079][678]LogWorld: Game class is '2DTopDown_Style_C'
[2016.03.01-15.58.29:105][678]LogWorld: Bringing World /Game/TopDownCPP/Maps/UEDPIE_0_TopDownExampleMap.TopDownExampleMap up for play (max tick rate 0) at 2016.03.01-10.58.29
[2016.03.01-15.58.29:105][678]LogActor:Warning: GameSession /Game/TopDownCPP/Maps/UEDPIE_0_TopDownExampleMap.TopDownExampleMap:PersistentLevel.GameSession_2 has natively added scene component(s), but none of them were set as the actor's RootComponent - picking one arbitrarily
[2016.03.01-15.58.29:106][678]LogActor:Warning: GameNetworkManager /Game/TopDownCPP/Maps/UEDPIE_0_TopDownExampleMap.TopDownExampleMap:PersistentLevel.GameNetworkManager_2 has natively added scene component(s), but none of them were set as the actor's RootComponent - picking one arbitrarily
[2016.03.01-15.58.29:114][678]LogWorld: Bringing up level for play took: 0.033992
[2016.03.01-15.58.29:122][678]PIE: Info Play in editor start time for /Game/TopDownCPP/Maps/UEDPIE_0_TopDownExampleMap 0.833
[2016.03.01-15.58.29:123][678]LogBlueprintUserMessages: Late PlayInEditor Detection: Level '/Game/TopDownCPP/Maps/TopDownExampleMap.TopDownExampleMap:PersistentLevel' has LevelScriptBlueprint '/Game/TopDownCPP/Maps/TopDownExampleMap.TopDownExampleMap:PersistentLevel.TopDownExampleMap' with GeneratedClass '/Game/TopDownCPP/Maps/TopDownExampleMap.TopDownExampleMap_C' with ClassGeneratedBy '/Game/TopDownCPP/Maps/TopDownExampleMap.TopDownExampleMap:PersistentLevel.TopDownExampleMap'
[2016.03.01-15.58.38:084][122]LogBlueprintUserMessages: Early EndPlayMap Detection: Level '/Game/TopDownCPP/Maps/TopDownExampleMap.TopDownExampleMap:PersistentLevel' has LevelScriptBlueprint '/Game/TopDownCPP/Maps/TopDownExampleMap.TopDownExampleMap:PersistentLevel.TopDownExampleMap' with GeneratedClass '/Game/TopDownCPP/Maps/TopDownExampleMap.TopDownExampleMap_C' with ClassGeneratedBy '/Game/TopDownCPP/Maps/TopDownExampleMap.TopDownExampleMap:PersistentLevel.TopDownExampleMap'
[2016.03.01-15.58.38:145][122]LogBlueprintUserMessages: Late EndPlayMap Detection: Level '/Game/TopDownCPP/Maps/TopDownExampleMap.TopDownExampleMap:PersistentLevel' has LevelScriptBlueprint '/Game/TopDownCPP/Maps/TopDownExampleMap.TopDownExampleMap:PersistentLevel.TopDownExampleMap' with GeneratedClass '/Game/TopDownCPP/Maps/TopDownExampleMap.TopDownExampleMap_C' with ClassGeneratedBy '/Game/TopDownCPP/Maps/TopDownExampleMap.TopDownExampleMap:PersistentLevel.TopDownExampleMap'
[2016.03.01-15.58.38:175][122]LogParticles: Destroying 0 GPU particle simulations for FXSystem 0x00000159E53F0400
[2016.03.01-15.58.41:103][250]LogEditorViewport: Clicking on Actor (LMB): bussNew_C (bussNew)
[2016.03.01-15.58.44:861][436]LogBlueprintUserMessages: Early PlayInEditor Detection: Level '/Game/TopDownCPP/Maps/TopDownExampleMap.TopDownExampleMap:PersistentLevel' has LevelScriptBlueprint '/Game/TopDownCPP/Maps/TopDownExampleMap.TopDownExampleMap:PersistentLevel.TopDownExampleMap' with GeneratedClass '/Game/TopDownCPP/Maps/TopDownExampleMap.TopDownExampleMap_C' with ClassGeneratedBy '/Game/TopDownCPP/Maps/TopDownExampleMap.TopDownExampleMap:PersistentLevel.TopDownExampleMap'
[2016.03.01-15.58.44:862][436]LogPlayLevel: PlayLevel: No blueprints needed recompiling
[2016.03.01-15.58.44:862][436]PIE: New page: PIE session: TopDownExampleMap (Mar 1, 2016, 5:58:44 AM)
[2016.03.01-15.58.44:862][436]LogPlayLevel: Creating play world package: /Game/TopDownCPP/Maps/UEDPIE_0_TopDownExampleMap
[2016.03.01-15.58.44:884][436]LogPlayLevel: PIE: StaticDuplicateObject took: (0.022596s)
[2016.03.01-15.58.44:885][436]LogAIModule: Creating AISystem for world TopDownExampleMap
[2016.03.01-15.58.44:886][436]LogPlayLevel: PIE: World Init took: (0.001251s)
[2016.03.01-15.58.44:886][436]LogPlayLevel: PIE: Created PIE world by copying editor world from /Game/TopDownCPP/Maps/TopDownExampleMap.TopDownExampleMap to /Game/TopDownCPP/Maps/UEDPIE_0_TopDownExampleMap.TopDownExampleMap (0.024216s)
[2016.03.01-15.58.44:929][436]LogInit: XAudio2 using 'Speakers (Realtek High Definition Audio)' : 2 channels at 48 kHz using 32 bits per sample (channel mask 0x3)
[2016.03.01-15.58.44:939][436]LogInit: FAudioDevice initialized.
[2016.03.01-15.58.44:987][436]LogWorld: Game class is '2DTopDown_Style_C'
[2016.03.01-15.58.45:005][436]LogWorld: Bringing World /Game/TopDownCPP/Maps/UEDPIE_0_TopDownExampleMap.TopDownExampleMap up for play (max tick rate 0) at 2016.03.01-10.58.45
[2016.03.01-15.58.45:005][436]LogActor:Warning: GameSession /Game/TopDownCPP/Maps/UEDPIE_0_TopDownExampleMap.TopDownExampleMap:PersistentLevel.GameSession_3 has natively added scene component(s), but none of them were set as the actor's RootComponent - picking one arbitrarily
[2016.03.01-15.58.45:005][436]LogActor:Warning: GameNetworkManager /Game/TopDownCPP/Maps/UEDPIE_0_TopDownExampleMap.TopDownExampleMap:PersistentLevel.GameNetworkManager_3 has natively added scene component(s), but none of them were set as the actor's RootComponent - picking one arbitrarily
[2016.03.01-15.58.45:009][436]LogWorld: Bringing up level for play took: 0.020763
[2016.03.01-15.58.45:014][436]PIE: Info Play in editor start time for /Game/TopDownCPP/Maps/UEDPIE_0_TopDownExampleMap 0.725
[2016.03.01-15.58.45:014][436]LogBlueprintUserMessages: Late PlayInEditor Detection: Level '/Game/TopDownCPP/Maps/TopDownExampleMap.TopDownExampleMap:PersistentLevel' has LevelScriptBlueprint '/Game/TopDownCPP/Maps/TopDownExampleMap.TopDownExampleMap:PersistentLevel.TopDownExampleMap' with GeneratedClass '/Game/TopDownCPP/Maps/TopDownExampleMap.TopDownExampleMap_C' with ClassGeneratedBy '/Game/TopDownCPP/Maps/TopDownExampleMap.TopDownExampleMap:PersistentLevel.TopDownExampleMap'
[2016.03.01-15.58.47:623][596]LogBlueprintUserMessages: Early EndPlayMap Detection: Level '/Game/TopDownCPP/Maps/TopDownExampleMap.TopDownExampleMap:PersistentLevel' has LevelScriptBlueprint '/Game/TopDownCPP/Maps/TopDownExampleMap.TopDownExampleMap:PersistentLevel.TopDownExampleMap' with GeneratedClass '/Game/TopDownCPP/Maps/TopDownExampleMap.TopDownExampleMap_C' with ClassGeneratedBy '/Game/TopDownCPP/Maps/TopDownExampleMap.TopDownExampleMap:PersistentLevel.TopDownExampleMap'
[2016.03.01-15.58.47:715][596]LogBlueprintUserMessages: Late EndPlayMap Detection: Level '/Game/TopDownCPP/Maps/TopDownExampleMap.TopDownExampleMap:PersistentLevel' has LevelScriptBlueprint '/Game/TopDownCPP/Maps/TopDownExampleMap.TopDownExampleMap:PersistentLevel.TopDownExampleMap' with GeneratedClass '/Game/TopDownCPP/Maps/TopDownExampleMap.TopDownExampleMap_C' with ClassGeneratedBy '/Game/TopDownCPP/Maps/TopDownExampleMap.TopDownExampleMap:PersistentLevel.TopDownExampleMap'
[2016.03.01-15.58.47:746][596]LogParticles: Destroying 0 GPU particle simulations for FXSystem 0x00000159BDA0FD80
[2016.03.01-15.58.49:332][695]LogEditorViewport: Clicking on Actor (LMB): BP_Sky_Sphere_C (BP_Sky_Sphere)
[2016.03.01-15.58.49:779][716]LogBlueprintUserMessages: Early PlayInEditor Detection: Level '/Game/TopDownCPP/Maps/TopDownExampleMap.TopDownExampleMap:PersistentLevel' has LevelScriptBlueprint '/Game/TopDownCPP/Maps/TopDownExampleMap.TopDownExampleMap:PersistentLevel.TopDownExampleMap' with GeneratedClass '/Game/TopDownCPP/Maps/TopDownExampleMap.TopDownExampleMap_C' with ClassGeneratedBy '/Game/TopDownCPP/Maps/TopDownExampleMap.TopDownExampleMap:PersistentLevel.TopDownExampleMap'
[2016.03.01-15.58.49:779][716]LogPlayLevel: PlayLevel: No blueprints needed recompiling
[2016.03.01-15.58.49:779][716]PIE: New page: PIE session: TopDownExampleMap (Mar 1, 2016, 5:58:49 AM)
[2016.03.01-15.58.49:779][716]LogPlayLevel: Creating play world package: /Game/TopDownCPP/Maps/UEDPIE_0_TopDownExampleMap
[2016.03.01-15.58.49:793][716]LogPlayLevel: PIE: StaticDuplicateObject took: (0.013702s)
[2016.03.01-15.58.49:794][716]LogAIModule: Creating AISystem for world TopDownExampleMap
[2016.03.01-15.58.49:794][716]LogPlayLevel: PIE: World Init took: (0.000997s)
[2016.03.01-15.58.49:794][716]LogPlayLevel: PIE: Created PIE world by copying editor world from /Game/TopDownCPP/Maps/TopDownExampleMap.TopDownExampleMap to /Game/TopDownCPP/Maps/UEDPIE_0_TopDownExampleMap.TopDownExampleMap (0.014990s)
[2016.03.01-15.58.49:828][716]LogInit: XAudio2 using 'Speakers (Realtek High Definition Audio)' : 2 channels at 48 kHz using 32 bits per sample (channel mask 0x3)
[2016.03.01-15.58.49:834][716]LogInit: FAudioDevice initialized.
[2016.03.01-15.58.49:869][716]LogWorld: Game class is '2DTopDown_Style_C'
[2016.03.01-15.58.49:885][716]LogWorld: Bringing World /Game/TopDownCPP/Maps/UEDPIE_0_TopDownExampleMap.TopDownExampleMap up for play (max tick rate 0) at 2016.03.01-10.58.49
[2016.03.01-15.58.49:885][716]LogActor:Warning: GameSession /Game/TopDownCPP/Maps/UEDPIE_0_TopDownExampleMap.TopDownExampleMap:PersistentLevel.GameSession_4 has natively added scene component(s), but none of them were set as the actor's RootComponent - picking one arbitrarily
[2016.03.01-15.58.49:885][716]LogActor:Warning: GameNetworkManager /Game/TopDownCPP/Maps/UEDPIE_0_TopDownExampleMap.TopDownExampleMap:PersistentLevel.GameNetworkManager_4 has natively added scene component(s), but none of them were set as the actor's RootComponent - picking one arbitrarily
[2016.03.01-15.58.49:890][716]LogWorld: Bringing up level for play took: 0.019570
[2016.03.01-15.58.49:896][716]PIE: Info Play in editor start time for /Game/TopDownCPP/Maps/UEDPIE_0_TopDownExampleMap -0.393
[2016.03.01-15.58.49:896][716]LogBlueprintUserMessages: Late PlayInEditor Detection: Level '/Game/TopDownCPP/Maps/TopDownExampleMap.TopDownExampleMap:PersistentLevel' has LevelScriptBlueprint '/Game/TopDownCPP/Maps/TopDownExampleMap.TopDownExampleMap:PersistentLevel.TopDownExampleMap' with GeneratedClass '/Game/TopDownCPP/Maps/TopDownExampleMap.TopDownExampleMap_C' with ClassGeneratedBy '/Game/TopDownCPP/Maps/TopDownExampleMap.TopDownExampleMap:PersistentLevel.TopDownExampleMap'
[2016.03.01-15.58.50:282][734]LogBlueprintUserMessages: Early EndPlayMap Detection: Level '/Game/TopDownCPP/Maps/TopDownExampleMap.TopDownExampleMap:PersistentLevel' has LevelScriptBlueprint '/Game/TopDownCPP/Maps/TopDownExampleMap.TopDownExampleMap:PersistentLevel.TopDownExampleMap' with GeneratedClass '/Game/TopDownCPP/Maps/TopDownExampleMap.TopDownExampleMap_C' with ClassGeneratedBy '/Game/TopDownCPP/Maps/TopDownExampleMap.TopDownExampleMap:PersistentLevel.TopDownExampleMap'
[2016.03.01-15.58.50:339][734]LogBlueprintUserMessages: Late EndPlayMap Detection: Level '/Game/TopDownCPP/Maps/TopDownExampleMap.TopDownExampleMap:PersistentLevel' has LevelScriptBlueprint '/Game/TopDownCPP/Maps/TopDownExampleMap.TopDownExampleMap:PersistentLevel.TopDownExampleMap' with GeneratedClass '/Game/TopDownCPP/Maps/TopDownExampleMap.TopDownExampleMap_C' with ClassGeneratedBy '/Game/TopDownCPP/Maps/TopDownExampleMap.TopDownExampleMap:PersistentLevel.TopDownExampleMap'
[2016.03.01-15.58.50:400][735]LogParticles: Destroying 0 GPU particle simulations for FXSystem 0x00000159C26A2B60
[2016.03.01-15.58.59:770][135]LogEditorViewport: Clicking on Actor (LMB): PlayerStart (NetworkPlayerStart)
[2016.03.01-15.59.04:053][308]LogNavigationPoint: PostEditMove Clear paths rebuilt
[2016.03.01-15.59.05:293][359]LogNavigationPoint: PostEditMove Clear paths rebuilt
[2016.03.01-15.59.06:247][393]LogBlueprintUserMessages: Early PlayInEditor Detection: Level '/Game/TopDownCPP/Maps/TopDownExampleMap.TopDownExampleMap:PersistentLevel' has LevelScriptBlueprint '/Game/TopDownCPP/Maps/TopDownExampleMap.TopDownExampleMap:PersistentLevel.TopDownExampleMap' with GeneratedClass '/Game/TopDownCPP/Maps/TopDownExampleMap.TopDownExampleMap_C' with ClassGeneratedBy '/Game/TopDownCPP/Maps/TopDownExampleMap.TopDownExampleMap:PersistentLevel.TopDownExampleMap'
[2016.03.01-15.59.06:248][393]LogPlayLevel: PlayLevel: No blueprints needed recompiling
[2016.03.01-15.59.06:248][393]PIE: New page: PIE session: TopDownExampleMap (Mar 1, 2016, 5:59:06 AM)
[2016.03.01-15.59.06:248][393]LogPlayLevel: Creating play world package: /Game/TopDownCPP/Maps/UEDPIE_0_TopDownExampleMap
[2016.03.01-15.59.06:257][393]LogPlayLevel: PIE: StaticDuplicateObject took: (0.009415s)
[2016.03.01-15.59.06:258][393]LogAIModule: Creating AISystem for world TopDownExampleMap
[2016.03.01-15.59.06:258][393]LogPlayLevel: PIE: World Init took: (0.000763s)
[2016.03.01-15.59.06:258][393]LogPlayLevel: PIE: Created PIE world by copying editor world from /Game/TopDownCPP/Maps/TopDownExampleMap.TopDownExampleMap to /Game/TopDownCPP/Maps/UEDPIE_0_TopDownExampleMap.TopDownExampleMap (0.010431s)
[2016.03.01-15.59.06:284][393]LogInit: XAudio2 using 'Speakers (Realtek High Definition Audio)' : 2 channels at 48 kHz using 32 bits per sample (channel mask 0x3)
[2016.03.01-15.59.06:291][393]LogInit: FAudioDevice initialized.
[2016.03.01-15.59.06:331][393]LogWorld: Game class is '2DTopDown_Style_C'
[2016.03.01-15.59.06:345][393]LogWorld: Bringing World /Game/TopDownCPP/Maps/UEDPIE_0_TopDownExampleMap.TopDownExampleMap up for play (max tick rate 0) at 2016.03.01-10.59.06
[2016.03.01-15.59.06:346][393]LogActor:Warning: GameSession /Game/TopDownCPP/Maps/UEDPIE_0_TopDownExampleMap.TopDownExampleMap:PersistentLevel.GameSession_5 has natively added scene component(s), but none of them were set as the actor's RootComponent - picking one arbitrarily
[2016.03.01-15.59.06:346][393]LogActor:Warning: GameNetworkManager /Game/TopDownCPP/Maps/UEDPIE_0_TopDownExampleMap.TopDownExampleMap:PersistentLevel.GameNetworkManager_5 has natively added scene component(s), but none of them were set as the actor's RootComponent - picking one arbitrarily
[2016.03.01-15.59.06:350][393]LogWorld: Bringing up level for play took: 0.017774
[2016.03.01-15.59.06:354][393]PIE: Info Play in editor start time for /Game/TopDownCPP/Maps/UEDPIE_0_TopDownExampleMap 0.064
[2016.03.01-15.59.06:354][393]LogBlueprintUserMessages: Late PlayInEditor Detection: Level '/Game/TopDownCPP/Maps/TopDownExampleMap.TopDownExampleMap:PersistentLevel' has LevelScriptBlueprint '/Game/TopDownCPP/Maps/TopDownExampleMap.TopDownExampleMap:PersistentLevel.TopDownExampleMap' with GeneratedClass '/Game/TopDownCPP/Maps/TopDownExampleMap.TopDownExampleMap_C' with ClassGeneratedBy '/Game/TopDownCPP/Maps/TopDownExampleMap.TopDownExampleMap:PersistentLevel.TopDownExampleMap'
[2016.03.01-15.59.09:786][530]LogD3D11RHI:Error: Direct3DDevice->CreateBuffer(&Desc, NULL, UniformBufferResource.GetInitReference()) failed 
 at D:\BuildFarm\buildmachine_++depot+UE4-Releases+4.10\Engine\Source\Runtime\Windows\D3D11RHI\Private\D3D11UniformBuffer.cpp:159 
 with error DXGI_ERROR_DEVICE_REMOVED
[2016.03.01-15.59.14:245][530]LogWindows: FPlatformMisc::RequestExit(1)
[2016.03.01-15.59.14:245][530]Log file closed, 03/01/16 10:59:14
