[2016.04.28-15.05.13:442][  0]Log file open, 04/28/16 11:05:13
[2016.04.28-15.05.13:442][  0]LogInit:Display: Running engine for game: Game_GT
[2016.04.28-15.05.13:442][  0]LogPlatformFile: Not using cached read wrapper
[2016.04.28-15.05.13:442][  0]LogInit:Display: RandInit(-1798253642) SRandInit(-1798253639).
[2016.04.28-15.05.13:442][  0]LogTaskGraph: Started task graph with 4 named threads and 7 total threads.
[2016.04.28-15.05.13:442][  0]LogStats: Stats thread started at 0.526960
[2016.04.28-15.05.13:442][  0]LogInit: Version: 4.10.1-2791327+++depot+UE4-Releases+4.10
[2016.04.28-15.05.13:442][  0]LogInit: API Version: 2758231
[2016.04.28-15.05.13:442][  0]LogInit: Compiled (64-bit): Dec  4 2015 19:44:40
[2016.04.28-15.05.13:442][  0]LogInit: Compiled with Visual C++: 19.00.23026.00
[2016.04.28-15.05.13:442][  0]LogInit: Build Configuration: Development
[2016.04.28-15.05.13:442][  0]LogInit: Branch Name: ++depot+UE4-Releases+4.10
[2016.04.28-15.05.13:442][  0]LogInit: Command line:  
[2016.04.28-15.05.13:442][  0]LogInit: Base directory: C:/Program Files (x86)/Epic Games/4.10/Engine/Binaries/Win64/
[2016.04.28-15.05.13:442][  0]LogInit: Rocket: 1
[2016.04.28-15.05.13:469][  0]LogInit: Using libcurl 7.41.0
[2016.04.28-15.05.13:469][  0]LogInit:  - built for x86_64-pc-win32
[2016.04.28-15.05.13:469][  0]LogInit:  - supports SSL with WinSSL
[2016.04.28-15.05.13:469][  0]LogInit:  - other features:
[2016.04.28-15.05.13:469][  0]LogInit:      CURL_VERSION_SSL
[2016.04.28-15.05.13:469][  0]LogInit:      CURL_VERSION_IPV6
[2016.04.28-15.05.13:470][  0]LogInit:      CURL_VERSION_ASYNCHDNS
[2016.04.28-15.05.13:470][  0]LogInit:      CURL_VERSION_LARGEFILE
[2016.04.28-15.05.13:470][  0]LogInit:      CURL_VERSION_IDN
[2016.04.28-15.05.13:471][  0]LogInit:  CurlRequestOptions (configurable via config and command line):
[2016.04.28-15.05.13:471][  0]LogInit:  - bVerifyPeer = true  - Libcurl will verify peer certificate
[2016.04.28-15.05.13:471][  0]LogInit:  - bUseHttpProxy = false  - Libcurl will NOT use HTTP proxy
[2016.04.28-15.05.13:471][  0]LogInit:  - bDontReuseConnections = false  - Libcurl will reuse connections
[2016.04.28-15.05.13:471][  0]LogInit:  - CertBundlePath = nullptr  - Libcurl will use whatever was configured at build time.
[2016.04.28-15.05.13:511][  0]LogInit: Presizing for 0 objects not considered by GC, pre-allocating 0 bytes.
[2016.04.28-15.05.13:523][  0]LogInit: Object subsystem initialized
[2016.04.28-15.05.13:537][  0]LogInit: Selected Device Profile: [Windows]
[2016.04.28-15.05.13:537][  0]LogInit: Applying CVar settings loaded from the selected device profile: [Windows]
[2016.04.28-15.05.13:564][  0]LogInit: Computer: APPLEEATER-V2
[2016.04.28-15.05.13:564][  0]LogInit: User: dacos
[2016.04.28-15.05.13:564][  0]LogInit: CPU Page size=4096, Cores=4
[2016.04.28-15.05.13:564][  0]LogInit: High frequency timer resolution =2.533207 MHz
[2016.04.28-15.05.13:564][  0]LogMemory: Memory total: Physical=11.9GB (12GB approx)
[2016.04.28-15.05.13:564][  0]LogMemory: Platform Memory Stats for Windows
[2016.04.28-15.05.13:564][  0]LogMemory: Process Physical Memory: 59.42 MB used, 59.42 MB peak
[2016.04.28-15.05.13:564][  0]LogMemory: Process Virtual Memory: 56.88 MB used, 56.88 MB peak
[2016.04.28-15.05.13:564][  0]LogMemory: Physical Memory: 3930.37 MB used, 12177.01 MB total
[2016.04.28-15.05.13:564][  0]LogMemory: Virtual Memory: 382.09 MB used, 134217728.00 MB total
[2016.04.28-15.05.13:823][  0]LogTextLocalizationManager: No specific translations for ('en-US') exist, so ('en') translations will be used.
[2016.04.28-15.05.14:377][  0]LogD3D11RHI: Found D3D11 adapter 0: NVIDIA GeForce GTX 960M         (Feature Level 11_0)
[2016.04.28-15.05.14:377][  0]LogD3D11RHI: Adapter has 1995MB of dedicated video memory, 0MB of dedicated system memory, and 6088MB of shared system memory, 1 output[s]
[2016.04.28-15.05.14:385][  0]LogD3D11RHI: Found D3D11 adapter 1: Intel(R) HD Graphics 4600 (Feature Level 11_0)
[2016.04.28-15.05.14:385][  0]LogD3D11RHI: Adapter has 112MB of dedicated video memory, 0MB of dedicated system memory, and 6088MB of shared system memory, 0 output[s]
[2016.04.28-15.05.14:386][  0]LogD3D11RHI: Found D3D11 adapter 2: Microsoft Basic Render Driver (Feature Level 11_0)
[2016.04.28-15.05.14:386][  0]LogD3D11RHI: Adapter has 0MB of dedicated video memory, 0MB of dedicated system memory, and 6088MB of shared system memory, 0 output[s]
[2016.04.28-15.05.14:386][  0]LogD3D11RHI: Chosen D3D11 Adapter Id = 0
[2016.04.28-15.05.14:391][  0]LogD3D11RHI: !Direct3DDevice
[2016.04.28-15.05.14:391][  0]LogRHI: Texture pool is 1361 MB (70% of 1945 MB)
[2016.04.28-15.05.14:424][  0]LogD3D11RHI: Async texture creation enabled
[2016.04.28-15.05.14:937][  0]LogShaderCompilers: Guid format shader working directory is -26 characters bigger than the processId version (../../../../../../Users/dacos/OneDrive/Documents/Unreal Projects/Game_GT/Intermediate/Shaders/WorkingDirectory/2844/).
[2016.04.28-15.05.14:937][  0]LogShaderCompilers: Cleaned the shader compiler working directory 'C:/Users/dacos/AppData/Local/Temp/UnrealShaderWorkingDir/EEBBA67E4830850EDACE13AEA0C99E5C/'.
[2016.04.28-15.05.14:938][  0]LogShaderCompilers:Display: Using Local Shader Compiler.
[2016.04.28-15.05.21:305][  0]LogTemp:Display: Loaded TP AllDesktopTargetPlatform
[2016.04.28-15.05.21:314][  0]LogTemp:Display: Loaded TP WindowsClientTargetPlatform
[2016.04.28-15.05.21:320][  0]LogTemp:Display: Loaded TP WindowsNoEditorTargetPlatform
[2016.04.28-15.05.21:325][  0]LogTemp:Display: Loaded TP WindowsServerTargetPlatform
[2016.04.28-15.05.21:330][  0]LogTemp:Display: Loaded TP WindowsTargetPlatform
[2016.04.28-15.05.21:336][  0]LogTemp:Display: Loaded TP AndroidTargetPlatform
[2016.04.28-15.05.21:340][  0]LogTemp:Display: Loaded TP Android_ASTCTargetPlatform
[2016.04.28-15.05.21:343][  0]LogTemp:Display: Loaded TP Android_ATCTargetPlatform
[2016.04.28-15.05.21:347][  0]LogTemp:Display: Loaded TP Android_DXTTargetPlatform
[2016.04.28-15.05.21:351][  0]LogTemp:Display: Loaded TP Android_ETC1TargetPlatform
[2016.04.28-15.05.21:355][  0]LogTemp:Display: Loaded TP Android_ETC2TargetPlatform
[2016.04.28-15.05.21:362][  0]LogTemp:Display: Loaded TP Android_MultiTargetPlatform
[2016.04.28-15.05.21:362][  0]LogTemp:Display: Loaded TP Android_PVRTCTargetPlatform
[2016.04.28-15.05.21:363][  0]LogTemp:Display: Loaded TP HTML5TargetPlatform
[2016.04.28-15.05.21:408][  0]LogTemp:Display: Loaded TP IOSTargetPlatform
[2016.04.28-15.05.21:411][  0]LogTemp:Display: Loaded TP LinuxNoEditorTargetPlatform
[2016.04.28-15.05.21:414][  0]LogTemp:Display: Loaded TP LinuxServerTargetPlatform
[2016.04.28-15.05.21:420][  0]LogTemp:Display: Loaded TP LinuxTargetPlatform
[2016.04.28-15.05.21:420][  0]LogTargetPlatformManager:Display: Building Assets For Windows
[2016.04.28-15.05.21:726][  0]LogDerivedDataCache:Display: Max Cache Size: 512 MB
[2016.04.28-15.05.21:945][  0]LogDerivedDataCache: Loaded boot cache 0.22s 42MB C:/Users/dacos/AppData/Local/UnrealEngine/4.10/DerivedDataCache/Boot.ddc.
[2016.04.28-15.05.21:945][  0]LogDerivedDataCache:Display: Loaded Boot cache: C:/Users/dacos/AppData/Local/UnrealEngine/4.10/DerivedDataCache/Boot.ddc
[2016.04.28-15.05.21:945][  0]LogDerivedDataCache: FDerivedDataBackendGraph:  Pak pak cache file ../../../../../../Users/dacos/OneDrive/Documents/Unreal Projects/Game_GT/DerivedDataCache/DDC.ddp not found, will not use a pak cache.
[2016.04.28-15.05.21:945][  0]LogDerivedDataCache: Unable to find inner node Pak for hierarchical cache Hierarchy.
[2016.04.28-15.05.21:945][  0]LogDerivedDataCache: FDerivedDataBackendGraph:  CompressedPak pak cache file ../../../../../../Users/dacos/OneDrive/Documents/Unreal Projects/Game_GT/DerivedDataCache/Compressed.ddp not found, will not use a pak cache.
[2016.04.28-15.05.21:945][  0]LogDerivedDataCache: Unable to find inner node CompressedPak for hierarchical cache Hierarchy.
[2016.04.28-15.05.22:015][  0]LogDerivedDataCache:Display: Pak cache opened for reading ../../../Engine/DerivedDataCache/Compressed.ddp.
[2016.04.28-15.05.22:029][  0]LogDerivedDataCache: Using Local data cache path C:/Users/dacos/AppData/Local/UnrealEngine/Common/DerivedDataCache: Writable
[2016.04.28-15.05.24:611][  0]LogInit: Selected Device Profile: [Windows]
[2016.04.28-15.05.24:618][  0]LogContentStreaming: Texture pool size is 0.000000MB
[2016.04.28-15.05.24:815][  0]LogMeshUtilities: No automatic mesh reduction module available
[2016.04.28-15.05.24:815][  0]LogMeshUtilities: No automatic mesh merging module available
[2016.04.28-15.05.25:404][  0]LogInit: WinSock: version 1.1 (2.2), MaxSocks=32767, MaxUdp=65467
[2016.04.28-15.05.27:581][  0]UdpMessaging: Initializing bridge on interface 0.0.0.0:0 to multicast group 230.0.0.1:6666.
[2016.04.28-15.05.27:657][  0]LogLinker:Warning: Asset '../../../../../../Users/dacos/OneDrive/Documents/Unreal Projects/Game_GT/Content/Mannequin/Animations/ThirdPerson_AnimBP.uasset' has been saved with empty engine version. The asset will be loaded but may be incompatible.
[2016.04.28-15.05.27:663][  0]LogLinker:Warning: Asset '../../../../../../Users/dacos/OneDrive/Documents/Unreal Projects/Game_GT/Content/Mannequin/Animations/ThirdPerson_Jump.uasset' has been saved with empty engine version. The asset will be loaded but may be incompatible.
[2016.04.28-15.05.27:671][  0]LogLinker:Warning: Asset '../../../../../../Users/dacos/OneDrive/Documents/Unreal Projects/Game_GT/Content/Mannequin/Animations/ThirdPersonJump_Loop.uasset' has been saved with empty engine version. The asset will be loaded but may be incompatible.
[2016.04.28-15.05.27:675][  0]LogLinker:Warning: Asset '../../../../../../Users/dacos/OneDrive/Documents/Unreal Projects/Game_GT/Content/Mannequin/Animations/ThirdPersonJump_Start.uasset' has been saved with empty engine version. The asset will be loaded but may be incompatible.
[2016.04.28-15.05.27:680][  0]LogLinker:Warning: Asset '../../../../../../Users/dacos/OneDrive/Documents/Unreal Projects/Game_GT/Content/Mannequin/Animations/ThirdPerson_IdleRun_2D.uasset' has been saved with empty engine version. The asset will be loaded but may be incompatible.
[2016.04.28-15.05.27:683][  0]LogLinker:Warning: Asset '../../../../../../Users/dacos/OneDrive/Documents/Unreal Projects/Game_GT/Content/Mannequin/Animations/ThirdPersonIdle.uasset' has been saved with empty engine version. The asset will be loaded but may be incompatible.
[2016.04.28-15.05.27:688][  0]LogLinker:Warning: Asset '../../../../../../Users/dacos/OneDrive/Documents/Unreal Projects/Game_GT/Content/Mannequin/Animations/ThirdPersonRun.uasset' has been saved with empty engine version. The asset will be loaded but may be incompatible.
[2016.04.28-15.05.27:693][  0]LogLinker:Warning: Asset '../../../../../../Users/dacos/OneDrive/Documents/Unreal Projects/Game_GT/Content/Mannequin/Animations/ThirdPersonWalk.uasset' has been saved with empty engine version. The asset will be loaded but may be incompatible.
[2016.04.28-15.05.28:208][  0]LogAssetRegistry: FAssetRegistry took 0.0129 seconds to start up
[2016.04.28-15.05.28:558][  0]SourceControl: Info Source control is disabled
[2016.04.28-15.05.29:468][  0]LogObj: 31636 objects as part of root set at end of initial load.
[2016.04.28-15.05.29:468][  0]LogUObjectAllocator: 7168920 out of 0 bytes used by permanent object pool.
[2016.04.28-15.05.29:570][  0]LogEngine: Initializing Engine...
[2016.04.28-15.05.29:575][  0]LogHMD: Can't find Oculus library dev build: is proper Runtime installed? Version: 0.8.0.0
[2016.04.28-15.05.29:591][  0]LogHMD: SteamVR failed to initialize.  Err: 110
[2016.04.28-15.05.29:899][  0]LogAIModule: Creating AISystem for world NewWorld
[2016.04.28-15.05.29:931][  0]LogInit: XAudio2 using 'Speakers (Realtek High Definition Audio)' : 2 channels at 48 kHz using 32 bits per sample (channel mask 0x3)
[2016.04.28-15.05.29:994][  0]LogInit: FAudioDevice initialized.
[2016.04.28-15.05.30:032][  0]LogDerivedDataCache: Saved boot cache 0.04s 42MB C:/Users/dacos/AppData/Local/UnrealEngine/4.10/DerivedDataCache/Boot.ddc.
[2016.04.28-15.05.30:038][  0]LogInit: Texture streaming: Enabled
[2016.04.28-15.05.30:045][  0]LogAnalytics: Creating configured Analytics provider AnalyticsET
[2016.04.28-15.05.30:046][  0]LogAnalytics: [UEEditor.Rocket.Release] APIServer = http://et2.epicgames.com/ET2/. AppVersion = 4.10.1-2791327+++depot+UE4-Releases+4.10
[2016.04.28-15.05.30:046][  0]LogAnalytics: [UEEditor.Rocket.Release] SetUserId 7271a55c42ba7649a468ef8135f6e487|72e7fe8abf234c00b7d4ff8eb3462f9c|ed1d22c6-da52-4d8a-a8db-03a689afc6c5
[2016.04.28-15.05.30:046][  0]LogAnalytics: [UEEditor.Rocket.Release] AnalyticsET::StartSession
[2016.04.28-15.05.30:106][  0]LogInit: Transaction tracking system initialized
[2016.04.28-15.05.30:161][  0]BlueprintLog: New page: Editor Load
[2016.04.28-15.05.30:373][  0]LocalizationService: Info Localization service is disabled
[2016.04.28-15.05.30:500][  0]LogConsoleResponse:Display: 
[2016.04.28-15.05.30:662][  0]LogCook:Display: Done creating registry. It took  0.00s.
[2016.04.28-15.05.30:919][  0]LogFileCache: Scanning file cache for directory 'C:/Users/dacos/OneDrive/Documents/Unreal Projects/Game_GT/Content/' took 0.02s
[2016.04.28-15.05.30:919][  0]Cmd: MAP LOAD FILE="../../../../../../Users/dacos/OneDrive/Documents/Unreal Projects/Game_GT/Content/TopDownCPP/Maps/TopDownExampleMap.umap" TEMPLATE=0 SHOWPROGRESS=1 FEATURELEVEL=3
[2016.04.28-15.05.30:920][  0]LightingResults: New page: Lighting Build
[2016.04.28-15.05.30:929][  0]MapCheck: New page: Map Check
[2016.04.28-15.05.30:929][  0]LightingResults: New page: Lighting Build
[2016.04.28-15.05.30:952][  0]LogParticles: Destroying 0 GPU particle simulations for FXSystem 0x00000159040E1B20
[2016.04.28-15.05.31:954][  0]LogLinker:Warning: CreateExport: Failed to load Parent for Function /Game/Blueprints/NPC/RadaBancroft.RadaBancroft_C:UserConstructionScript; removing parent information, but keeping function
[2016.04.28-15.05.32:452][  0]LogLinker:Warning: CreateExport: Failed to load Parent for Function /Game/TestContent/Lili_Jarvinen.Lili_Jarvinen_C:UserConstructionScript; removing parent information, but keeping function
[2016.04.28-15.05.33:338][  0]LogTexture:Display: Building textures: BussChairBottom (BGRA8)
[2016.04.28-15.05.33:339][  0]LogTexture:Display: Building textures: BussChairBackFront (BGRA8)
[2016.04.28-15.05.33:339][  0]LogTexture:Display: Building textures: BussChairBack (BGRA8)
[2016.04.28-15.05.33:378][  0]LogTexture:Display: Building textures: BussChairLegsSide (BGRA8)
[2016.04.28-15.05.33:378][  0]LogTexture:Display: Building textures: BussChairLegsBottom (BGRA8)
[2016.04.28-15.05.33:379][  0]LogTexture:Display: Building textures: BussChairFront (BGRA8)
[2016.04.28-15.05.33:379][  0]LogTexture:Display: Building textures: BussChairSeat (BGRA8)
[2016.04.28-15.05.33:380][  0]LogTexture:Display: Building textures: BussChairLegsTop (BGRA8)
[2016.04.28-15.05.33:380][  0]LogTexture:Display: Building textures: BussChairTop (BGRA8)
[2016.04.28-15.05.33:380][  0]LogTexture:Display: Building textures: BussChairSide (BGRA8)
[2016.04.28-15.05.33:386][  0]LogTexture:Display: Building textures: BussThrusterTop (BGRA8)
[2016.04.28-15.05.33:388][  0]LogMaterial: Missing cached shader map for material BussThrusterTop_Mat, compiling. 
[2016.04.28-15.05.33:411][  0]LogTexture:Display: Building textures: BussThrusterSide (BGRA8)
[2016.04.28-15.05.33:413][  0]LogMaterial: Missing cached shader map for material BussThrusterSide_Mat, compiling. 
[2016.04.28-15.05.33:424][  0]LogTexture:Display: Building textures: BussTopTop (BGRA8)
[2016.04.28-15.05.33:426][  0]LogTexture:Display: Building textures: BussTopSideShort (BGRA8)
[2016.04.28-15.05.33:426][  0]LogTexture:Display: Building textures: BussTopSideLong (BGRA8)
[2016.04.28-15.05.33:427][  0]LogTexture:Display: Building textures: BussTopBottom (BGRA8)
[2016.04.28-15.05.33:432][  0]LogTexture:Display: Building textures: BussBase (BGRA8)
[2016.04.28-15.05.33:441][  0]LogTexture:Display: Building textures: BussBack (BGRA8)
[2016.04.28-15.05.33:518][  0]LogTexture:Display: Building textures: HQ_Lightmap0_2 (AutoDXT)
[2016.04.28-15.05.33:523][  0]LogTexture:Display: Building textures: HQ_Lightmap1_1 (AutoDXT)
[2016.04.28-15.05.33:548][  0]LogTexture:Display: Building textures: LQ_Lightmap_0_2 (DXT1)
[2016.04.28-15.05.33:553][  0]LogTexture:Display: Building textures: LQ_Lightmap_1_1 (DXT1)
[2016.04.28-15.05.33:765][  0]LogTexture:Display: Building textures: LiliJarvinen_idle2 (BGRA8)
[2016.04.28-15.05.33:766][  0]LogTexture:Display: Building textures: LiliJarvinen_idle1 (BGRA8)
[2016.04.28-15.05.33:824][  0]LogAIModule: Creating AISystem for world TopDownExampleMap
[2016.04.28-15.05.33:972][  0]LogEditorServer: Finished looking for orphan Actors (0.000 secs)
[2016.04.28-15.05.33:977][  0]Cmd: MAP CHECKDEP NOCLEARLOG
[2016.04.28-15.05.34:083][  0]MapCheck: Info Map check complete: 0 Error(s), 0 Warning(s), took 105.954ms to complete.
[2016.04.28-15.05.34:084][  0]LogFileHelpers: Loading map 'TopDownExampleMap' took 3.165
[2016.04.28-15.05.34:371][  0]LogCollectionManager: Loaded 0 collections in 0.003892 seconds
[2016.04.28-15.05.34:441][  0]LogFileCache: Scanning file cache for directory 'C:/Users/dacos/OneDrive/Documents/Unreal Projects/Game_GT/Saved/Collections/' took 0.01s
[2016.04.28-15.05.34:441][  0]LogFileCache: Scanning file cache for directory 'C:/Users/dacos/OneDrive/Documents/Unreal Projects/Game_GT/Content/Developers/dacos/Collections/' took 0.02s
[2016.04.28-15.05.34:441][  0]LogFileCache: Scanning file cache for directory 'C:/Users/dacos/OneDrive/Documents/Unreal Projects/Game_GT/Content/Collections/' took 0.01s
[2016.04.28-15.05.34:441][  0]LogCollectionManager: Rebuilt the GUID cache for 0 collections in 0.000010 seconds
[2016.04.28-15.05.34:462][  0]LogContentBrowser: Native class hierarchy populated in 0.0204 seconds. Added 1897 classes and 340 folders.
[2016.04.28-15.05.34:482][  0]LogContentBrowser: Native class hierarchy updated for 'WidgetCarousel' in 0.0030 seconds. Added 0 classes and 0 folders.
[2016.04.28-15.05.34:954][  0]LogContentBrowser: Native class hierarchy updated for 'AddContentDialog' in 0.0019 seconds. Added 0 classes and 0 folders.
[2016.04.28-15.05.34:971][  0]LogContentBrowser: Native class hierarchy updated for 'SceneOutliner' in 0.0025 seconds. Added 1 classes and 2 folders.
[2016.04.28-15.05.35:038][  0]LogCrashTracker: Crashtracker disabled due to settings.
[2016.04.28-15.05.35:060][  0]LogUObjectGlobals:Warning: Failed to find object 'Class None.'
[2016.04.28-15.05.35:086][  0]LogLoad: Full Startup: 23.83 seconds (BP compile: 0.61 seconds)
[2016.04.28-15.05.35:439][  0]LogOcInput: Can't find Oculus library dev build: is proper Runtime installed? Version: 0.8.0.0
[2016.04.28-15.05.35:648][  0]SourceControl: Info On branch master
[2016.04.28-15.05.35:648][  0]SourceControl: Info Your branch is up-to-date with 'origin/master'.
[2016.04.28-15.05.35:648][  0]SourceControl: Info Changes not staged for commit:
[2016.04.28-15.05.35:648][  0]SourceControl: Info   (use "git add <file>..." to update what will be committed)
[2016.04.28-15.05.35:648][  0]SourceControl: Info   (use "git checkout -- <file>..." to discard changes in working directory)
[2016.04.28-15.05.35:648][  0]SourceControl: Info 	modified:   Intermediate/Config/CoalescedSourceConfigs/Engine.ini
[2016.04.28-15.05.35:648][  0]SourceControl: Info 	modified:   Intermediate/Config/CoalescedSourceConfigs/Game.ini
[2016.04.28-15.05.35:648][  0]SourceControl: Info 	modified:   Saved/Config/Windows/Editor.ini
[2016.04.28-15.05.35:648][  0]SourceControl: Info 	modified:   Saved/Config/Windows/EditorPerProjectUserSettings.ini
[2016.04.28-15.05.35:648][  0]SourceControl: Info 	modified:   Saved/Config/Windows/Engine.ini
[2016.04.28-15.05.35:648][  0]SourceControl: Info 	modified:   Saved/Logs/Game_GT.log
[2016.04.28-15.05.35:648][  0]SourceControl: Info Untracked files:
[2016.04.28-15.05.35:648][  0]SourceControl: Info   (use "git add <file>..." to include in what will be committed)
[2016.04.28-15.05.35:648][  0]SourceControl: Info 	Saved/Logs/Game_GT-backup-2016.04.28-11.05.13.log
[2016.04.28-15.05.35:648][  0]SourceControl: Info no changes added to commit (use "git add" and/or "git commit -a")
[2016.04.28-15.05.35:648][  0]LogContentStreaming: Texture pool size now 1000 MB
[2016.04.28-15.05.35:847][  0]LogRenderer: Reallocating scene render targets to support 1388x588 (Frame:2).
[2016.04.28-15.05.37:353][ 16]LogAssetRegistry: Asset discovery search completed in 9.1573 seconds
[2016.04.28-15.05.37:354][ 16]LogCollectionManager: Rebuilt the object cache for 0 collections in 0.000000 seconds (found 0 objects)
[2016.04.28-15.05.37:354][ 16]LogCollectionManager: Fixed up redirectors for 0 collections in 0.000282 seconds (updated 0 objects)
[2016.04.28-15.05.49:981][901]LogRenderer: Reallocating scene render targets to support 1388x700 (Frame:441).
[2016.04.28-15.07.06:857][936]LogBlueprintUserMessages: Early PlayInEditor Detection: Level '/Game/TopDownCPP/Maps/TopDownExampleMap.TopDownExampleMap:PersistentLevel' has LevelScriptBlueprint '/Game/TopDownCPP/Maps/TopDownExampleMap.TopDownExampleMap:PersistentLevel.TopDownExampleMap' with GeneratedClass '/Game/TopDownCPP/Maps/TopDownExampleMap.TopDownExampleMap_C' with ClassGeneratedBy '/Game/TopDownCPP/Maps/TopDownExampleMap.TopDownExampleMap:PersistentLevel.TopDownExampleMap'
[2016.04.28-15.07.06:857][936]LogPlayLevel: PlayLevel: No blueprints needed recompiling
[2016.04.28-15.07.06:864][936]PIE: New page: PIE session: TopDownExampleMap (Apr 28, 2016, 7:07:06 AM)
[2016.04.28-15.07.06:864][936]LogPlayLevel: Creating play world package: /Game/TopDownCPP/Maps/UEDPIE_0_TopDownExampleMap
[2016.04.28-15.07.06:901][936]LogPlayLevel: PIE: StaticDuplicateObject took: (0.036174s)
[2016.04.28-15.07.06:902][936]LogAIModule: Creating AISystem for world TopDownExampleMap
[2016.04.28-15.07.06:902][936]LogPlayLevel: PIE: World Init took: (0.001120s)
[2016.04.28-15.07.06:902][936]LogPlayLevel: PIE: Created PIE world by copying editor world from /Game/TopDownCPP/Maps/TopDownExampleMap.TopDownExampleMap to /Game/TopDownCPP/Maps/UEDPIE_0_TopDownExampleMap.TopDownExampleMap (0.037718s)
[2016.04.28-15.07.07:012][936]LogInit: XAudio2 using 'Speakers (Realtek High Definition Audio)' : 2 channels at 48 kHz using 32 bits per sample (channel mask 0x3)
[2016.04.28-15.07.07:019][936]LogInit: FAudioDevice initialized.
[2016.04.28-15.07.07:079][936]LogWorld: Game class is '2DTopDown_Style_C'
[2016.04.28-15.07.07:093][936]LogWorld: Bringing World /Game/TopDownCPP/Maps/UEDPIE_0_TopDownExampleMap.TopDownExampleMap up for play (max tick rate 0) at 2016.04.28-11.07.07
[2016.04.28-15.07.07:093][936]LogActor:Warning: GameSession /Game/TopDownCPP/Maps/UEDPIE_0_TopDownExampleMap.TopDownExampleMap:PersistentLevel.GameSession_0 has natively added scene component(s), but none of them were set as the actor's RootComponent - picking one arbitrarily
[2016.04.28-15.07.07:094][936]LogActor:Warning: GameNetworkManager /Game/TopDownCPP/Maps/UEDPIE_0_TopDownExampleMap.TopDownExampleMap:PersistentLevel.GameNetworkManager_0 has natively added scene component(s), but none of them were set as the actor's RootComponent - picking one arbitrarily
[2016.04.28-15.07.07:100][936]LogWorld: Bringing up level for play took: 0.018205
[2016.04.28-15.07.07:104][936]PIE: Info Play in editor start time for /Game/TopDownCPP/Maps/UEDPIE_0_TopDownExampleMap 0.155
[2016.04.28-15.07.07:104][936]LogBlueprintUserMessages: Late PlayInEditor Detection: Level '/Game/TopDownCPP/Maps/TopDownExampleMap.TopDownExampleMap:PersistentLevel' has LevelScriptBlueprint '/Game/TopDownCPP/Maps/TopDownExampleMap.TopDownExampleMap:PersistentLevel.TopDownExampleMap' with GeneratedClass '/Game/TopDownCPP/Maps/TopDownExampleMap.TopDownExampleMap_C' with ClassGeneratedBy '/Game/TopDownCPP/Maps/TopDownExampleMap.TopDownExampleMap:PersistentLevel.TopDownExampleMap'
[2016.04.28-15.07.54:899][872]LogEditorViewport: Clicking on Actor (LMB): BussBody_C (BussBody)
[2016.04.28-15.07.54:899][872]LogSelection:Warning: PIE object was selected: "BussPar_C /Game/TopDownCPP/Maps/UEDPIE_0_TopDownExampleMap.TopDownExampleMap:PersistentLevel.BussPar_C_2"
[2016.04.28-15.08.32:078][207]LogBlueprintUserMessages: Early EndPlayMap Detection: Level '/Game/TopDownCPP/Maps/TopDownExampleMap.TopDownExampleMap:PersistentLevel' has LevelScriptBlueprint '/Game/TopDownCPP/Maps/TopDownExampleMap.TopDownExampleMap:PersistentLevel.TopDownExampleMap' with GeneratedClass '/Game/TopDownCPP/Maps/TopDownExampleMap.TopDownExampleMap_C' with ClassGeneratedBy '/Game/TopDownCPP/Maps/TopDownExampleMap.TopDownExampleMap:PersistentLevel.TopDownExampleMap'
[2016.04.28-15.08.32:125][207]LogBlueprintUserMessages: Late EndPlayMap Detection: Level '/Game/TopDownCPP/Maps/TopDownExampleMap.TopDownExampleMap:PersistentLevel' has LevelScriptBlueprint '/Game/TopDownCPP/Maps/TopDownExampleMap.TopDownExampleMap:PersistentLevel.TopDownExampleMap' with GeneratedClass '/Game/TopDownCPP/Maps/TopDownExampleMap.TopDownExampleMap_C' with ClassGeneratedBy '/Game/TopDownCPP/Maps/TopDownExampleMap.TopDownExampleMap:PersistentLevel.TopDownExampleMap'
[2016.04.28-15.08.32:140][207]LogParticles: Destroying 0 GPU particle simulations for FXSystem 0x000001591AD3ACA0
[2016.04.28-15.08.35:763][402]LogBlueprintUserMessages: Early PlayInEditor Detection: Level '/Game/TopDownCPP/Maps/TopDownExampleMap.TopDownExampleMap:PersistentLevel' has LevelScriptBlueprint '/Game/TopDownCPP/Maps/TopDownExampleMap.TopDownExampleMap:PersistentLevel.TopDownExampleMap' with GeneratedClass '/Game/TopDownCPP/Maps/TopDownExampleMap.TopDownExampleMap_C' with ClassGeneratedBy '/Game/TopDownCPP/Maps/TopDownExampleMap.TopDownExampleMap:PersistentLevel.TopDownExampleMap'
[2016.04.28-15.08.35:764][402]LogPlayLevel: PlayLevel: No blueprints needed recompiling
[2016.04.28-15.08.35:764][402]PIE: New page: PIE session: TopDownExampleMap (Apr 28, 2016, 7:08:35 AM)
[2016.04.28-15.08.35:764][402]LogPlayLevel: Creating play world package: /Game/TopDownCPP/Maps/UEDPIE_0_TopDownExampleMap
[2016.04.28-15.08.35:784][402]LogPlayLevel: PIE: StaticDuplicateObject took: (0.019900s)
[2016.04.28-15.08.35:784][402]LogAIModule: Creating AISystem for world TopDownExampleMap
[2016.04.28-15.08.35:784][402]LogPlayLevel: PIE: World Init took: (0.000647s)
[2016.04.28-15.08.35:784][402]LogPlayLevel: PIE: Created PIE world by copying editor world from /Game/TopDownCPP/Maps/TopDownExampleMap.TopDownExampleMap to /Game/TopDownCPP/Maps/UEDPIE_0_TopDownExampleMap.TopDownExampleMap (0.020751s)
[2016.04.28-15.08.35:802][402]LogInit: XAudio2 using 'Speakers (Realtek High Definition Audio)' : 2 channels at 48 kHz using 32 bits per sample (channel mask 0x3)
[2016.04.28-15.08.35:809][402]LogInit: FAudioDevice initialized.
[2016.04.28-15.08.35:843][402]LogWorld: Game class is '2DTopDown_Style_C'
[2016.04.28-15.08.35:855][402]LogWorld: Bringing World /Game/TopDownCPP/Maps/UEDPIE_0_TopDownExampleMap.TopDownExampleMap up for play (max tick rate 0) at 2016.04.28-11.08.35
[2016.04.28-15.08.35:855][402]LogActor:Warning: GameSession /Game/TopDownCPP/Maps/UEDPIE_0_TopDownExampleMap.TopDownExampleMap:PersistentLevel.GameSession_1 has natively added scene component(s), but none of them were set as the actor's RootComponent - picking one arbitrarily
[2016.04.28-15.08.35:855][402]LogActor:Warning: GameNetworkManager /Game/TopDownCPP/Maps/UEDPIE_0_TopDownExampleMap.TopDownExampleMap:PersistentLevel.GameNetworkManager_1 has natively added scene component(s), but none of them were set as the actor's RootComponent - picking one arbitrarily
[2016.04.28-15.08.35:859][402]LogWorld: Bringing up level for play took: 0.014944
[2016.04.28-15.08.35:861][402]PIE: Info Play in editor start time for /Game/TopDownCPP/Maps/UEDPIE_0_TopDownExampleMap 0.913
[2016.04.28-15.08.35:862][402]LogBlueprintUserMessages: Late PlayInEditor Detection: Level '/Game/TopDownCPP/Maps/TopDownExampleMap.TopDownExampleMap:PersistentLevel' has LevelScriptBlueprint '/Game/TopDownCPP/Maps/TopDownExampleMap.TopDownExampleMap:PersistentLevel.TopDownExampleMap' with GeneratedClass '/Game/TopDownCPP/Maps/TopDownExampleMap.TopDownExampleMap_C' with ClassGeneratedBy '/Game/TopDownCPP/Maps/TopDownExampleMap.TopDownExampleMap:PersistentLevel.TopDownExampleMap'
[2016.04.28-15.08.41:169][638]LogEditorViewport: Clicking on Actor (LMB): BussBody_C (BussBody)
[2016.04.28-15.08.41:170][638]LogSelection:Warning: PIE object was selected: "BussPar_C /Game/TopDownCPP/Maps/UEDPIE_0_TopDownExampleMap.TopDownExampleMap:PersistentLevel.BussPar_C_2"
[2016.04.28-15.08.53:109][ 76]LogBlueprintUserMessages: Early EndPlayMap Detection: Level '/Game/TopDownCPP/Maps/TopDownExampleMap.TopDownExampleMap:PersistentLevel' has LevelScriptBlueprint '/Game/TopDownCPP/Maps/TopDownExampleMap.TopDownExampleMap:PersistentLevel.TopDownExampleMap' with GeneratedClass '/Game/TopDownCPP/Maps/TopDownExampleMap.TopDownExampleMap_C' with ClassGeneratedBy '/Game/TopDownCPP/Maps/TopDownExampleMap.TopDownExampleMap:PersistentLevel.TopDownExampleMap'
[2016.04.28-15.08.53:143][ 76]LogBlueprintUserMessages: Late EndPlayMap Detection: Level '/Game/TopDownCPP/Maps/TopDownExampleMap.TopDownExampleMap:PersistentLevel' has LevelScriptBlueprint '/Game/TopDownCPP/Maps/TopDownExampleMap.TopDownExampleMap:PersistentLevel.TopDownExampleMap' with GeneratedClass '/Game/TopDownCPP/Maps/TopDownExampleMap.TopDownExampleMap_C' with ClassGeneratedBy '/Game/TopDownCPP/Maps/TopDownExampleMap.TopDownExampleMap:PersistentLevel.TopDownExampleMap'
[2016.04.28-15.08.53:179][ 77]LogParticles: Destroying 0 GPU particle simulations for FXSystem 0x000001590A7A2E80
[2016.04.28-15.08.54:636][166]LogBlueprintUserMessages: Early PlayInEditor Detection: Level '/Game/TopDownCPP/Maps/TopDownExampleMap.TopDownExampleMap:PersistentLevel' has LevelScriptBlueprint '/Game/TopDownCPP/Maps/TopDownExampleMap.TopDownExampleMap:PersistentLevel.TopDownExampleMap' with GeneratedClass '/Game/TopDownCPP/Maps/TopDownExampleMap.TopDownExampleMap_C' with ClassGeneratedBy '/Game/TopDownCPP/Maps/TopDownExampleMap.TopDownExampleMap:PersistentLevel.TopDownExampleMap'
[2016.04.28-15.08.54:636][166]LogPlayLevel: PlayLevel: No blueprints needed recompiling
[2016.04.28-15.08.54:636][166]PIE: New page: PIE session: TopDownExampleMap (Apr 28, 2016, 7:08:54 AM)
[2016.04.28-15.08.54:636][166]LogPlayLevel: Creating play world package: /Game/TopDownCPP/Maps/UEDPIE_0_TopDownExampleMap
[2016.04.28-15.08.54:653][166]LogPlayLevel: PIE: StaticDuplicateObject took: (0.016610s)
[2016.04.28-15.08.54:653][166]LogAIModule: Creating AISystem for world TopDownExampleMap
[2016.04.28-15.08.54:653][166]LogPlayLevel: PIE: World Init took: (0.000713s)
[2016.04.28-15.08.54:653][166]LogPlayLevel: PIE: Created PIE world by copying editor world from /Game/TopDownCPP/Maps/TopDownExampleMap.TopDownExampleMap to /Game/TopDownCPP/Maps/UEDPIE_0_TopDownExampleMap.TopDownExampleMap (0.017528s)
[2016.04.28-15.08.54:677][166]LogInit: XAudio2 using 'Speakers (Realtek High Definition Audio)' : 2 channels at 48 kHz using 32 bits per sample (channel mask 0x3)
[2016.04.28-15.08.54:684][166]LogInit: FAudioDevice initialized.
[2016.04.28-15.08.54:718][166]LogWorld: Game class is '2DTopDown_Style_C'
[2016.04.28-15.08.54:730][166]LogWorld: Bringing World /Game/TopDownCPP/Maps/UEDPIE_0_TopDownExampleMap.TopDownExampleMap up for play (max tick rate 0) at 2016.04.28-11.08.54
[2016.04.28-15.08.54:731][166]LogActor:Warning: GameSession /Game/TopDownCPP/Maps/UEDPIE_0_TopDownExampleMap.TopDownExampleMap:PersistentLevel.GameSession_2 has natively added scene component(s), but none of them were set as the actor's RootComponent - picking one arbitrarily
[2016.04.28-15.08.54:731][166]LogActor:Warning: GameNetworkManager /Game/TopDownCPP/Maps/UEDPIE_0_TopDownExampleMap.TopDownExampleMap:PersistentLevel.GameNetworkManager_2 has natively added scene component(s), but none of them were set as the actor's RootComponent - picking one arbitrarily
[2016.04.28-15.08.54:734][166]LogWorld: Bringing up level for play took: 0.014765
[2016.04.28-15.08.54:736][166]PIE: Info Play in editor start time for /Game/TopDownCPP/Maps/UEDPIE_0_TopDownExampleMap -0.212
[2016.04.28-15.08.54:737][166]LogBlueprintUserMessages: Late PlayInEditor Detection: Level '/Game/TopDownCPP/Maps/TopDownExampleMap.TopDownExampleMap:PersistentLevel' has LevelScriptBlueprint '/Game/TopDownCPP/Maps/TopDownExampleMap.TopDownExampleMap:PersistentLevel.TopDownExampleMap' with GeneratedClass '/Game/TopDownCPP/Maps/TopDownExampleMap.TopDownExampleMap_C' with ClassGeneratedBy '/Game/TopDownCPP/Maps/TopDownExampleMap.TopDownExampleMap:PersistentLevel.TopDownExampleMap'
[2016.04.28-15.09.00:329][411]LogEditorViewport: Clicking on Actor (LMB): BussBody_C (BussBody)
[2016.04.28-15.09.00:329][411]LogSelection:Warning: PIE object was selected: "BussPar_C /Game/TopDownCPP/Maps/UEDPIE_0_TopDownExampleMap.TopDownExampleMap:PersistentLevel.BussPar_C_2"
[2016.04.28-15.09.06:111][618]LogBlueprintUserMessages: Early EndPlayMap Detection: Level '/Game/TopDownCPP/Maps/TopDownExampleMap.TopDownExampleMap:PersistentLevel' has LevelScriptBlueprint '/Game/TopDownCPP/Maps/TopDownExampleMap.TopDownExampleMap:PersistentLevel.TopDownExampleMap' with GeneratedClass '/Game/TopDownCPP/Maps/TopDownExampleMap.TopDownExampleMap_C' with ClassGeneratedBy '/Game/TopDownCPP/Maps/TopDownExampleMap.TopDownExampleMap:PersistentLevel.TopDownExampleMap'
[2016.04.28-15.09.06:143][618]LogBlueprintUserMessages: Late EndPlayMap Detection: Level '/Game/TopDownCPP/Maps/TopDownExampleMap.TopDownExampleMap:PersistentLevel' has LevelScriptBlueprint '/Game/TopDownCPP/Maps/TopDownExampleMap.TopDownExampleMap:PersistentLevel.TopDownExampleMap' with GeneratedClass '/Game/TopDownCPP/Maps/TopDownExampleMap.TopDownExampleMap_C' with ClassGeneratedBy '/Game/TopDownCPP/Maps/TopDownExampleMap.TopDownExampleMap:PersistentLevel.TopDownExampleMap'
[2016.04.28-15.09.06:175][619]LogParticles: Destroying 0 GPU particle simulations for FXSystem 0x0000015974B5B2E0
[2016.04.28-15.09.07:761][718]LogBlueprintUserMessages: Early PlayInEditor Detection: Level '/Game/TopDownCPP/Maps/TopDownExampleMap.TopDownExampleMap:PersistentLevel' has LevelScriptBlueprint '/Game/TopDownCPP/Maps/TopDownExampleMap.TopDownExampleMap:PersistentLevel.TopDownExampleMap' with GeneratedClass '/Game/TopDownCPP/Maps/TopDownExampleMap.TopDownExampleMap_C' with ClassGeneratedBy '/Game/TopDownCPP/Maps/TopDownExampleMap.TopDownExampleMap:PersistentLevel.TopDownExampleMap'
[2016.04.28-15.09.07:761][718]LogPlayLevel: PlayLevel: No blueprints needed recompiling
[2016.04.28-15.09.07:761][718]PIE: New page: PIE session: TopDownExampleMap (Apr 28, 2016, 7:09:07 AM)
[2016.04.28-15.09.07:761][718]LogPlayLevel: Creating play world package: /Game/TopDownCPP/Maps/UEDPIE_0_TopDownExampleMap
[2016.04.28-15.09.07:781][718]LogPlayLevel: PIE: StaticDuplicateObject took: (0.020110s)
[2016.04.28-15.09.07:782][718]LogAIModule: Creating AISystem for world TopDownExampleMap
[2016.04.28-15.09.07:782][718]LogPlayLevel: PIE: World Init took: (0.000943s)
[2016.04.28-15.09.07:782][718]LogPlayLevel: PIE: Created PIE world by copying editor world from /Game/TopDownCPP/Maps/TopDownExampleMap.TopDownExampleMap to /Game/TopDownCPP/Maps/UEDPIE_0_TopDownExampleMap.TopDownExampleMap (0.021371s)
[2016.04.28-15.09.07:810][718]LogInit: XAudio2 using 'Speakers (Realtek High Definition Audio)' : 2 channels at 48 kHz using 32 bits per sample (channel mask 0x3)
[2016.04.28-15.09.07:818][718]LogInit: FAudioDevice initialized.
[2016.04.28-15.09.07:848][718]LogWorld: Game class is '2DTopDown_Style_C'
[2016.04.28-15.09.07:860][718]LogWorld: Bringing World /Game/TopDownCPP/Maps/UEDPIE_0_TopDownExampleMap.TopDownExampleMap up for play (max tick rate 0) at 2016.04.28-11.09.07
[2016.04.28-15.09.07:860][718]LogActor:Warning: GameSession /Game/TopDownCPP/Maps/UEDPIE_0_TopDownExampleMap.TopDownExampleMap:PersistentLevel.GameSession_3 has natively added scene component(s), but none of them were set as the actor's RootComponent - picking one arbitrarily
[2016.04.28-15.09.07:860][718]LogActor:Warning: GameNetworkManager /Game/TopDownCPP/Maps/UEDPIE_0_TopDownExampleMap.TopDownExampleMap:PersistentLevel.GameNetworkManager_3 has natively added scene component(s), but none of them were set as the actor's RootComponent - picking one arbitrarily
[2016.04.28-15.09.07:864][718]LogWorld: Bringing up level for play took: 0.014355
[2016.04.28-15.09.07:866][718]PIE: Info Play in editor start time for /Game/TopDownCPP/Maps/UEDPIE_0_TopDownExampleMap 0.917
[2016.04.28-15.09.07:866][718]LogBlueprintUserMessages: Late PlayInEditor Detection: Level '/Game/TopDownCPP/Maps/TopDownExampleMap.TopDownExampleMap:PersistentLevel' has LevelScriptBlueprint '/Game/TopDownCPP/Maps/TopDownExampleMap.TopDownExampleMap:PersistentLevel.TopDownExampleMap' with GeneratedClass '/Game/TopDownCPP/Maps/TopDownExampleMap.TopDownExampleMap_C' with ClassGeneratedBy '/Game/TopDownCPP/Maps/TopDownExampleMap.TopDownExampleMap:PersistentLevel.TopDownExampleMap'
[2016.04.28-15.09.12:810][963]LogEditorViewport: Clicking on Actor (LMB): BussBody_C (BussBody)
[2016.04.28-15.09.12:810][963]LogSelection:Warning: PIE object was selected: "BussPar_C /Game/TopDownCPP/Maps/UEDPIE_0_TopDownExampleMap.TopDownExampleMap:PersistentLevel.BussPar_C_2"
[2016.04.28-15.09.13:938][ 10]LogEditorViewport: Clicking on Actor (LMB): BussBody_C (BussBody)
[2016.04.28-15.09.13:938][ 10]LogSelection:Warning: PIE object was selected: "BussPar_C /Game/TopDownCPP/Maps/UEDPIE_0_TopDownExampleMap.TopDownExampleMap:PersistentLevel.BussPar_C_2"
[2016.04.28-15.09.27:615][639]Cmd: SELECT NONE
[2016.04.28-15.09.35:447][ 62]SourceControl: Info rm 'Content/Blueprints/vehicles/BussBody_MP.uasset'
[2016.04.28-15.09.38:182][211]LogLinker:Warning: Asset '../../../Engine/Content/ArtTools/RenderToTexture/Macros/RenderToTextureMacros.uasset' has been saved with empty engine version. The asset will be loaded but may be incompatible.
[2016.04.28-15.09.38:588][211]LogContentBrowser: Native class hierarchy updated for 'BlueprintGraph' in 0.0014 seconds. Added 107 classes and 0 folders.
[2016.04.28-15.09.40:632][278]LogRenderer: Reallocating scene render targets to support 1388x864 (Frame:15612).
[2016.04.28-15.09.50:242][778]LogRenderer: Reallocating scene render targets to support 1388x876 (Frame:16050).
[2016.04.28-15.10.13:585][742]LogBlueprintUserMessages: Early EndPlayMap Detection: Level '/Game/TopDownCPP/Maps/TopDownExampleMap.TopDownExampleMap:PersistentLevel' has LevelScriptBlueprint '/Game/TopDownCPP/Maps/TopDownExampleMap.TopDownExampleMap:PersistentLevel.TopDownExampleMap' with GeneratedClass '/Game/TopDownCPP/Maps/TopDownExampleMap.TopDownExampleMap_C' with ClassGeneratedBy '/Game/TopDownCPP/Maps/TopDownExampleMap.TopDownExampleMap:PersistentLevel.TopDownExampleMap'
[2016.04.28-15.10.13:621][742]LogBlueprintUserMessages: Late EndPlayMap Detection: Level '/Game/TopDownCPP/Maps/TopDownExampleMap.TopDownExampleMap:PersistentLevel' has LevelScriptBlueprint '/Game/TopDownCPP/Maps/TopDownExampleMap.TopDownExampleMap:PersistentLevel.TopDownExampleMap' with GeneratedClass '/Game/TopDownCPP/Maps/TopDownExampleMap.TopDownExampleMap_C' with ClassGeneratedBy '/Game/TopDownCPP/Maps/TopDownExampleMap.TopDownExampleMap:PersistentLevel.TopDownExampleMap'
[2016.04.28-15.10.13:650][742]LogParticles: Destroying 0 GPU particle simulations for FXSystem 0x000001590911DB20
[2016.04.28-15.10.13:652][742]LogParticles: Destroying 0 GPU particle simulations for FXSystem 0x000001590990DE40
[2016.04.28-15.10.13:652][742]LogParticles: Destroying 0 GPU particle simulations for FXSystem 0x00000159559DD940
[2016.04.28-15.12.42:607][310]BlueprintLog: New page: Compile BussBody
[2016.04.28-15.12.43:280][310]LogCrashTracker: 


[2016.04.28-15.12.43:280][310]LogCrashTracker: 


[2016.04.28-15.12.43:280][310]LogWindows:Error: === Critical error: ===
Fatal error!



[2016.04.28-15.12.43:335][310]LogExit: Executing StaticShutdownAfterError
[2016.04.28-15.12.43:345][310]LogPhysics:Warning: PHYSX: ..\..\PhysX\src\NpScene.cpp (2946) 8 : PxScene::unlockWrite() called without matching call to PxScene::lockWrite(), behaviour will be undefined.
[2016.04.28-15.12.43:345][310]LogPhysics:Warning: PHYSX: ..\..\PhysX\src\NpScene.cpp (2946) 8 : PxScene::unlockWrite() called without matching call to PxScene::lockWrite(), behaviour will be undefined.
[2016.04.28-15.12.43:345][310]LogPhysics:Warning: PHYSX: ..\..\PhysX\src\NpScene.cpp (2946) 8 : PxScene::unlockWrite() called without matching call to PxScene::lockWrite(), behaviour will be undefined.
[2016.04.28-15.12.43:345][310]LogPhysics:Warning: PHYSX: ..\..\PhysX\src\NpScene.cpp (2946) 8 : PxScene::unlockWrite() called without matching call to PxScene::lockWrite(), behaviour will be undefined.
[2016.04.28-15.12.43:346][310]LogWindows: FPlatformMisc::RequestExit(1)
[2016.04.28-15.12.43:346][310]Log file closed, 04/28/16 11:12:43
