[2016.01.20-16.44.34:225][  0]Log file open, 01/20/16 11:44:34
[2016.01.20-16.44.34:225][  0]LogInit:Display: Running engine for game: Game_GT
[2016.01.20-16.44.34:225][  0]LogPlatformFile: Not using cached read wrapper
[2016.01.20-16.44.34:225][  0]LogInit:Display: RandInit(1016139139) SRandInit(1016139140).
[2016.01.20-16.44.34:225][  0]LogTaskGraph: Started task graph with 4 named threads and 7 total threads.
[2016.01.20-16.44.34:225][  0]LogStats: Stats thread started at 0.078203
[2016.01.20-16.44.34:225][  0]LogInit: Version: 4.10.1-2791327+++depot+UE4-Releases+4.10
[2016.01.20-16.44.34:225][  0]LogInit: API Version: 2758231
[2016.01.20-16.44.34:225][  0]LogInit: Compiled (64-bit): Dec  4 2015 19:44:40
[2016.01.20-16.44.34:225][  0]LogInit: Compiled with Visual C++: 19.00.23026.00
[2016.01.20-16.44.34:225][  0]LogInit: Build Configuration: Development
[2016.01.20-16.44.34:225][  0]LogInit: Branch Name: ++depot+UE4-Releases+4.10
[2016.01.20-16.44.34:225][  0]LogInit: Command line:  
[2016.01.20-16.44.34:225][  0]LogInit: Base directory: C:/Program Files (x86)/Epic Games/4.10/Engine/Binaries/Win64/
[2016.01.20-16.44.34:225][  0]LogInit: Rocket: 1
[2016.01.20-16.44.34:232][  0]LogInit: Using libcurl 7.41.0
[2016.01.20-16.44.34:232][  0]LogInit:  - built for x86_64-pc-win32
[2016.01.20-16.44.34:232][  0]LogInit:  - supports SSL with WinSSL
[2016.01.20-16.44.34:232][  0]LogInit:  - other features:
[2016.01.20-16.44.34:232][  0]LogInit:      CURL_VERSION_SSL
[2016.01.20-16.44.34:232][  0]LogInit:      CURL_VERSION_IPV6
[2016.01.20-16.44.34:232][  0]LogInit:      CURL_VERSION_ASYNCHDNS
[2016.01.20-16.44.34:232][  0]LogInit:      CURL_VERSION_LARGEFILE
[2016.01.20-16.44.34:232][  0]LogInit:      CURL_VERSION_IDN
[2016.01.20-16.44.34:232][  0]LogInit:  CurlRequestOptions (configurable via config and command line):
[2016.01.20-16.44.34:232][  0]LogInit:  - bVerifyPeer = true  - Libcurl will verify peer certificate
[2016.01.20-16.44.34:232][  0]LogInit:  - bUseHttpProxy = false  - Libcurl will NOT use HTTP proxy
[2016.01.20-16.44.34:232][  0]LogInit:  - bDontReuseConnections = false  - Libcurl will reuse connections
[2016.01.20-16.44.34:232][  0]LogInit:  - CertBundlePath = nullptr  - Libcurl will use whatever was configured at build time.
[2016.01.20-16.44.34:239][  0]LogInit: Presizing for 0 objects not considered by GC, pre-allocating 0 bytes.
[2016.01.20-16.44.34:245][  0]LogInit: Object subsystem initialized
[2016.01.20-16.44.34:246][  0]LogInit: Selected Device Profile: [Windows]
[2016.01.20-16.44.34:246][  0]LogInit: Applying CVar settings loaded from the selected device profile: [Windows]
[2016.01.20-16.44.34:254][  0]LogInit: Computer: APPLEEATER-V2
[2016.01.20-16.44.34:254][  0]LogInit: User: dacos
[2016.01.20-16.44.34:254][  0]LogInit: CPU Page size=4096, Cores=4
[2016.01.20-16.44.34:254][  0]LogInit: High frequency timer resolution =2.533207 MHz
[2016.01.20-16.44.34:254][  0]LogMemory: Memory total: Physical=11.9GB (12GB approx)
[2016.01.20-16.44.34:254][  0]LogMemory: Platform Memory Stats for Windows
[2016.01.20-16.44.34:254][  0]LogMemory: Process Physical Memory: 57.32 MB used, 57.32 MB peak
[2016.01.20-16.44.34:254][  0]LogMemory: Process Virtual Memory: 56.91 MB used, 56.91 MB peak
[2016.01.20-16.44.34:254][  0]LogMemory: Physical Memory: 5749.34 MB used, 12177.01 MB total
[2016.01.20-16.44.34:254][  0]LogMemory: Virtual Memory: 382.13 MB used, 134217728.00 MB total
[2016.01.20-16.44.34:287][  0]LogTextLocalizationManager: No specific translations for ('en-US') exist, so ('en') translations will be used.
[2016.01.20-16.44.34:742][  0]LogD3D11RHI: Found D3D11 adapter 0: NVIDIA GeForce GTX 960M       (Feature Level 11_0)
[2016.01.20-16.44.34:742][  0]LogD3D11RHI: Adapter has 1995MB of dedicated video memory, 0MB of dedicated system memory, and 6088MB of shared system memory, 1 output[s]
[2016.01.20-16.44.34:748][  0]LogD3D11RHI: Found D3D11 adapter 1: Intel(R) HD Graphics 4600 (Feature Level 11_0)
[2016.01.20-16.44.34:748][  0]LogD3D11RHI: Adapter has 112MB of dedicated video memory, 0MB of dedicated system memory, and 6088MB of shared system memory, 0 output[s]
[2016.01.20-16.44.34:749][  0]LogD3D11RHI: Found D3D11 adapter 2: Microsoft Basic Render Driver (Feature Level 11_0)
[2016.01.20-16.44.34:749][  0]LogD3D11RHI: Adapter has 0MB of dedicated video memory, 0MB of dedicated system memory, and 6088MB of shared system memory, 0 output[s]
[2016.01.20-16.44.34:749][  0]LogD3D11RHI: Chosen D3D11 Adapter Id = 0
[2016.01.20-16.44.34:754][  0]LogD3D11RHI: !Direct3DDevice
[2016.01.20-16.44.34:754][  0]LogRHI: Texture pool is 1361 MB (70% of 1945 MB)
[2016.01.20-16.44.34:768][  0]LogD3D11RHI: Async texture creation enabled
[2016.01.20-16.44.34:798][  0]LogShaderCompilers: Guid format shader working directory is -27 characters bigger than the processId version (../../../../../../Users/dacos/OneDrive/Documents/Unreal Projects/Game_GT/Intermediate/Shaders/WorkingDirectory/13940/).
[2016.01.20-16.44.34:798][  0]LogShaderCompilers: Cleaned the shader compiler working directory 'C:/Users/dacos/AppData/Local/Temp/UnrealShaderWorkingDir/A8B4893A40E47B99430F12AF8F83B1B0/'.
[2016.01.20-16.44.34:798][  0]LogShaderCompilers:Display: Using Local Shader Compiler.
[2016.01.20-16.44.35:521][  0]LogTemp:Display: Loaded TP AllDesktopTargetPlatform
[2016.01.20-16.44.35:526][  0]LogTemp:Display: Loaded TP WindowsClientTargetPlatform
[2016.01.20-16.44.35:530][  0]LogTemp:Display: Loaded TP WindowsNoEditorTargetPlatform
[2016.01.20-16.44.35:535][  0]LogTemp:Display: Loaded TP WindowsServerTargetPlatform
[2016.01.20-16.44.35:539][  0]LogTemp:Display: Loaded TP WindowsTargetPlatform
[2016.01.20-16.44.35:543][  0]LogTemp:Display: Loaded TP AndroidTargetPlatform
[2016.01.20-16.44.35:546][  0]LogTemp:Display: Loaded TP Android_ASTCTargetPlatform
[2016.01.20-16.44.35:549][  0]LogTemp:Display: Loaded TP Android_ATCTargetPlatform
[2016.01.20-16.44.35:552][  0]LogTemp:Display: Loaded TP Android_DXTTargetPlatform
[2016.01.20-16.44.35:555][  0]LogTemp:Display: Loaded TP Android_ETC1TargetPlatform
[2016.01.20-16.44.35:559][  0]LogTemp:Display: Loaded TP Android_ETC2TargetPlatform
[2016.01.20-16.44.35:565][  0]LogTemp:Display: Loaded TP Android_MultiTargetPlatform
[2016.01.20-16.44.35:565][  0]LogTemp:Display: Loaded TP Android_PVRTCTargetPlatform
[2016.01.20-16.44.35:566][  0]LogTemp:Display: Loaded TP HTML5TargetPlatform
[2016.01.20-16.44.35:582][  0]LogTemp:Display: Loaded TP IOSTargetPlatform
[2016.01.20-16.44.35:584][  0]LogTemp:Display: Loaded TP LinuxNoEditorTargetPlatform
[2016.01.20-16.44.35:587][  0]LogTemp:Display: Loaded TP LinuxServerTargetPlatform
[2016.01.20-16.44.35:590][  0]LogTemp:Display: Loaded TP LinuxTargetPlatform
[2016.01.20-16.44.35:590][  0]LogTargetPlatformManager:Display: Building Assets For Windows
[2016.01.20-16.44.35:669][  0]LogDerivedDataCache:Display: Max Cache Size: 512 MB
[2016.01.20-16.44.35:719][  0]LogDerivedDataCache: Loaded boot cache 0.05s 42MB C:/Users/dacos/AppData/Local/UnrealEngine/4.10/DerivedDataCache/Boot.ddc.
[2016.01.20-16.44.35:719][  0]LogDerivedDataCache:Display: Loaded Boot cache: C:/Users/dacos/AppData/Local/UnrealEngine/4.10/DerivedDataCache/Boot.ddc
[2016.01.20-16.44.35:720][  0]LogDerivedDataCache: FDerivedDataBackendGraph:  Pak pak cache file ../../../../../../Users/dacos/OneDrive/Documents/Unreal Projects/Game_GT/DerivedDataCache/DDC.ddp not found, will not use a pak cache.
[2016.01.20-16.44.35:720][  0]LogDerivedDataCache: Unable to find inner node Pak for hierarchical cache Hierarchy.
[2016.01.20-16.44.35:720][  0]LogDerivedDataCache: FDerivedDataBackendGraph:  CompressedPak pak cache file ../../../../../../Users/dacos/OneDrive/Documents/Unreal Projects/Game_GT/DerivedDataCache/Compressed.ddp not found, will not use a pak cache.
[2016.01.20-16.44.35:720][  0]LogDerivedDataCache: Unable to find inner node CompressedPak for hierarchical cache Hierarchy.
[2016.01.20-16.44.35:778][  0]LogDerivedDataCache:Display: Pak cache opened for reading ../../../Engine/DerivedDataCache/Compressed.ddp.
[2016.01.20-16.44.35:790][  0]LogDerivedDataCache: Using Local data cache path C:/Users/dacos/AppData/Local/UnrealEngine/Common/DerivedDataCache: Writable
[2016.01.20-16.44.35:969][  0]LogInit: Selected Device Profile: [Windows]
[2016.01.20-16.44.35:971][  0]LogContentStreaming: Texture pool size is 0.000000MB
[2016.01.20-16.44.36:073][  0]LogMeshUtilities: No automatic mesh reduction module available
[2016.01.20-16.44.36:073][  0]LogMeshUtilities: No automatic mesh merging module available
[2016.01.20-16.44.36:284][  0]LogInit: WinSock: version 1.1 (2.2), MaxSocks=32767, MaxUdp=65467
[2016.01.20-16.44.36:931][  0]UdpMessaging: Initializing bridge on interface 0.0.0.0:0 to multicast group 230.0.0.1:6666.
[2016.01.20-16.44.36:995][  0]LogLinker:Warning: Asset '../../../../../../Users/dacos/OneDrive/Documents/Unreal Projects/Game_GT/Content/Mannequin/Animations/ThirdPerson_AnimBP.uasset' has been saved with empty engine version. The asset will be loaded but may be incompatible.
[2016.01.20-16.44.36:996][  0]LogLinker:Warning: Asset '../../../../../../Users/dacos/OneDrive/Documents/Unreal Projects/Game_GT/Content/Mannequin/Animations/ThirdPerson_Jump.uasset' has been saved with empty engine version. The asset will be loaded but may be incompatible.
[2016.01.20-16.44.36:997][  0]LogLinker:Warning: Asset '../../../../../../Users/dacos/OneDrive/Documents/Unreal Projects/Game_GT/Content/Mannequin/Animations/ThirdPersonJump_Loop.uasset' has been saved with empty engine version. The asset will be loaded but may be incompatible.
[2016.01.20-16.44.36:998][  0]LogLinker:Warning: Asset '../../../../../../Users/dacos/OneDrive/Documents/Unreal Projects/Game_GT/Content/Mannequin/Animations/ThirdPersonJump_Start.uasset' has been saved with empty engine version. The asset will be loaded but may be incompatible.
[2016.01.20-16.44.36:998][  0]LogLinker:Warning: Asset '../../../../../../Users/dacos/OneDrive/Documents/Unreal Projects/Game_GT/Content/Mannequin/Animations/ThirdPerson_IdleRun_2D.uasset' has been saved with empty engine version. The asset will be loaded but may be incompatible.
[2016.01.20-16.44.36:999][  0]LogLinker:Warning: Asset '../../../../../../Users/dacos/OneDrive/Documents/Unreal Projects/Game_GT/Content/Mannequin/Animations/ThirdPersonIdle.uasset' has been saved with empty engine version. The asset will be loaded but may be incompatible.
[2016.01.20-16.44.36:999][  0]LogLinker:Warning: Asset '../../../../../../Users/dacos/OneDrive/Documents/Unreal Projects/Game_GT/Content/Mannequin/Animations/ThirdPersonRun.uasset' has been saved with empty engine version. The asset will be loaded but may be incompatible.
[2016.01.20-16.44.37:000][  0]LogLinker:Warning: Asset '../../../../../../Users/dacos/OneDrive/Documents/Unreal Projects/Game_GT/Content/Mannequin/Animations/ThirdPersonWalk.uasset' has been saved with empty engine version. The asset will be loaded but may be incompatible.
[2016.01.20-16.44.37:306][  0]LogAssetRegistry: FAssetRegistry took 0.0106 seconds to start up
[2016.01.20-16.44.37:463][  0]SourceControl: Info Source control is disabled
[2016.01.20-16.44.38:118][  0]LogObj: 31636 objects as part of root set at end of initial load.
[2016.01.20-16.44.38:118][  0]LogUObjectAllocator: 7168920 out of 0 bytes used by permanent object pool.
[2016.01.20-16.44.38:171][  0]LogEngine: Initializing Engine...
[2016.01.20-16.44.38:173][  0]LogHMD: Can't find Oculus library dev build: is proper Runtime installed? Version: 0.8.0.0
[2016.01.20-16.44.38:174][  0]LogHMD: SteamVR failed to initialize.  Err: 110
[2016.01.20-16.44.38:280][  0]LogAIModule: Creating AISystem for world NewWorld
[2016.01.20-16.44.38:284][  0]LogInit: XAudio2 using 'Headset Earphone (2- Logitech G933 Gaming Headset)' : 2 channels at 48 kHz using 16 bits per sample (channel mask 0x3)
[2016.01.20-16.44.38:301][  0]LogInit: FAudioDevice initialized.
[2016.01.20-16.44.38:325][  0]LogDerivedDataCache: Saved boot cache 0.02s 42MB C:/Users/dacos/AppData/Local/UnrealEngine/4.10/DerivedDataCache/Boot.ddc.
[2016.01.20-16.44.38:331][  0]LogInit: Texture streaming: Enabled
[2016.01.20-16.44.38:336][  0]LogAnalytics: Creating configured Analytics provider AnalyticsET
[2016.01.20-16.44.38:336][  0]LogAnalytics: [UEEditor.Rocket.Release] APIServer = http://et2.epicgames.com/ET2/. AppVersion = 4.10.1-2791327+++depot+UE4-Releases+4.10
[2016.01.20-16.44.38:336][  0]LogAnalytics: [UEEditor.Rocket.Release] SetUserId 7271a55c42ba7649a468ef8135f6e487|72e7fe8abf234c00b7d4ff8eb3462f9c|ed1d22c6-da52-4d8a-a8db-03a689afc6c5
[2016.01.20-16.44.38:336][  0]LogAnalytics: [UEEditor.Rocket.Release] AnalyticsET::StartSession
[2016.01.20-16.44.38:348][  0]LogWindowsTextInputMethodSystem:Display: IME system now deactivated.
[2016.01.20-16.44.38:365][  0]LogInit: Transaction tracking system initialized
[2016.01.20-16.44.38:395][  0]BlueprintLog: New page: Editor Load
[2016.01.20-16.44.38:505][  0]LocalizationService: Info Localization service is disabled
[2016.01.20-16.44.38:581][  0]LogConsoleResponse:Display: 
[2016.01.20-16.44.38:714][  0]LogCook:Display: Done creating registry. It took  0.00s.
[2016.01.20-16.44.38:905][  0]LogFileCache: Scanning file cache for directory 'C:/Users/dacos/OneDrive/Documents/Unreal Projects/Game_GT/Content/' took 0.01s
[2016.01.20-16.44.38:905][  0]Cmd: MAP LOAD FILE="../../../../../../Users/dacos/OneDrive/Documents/Unreal Projects/Game_GT/Content/TopDownCPP/Maps/TopDownExampleMap.umap" TEMPLATE=0 SHOWPROGRESS=1 FEATURELEVEL=3
[2016.01.20-16.44.38:906][  0]LightingResults: New page: Lighting Build
[2016.01.20-16.44.38:909][  0]MapCheck: New page: Map Check
[2016.01.20-16.44.38:909][  0]LightingResults: New page: Lighting Build
[2016.01.20-16.44.38:921][  0]LogParticles: Destroying 0 GPU particle simulations for FXSystem 0x0000018483B81B20
[2016.01.20-16.44.38:926][  0]LogLinker:Warning: Can't find file '/Game/Blueprints/Behavior/botState'
[2016.01.20-16.44.38:926][  0]LogLinker:Warning: Can't find file for asset '/Game/Blueprints/Behavior/botState' while loading ../../../../../../Users/dacos/OneDrive/Documents/Unreal Projects/Game_GT/Content/Blueprints/Characters/MovementTest/su/botData.uasset.
[2016.01.20-16.44.38:926][  0]LoadErrors:Error: Error /Game/Blueprints/Characters/MovementTest/su/botData : Can't find file for asset. /Game/Blueprints/Behavior/botState
[2016.01.20-16.44.38:926][  0]LogLinker:Warning: Can't find file '/Game/Blueprints/Behavior/botState'
[2016.01.20-16.44.38:927][  0]LogLinker:Warning: Can't find file for asset '/Game/Blueprints/Behavior/botState' while loading ../../../../../../Users/dacos/OneDrive/Documents/Unreal Projects/Game_GT/Content/Blueprints/Characters/MovementTest/su/botData.uasset.
[2016.01.20-16.44.38:927][  0]LoadErrors:Error: Error /Game/Blueprints/Characters/MovementTest/su/botData : Can't find file for asset. /Game/Blueprints/Behavior/botState
[2016.01.20-16.44.38:939][  0]LogLinker:Warning: Can't find file '/Game/Blueprints/Behavior/botAI'
[2016.01.20-16.44.38:939][  0]LogLinker:Warning: Can't find file for asset '/Game/Blueprints/Behavior/botAI' while loading ../../../../../../Users/dacos/OneDrive/Documents/Unreal Projects/Game_GT/Content/Blueprints/Characters/MovementTest/su/BTS_botDetectEnemy.uasset.
[2016.01.20-16.44.38:939][  0]LoadErrors:Error: Error /Game/Blueprints/Characters/MovementTest/su/BTS_botDetectEnemy : Can't find file for asset. /Game/Blueprints/Behavior/botAI
[2016.01.20-16.44.38:939][  0]LogLinker:Warning: Can't find file '/Game/Blueprints/Pawn/botCharacter'
[2016.01.20-16.44.38:939][  0]LogLinker:Warning: Can't find file for asset '/Game/Blueprints/Pawn/botCharacter' while loading ../../../../../../Users/dacos/OneDrive/Documents/Unreal Projects/Game_GT/Content/Blueprints/Characters/MovementTest/su/BTS_botDetectEnemy.uasset.
[2016.01.20-16.44.38:939][  0]LoadErrors:Error: Error /Game/Blueprints/Characters/MovementTest/su/BTS_botDetectEnemy : Can't find file for asset. /Game/Blueprints/Pawn/botCharacter
[2016.01.20-16.44.38:939][  0]LogLinker:Warning: Can't find file '/Game/Blueprints/Pawn/MyCharacter'
[2016.01.20-16.44.38:940][  0]LogLinker:Warning: Can't find file for asset '/Game/Blueprints/Pawn/MyCharacter' while loading ../../../../../../Users/dacos/OneDrive/Documents/Unreal Projects/Game_GT/Content/Blueprints/Characters/MovementTest/su/BTS_botDetectEnemy.uasset.
[2016.01.20-16.44.38:940][  0]LoadErrors:Error: Error /Game/Blueprints/Characters/MovementTest/su/BTS_botDetectEnemy : Can't find file for asset. /Game/Blueprints/Pawn/MyCharacter
[2016.01.20-16.44.38:942][  0]LogLinker:Warning: Can't find file '/Game/Blueprints/Behavior/botAI'
[2016.01.20-16.44.38:942][  0]LogLinker:Warning: Can't find file for asset '/Game/Blueprints/Behavior/botAI' while loading ../../../../../../Users/dacos/OneDrive/Documents/Unreal Projects/Game_GT/Content/Blueprints/Characters/MovementTest/su/BTS_botDetectEnemy.uasset.
[2016.01.20-16.44.38:943][  0]LoadErrors:Error: Error /Game/Blueprints/Characters/MovementTest/su/BTS_botDetectEnemy : Can't find file for asset. /Game/Blueprints/Behavior/botAI
[2016.01.20-16.44.38:943][  0]LogLinker:Warning: Can't find file '/Game/Blueprints/Behavior/botState'
[2016.01.20-16.44.38:943][  0]LogLinker:Warning: Can't find file for asset '/Game/Blueprints/Behavior/botState' while loading ../../../../../../Users/dacos/OneDrive/Documents/Unreal Projects/Game_GT/Content/Blueprints/Characters/MovementTest/su/BTS_botDetectEnemy.uasset.
[2016.01.20-16.44.38:943][  0]LoadErrors:Error: Error /Game/Blueprints/Characters/MovementTest/su/BTS_botDetectEnemy : Can't find file for asset. /Game/Blueprints/Behavior/botState
[2016.01.20-16.44.38:943][  0]LogLinker:Warning: Can't find file '/Game/Blueprints/Pawn/botCharacter'
[2016.01.20-16.44.38:943][  0]LogLinker:Warning: Can't find file for asset '/Game/Blueprints/Pawn/botCharacter' while loading ../../../../../../Users/dacos/OneDrive/Documents/Unreal Projects/Game_GT/Content/Blueprints/Characters/MovementTest/su/BTS_botDetectEnemy.uasset.
[2016.01.20-16.44.38:943][  0]LoadErrors:Error: Error /Game/Blueprints/Characters/MovementTest/su/BTS_botDetectEnemy : Can't find file for asset. /Game/Blueprints/Pawn/botCharacter
[2016.01.20-16.44.38:943][  0]LogLinker:Warning: Can't find file '/Game/Blueprints/Pawn/MyCharacter'
[2016.01.20-16.44.38:943][  0]LogLinker:Warning: Can't find file for asset '/Game/Blueprints/Pawn/MyCharacter' while loading ../../../../../../Users/dacos/OneDrive/Documents/Unreal Projects/Game_GT/Content/Blueprints/Characters/MovementTest/su/BTS_botDetectEnemy.uasset.
[2016.01.20-16.44.38:943][  0]LoadErrors:Error: Error /Game/Blueprints/Characters/MovementTest/su/BTS_botDetectEnemy : Can't find file for asset. /Game/Blueprints/Pawn/MyCharacter
[2016.01.20-16.44.38:944][  0]LogLinker:Warning: Can't find file '/Game/Blueprints/Behavior/botState'
[2016.01.20-16.44.38:944][  0]LogLinker:Warning: Can't find file for asset '/Game/Blueprints/Behavior/botState' while loading ../../../../../../Users/dacos/OneDrive/Documents/Unreal Projects/Game_GT/Content/Blueprints/Characters/MovementTest/su/BTS_botDetectEnemy.uasset.
[2016.01.20-16.44.38:944][  0]LoadErrors:Error: Error /Game/Blueprints/Characters/MovementTest/su/BTS_botDetectEnemy : Can't find file for asset. /Game/Blueprints/Behavior/botState
[2016.01.20-16.44.38:944][  0]LogLinker:Warning: Can't find file '/Game/Blueprints/Behavior/botAI'
[2016.01.20-16.44.38:945][  0]LogLinker:Warning: Can't find file for asset '/Game/Blueprints/Behavior/botAI' while loading ../../../../../../Users/dacos/OneDrive/Documents/Unreal Projects/Game_GT/Content/Blueprints/Characters/MovementTest/su/botTree.uasset.
[2016.01.20-16.44.38:945][  0]LoadErrors:Error: Error /Game/Blueprints/Characters/MovementTest/su/botTree : Can't find file for asset. /Game/Blueprints/Behavior/botAI
[2016.01.20-16.44.38:945][  0]LogLinker:Warning: Can't find file '/Game/Blueprints/Pawn/botCharacter'
[2016.01.20-16.44.38:945][  0]LogLinker:Warning: Can't find file for asset '/Game/Blueprints/Pawn/botCharacter' while loading ../../../../../../Users/dacos/OneDrive/Documents/Unreal Projects/Game_GT/Content/Blueprints/Characters/MovementTest/su/botTree.uasset.
[2016.01.20-16.44.38:945][  0]LoadErrors:Error: Error /Game/Blueprints/Characters/MovementTest/su/botTree : Can't find file for asset. /Game/Blueprints/Pawn/botCharacter
[2016.01.20-16.44.38:945][  0]LogLinker:Warning: Can't find file '/Game/Blueprints/Behavior/botAI'
[2016.01.20-16.44.38:945][  0]LogLinker:Warning: Can't find file for asset '/Game/Blueprints/Behavior/botAI' while loading ../../../../../../Users/dacos/OneDrive/Documents/Unreal Projects/Game_GT/Content/Blueprints/Characters/MovementTest/su/botTree.uasset.
[2016.01.20-16.44.38:945][  0]LoadErrors:Error: Error /Game/Blueprints/Characters/MovementTest/su/botTree : Can't find file for asset. /Game/Blueprints/Behavior/botAI
[2016.01.20-16.44.38:945][  0]LogLinker:Warning: Can't find file '/Game/Blueprints/Pawn/botCharacter'
[2016.01.20-16.44.38:945][  0]LogLinker:Warning: Can't find file for asset '/Game/Blueprints/Pawn/botCharacter' while loading ../../../../../../Users/dacos/OneDrive/Documents/Unreal Projects/Game_GT/Content/Blueprints/Characters/MovementTest/su/botTree.uasset.
[2016.01.20-16.44.38:945][  0]LoadErrors:Error: Error /Game/Blueprints/Characters/MovementTest/su/botTree : Can't find file for asset. /Game/Blueprints/Pawn/botCharacter
[2016.01.20-16.44.38:945][  0]LogLinker:Warning: Can't find file '/Game/Blueprints/Pawn/MyCharacter'
[2016.01.20-16.44.38:945][  0]LogLinker:Warning: Can't find file for asset '/Game/Blueprints/Pawn/MyCharacter' while loading ../../../../../../Users/dacos/OneDrive/Documents/Unreal Projects/Game_GT/Content/Blueprints/Characters/MovementTest/su/botTree.uasset.
[2016.01.20-16.44.38:945][  0]LoadErrors:Error: Error /Game/Blueprints/Characters/MovementTest/su/botTree : Can't find file for asset. /Game/Blueprints/Pawn/MyCharacter
[2016.01.20-16.44.38:946][  0]LogLinker:Warning: Can't find file '/Game/Blueprints/Behavior/botAI'
[2016.01.20-16.44.38:946][  0]LogLinker:Warning: Can't find file for asset '/Game/Blueprints/Behavior/botAI' while loading ../../../../../../Users/dacos/OneDrive/Documents/Unreal Projects/Game_GT/Content/Blueprints/Characters/MovementTest/su/botTree.uasset.
[2016.01.20-16.44.38:946][  0]LoadErrors:Error: Error /Game/Blueprints/Characters/MovementTest/su/botTree : Can't find file for asset. /Game/Blueprints/Behavior/botAI
[2016.01.20-16.44.38:946][  0]LogLinker:Warning: Can't find file '/Game/Blueprints/Behavior/botState'
[2016.01.20-16.44.38:946][  0]LogLinker:Warning: Can't find file for asset '/Game/Blueprints/Behavior/botState' while loading ../../../../../../Users/dacos/OneDrive/Documents/Unreal Projects/Game_GT/Content/Blueprints/Characters/MovementTest/su/botTree.uasset.
[2016.01.20-16.44.38:946][  0]LoadErrors:Error: Error /Game/Blueprints/Characters/MovementTest/su/botTree : Can't find file for asset. /Game/Blueprints/Behavior/botState
[2016.01.20-16.44.38:946][  0]LogLinker:Warning: Can't find file '/Game/Blueprints/Pawn/botCharacter'
[2016.01.20-16.44.38:946][  0]LogLinker:Warning: Can't find file for asset '/Game/Blueprints/Pawn/botCharacter' while loading ../../../../../../Users/dacos/OneDrive/Documents/Unreal Projects/Game_GT/Content/Blueprints/Characters/MovementTest/su/botTree.uasset.
[2016.01.20-16.44.38:946][  0]LoadErrors:Error: Error /Game/Blueprints/Characters/MovementTest/su/botTree : Can't find file for asset. /Game/Blueprints/Pawn/botCharacter
[2016.01.20-16.44.38:946][  0]LogLinker:Warning: Can't find file '/Game/Blueprints/Pawn/MyCharacter'
[2016.01.20-16.44.38:946][  0]LogLinker:Warning: Can't find file for asset '/Game/Blueprints/Pawn/MyCharacter' while loading ../../../../../../Users/dacos/OneDrive/Documents/Unreal Projects/Game_GT/Content/Blueprints/Characters/MovementTest/su/botTree.uasset.
[2016.01.20-16.44.38:946][  0]LoadErrors:Error: Error /Game/Blueprints/Characters/MovementTest/su/botTree : Can't find file for asset. /Game/Blueprints/Pawn/MyCharacter
[2016.01.20-16.44.38:946][  0]LogLinker:Warning: Can't find file '/Game/Blueprints/Behavior/botState'
[2016.01.20-16.44.38:946][  0]LogLinker:Warning: Can't find file for asset '/Game/Blueprints/Behavior/botState' while loading ../../../../../../Users/dacos/OneDrive/Documents/Unreal Projects/Game_GT/Content/Blueprints/Characters/MovementTest/su/botTree.uasset.
[2016.01.20-16.44.38:946][  0]LoadErrors:Error: Error /Game/Blueprints/Characters/MovementTest/su/botTree : Can't find file for asset. /Game/Blueprints/Behavior/botState
[2016.01.20-16.44.38:949][  0]LogLinker:Warning: Can't find file '/Game/Blueprints/Behavior/botAI'
[2016.01.20-16.44.38:949][  0]LoadErrors: Info Failed to load /Game/Blueprints/Behavior/botAI.botAI_C Referenced by K2Node_DynamicCast_6215
[2016.01.20-16.44.38:949][  0]LogLinker:Warning: Can't find file for asset '/Game/Blueprints/Behavior/botAI' while loading ../../../../../../Users/dacos/OneDrive/Documents/Unreal Projects/Game_GT/Content/Blueprints/Characters/MovementTest/su/botTree.uasset.
[2016.01.20-16.44.38:949][  0]LoadErrors: Info Failed to load /Game/Blueprints/Behavior/botAI.botAI_C Referenced by K2Node_DynamicCast_6215
[2016.01.20-16.44.38:949][  0]LoadErrors:Error: Error /Game/Blueprints/Characters/MovementTest/su/botTree : Can't find file for asset. /Game/Blueprints/Behavior/botAI
[2016.01.20-16.44.38:949][  0]LogLinker:Warning: Can't find file '/Game/Blueprints/Behavior/botAI'
[2016.01.20-16.44.38:949][  0]LoadErrors: Info Failed to load /Game/Blueprints/Behavior/botAI.botAI_C Referenced by EdGraphPin_18720
[2016.01.20-16.44.38:949][  0]LogLinker:Warning: Can't find file for asset '/Game/Blueprints/Behavior/botAI' while loading ../../../../../../Users/dacos/OneDrive/Documents/Unreal Projects/Game_GT/Content/Blueprints/Characters/MovementTest/su/botTree.uasset.
[2016.01.20-16.44.38:949][  0]LoadErrors: Info Failed to load /Game/Blueprints/Behavior/botAI.botAI_C Referenced by EdGraphPin_18720
[2016.01.20-16.44.38:949][  0]LoadErrors:Error: Error /Game/Blueprints/Characters/MovementTest/su/botTree : Can't find file for asset. /Game/Blueprints/Behavior/botAI
[2016.01.20-16.44.38:950][  0]LogLinker:Warning: Can't find file '/Game/Blueprints/Pawn/MyCharacter'
[2016.01.20-16.44.38:950][  0]LoadErrors: Info Failed to load /Game/Blueprints/Pawn/MyCharacter.MyCharacter_C Referenced by EdGraphPin_7037
[2016.01.20-16.44.38:950][  0]LogLinker:Warning: Can't find file for asset '/Game/Blueprints/Pawn/MyCharacter' while loading ../../../../../../Users/dacos/OneDrive/Documents/Unreal Projects/Game_GT/Content/Blueprints/Characters/MovementTest/su/botTree.uasset.
[2016.01.20-16.44.38:950][  0]LoadErrors: Info Failed to load /Game/Blueprints/Pawn/MyCharacter.MyCharacter_C Referenced by EdGraphPin_7037
[2016.01.20-16.44.38:950][  0]LoadErrors:Error: Error /Game/Blueprints/Characters/MovementTest/su/botTree : Can't find file for asset. /Game/Blueprints/Pawn/MyCharacter
[2016.01.20-16.44.38:953][  0]LogLinker:Warning: Can't find file '/Game/Blueprints/Behavior/botState'
[2016.01.20-16.44.38:953][  0]LoadErrors: Info Failed to load /Game/Blueprints/Behavior/botState.botState Referenced by K2Node_SwitchEnum_14743
[2016.01.20-16.44.38:953][  0]LogLinker:Warning: Can't find file for asset '/Game/Blueprints/Behavior/botState' while loading ../../../../../../Users/dacos/OneDrive/Documents/Unreal Projects/Game_GT/Content/Blueprints/Characters/MovementTest/su/botTree.uasset.
[2016.01.20-16.44.38:953][  0]LoadErrors: Info Failed to load /Game/Blueprints/Behavior/botState.botState Referenced by K2Node_SwitchEnum_14743
[2016.01.20-16.44.38:953][  0]LoadErrors:Error: Error /Game/Blueprints/Characters/MovementTest/su/botTree : Can't find file for asset. /Game/Blueprints/Behavior/botState
[2016.01.20-16.44.38:954][  0]LogLinker:Warning: Can't find file '/Game/Blueprints/Behavior/botState'
[2016.01.20-16.44.38:955][  0]LoadErrors: Info Failed to load /Game/Blueprints/Behavior/botState.botState Referenced by K2Node_SwitchEnum_14788
[2016.01.20-16.44.38:955][  0]LogLinker:Warning: Can't find file for asset '/Game/Blueprints/Behavior/botState' while loading ../../../../../../Users/dacos/OneDrive/Documents/Unreal Projects/Game_GT/Content/Blueprints/Characters/MovementTest/su/botTree.uasset.
[2016.01.20-16.44.38:955][  0]LoadErrors: Info Failed to load /Game/Blueprints/Behavior/botState.botState Referenced by K2Node_SwitchEnum_14788
[2016.01.20-16.44.38:955][  0]LoadErrors:Error: Error /Game/Blueprints/Characters/MovementTest/su/botTree : Can't find file for asset. /Game/Blueprints/Behavior/botState
[2016.01.20-16.44.38:957][  0]LogLinker:Warning: Can't find file '/Game/Blueprints/Pawn/botCharacter'
[2016.01.20-16.44.38:957][  0]LoadErrors: Info Failed to load /Game/Blueprints/Pawn/botCharacter.botCharacter_C Referenced by K2Node_DynamicCast_47
[2016.01.20-16.44.38:957][  0]LogLinker:Warning: Can't find file for asset '/Game/Blueprints/Pawn/botCharacter' while loading ../../../../../../Users/dacos/OneDrive/Documents/Unreal Projects/Game_GT/Content/Blueprints/Characters/MovementTest/su/botTree.uasset.
[2016.01.20-16.44.38:957][  0]LoadErrors: Info Failed to load /Game/Blueprints/Pawn/botCharacter.botCharacter_C Referenced by K2Node_DynamicCast_47
[2016.01.20-16.44.38:957][  0]LoadErrors:Error: Error /Game/Blueprints/Characters/MovementTest/su/botTree : Can't find file for asset. /Game/Blueprints/Pawn/botCharacter
[2016.01.20-16.44.38:957][  0]LogLinker:Warning: Can't find file '/Game/Blueprints/Pawn/botCharacter'
[2016.01.20-16.44.38:957][  0]LoadErrors: Info Failed to load /Game/Blueprints/Pawn/botCharacter.botCharacter_C Referenced by EdGraphPin_18756
[2016.01.20-16.44.38:957][  0]LogLinker:Warning: Can't find file for asset '/Game/Blueprints/Pawn/botCharacter' while loading ../../../../../../Users/dacos/OneDrive/Documents/Unreal Projects/Game_GT/Content/Blueprints/Characters/MovementTest/su/botTree.uasset.
[2016.01.20-16.44.38:957][  0]LoadErrors: Info Failed to load /Game/Blueprints/Pawn/botCharacter.botCharacter_C Referenced by EdGraphPin_18756
[2016.01.20-16.44.38:957][  0]LoadErrors:Error: Error /Game/Blueprints/Characters/MovementTest/su/botTree : Can't find file for asset. /Game/Blueprints/Pawn/botCharacter
[2016.01.20-16.44.38:958][  0]LogLinker:Warning: Can't find file '/Game/Blueprints/Pawn/botCharacter'
[2016.01.20-16.44.38:958][  0]LoadErrors: Info Failed to load /Game/Blueprints/Pawn/botCharacter.botCharacter_C Referenced by K2Node_CallFunction_187347
[2016.01.20-16.44.38:958][  0]LogLinker:Warning: Can't find file for asset '/Game/Blueprints/Pawn/botCharacter' while loading ../../../../../../Users/dacos/OneDrive/Documents/Unreal Projects/Game_GT/Content/Blueprints/Characters/MovementTest/su/botTree.uasset.
[2016.01.20-16.44.38:958][  0]LoadErrors: Info Failed to load /Game/Blueprints/Pawn/botCharacter.botCharacter_C Referenced by K2Node_CallFunction_187347
[2016.01.20-16.44.38:958][  0]LoadErrors:Error: Error /Game/Blueprints/Characters/MovementTest/su/botTree : Can't find file for asset. /Game/Blueprints/Pawn/botCharacter
[2016.01.20-16.44.38:958][  0]LogLinker:Warning: Can't find file '/Game/Blueprints/Pawn/botCharacter'
[2016.01.20-16.44.38:958][  0]LoadErrors: Info Failed to load /Game/Blueprints/Pawn/botCharacter.botCharacter_C Referenced by EdGraphPin_18769
[2016.01.20-16.44.38:958][  0]LogLinker:Warning: Can't find file for asset '/Game/Blueprints/Pawn/botCharacter' while loading ../../../../../../Users/dacos/OneDrive/Documents/Unreal Projects/Game_GT/Content/Blueprints/Characters/MovementTest/su/botTree.uasset.
[2016.01.20-16.44.38:958][  0]LoadErrors: Info Failed to load /Game/Blueprints/Pawn/botCharacter.botCharacter_C Referenced by EdGraphPin_18769
[2016.01.20-16.44.38:958][  0]LoadErrors:Error: Error /Game/Blueprints/Characters/MovementTest/su/botTree : Can't find file for asset. /Game/Blueprints/Pawn/botCharacter
[2016.01.20-16.44.38:975][  0]LogBlueprint:Error: [compiler BTS_botDetectEnemy] Error Could not find a function named "Enemy Lost_Event" in 'BTS_botDetectEnemy'.
Make sure 'BTS_botDetectEnemy' has been compiled for  Enemy Lost Event 
[2016.01.20-16.44.38:975][  0]LogBlueprint:Warning: [compiler BTS_botDetectEnemy] Warning Can't connect pins  Object  and  Return Value : This cast has an invalid target type (was the class deleted without a redirect?).
[2016.01.20-16.44.38:976][  0]LogBlueprint:Warning: [compiler BTS_botDetectEnemy] Warning Can't connect pins  Return Value  and  Object : This cast has an invalid target type (was the class deleted without a redirect?).
[2016.01.20-16.44.38:976][  0]LogBlueprint:Warning: [compiler BTS_botDetectEnemy] Warning Can't connect pins  Object  and  Owner Actor : This cast has an invalid target type (was the class deleted without a redirect?).
[2016.01.20-16.44.38:976][  0]LogBlueprint:Warning: [compiler BTS_botDetectEnemy] Warning Can't connect pins  Owner Actor  and  Object : This cast has an invalid target type (was the class deleted without a redirect?).
[2016.01.20-16.44.38:977][  0]LogBlueprint:Error: [compiler BTS_botDetectEnemy] Error This blueprint (self) is not compatible with ' Target ', therefore that pin must have a connection.
[2016.01.20-16.44.38:977][  0]LogBlueprint:Error: [compiler BTS_botDetectEnemy] Error This blueprint (self) is not a Actor, therefore ' Target ' must have a connection.
[2016.01.20-16.44.38:977][  0]LogBlueprint:Error: [compiler BTS_botDetectEnemy] Error This blueprint (self) is not a AIController, therefore ' Target ' must have a connection.
[2016.01.20-16.44.38:977][  0]LogBlueprint:Error: [compiler BTS_botDetectEnemy] Error This blueprint (self) is not a Controller, therefore ' Target ' must have a connection.
[2016.01.20-16.44.38:977][  0]LogBlueprint:Error: [compiler BTS_botDetectEnemy] Error This blueprint (self) is not a Actor, therefore ' Target ' must have a connection.
[2016.01.20-16.44.38:977][  0]LogBlueprint:Error: [compiler BTS_botDetectEnemy] Error This blueprint (self) is not a Controller, therefore ' Target ' must have a connection.
[2016.01.20-16.44.38:985][  0]LogBlueprint:Warning: [compiler BTS_botDetectEnemy] Warning [0005.48] Compile of BTS_botDetectEnemy failed. 7 Fatal Issue(s) 4 Warning(s) [in 17 ms]
[2016.01.20-16.44.38:985][  0]LogBlueprint:Warning: [compiler BTS_botDetectEnemy] Warning [0005.48] Compile of BTS_botDetectEnemy failed. 7 Fatal Issue(s) 5 Warning(s) [in 0 ms]
[2016.01.20-16.44.38:985][  0]LogBlueprint:Warning: [compiler BTS_botDetectEnemy] Warning [0005.48] Compile of BTS_botDetectEnemy failed. 7 Fatal Issue(s) 6 Warning(s) [in 0 ms]
[2016.01.20-16.44.39:524][  0]LogLinker:Warning: Can't find file '/Game/Blueprints/Behavior/botState'
[2016.01.20-16.44.39:524][  0]LoadErrors: Info Failed to load /Game/Blueprints/Behavior/botState.botState Referenced by BlackboardKeyType_Enum_1
[2016.01.20-16.44.39:524][  0]LogLinker:Warning: Can't find file for asset '/Game/Blueprints/Behavior/botState' while loading NULL.
[2016.01.20-16.44.39:524][  0]LoadErrors: Info Failed to load /Game/Blueprints/Behavior/botState.botState Referenced by BlackboardKeyType_Enum_1
[2016.01.20-16.44.39:650][  0]LogTexture:Display: Building textures: HQ_Lightmap0_1 (AutoDXT)
[2016.01.20-16.44.39:667][  0]LogTexture:Display: Building textures: HQ_Lightmap1_2 (AutoDXT)
[2016.01.20-16.44.39:670][  0]LogTexture:Display: Building textures: LQ_Lightmap_0_1 (DXT1)
[2016.01.20-16.44.39:688][  0]LogTexture:Display: Building textures: LQ_Lightmap_1_2 (DXT1)
[2016.01.20-16.44.39:731][  0]LogAIModule: Creating AISystem for world TopDownExampleMap
[2016.01.20-16.44.39:786][  0]LogEditorServer: Finished looking for orphan Actors (0.000 secs)
[2016.01.20-16.44.39:788][  0]Cmd: MAP CHECKDEP NOCLEARLOG
[2016.01.20-16.44.39:849][  0]MapCheck: Info Map check complete: 0 Error(s), 0 Warning(s), took 61.09ms to complete.
[2016.01.20-16.44.39:849][  0]LogFileHelpers: Loading map 'TopDownExampleMap' took 0.944
[2016.01.20-16.44.39:967][  0]LogCollectionManager: Loaded 0 collections in 0.004226 seconds
[2016.01.20-16.44.40:008][  0]LogFileCache: Scanning file cache for directory 'C:/Users/dacos/OneDrive/Documents/Unreal Projects/Game_GT/Saved/Collections/' took 0.01s
[2016.01.20-16.44.40:008][  0]LogFileCache: Scanning file cache for directory 'C:/Users/dacos/OneDrive/Documents/Unreal Projects/Game_GT/Content/Developers/dacos/Collections/' took 0.01s
[2016.01.20-16.44.40:008][  0]LogFileCache: Scanning file cache for directory 'C:/Users/dacos/OneDrive/Documents/Unreal Projects/Game_GT/Content/Collections/' took 0.01s
[2016.01.20-16.44.40:008][  0]LogCollectionManager: Rebuilt the GUID cache for 0 collections in 0.000002 seconds
[2016.01.20-16.44.40:022][  0]LogContentBrowser: Native class hierarchy populated in 0.0130 seconds. Added 1897 classes and 340 folders.
[2016.01.20-16.44.40:033][  0]LogContentBrowser: Native class hierarchy updated for 'WidgetCarousel' in 0.0016 seconds. Added 0 classes and 0 folders.
[2016.01.20-16.44.40:086][  0]LogContentBrowser: Native class hierarchy updated for 'AddContentDialog' in 0.0011 seconds. Added 0 classes and 0 folders.
[2016.01.20-16.44.40:090][  0]LogContentBrowser: Native class hierarchy updated for 'SceneOutliner' in 0.0012 seconds. Added 1 classes and 2 folders.
[2016.01.20-16.44.40:117][  0]LogCrashTracker: Crashtracker disabled due to settings.
[2016.01.20-16.44.40:124][  0]LogUObjectGlobals:Warning: Failed to find object 'Class None.'
[2016.01.20-16.44.40:146][  0]LogLoad: Full Startup: 6.64 seconds (BP compile: 0.27 seconds)
[2016.01.20-16.44.40:162][  0]LogOcInput: Can't find Oculus library dev build: is proper Runtime installed? Version: 0.8.0.0
[2016.01.20-16.44.40:258][  0]SourceControl: Info On branch master
[2016.01.20-16.44.40:258][  0]SourceControl: Info Your branch is up-to-date with 'origin/master'.
[2016.01.20-16.44.40:258][  0]SourceControl: Info Changes to be committed:
[2016.01.20-16.44.40:258][  0]SourceControl: Info   (use "git reset HEAD <file>..." to unstage)
[2016.01.20-16.44.40:258][  0]SourceControl: Info 	modified:   Content/Blueprints/Characters/MovementTest/BTD_BotUpdateRout.uasset
[2016.01.20-16.44.40:258][  0]SourceControl: Info 	new file:   Content/Blueprints/Characters/MovementTest/BTD_BotUpdateRout_bad.uasset
[2016.01.20-16.44.40:258][  0]SourceControl: Info 	modified:   Content/Blueprints/Characters/MovementTest/BTT_BotNextRout.uasset
[2016.01.20-16.44.40:258][  0]SourceControl: Info 	new file:   Content/Blueprints/Characters/MovementTest/BTT_BotNextRout_bad.uasset
[2016.01.20-16.44.40:258][  0]SourceControl: Info 	modified:   Content/Blueprints/Characters/MovementTest/BTT_BotWalkspeed.uasset
[2016.01.20-16.44.40:258][  0]SourceControl: Info 	new file:   Content/Blueprints/Characters/MovementTest/BTT_BotWalkspeed_bad.uasset
[2016.01.20-16.44.40:258][  0]SourceControl: Info 	modified:   Content/Blueprints/Characters/MovementTest/BotAi.uasset
[2016.01.20-16.44.40:258][  0]SourceControl: Info 	modified:   Content/Blueprints/Characters/MovementTest/BotAiTree.uasset
[2016.01.20-16.44.40:258][  0]SourceControl: Info 	copied:     Content/Blueprints/Characters/MovementTest/BotAiTree.uasset -> Content/Blueprints/Characters/MovementTest/BotAiTree_bad.uasset
[2016.01.20-16.44.40:258][  0]SourceControl: Info 	new file:   Content/Blueprints/Characters/MovementTest/BotAi_bad.uasset
[2016.01.20-16.44.40:258][  0]SourceControl: Info 	modified:   Content/Blueprints/Characters/MovementTest/BotData.uasset
[2016.01.20-16.44.40:258][  0]SourceControl: Info 	new file:   Content/Blueprints/Characters/MovementTest/BotData_bad.uasset
[2016.01.20-16.44.40:258][  0]SourceControl: Info 	modified:   Content/Blueprints/Characters/MovementTest/BotState.uasset
[2016.01.20-16.44.40:258][  0]SourceControl: Info 	new file:   Content/Blueprints/Characters/MovementTest/BotState_bad.uasset
[2016.01.20-16.44.40:258][  0]SourceControl: Info 	modified:   Content/Blueprints/Characters/MovementTest/BotWaypoint.uasset
[2016.01.20-16.44.40:258][  0]SourceControl: Info 	new file:   Content/Blueprints/Characters/MovementTest/BotWaypoint_bad.uasset
[2016.01.20-16.44.40:258][  0]SourceControl: Info Changes not staged for commit:
[2016.01.20-16.44.40:258][  0]SourceControl: Info   (use "git add/rm <file>..." to update what will be committed)
[2016.01.20-16.44.40:258][  0]SourceControl: Info   (use "git checkout -- <file>..." to discard changes in working directory)
[2016.01.20-16.44.40:258][  0]SourceControl: Info 	modified:   Content/Blueprints/Characters/MovementTest/BTD_BotUpdateRout_bad.uasset
[2016.01.20-16.44.40:258][  0]SourceControl: Info 	modified:   Content/Blueprints/Characters/MovementTest/BTT_BotNextRout_bad.uasset
[2016.01.20-16.44.40:259][  0]SourceControl: Info 	modified:   Content/Blueprints/Characters/MovementTest/BTT_BotWalkspeed_bad.uasset
[2016.01.20-16.44.40:259][  0]SourceControl: Info 	modified:   Content/Blueprints/Characters/MovementTest/BotAi_bad.uasset
[2016.01.20-16.44.40:259][  0]SourceControl: Info 	modified:   Content/Blueprints/Characters/MovementTest/BotWaypoint_bad.uasset
[2016.01.20-16.44.40:259][  0]SourceControl: Info 	modified:   Content/Blueprints/Characters/MovementTest/RadaBancroft_v2.uasset
[2016.01.20-16.44.40:259][  0]SourceControl: Info 	modified:   Content/TopDownCPP/Maps/TopDownExampleMap.umap
[2016.01.20-16.44.40:259][  0]SourceControl: Info 	modified:   Intermediate/CachedAssetRegistry.bin
[2016.01.20-16.44.40:259][  0]SourceControl: Info 	modified:   Saved/Autosaves/Game/TopDownCPP/Maps/TopDownExampleMap_Auto1.umap
[2016.01.20-16.44.40:259][  0]SourceControl: Info 	modified:   Saved/Autosaves/PackageRestoreData.json
[2016.01.20-16.44.40:259][  0]SourceControl: Info 	deleted:    Saved/Backup/2DTopDown_Style_2015-09-23-22-02-24.uasset
[2016.01.20-16.44.40:259][  0]SourceControl: Info 	deleted:    Saved/Backup/AITesting_MoveGoal_2015-09-22-18-54-36.uasset
[2016.01.20-16.44.40:259][  0]SourceControl: Info 	deleted:    Saved/Backup/ActorMacros_2015-09-22-18-54-35.uasset
[2016.01.20-16.44.40:259][  0]SourceControl: Info 	deleted:    Saved/Backup/BotAiTree_2016-01-07-11-52-26.uasset
[2016.01.20-16.44.40:259][  0]SourceControl: Info 	deleted:    Saved/Backup/LizardMan_PaperCharacter_2015-09-24-17-35-03.uasset
[2016.01.20-16.44.40:259][  0]SourceControl: Info 	deleted:    Saved/Backup/LizardMan_PaperCharacter_2015-09-24-18-41-46.uasset
[2016.01.20-16.44.40:259][  0]SourceControl: Info 	deleted:    Saved/Backup/LizardMan_PaperCharacter_2015-09-24-20-14-26.uasset
[2016.01.20-16.44.40:259][  0]SourceControl: Info 	deleted:    Saved/Backup/LizardMan_PaperCharacter_2015-09-29-12-53-00.uasset
[2016.01.20-16.44.40:259][  0]SourceControl: Info 	deleted:    Saved/Backup/LizardMan_PaperCharacter_2015-10-01-11-58-40.uasset
[2016.01.20-16.44.40:259][  0]SourceControl: Info 	deleted:    Saved/Backup/LizardMan_PaperCharacter_2015-10-16-11-18-52.uasset
[2016.01.20-16.44.40:259][  0]SourceControl: Info 	deleted:    Saved/Backup/LizardMan_PaperCharacter_2015-10-26-11-21-39.uasset
[2016.01.20-16.44.40:259][  0]SourceControl: Info 	deleted:    Saved/Backup/LizardMan_PaperCharacter_2015-10-30-12-01-37.uasset
[2016.01.20-16.44.40:259][  0]SourceControl: Info 	deleted:    Saved/Backup/LizardMan_PaperCharacter_2015-11-09-10-54-06.uasset
[2016.01.20-16.44.40:259][  0]SourceControl: Info 	modified:   Saved/Config/Windows/Editor.ini
[2016.01.20-16.44.40:259][  0]SourceControl: Info 	modified:   Saved/Config/Windows/EditorPerProjectUserSettings.ini
[2016.01.20-16.44.40:259][  0]SourceControl: Info 	modified:   Saved/Config/Windows/Engine.ini
[2016.01.20-16.44.40:259][  0]SourceControl: Info 	deleted:    Saved/Logs/Game_GT-backup-2016.01.11-11.39.41.log
[2016.01.20-16.44.40:259][  0]SourceControl: Info 	deleted:    Saved/Logs/Game_GT-backup-2016.01.11-11.49.32.log
[2016.01.20-16.44.40:259][  0]SourceControl: Info 	deleted:    Saved/Logs/Game_GT-backup-2016.01.12-17.31.54.log
[2016.01.20-16.44.40:259][  0]SourceControl: Info 	deleted:    Saved/Logs/Game_GT-backup-2016.01.15-10.45.12.log
[2016.01.20-16.44.40:259][  0]SourceControl: Info 	deleted:    Saved/Logs/Game_GT-backup-2016.01.15-10.58.23.log
[2016.01.20-16.44.40:259][  0]SourceControl: Info 	deleted:    Saved/Logs/Game_GT-backup-2016.01.15-11.19.10.log
[2016.01.20-16.44.40:259][  0]SourceControl: Info 	modified:   Saved/Logs/Game_GT.log
[2016.01.20-16.44.40:259][  0]SourceControl: Info Untracked files:
[2016.01.20-16.44.40:259][  0]SourceControl: Info   (use "git add <file>..." to include in what will be committed)
[2016.01.20-16.44.40:259][  0]SourceControl: Info 	Content/Blueprints/Characters/MovementTest/su/
[2016.01.20-16.44.40:259][  0]SourceControl: Info 	Saved/Autosaves/Game/Blueprints/Characters/MovementTest/su/
[2016.01.20-16.44.40:260][  0]SourceControl: Info 	Saved/Backup/BTD_BotUpdateRout_2016-01-20-11-06-36.uasset
[2016.01.20-16.44.40:260][  0]SourceControl: Info 	Saved/Backup/BTD_BotUpdateRout_bad_2016-01-20-11-06-35.uasset
[2016.01.20-16.44.40:260][  0]SourceControl: Info 	Saved/Backup/BTD_botUpdateRoute_2016-01-20-11-13-02.uasset
[2016.01.20-16.44.40:260][  0]SourceControl: Info 	Saved/Backup/BTT_BotNextRout_2016-01-20-11-06-41.uasset
[2016.01.20-16.44.40:260][  0]SourceControl: Info 	Saved/Backup/BTT_BotNextRout_bad_2016-01-20-11-06-41.uasset
[2016.01.20-16.44.40:260][  0]SourceControl: Info 	Saved/Backup/BTT_BotWalkspeed_2016-01-20-11-06-48.uasset
[2016.01.20-16.44.40:260][  0]SourceControl: Info 	Saved/Backup/BTT_BotWalkspeed_bad_2016-01-20-11-06-48.uasset
[2016.01.20-16.44.40:260][  0]SourceControl: Info 	Saved/Backup/BTT_botNextRoute_2016-01-20-11-27-04.uasset
[2016.01.20-16.44.40:260][  0]SourceControl: Info 	Saved/Backup/BotAiTree_2016-01-20-11-06-06.uasset
[2016.01.20-16.44.40:260][  0]SourceControl: Info 	Saved/Backup/BotAi_2016-01-20-11-04-35.uasset
[2016.01.20-16.44.40:260][  0]SourceControl: Info 	Saved/Backup/BotAi_bad_2016-01-20-11-04-34.uasset
[2016.01.20-16.44.40:260][  0]SourceControl: Info 	Saved/Backup/BotData_2016-01-20-11-06-14.uasset
[2016.01.20-16.44.40:260][  0]SourceControl: Info 	Saved/Backup/BotState_2016-01-20-11-06-21.uasset
[2016.01.20-16.44.40:260][  0]SourceControl: Info 	Saved/Backup/BotWaypoint_2016-01-20-11-06-28.uasset
[2016.01.20-16.44.40:260][  0]SourceControl: Info 	Saved/Backup/BotWaypoint_bad_2016-01-20-11-06-28.uasset
[2016.01.20-16.44.40:260][  0]SourceControl: Info 	Saved/Backup/RadaBancroft_v2_2016-01-20-11-32-17.uasset
[2016.01.20-16.44.40:260][  0]SourceControl: Info 	Saved/Backup/TopDownExampleMap_2016-01-20-11-03-16.umap
[2016.01.20-16.44.40:260][  0]SourceControl: Info 	Saved/Backup/TopDownExampleMap_2016-01-20-11-15-29.umap
[2016.01.20-16.44.40:260][  0]SourceControl: Info 	Saved/Backup/TopDownExampleMap_2016-01-20-11-30-24.umap
[2016.01.20-16.44.40:260][  0]SourceControl: Info 	Saved/Backup/botAI_2016-01-20-11-31-21.uasset
[2016.01.20-16.44.40:260][  0]SourceControl: Info 	Saved/Backup/botTree_2016-01-20-11-15-29.uasset
[2016.01.20-16.44.40:260][  0]SourceControl: Info 	Saved/Backup/botTree_2016-01-20-11-22-56.uasset
[2016.01.20-16.44.40:260][  0]SourceControl: Info 	Saved/Logs/Game_GT-backup-2016.01.20-10.54.15.log
[2016.01.20-16.44.40:260][  0]SourceControl: Info 	Saved/Logs/Game_GT-backup-2016.01.20-11.44.34.log
[2016.01.20-16.44.40:260][  0]SourceControl: Info 	Saved/Logs/UE4CC-Windows-3B26D9CE48B739A48F800C81E59AE742/
[2016.01.20-16.44.40:261][  0]LogContentStreaming: Texture pool size now 1000 MB
[2016.01.20-16.44.40:458][  0]LogRenderer: Reallocating scene render targets to support 1280x624 (Frame:2).
[2016.01.20-16.44.41:020][  6]LogAssetRegistry: Asset discovery search completed in 3.7251 seconds
[2016.01.20-16.44.41:020][  6]LogCollectionManager: Rebuilt the object cache for 0 collections in 0.000000 seconds (found 0 objects)
[2016.01.20-16.44.41:020][  6]LogCollectionManager: Fixed up redirectors for 0 collections in 0.000016 seconds (updated 0 objects)
[2016.01.20-16.45.25:605][774]LogSavePackage: Save=123.561165ms
[2016.01.20-16.45.25:606][774]LogSavePackage: Moving '../../../../../../Users/dacos/OneDrive/Documents/Unreal Projects/Game_GT/Saved/TopDownExampleMap391389DA4D1E0992946E228505CCD236.tmp' to '../../../../../../Users/dacos/OneDrive/Documents/Unreal Projects/Game_GT/Content/TopDownCPP/Maps/TopDownExampleMap.umap'
[2016.01.20-16.45.25:607][774]LogSavePackage: Total save time: 184.485123ms
[2016.01.20-16.45.25:607][774]LogSavePackage:Display: Finished SavePackage ../../../../../../Users/dacos/OneDrive/Documents/Unreal Projects/Game_GT/Content/TopDownCPP/Maps/TopDownExampleMap.umap
[2016.01.20-16.47.08:477][675]LogSlate:Warning: Prevented a slow task dialog from being summoned while a context menu was open
[2016.01.20-16.47.08:568][675]LogLinker:Warning: Can't find file '/Game/Blueprints/Behavior/botWaypoint'
[2016.01.20-16.47.08:569][675]LogLinker:Warning: Can't find file for asset '/Game/Blueprints/Behavior/botWaypoint' while loading ../../../../../../Users/dacos/OneDrive/Documents/Unreal Projects/Game_GT/Content/Blueprints/Characters/MovementTest/su/botWaypoint2.uasset.
[2016.01.20-16.47.08:569][675]LoadErrors:Error: Error /Game/Blueprints/Characters/MovementTest/su/botWaypoint2 : Can't find file for asset. /Game/Blueprints/Behavior/botWaypoint
[2016.01.20-16.47.08:569][675]LogLinker:Warning: Can't find file '/Game/Blueprints/Behavior/botWaypoint'
[2016.01.20-16.47.08:569][675]LogLinker:Warning: Can't find file for asset '/Game/Blueprints/Behavior/botWaypoint' while loading ../../../../../../Users/dacos/OneDrive/Documents/Unreal Projects/Game_GT/Content/Blueprints/Characters/MovementTest/su/botWaypoint2.uasset.
[2016.01.20-16.47.08:569][675]LogLinker:Warning: Can't find file '/Game/Blueprints/Behavior/botWaypoint'
[2016.01.20-16.47.08:569][675]LogLinker:Warning: Can't find file for asset '/Game/Blueprints/Behavior/botWaypoint' while loading ../../../../../../Users/dacos/OneDrive/Documents/Unreal Projects/Game_GT/Content/Blueprints/Characters/MovementTest/su/botWaypoint2.uasset.
[2016.01.20-16.47.08:569][675]LogLinker:Warning: Can't find file '/Game/Blueprints/Behavior/botWaypoint'
[2016.01.20-16.47.08:569][675]LogLinker:Warning: Can't find file for asset '/Game/Blueprints/Behavior/botWaypoint' while loading ../../../../../../Users/dacos/OneDrive/Documents/Unreal Projects/Game_GT/Content/Blueprints/Characters/MovementTest/su/botWaypoint2.uasset.
[2016.01.20-16.47.08:569][675]LogLinker:Warning: Can't find file '/Game/Blueprints/Behavior/botWaypoint'
[2016.01.20-16.47.08:570][675]LoadErrors: Info Failed to load /Game/Blueprints/Behavior/botWaypoint.botWaypoint Referenced by botWaypoint2
[2016.01.20-16.47.08:570][675]LogLinker:Warning: Can't find file for asset '/Game/Blueprints/Behavior/botWaypoint' while loading NULL.
[2016.01.20-16.47.08:570][675]LogLinker:Warning: Can't find file '/Game/Blueprints/Behavior/botWaypoint'
[2016.01.20-16.47.08:570][675]LoadErrors: Info Failed to load /Game/Blueprints/Behavior/botWaypoint.botWaypoint_C Referenced by botWaypoint2_C
[2016.01.20-16.47.08:570][675]LogLinker:Warning: Can't find file for asset '/Game/Blueprints/Behavior/botWaypoint' while loading NULL.
[2016.01.20-16.47.08:570][675]LogLinker:Warning: Can't find file '/Game/Blueprints/Behavior/botWaypoint'
[2016.01.20-16.47.08:570][675]LoadErrors: Info Failed to load /Game/Blueprints/Behavior/botWaypoint.Default__botWaypoint_C Referenced by Default__botWaypoint2_C
[2016.01.20-16.47.08:570][675]LogLinker:Warning: Can't find file for asset '/Game/Blueprints/Behavior/botWaypoint' while loading NULL.
[2016.01.20-16.47.08:572][675]LogLinker:Warning: Can't find file '/Game/Blueprints/Behavior/botAI'
[2016.01.20-16.47.08:572][675]LogLinker:Warning: Can't find file for asset '/Game/Blueprints/Behavior/botAI' while loading ../../../../../../Users/dacos/OneDrive/Documents/Unreal Projects/Game_GT/Content/Blueprints/Characters/MovementTest/su/BTT_botAttackEnemy.uasset.
[2016.01.20-16.47.08:572][675]LoadErrors:Error: Error /Game/Blueprints/Characters/MovementTest/su/BTT_botAttackEnemy : Can't find file for asset. /Game/Blueprints/Behavior/botAI
[2016.01.20-16.47.08:572][675]LogLinker:Warning: Can't find file '/Game/Blueprints/Pawn/botCharacter'
[2016.01.20-16.47.08:572][675]LogLinker:Warning: Can't find file for asset '/Game/Blueprints/Pawn/botCharacter' while loading ../../../../../../Users/dacos/OneDrive/Documents/Unreal Projects/Game_GT/Content/Blueprints/Characters/MovementTest/su/BTT_botAttackEnemy.uasset.
[2016.01.20-16.47.08:572][675]LoadErrors:Error: Error /Game/Blueprints/Characters/MovementTest/su/BTT_botAttackEnemy : Can't find file for asset. /Game/Blueprints/Pawn/botCharacter
[2016.01.20-16.47.08:573][675]LogLinker:Warning: Can't find file '/Game/Blueprints/Pawn/botCharacter'
[2016.01.20-16.47.08:574][675]LogLinker:Warning: Can't find file for asset '/Game/Blueprints/Pawn/botCharacter' while loading ../../../../../../Users/dacos/OneDrive/Documents/Unreal Projects/Game_GT/Content/Blueprints/Characters/MovementTest/su/BTT_botAttackEnemy.uasset.
[2016.01.20-16.47.08:574][675]LogLinker:Warning: Can't find file '/Game/Blueprints/Pawn/botCharacter'
[2016.01.20-16.47.08:574][675]LogLinker:Warning: Can't find file for asset '/Game/Blueprints/Pawn/botCharacter' while loading ../../../../../../Users/dacos/OneDrive/Documents/Unreal Projects/Game_GT/Content/Blueprints/Characters/MovementTest/su/BTT_botAttackEnemy.uasset.
[2016.01.20-16.47.08:574][675]LogLinker:Warning: Can't find file '/Game/Blueprints/Pawn/botCharacter'
[2016.01.20-16.47.08:574][675]LogLinker:Warning: Can't find file for asset '/Game/Blueprints/Pawn/botCharacter' while loading ../../../../../../Users/dacos/OneDrive/Documents/Unreal Projects/Game_GT/Content/Blueprints/Characters/MovementTest/su/BTT_botAttackEnemy.uasset.
[2016.01.20-16.47.08:574][675]LogLinker:Warning: Can't find file '/Game/Blueprints/Pawn/botCharacter'
[2016.01.20-16.47.08:574][675]LogLinker:Warning: Can't find file for asset '/Game/Blueprints/Pawn/botCharacter' while loading ../../../../../../Users/dacos/OneDrive/Documents/Unreal Projects/Game_GT/Content/Blueprints/Characters/MovementTest/su/BTT_botAttackEnemy.uasset.
[2016.01.20-16.47.08:575][675]LogLinker:Warning: Can't find file '/Game/Blueprints/Behavior/botAI'
[2016.01.20-16.47.08:575][675]LogLinker:Warning: Can't find file for asset '/Game/Blueprints/Behavior/botAI' while loading ../../../../../../Users/dacos/OneDrive/Documents/Unreal Projects/Game_GT/Content/Blueprints/Characters/MovementTest/su/BTT_botAttackEnemy.uasset.
[2016.01.20-16.47.08:575][675]LogLinker:Warning: Can't find file '/Game/Blueprints/Behavior/botState'
[2016.01.20-16.47.08:575][675]LogLinker:Warning: Can't find file for asset '/Game/Blueprints/Behavior/botState' while loading ../../../../../../Users/dacos/OneDrive/Documents/Unreal Projects/Game_GT/Content/Blueprints/Characters/MovementTest/su/BTT_botAttackEnemy.uasset.
[2016.01.20-16.47.08:575][675]LoadErrors:Error: Error /Game/Blueprints/Characters/MovementTest/su/BTT_botAttackEnemy : Can't find file for asset. /Game/Blueprints/Behavior/botState
[2016.01.20-16.47.08:575][675]LogLinker:Warning: Can't find file '/Game/Blueprints/Pawn/botCharacter'
[2016.01.20-16.47.08:575][675]LogLinker:Warning: Can't find file for asset '/Game/Blueprints/Pawn/botCharacter' while loading ../../../../../../Users/dacos/OneDrive/Documents/Unreal Projects/Game_GT/Content/Blueprints/Characters/MovementTest/su/BTT_botAttackEnemy.uasset.
[2016.01.20-16.47.08:575][675]LogLinker:Warning: Can't find file '/Game/Blueprints/Behavior/botState'
[2016.01.20-16.47.08:575][675]LogLinker:Warning: Can't find file for asset '/Game/Blueprints/Behavior/botState' while loading ../../../../../../Users/dacos/OneDrive/Documents/Unreal Projects/Game_GT/Content/Blueprints/Characters/MovementTest/su/BTT_botAttackEnemy.uasset.
[2016.01.20-16.47.08:576][675]LogLinker:Warning: Can't find file '/Game/Blueprints/Behavior/botAI'
[2016.01.20-16.47.08:576][675]LogLinker:Warning: Can't find file for asset '/Game/Blueprints/Behavior/botAI' while loading NULL.
[2016.01.20-16.47.08:576][675]LogLinker:Warning: Can't find file '/Game/Blueprints/Pawn/botCharacter'
[2016.01.20-16.47.08:576][675]LogLinker:Warning: Can't find file for asset '/Game/Blueprints/Pawn/botCharacter' while loading NULL.
[2016.01.20-16.47.08:576][675]LogLinker:Warning: Can't find file '/Game/Blueprints/Behavior/botAI'
[2016.01.20-16.47.08:576][675]LogLinker:Warning: Can't find file for asset '/Game/Blueprints/Behavior/botAI' while loading NULL.
[2016.01.20-16.47.08:576][675]LogLinker:Warning: Can't find file '/Game/Blueprints/Pawn/botCharacter'
[2016.01.20-16.47.08:576][675]LogLinker:Warning: Can't find file for asset '/Game/Blueprints/Pawn/botCharacter' while loading NULL.
[2016.01.20-16.47.08:577][675]LogLinker:Warning: Can't find file '/Game/Blueprints/Pawn/botCharacter'
[2016.01.20-16.47.08:577][675]LogLinker:Warning: Can't find file for asset '/Game/Blueprints/Pawn/botCharacter' while loading NULL.
[2016.01.20-16.47.08:577][675]LogLinker:Warning: Can't find file '/Game/Blueprints/Pawn/botCharacter'
[2016.01.20-16.47.08:577][675]LogLinker:Warning: Can't find file for asset '/Game/Blueprints/Pawn/botCharacter' while loading NULL.
[2016.01.20-16.47.08:577][675]LogLinker:Warning: Can't find file '/Game/Blueprints/Pawn/botCharacter'
[2016.01.20-16.47.08:577][675]LogLinker:Warning: Can't find file for asset '/Game/Blueprints/Pawn/botCharacter' while loading NULL.
[2016.01.20-16.47.08:577][675]LogLinker:Warning: Can't find file '/Game/Blueprints/Pawn/botCharacter'
[2016.01.20-16.47.08:577][675]LogLinker:Warning: Can't find file for asset '/Game/Blueprints/Pawn/botCharacter' while loading NULL.
[2016.01.20-16.47.08:577][675]LogLinker:Warning: Can't find file '/Game/Blueprints/Behavior/botAI'
[2016.01.20-16.47.08:577][675]LogLinker:Warning: Can't find file for asset '/Game/Blueprints/Behavior/botAI' while loading NULL.
[2016.01.20-16.47.08:577][675]LogLinker:Warning: Can't find file '/Game/Blueprints/Behavior/botState'
[2016.01.20-16.47.08:577][675]LogLinker:Warning: Can't find file for asset '/Game/Blueprints/Behavior/botState' while loading NULL.
[2016.01.20-16.47.08:577][675]LogLinker:Warning: Can't find file '/Game/Blueprints/Pawn/botCharacter'
[2016.01.20-16.47.08:577][675]LogLinker:Warning: Can't find file for asset '/Game/Blueprints/Pawn/botCharacter' while loading NULL.
[2016.01.20-16.47.08:578][675]LogLinker:Warning: Can't find file '/Game/Blueprints/Behavior/botState'
[2016.01.20-16.47.08:578][675]LogLinker:Warning: Can't find file for asset '/Game/Blueprints/Behavior/botState' while loading NULL.
[2016.01.20-16.47.08:579][675]LogLinker:Warning: Can't find file '/Game/Blueprints/Behavior/botAI'
[2016.01.20-16.47.08:579][675]LoadErrors: Info Failed to load /Game/Blueprints/Behavior/botAI.botAI_C Referenced by K2Node_DynamicCast_2892
[2016.01.20-16.47.08:579][675]LogLinker:Warning: Can't find file for asset '/Game/Blueprints/Behavior/botAI' while loading NULL.
[2016.01.20-16.47.08:579][675]LogLinker:Warning: Can't find file '/Game/Blueprints/Behavior/botAI'
[2016.01.20-16.47.08:579][675]LoadErrors: Info Failed to load /Game/Blueprints/Behavior/botAI.botAI_C Referenced by EdGraphPin_18780
[2016.01.20-16.47.08:579][675]LogLinker:Warning: Can't find file for asset '/Game/Blueprints/Behavior/botAI' while loading NULL.
[2016.01.20-16.47.08:580][675]LogLinker:Warning: Can't find file '/Game/Blueprints/Behavior/botState'
[2016.01.20-16.47.08:581][675]LoadErrors: Info Failed to load /Game/Blueprints/Behavior/botState.botState Referenced by K2Node_SwitchEnum_9863
[2016.01.20-16.47.08:581][675]LogLinker:Warning: Can't find file for asset '/Game/Blueprints/Behavior/botState' while loading NULL.
[2016.01.20-16.47.08:582][675]LogLinker:Warning: Can't find file '/Game/Blueprints/Pawn/botCharacter'
[2016.01.20-16.47.08:582][675]LoadErrors: Info Failed to load /Game/Blueprints/Pawn/botCharacter.botCharacter_C Referenced by K2Node_DynamicCast_202
[2016.01.20-16.47.08:582][675]LogLinker:Warning: Can't find file for asset '/Game/Blueprints/Pawn/botCharacter' while loading NULL.
[2016.01.20-16.47.08:582][675]LogLinker:Warning: Can't find file '/Game/Blueprints/Pawn/botCharacter'
[2016.01.20-16.47.08:583][675]LoadErrors: Info Failed to load /Game/Blueprints/Pawn/botCharacter.botCharacter_C Referenced by EdGraphPin_18807
[2016.01.20-16.47.08:583][675]LogLinker:Warning: Can't find file for asset '/Game/Blueprints/Pawn/botCharacter' while loading NULL.
[2016.01.20-16.47.08:583][675]LogLinker:Warning: Can't find file '/Game/Blueprints/Pawn/botCharacter'
[2016.01.20-16.47.08:583][675]LoadErrors: Info Failed to load /Game/Blueprints/Pawn/botCharacter.botCharacter_C Referenced by K2Node_CallDelegate_2
[2016.01.20-16.47.08:583][675]LogLinker:Warning: Can't find file for asset '/Game/Blueprints/Pawn/botCharacter' while loading NULL.
[2016.01.20-16.47.08:584][675]LogLinker:Warning: Can't find file '/Game/Blueprints/Pawn/botCharacter'
[2016.01.20-16.47.08:584][675]LoadErrors: Info Failed to load /Game/Blueprints/Pawn/botCharacter.botCharacter_C Referenced by EdGraphPin_18820
[2016.01.20-16.47.08:584][675]LogLinker:Warning: Can't find file for asset '/Game/Blueprints/Pawn/botCharacter' while loading NULL.
[2016.01.20-16.47.08:584][675]LogLinker:Warning: Can't find file '/Game/Blueprints/Pawn/botCharacter'
[2016.01.20-16.47.08:584][675]LoadErrors: Info Failed to load /Game/Blueprints/Pawn/botCharacter.botCharacter_C Referenced by K2Node_CallDelegate_6
[2016.01.20-16.47.08:584][675]LogLinker:Warning: Can't find file for asset '/Game/Blueprints/Pawn/botCharacter' while loading NULL.
[2016.01.20-16.47.08:585][675]LogLinker:Warning: Can't find file '/Game/Blueprints/Pawn/botCharacter'
[2016.01.20-16.47.08:585][675]LoadErrors: Info Failed to load /Game/Blueprints/Pawn/botCharacter.botCharacter_C Referenced by EdGraphPin_18829
[2016.01.20-16.47.08:585][675]LogLinker:Warning: Can't find file for asset '/Game/Blueprints/Pawn/botCharacter' while loading NULL.
[2016.01.20-16.47.08:592][675]LogBlueprint:Warning: [compiler BTT_botAttackEnemy] Warning Can't connect pins  Object  and  Return Value : This cast has an invalid target type (was the class deleted without a redirect?).
[2016.01.20-16.47.08:592][675]LogBlueprint:Warning: [compiler BTT_botAttackEnemy] Warning Can't connect pins  Return Value  and  Object : This cast has an invalid target type (was the class deleted without a redirect?).
[2016.01.20-16.47.08:592][675]LogBlueprint:Warning: [compiler BTT_botAttackEnemy] Warning Can't connect pins  Object  and  Owner Actor : This cast has an invalid target type (was the class deleted without a redirect?).
[2016.01.20-16.47.08:592][675]LogBlueprint:Warning: [compiler BTT_botAttackEnemy] Warning Can't connect pins  Owner Actor  and  Object : This cast has an invalid target type (was the class deleted without a redirect?).
[2016.01.20-16.47.08:592][675]LogBlueprint:Error: [compiler BTT_botAttackEnemy] Error This blueprint (self) is not compatible with ' Target ', therefore that pin must have a connection.
[2016.01.20-16.47.08:592][675]LogBlueprint:Error: [compiler BTT_botAttackEnemy] Error This blueprint (self) is not compatible with ' Target ', therefore that pin must have a connection.
[2016.01.20-16.47.08:592][675]LogBlueprint:Error: [compiler BTT_botAttackEnemy] Error This blueprint (self) is not a Controller, therefore ' Target ' must have a connection.
[2016.01.20-16.47.08:592][675]LogBlueprint:Error: [compiler BTT_botAttackEnemy] Error Event Dispatcher has no property  Call Enemy Lost 
[2016.01.20-16.47.08:592][675]LogBlueprint:Error: [compiler BTT_botAttackEnemy] Error Event Dispatcher has no property  Call Enemy Found 
[2016.01.20-16.47.08:595][675]LogBlueprint:Warning: [compiler BTT_botAttackEnemy] Warning [0155.09] Compile of BTT_botAttackEnemy failed. 5 Fatal Issue(s) 4 Warning(s) [in 5 ms]
[2016.01.20-16.47.08:595][675]LogBlueprint:Warning: [compiler BTT_botAttackEnemy] Warning [0155.09] Compile of BTT_botAttackEnemy failed. 5 Fatal Issue(s) 5 Warning(s) [in 0 ms]
[2016.01.20-16.47.08:597][675]LogBlueprint:Warning: [compiler BTT_botAttackEnemy] Warning [0155.09] Compile of BTT_botAttackEnemy failed. 5 Fatal Issue(s) 6 Warning(s) [in 1 ms]
[2016.01.20-16.47.08:602][675]LogLinker:Warning: Can't find file '/Game/Blueprints/Behavior/botAI'
[2016.01.20-16.47.08:602][675]LogLinker:Warning: Can't find file for asset '/Game/Blueprints/Behavior/botAI' while loading ../../../../../../Users/dacos/OneDrive/Documents/Unreal Projects/Game_GT/Content/Blueprints/Characters/MovementTest/su/BTT_botMoveToEnemy.uasset.
[2016.01.20-16.47.08:602][675]LoadErrors:Error: Error /Game/Blueprints/Characters/MovementTest/su/BTT_botMoveToEnemy : Can't find file for asset. /Game/Blueprints/Behavior/botAI
[2016.01.20-16.47.08:604][675]LogLinker:Warning: Can't find file '/Game/Blueprints/Behavior/botAI'
[2016.01.20-16.47.08:604][675]LogLinker:Warning: Can't find file for asset '/Game/Blueprints/Behavior/botAI' while loading ../../../../../../Users/dacos/OneDrive/Documents/Unreal Projects/Game_GT/Content/Blueprints/Characters/MovementTest/su/BTT_botMoveToEnemy.uasset.
[2016.01.20-16.47.08:604][675]LogLinker:Warning: Can't find file '/Game/Blueprints/Behavior/botState'
[2016.01.20-16.47.08:604][675]LogLinker:Warning: Can't find file for asset '/Game/Blueprints/Behavior/botState' while loading ../../../../../../Users/dacos/OneDrive/Documents/Unreal Projects/Game_GT/Content/Blueprints/Characters/MovementTest/su/BTT_botMoveToEnemy.uasset.
[2016.01.20-16.47.08:604][675]LoadErrors:Error: Error /Game/Blueprints/Characters/MovementTest/su/BTT_botMoveToEnemy : Can't find file for asset. /Game/Blueprints/Behavior/botState
[2016.01.20-16.47.08:605][675]LogLinker:Warning: Can't find file '/Game/Blueprints/Behavior/botState'
[2016.01.20-16.47.08:605][675]LogLinker:Warning: Can't find file for asset '/Game/Blueprints/Behavior/botState' while loading ../../../../../../Users/dacos/OneDrive/Documents/Unreal Projects/Game_GT/Content/Blueprints/Characters/MovementTest/su/BTT_botMoveToEnemy.uasset.
[2016.01.20-16.47.08:605][675]LogLinker:Warning: Can't find file '/Game/Blueprints/Behavior/botAI'
[2016.01.20-16.47.08:605][675]LogLinker:Warning: Can't find file for asset '/Game/Blueprints/Behavior/botAI' while loading NULL.
[2016.01.20-16.47.08:606][675]LogLinker:Warning: Can't find file '/Game/Blueprints/Behavior/botAI'
[2016.01.20-16.47.08:606][675]LogLinker:Warning: Can't find file for asset '/Game/Blueprints/Behavior/botAI' while loading NULL.
[2016.01.20-16.47.08:606][675]LogLinker:Warning: Can't find file '/Game/Blueprints/Behavior/botAI'
[2016.01.20-16.47.08:606][675]LogLinker:Warning: Can't find file for asset '/Game/Blueprints/Behavior/botAI' while loading NULL.
[2016.01.20-16.47.08:606][675]LogLinker:Warning: Can't find file '/Game/Blueprints/Behavior/botState'
[2016.01.20-16.47.08:606][675]LogLinker:Warning: Can't find file for asset '/Game/Blueprints/Behavior/botState' while loading NULL.
[2016.01.20-16.47.08:606][675]LogLinker:Warning: Can't find file '/Game/Blueprints/Behavior/botState'
[2016.01.20-16.47.08:606][675]LogLinker:Warning: Can't find file for asset '/Game/Blueprints/Behavior/botState' while loading NULL.
[2016.01.20-16.47.08:607][675]LogLinker:Warning: Can't find file '/Game/Blueprints/Behavior/botAI'
[2016.01.20-16.47.08:608][675]LoadErrors: Info Failed to load /Game/Blueprints/Behavior/botAI.botAI_C Referenced by K2Node_DynamicCast_1159
[2016.01.20-16.47.08:608][675]LogLinker:Warning: Can't find file for asset '/Game/Blueprints/Behavior/botAI' while loading NULL.
[2016.01.20-16.47.08:608][675]LogLinker:Warning: Can't find file '/Game/Blueprints/Behavior/botAI'
[2016.01.20-16.47.08:608][675]LoadErrors: Info Failed to load /Game/Blueprints/Behavior/botAI.botAI_C Referenced by EdGraphPin_8647
[2016.01.20-16.47.08:608][675]LogLinker:Warning: Can't find file for asset '/Game/Blueprints/Behavior/botAI' while loading NULL.
[2016.01.20-16.47.08:609][675]LogLinker:Warning: Can't find file '/Game/Blueprints/Behavior/botState'
[2016.01.20-16.47.08:609][675]LoadErrors: Info Failed to load /Game/Blueprints/Behavior/botState.botState Referenced by K2Node_SwitchEnum_7573
[2016.01.20-16.47.08:609][675]LogLinker:Warning: Can't find file for asset '/Game/Blueprints/Behavior/botState' while loading NULL.
[2016.01.20-16.47.08:618][675]LogBlueprint:Warning: [compiler BTT_botMoveToEnemy] Warning Can't connect pins  Object  and  Owner Actor : This cast has an invalid target type (was the class deleted without a redirect?).
[2016.01.20-16.47.08:618][675]LogBlueprint:Warning: [compiler BTT_botMoveToEnemy] Warning Can't connect pins  Owner Actor  and  Object : This cast has an invalid target type (was the class deleted without a redirect?).
[2016.01.20-16.47.08:619][675]LogBlueprint:Error: [compiler BTT_botMoveToEnemy] Error This blueprint (self) is not a AIController, therefore ' Target ' must have a connection.
[2016.01.20-16.47.08:619][675]LogBlueprint:Error: [compiler BTT_botMoveToEnemy] Error This blueprint (self) is not a Controller, therefore ' Target ' must have a connection.
[2016.01.20-16.47.08:619][675]LogBlueprint:Error: [compiler BTT_botMoveToEnemy] Error This blueprint (self) is not a AIController, therefore ' Target ' must have a connection.
[2016.01.20-16.47.08:623][675]LogBlueprint:Warning: [compiler BTT_botMoveToEnemy] Warning [0155.12] Compile of BTT_botMoveToEnemy failed. 3 Fatal Issue(s) 2 Warning(s) [in 6 ms]
[2016.01.20-16.47.08:623][675]LogBlueprint:Warning: [compiler BTT_botMoveToEnemy] Warning [0155.12] Compile of BTT_botMoveToEnemy failed. 3 Fatal Issue(s) 3 Warning(s) [in 0 ms]
[2016.01.20-16.47.08:625][675]LogBlueprint:Warning: [compiler BTT_botMoveToEnemy] Warning [0155.12] Compile of BTT_botMoveToEnemy failed. 3 Fatal Issue(s) 4 Warning(s) [in 2 ms]
[2016.01.20-16.47.21:364][675]LogObjectTools:Warning: ForceReplaceReferences replaced references for a transient object 'DEADCLASS_BTS_botDetectEnemy_C_1' or package '/Engine/Transient'.
[2016.01.20-16.47.21:365][675]LogObjectTools:Warning: ForceReplaceReferences replaced references for a transient object 'DEADCLASS_BTS_botDetectEnemy_C_0' or package '/Engine/Transient'.
[2016.01.20-16.47.21:365][675]LogObjectTools:Warning: ForceReplaceReferences replaced references for a transient object 'DEADCLASS_BTD_botUpdateRoute_C_3' or package '/Engine/Transient'.
[2016.01.20-16.47.21:365][675]LogObjectTools:Warning: ForceReplaceReferences replaced references for a transient object 'DEADCLASS_BTD_botUpdateRoute_C_2' or package '/Engine/Transient'.
[2016.01.20-16.47.21:365][675]LogObjectTools:Warning: ForceReplaceReferences replaced references for a transient object 'DEADCLASS_botWaypoint_C_4' or package '/Engine/Transient'.
[2016.01.20-16.47.21:365][675]LogObjectTools:Warning: ForceReplaceReferences replaced references for a transient object 'DEADCLASS_botWaypoint_C_5' or package '/Engine/Transient'.
[2016.01.20-16.47.21:365][675]LogObjectTools:Warning: ForceReplaceReferences replaced references for a transient object 'DEADCLASS_BTT_botNextRoute_C_6' or package '/Engine/Transient'.
[2016.01.20-16.47.21:365][675]LogObjectTools:Warning: ForceReplaceReferences replaced references for a transient object 'DEADCLASS_BTT_botNextRoute_C_7' or package '/Engine/Transient'.
[2016.01.20-16.47.21:365][675]LogObjectTools:Warning: ForceReplaceReferences replaced references for a transient object 'ExecuteUbergraph_BTT_botNextRoute' or package '/Engine/Transient'.
[2016.01.20-16.47.21:365][675]LogObjectTools:Warning: ForceReplaceReferences replaced references for a transient object 'K2Node_DynamicCast_AsBot_Waypoint' or package '/Engine/Transient'.
[2016.01.20-16.47.21:366][675]LogObjectTools:Warning: ForceReplaceReferences replaced references for a transient object 'DEADCLASS_botAI_C_8' or package '/Engine/Transient'.
[2016.01.20-16.47.21:366][675]LogObjectTools:Warning: ForceReplaceReferences replaced references for a transient object 'DEADCLASS_botAI_C_9' or package '/Engine/Transient'.
[2016.01.20-16.47.21:366][675]LogObjectTools:Warning: ForceReplaceReferences replaced references for a transient object 'ExecuteUbergraph_botAI' or package '/Engine/Transient'.
[2016.01.20-16.47.21:366][675]LogObjectTools:Warning: ForceReplaceReferences replaced references for a transient object 'DEADCLASS_RadaBancroft_v2_C_10' or package '/Engine/Transient'.
[2016.01.20-16.47.21:366][675]LogObjectTools:Warning: ForceReplaceReferences replaced references for a transient object 'DEADCLASS_RadaBancroft_v2_C_11' or package '/Engine/Transient'.
[2016.01.20-16.47.21:367][675]LogObjectTools:Warning: ForceReplaceReferences replaced references for a transient object 'Default__DEADCLASS_RadaBancroft_v2_C_10' or package '/Engine/Transient'.
[2016.01.20-16.47.21:367][675]LogObjectTools:Warning: ForceReplaceReferences replaced references for a transient object 'DEADCLASS_BTT_botMoveToEnemy_C_25' or package '/Engine/Transient'.
[2016.01.20-16.47.21:367][675]LogObjectTools:Warning: ForceReplaceReferences replaced references for a transient object 'DEADCLASS_BTT_botMoveToEnemy_C_24' or package '/Engine/Transient'.
[2016.01.20-16.47.21:367][675]LogObjectTools:Warning: ForceReplaceReferences replaced references for a transient object 'DEADCLASS_BTT_botAttackEnemy_C_23' or package '/Engine/Transient'.
[2016.01.20-16.47.21:367][675]LogObjectTools:Warning: ForceReplaceReferences replaced references for a transient object 'DEADCLASS_BTT_botAttackEnemy_C_22' or package '/Engine/Transient'.
[2016.01.20-16.47.21:373][675]LogObjectTools:Warning: ForceReplaceReferences replaced references for a transient object 'ExecuteUbergraph_BotAi_bad' or package '/Engine/Transient'.
[2016.01.20-16.47.21:374][675]LogObjectTools:Warning: ForceReplaceReferences replaced references for a transient object 'K2Node_DynamicCast_AsRada_Bancroft_V_2' or package '/Engine/Transient'.
[2016.01.20-16.47.21:374][675]LogObjectTools:Warning: ForceReplaceReferences replaced references for a transient object 'K2Node_DynamicCast_AsBot_Ai_Bad' or package '/Engine/Transient'.
[2016.01.20-16.47.21:374][675]LogObjectTools:Warning: ForceReplaceReferences replaced references for a transient object 'ExecuteUbergraph_BTT_BotWalkspeed_bad' or package '/Engine/Transient'.
[2016.01.20-16.47.21:374][675]LogObjectTools:Warning: ForceReplaceReferences replaced references for a transient object 'DEADCLASS_BotAi_bad_C_13' or package '/Engine/Transient'.
[2016.01.20-16.47.21:376][675]LogObjectTools:Warning: ForceReplaceReferences replaced references for a transient object 'DEADCLASS_BTT_BotWalkspeed_bad_C_21' or package '/Engine/Transient'.
[2016.01.20-16.47.21:376][675]LogObjectTools:Warning: ForceReplaceReferences replaced references for a transient object 'DEADCLASS_BTT_BotWalkspeed_bad_C_20' or package '/Engine/Transient'.
[2016.01.20-16.47.21:378][675]LogObjectTools:Warning: ForceReplaceReferences replaced references for a transient object 'DEADCLASS_BotAi_bad_C_12' or package '/Engine/Transient'.
[2016.01.20-16.47.21:381][675]LogObjectTools:Warning: ForceReplaceReferences replaced references for a transient object 'K2Node_DynamicCast_AsBot_Waypoint_Bad' or package '/Engine/Transient'.
[2016.01.20-16.47.21:381][675]LogObjectTools:Warning: ForceReplaceReferences replaced references for a transient object 'ExecuteUbergraph_BTT_BotNextRout_bad' or package '/Engine/Transient'.
[2016.01.20-16.47.21:381][675]LogObjectTools:Warning: ForceReplaceReferences replaced references for a transient object 'DEADCLASS_BTT_BotNextRout_bad_C_19' or package '/Engine/Transient'.
[2016.01.20-16.47.21:381][675]LogObjectTools:Warning: ForceReplaceReferences replaced references for a transient object 'DEADCLASS_BTT_BotNextRout_bad_C_18' or package '/Engine/Transient'.
[2016.01.20-16.47.21:381][675]LogObjectTools:Warning: ForceReplaceReferences replaced references for a transient object 'DEADCLASS_BotWaypoint_bad_C_15' or package '/Engine/Transient'.
[2016.01.20-16.47.21:381][675]LogObjectTools:Warning: ForceReplaceReferences replaced references for a transient object 'DEADCLASS_BotWaypoint_bad_C_14' or package '/Engine/Transient'.
[2016.01.20-16.47.21:384][675]LogObjectTools:Warning: ForceReplaceReferences replaced references for a transient object 'REINST_SKEL_BTT_botMoveToEnemy_C_162' or package '/Engine/Transient'.
[2016.01.20-16.47.21:384][675]LogObjectTools:Warning: ForceReplaceReferences replaced references for a transient object 'REINST_BTT_botMoveToEnemy_C_161' or package '/Engine/Transient'.
[2016.01.20-16.47.21:384][675]LogObjectTools:Warning: ForceReplaceReferences replaced references for a transient object 'REINST_SKEL_BTT_botAttackEnemy_C_160' or package '/Engine/Transient'.
[2016.01.20-16.47.21:384][675]LogObjectTools:Warning: ForceReplaceReferences replaced references for a transient object 'REINST_BTT_botAttackEnemy_C_159' or package '/Engine/Transient'.
[2016.01.20-16.47.21:384][675]LogObjectTools:Warning: ForceReplaceReferences replaced references for a transient object 'REINST_SKEL_BTT_BotWalkspeed_bad_C_158' or package '/Engine/Transient'.
[2016.01.20-16.47.21:384][675]LogObjectTools:Warning: ForceReplaceReferences replaced references for a transient object 'K2Node_DynamicCast_AsRada_Bancroft_V_2' or package '/Engine/Transient'.
[2016.01.20-16.47.21:385][675]LogObjectTools:Warning: ForceReplaceReferences replaced references for a transient object 'K2Node_DynamicCast_AsBot_Ai_Bad' or package '/Engine/Transient'.
[2016.01.20-16.47.21:385][675]LogObjectTools:Warning: ForceReplaceReferences replaced references for a transient object 'REINST_BTT_BotWalkspeed_bad_C_157' or package '/Engine/Transient'.
[2016.01.20-16.47.21:385][675]LogObjectTools:Warning: ForceReplaceReferences replaced references for a transient object 'REINST_SKEL_BTT_BotNextRout_bad_C_156' or package '/Engine/Transient'.
[2016.01.20-16.47.21:385][675]LogObjectTools:Warning: ForceReplaceReferences replaced references for a transient object 'K2Node_DynamicCast_AsBot_Waypoint_Bad' or package '/Engine/Transient'.
[2016.01.20-16.47.21:385][675]LogObjectTools:Warning: ForceReplaceReferences replaced references for a transient object 'REINST_BTT_BotNextRout_bad_C_155' or package '/Engine/Transient'.
[2016.01.20-16.47.21:385][675]LogObjectTools:Warning: ForceReplaceReferences replaced references for a transient object 'REINST_SKEL_BTD_BotUpdateRout_bad_C_154' or package '/Engine/Transient'.
[2016.01.20-16.47.21:385][675]LogObjectTools:Warning: ForceReplaceReferences replaced references for a transient object 'REINST_BTD_BotUpdateRout_bad_C_153' or package '/Engine/Transient'.
[2016.01.20-16.47.21:385][675]LogObjectTools:Warning: ForceReplaceReferences replaced references for a transient object 'REINST_SKEL_BotWaypoint_bad_C_152' or package '/Engine/Transient'.
[2016.01.20-16.47.21:385][675]LogObjectTools:Warning: ForceReplaceReferences replaced references for a transient object 'REINST_BotWaypoint_bad_C_151' or package '/Engine/Transient'.
[2016.01.20-16.47.21:385][675]LogObjectTools:Warning: ForceReplaceReferences replaced references for a transient object 'REINST_SKEL_BotAi_bad_C_150' or package '/Engine/Transient'.
[2016.01.20-16.47.21:385][675]LogObjectTools:Warning: ForceReplaceReferences replaced references for a transient object 'REINST_BotAi_bad_C_149' or package '/Engine/Transient'.
[2016.01.20-16.47.21:385][675]LogObjectTools:Warning: ForceReplaceReferences replaced references for a transient object 'REINST_SKEL_RadaBancroft_v2_C_148' or package '/Engine/Transient'.
[2016.01.20-16.47.21:385][675]LogObjectTools:Warning: ForceReplaceReferences replaced references for a transient object 'Default__REINST_RadaBancroft_v2_C_147' or package '/Engine/Transient'.
[2016.01.20-16.47.21:385][675]LogObjectTools:Warning: ForceReplaceReferences replaced references for a transient object 'REINST_RadaBancroft_v2_C_147' or package '/Engine/Transient'.
[2016.01.20-16.47.21:385][675]LogObjectTools:Warning: ForceReplaceReferences replaced references for a transient object 'REINST_SKEL_botAI_C_146' or package '/Engine/Transient'.
[2016.01.20-16.47.21:385][675]LogObjectTools:Warning: ForceReplaceReferences replaced references for a transient object 'DEADCLASS_BTD_BotUpdateRout_bad_C_17' or package '/Engine/Transient'.
[2016.01.20-16.47.21:385][675]LogObjectTools:Warning: ForceReplaceReferences replaced references for a transient object 'REINST_botAI_C_145' or package '/Engine/Transient'.
[2016.01.20-16.47.21:385][675]LogObjectTools:Warning: ForceReplaceReferences replaced references for a transient object 'REINST_SKEL_BTT_botNextRoute_C_144' or package '/Engine/Transient'.
[2016.01.20-16.47.21:385][675]LogObjectTools:Warning: ForceReplaceReferences replaced references for a transient object 'K2Node_DynamicCast_AsBot_Waypoint' or package '/Engine/Transient'.
[2016.01.20-16.47.21:385][675]LogObjectTools:Warning: ForceReplaceReferences replaced references for a transient object 'REINST_BTT_botNextRoute_C_143' or package '/Engine/Transient'.
[2016.01.20-16.47.21:385][675]LogObjectTools:Warning: ForceReplaceReferences replaced references for a transient object 'REINST_SKEL_botWaypoint_C_142' or package '/Engine/Transient'.
[2016.01.20-16.47.21:385][675]LogObjectTools:Warning: ForceReplaceReferences replaced references for a transient object 'DEADCLASS_BTD_BotUpdateRout_bad_C_16' or package '/Engine/Transient'.
[2016.01.20-16.47.21:385][675]LogObjectTools:Warning: ForceReplaceReferences replaced references for a transient object 'REINST_botWaypoint_C_141' or package '/Engine/Transient'.
[2016.01.20-16.47.21:386][675]LogActorComponent: RegisterComponentWithWorld: (/Game/TopDownCPP/Maps/TopDownExampleMap.TopDownExampleMap:PersistentLevel.RadaBancroft_v2_C_0.CollisionCylinder) Trying to register component with IsPendingKill() == true. Aborting.
[2016.01.20-16.47.21:389][675]LogObjectTools:Warning: ForceReplaceReferences replaced references for a transient object 'REINST_SKEL_BTD_botUpdateRoute_C_140' or package '/Engine/Transient'.
[2016.01.20-16.47.21:389][675]LogObjectTools:Warning: ForceReplaceReferences replaced references for a transient object 'REINST_BTD_botUpdateRoute_C_139' or package '/Engine/Transient'.
[2016.01.20-16.47.21:389][675]LogObjectTools:Warning: ForceReplaceReferences replaced references for a transient object 'REINST_SKEL_BTS_botDetectEnemy_C_138' or package '/Engine/Transient'.
[2016.01.20-16.47.21:389][675]LogObjectTools:Warning: ForceReplaceReferences replaced references for a transient object 'REINST_BTS_botDetectEnemy_C_137' or package '/Engine/Transient'.
[2016.01.20-16.47.21:754][675]LogCrashTracker: 


[2016.01.20-16.47.21:755][675]LogCrashTracker: 


[2016.01.20-16.47.21:755][675]LogWindows:Error: === Critical error: ===
Fatal error!



[2016.01.20-16.47.21:845][675]LogExit: Executing StaticShutdownAfterError
[2016.01.20-16.47.21:848][675]LogPhysics:Warning: PHYSX: ..\..\PhysX\src\NpScene.cpp (2946) 8 : PxScene::unlockWrite() called without matching call to PxScene::lockWrite(), behaviour will be undefined.
[2016.01.20-16.47.21:849][675]LogPhysics:Warning: PHYSX: ..\..\PhysX\src\NpScene.cpp (2946) 8 : PxScene::unlockWrite() called without matching call to PxScene::lockWrite(), behaviour will be undefined.
[2016.01.20-16.47.21:849][675]LogWindows: FPlatformMisc::RequestExit(1)
[2016.01.20-16.47.21:849][675]Log file closed, 01/20/16 11:47:21
