[2016.01.20-16.47.27:452][  0]Log file open, 01/20/16 11:47:27
[2016.01.20-16.47.27:452][  0]LogInit:Display: Running engine for game: Game_GT
[2016.01.20-16.47.27:452][  0]LogPlatformFile: Not using cached read wrapper
[2016.01.20-16.47.27:452][  0]LogInit:Display: RandInit(1454844416) SRandInit(1454844417).
[2016.01.20-16.47.27:452][  0]LogTaskGraph: Started task graph with 4 named threads and 7 total threads.
[2016.01.20-16.47.27:452][  0]LogStats: Stats thread started at 0.085206
[2016.01.20-16.47.27:452][  0]LogInit: Version: 4.10.1-2791327+++depot+UE4-Releases+4.10
[2016.01.20-16.47.27:452][  0]LogInit: API Version: 2758231
[2016.01.20-16.47.27:452][  0]LogInit: Compiled (64-bit): Dec  4 2015 19:44:40
[2016.01.20-16.47.27:452][  0]LogInit: Compiled with Visual C++: 19.00.23026.00
[2016.01.20-16.47.27:452][  0]LogInit: Build Configuration: Development
[2016.01.20-16.47.27:452][  0]LogInit: Branch Name: ++depot+UE4-Releases+4.10
[2016.01.20-16.47.27:452][  0]LogInit: Command line:  
[2016.01.20-16.47.27:452][  0]LogInit: Base directory: C:/Program Files (x86)/Epic Games/4.10/Engine/Binaries/Win64/
[2016.01.20-16.47.27:452][  0]LogInit: Rocket: 1
[2016.01.20-16.47.27:460][  0]LogInit: Using libcurl 7.41.0
[2016.01.20-16.47.27:460][  0]LogInit:  - built for x86_64-pc-win32
[2016.01.20-16.47.27:460][  0]LogInit:  - supports SSL with WinSSL
[2016.01.20-16.47.27:460][  0]LogInit:  - other features:
[2016.01.20-16.47.27:460][  0]LogInit:      CURL_VERSION_SSL
[2016.01.20-16.47.27:460][  0]LogInit:      CURL_VERSION_IPV6
[2016.01.20-16.47.27:460][  0]LogInit:      CURL_VERSION_ASYNCHDNS
[2016.01.20-16.47.27:460][  0]LogInit:      CURL_VERSION_LARGEFILE
[2016.01.20-16.47.27:460][  0]LogInit:      CURL_VERSION_IDN
[2016.01.20-16.47.27:460][  0]LogInit:  CurlRequestOptions (configurable via config and command line):
[2016.01.20-16.47.27:460][  0]LogInit:  - bVerifyPeer = true  - Libcurl will verify peer certificate
[2016.01.20-16.47.27:460][  0]LogInit:  - bUseHttpProxy = false  - Libcurl will NOT use HTTP proxy
[2016.01.20-16.47.27:460][  0]LogInit:  - bDontReuseConnections = false  - Libcurl will reuse connections
[2016.01.20-16.47.27:460][  0]LogInit:  - CertBundlePath = nullptr  - Libcurl will use whatever was configured at build time.
[2016.01.20-16.47.27:467][  0]LogInit: Presizing for 0 objects not considered by GC, pre-allocating 0 bytes.
[2016.01.20-16.47.27:473][  0]LogInit: Object subsystem initialized
[2016.01.20-16.47.27:474][  0]LogInit: Selected Device Profile: [Windows]
[2016.01.20-16.47.27:474][  0]LogInit: Applying CVar settings loaded from the selected device profile: [Windows]
[2016.01.20-16.47.27:484][  0]LogInit: Computer: APPLEEATER-V2
[2016.01.20-16.47.27:484][  0]LogInit: User: dacos
[2016.01.20-16.47.27:484][  0]LogInit: CPU Page size=4096, Cores=4
[2016.01.20-16.47.27:484][  0]LogInit: High frequency timer resolution =2.533207 MHz
[2016.01.20-16.47.27:484][  0]LogMemory: Memory total: Physical=11.9GB (12GB approx)
[2016.01.20-16.47.27:484][  0]LogMemory: Platform Memory Stats for Windows
[2016.01.20-16.47.27:484][  0]LogMemory: Process Physical Memory: 57.38 MB used, 57.38 MB peak
[2016.01.20-16.47.27:484][  0]LogMemory: Process Virtual Memory: 57.01 MB used, 57.01 MB peak
[2016.01.20-16.47.27:484][  0]LogMemory: Physical Memory: 5828.18 MB used, 12177.01 MB total
[2016.01.20-16.47.27:484][  0]LogMemory: Virtual Memory: 382.13 MB used, 134217728.00 MB total
[2016.01.20-16.47.27:520][  0]LogTextLocalizationManager: No specific translations for ('en-US') exist, so ('en') translations will be used.
[2016.01.20-16.47.27:996][  0]LogD3D11RHI: Found D3D11 adapter 0: NVIDIA GeForce GTX 960M       (Feature Level 11_0)
[2016.01.20-16.47.27:996][  0]LogD3D11RHI: Adapter has 1995MB of dedicated video memory, 0MB of dedicated system memory, and 6088MB of shared system memory, 1 output[s]
[2016.01.20-16.47.28:002][  0]LogD3D11RHI: Found D3D11 adapter 1: Intel(R) HD Graphics 4600 (Feature Level 11_0)
[2016.01.20-16.47.28:002][  0]LogD3D11RHI: Adapter has 112MB of dedicated video memory, 0MB of dedicated system memory, and 6088MB of shared system memory, 0 output[s]
[2016.01.20-16.47.28:004][  0]LogD3D11RHI: Found D3D11 adapter 2: Microsoft Basic Render Driver (Feature Level 11_0)
[2016.01.20-16.47.28:004][  0]LogD3D11RHI: Adapter has 0MB of dedicated video memory, 0MB of dedicated system memory, and 6088MB of shared system memory, 0 output[s]
[2016.01.20-16.47.28:004][  0]LogD3D11RHI: Chosen D3D11 Adapter Id = 0
[2016.01.20-16.47.28:009][  0]LogD3D11RHI: !Direct3DDevice
[2016.01.20-16.47.28:009][  0]LogRHI: Texture pool is 1361 MB (70% of 1945 MB)
[2016.01.20-16.47.28:024][  0]LogD3D11RHI: Async texture creation enabled
[2016.01.20-16.47.28:054][  0]LogShaderCompilers: Guid format shader working directory is -27 characters bigger than the processId version (../../../../../../Users/dacos/OneDrive/Documents/Unreal Projects/Game_GT/Intermediate/Shaders/WorkingDirectory/15828/).
[2016.01.20-16.47.28:054][  0]LogShaderCompilers: Cleaned the shader compiler working directory 'C:/Users/dacos/AppData/Local/Temp/UnrealShaderWorkingDir/73A3B3044C91AE00D5DAE7AEE4D48E46/'.
[2016.01.20-16.47.28:054][  0]LogShaderCompilers:Display: Using Local Shader Compiler.
[2016.01.20-16.47.28:816][  0]LogTemp:Display: Loaded TP AllDesktopTargetPlatform
[2016.01.20-16.47.28:821][  0]LogTemp:Display: Loaded TP WindowsClientTargetPlatform
[2016.01.20-16.47.28:827][  0]LogTemp:Display: Loaded TP WindowsNoEditorTargetPlatform
[2016.01.20-16.47.28:833][  0]LogTemp:Display: Loaded TP WindowsServerTargetPlatform
[2016.01.20-16.47.28:837][  0]LogTemp:Display: Loaded TP WindowsTargetPlatform
[2016.01.20-16.47.28:840][  0]LogTemp:Display: Loaded TP AndroidTargetPlatform
[2016.01.20-16.47.28:844][  0]LogTemp:Display: Loaded TP Android_ASTCTargetPlatform
[2016.01.20-16.47.28:848][  0]LogTemp:Display: Loaded TP Android_ATCTargetPlatform
[2016.01.20-16.47.28:851][  0]LogTemp:Display: Loaded TP Android_DXTTargetPlatform
[2016.01.20-16.47.28:855][  0]LogTemp:Display: Loaded TP Android_ETC1TargetPlatform
[2016.01.20-16.47.28:858][  0]LogTemp:Display: Loaded TP Android_ETC2TargetPlatform
[2016.01.20-16.47.28:867][  0]LogTemp:Display: Loaded TP Android_MultiTargetPlatform
[2016.01.20-16.47.28:867][  0]LogTemp:Display: Loaded TP Android_PVRTCTargetPlatform
[2016.01.20-16.47.28:867][  0]LogTemp:Display: Loaded TP HTML5TargetPlatform
[2016.01.20-16.47.28:887][  0]LogTemp:Display: Loaded TP IOSTargetPlatform
[2016.01.20-16.47.28:890][  0]LogTemp:Display: Loaded TP LinuxNoEditorTargetPlatform
[2016.01.20-16.47.28:894][  0]LogTemp:Display: Loaded TP LinuxServerTargetPlatform
[2016.01.20-16.47.28:898][  0]LogTemp:Display: Loaded TP LinuxTargetPlatform
[2016.01.20-16.47.28:898][  0]LogTargetPlatformManager:Display: Building Assets For Windows
[2016.01.20-16.47.28:981][  0]LogDerivedDataCache:Display: Max Cache Size: 512 MB
[2016.01.20-16.47.29:037][  0]LogDerivedDataCache: Loaded boot cache 0.06s 42MB C:/Users/dacos/AppData/Local/UnrealEngine/4.10/DerivedDataCache/Boot.ddc.
[2016.01.20-16.47.29:037][  0]LogDerivedDataCache:Display: Loaded Boot cache: C:/Users/dacos/AppData/Local/UnrealEngine/4.10/DerivedDataCache/Boot.ddc
[2016.01.20-16.47.29:037][  0]LogDerivedDataCache: FDerivedDataBackendGraph:  Pak pak cache file ../../../../../../Users/dacos/OneDrive/Documents/Unreal Projects/Game_GT/DerivedDataCache/DDC.ddp not found, will not use a pak cache.
[2016.01.20-16.47.29:037][  0]LogDerivedDataCache: Unable to find inner node Pak for hierarchical cache Hierarchy.
[2016.01.20-16.47.29:038][  0]LogDerivedDataCache: FDerivedDataBackendGraph:  CompressedPak pak cache file ../../../../../../Users/dacos/OneDrive/Documents/Unreal Projects/Game_GT/DerivedDataCache/Compressed.ddp not found, will not use a pak cache.
[2016.01.20-16.47.29:038][  0]LogDerivedDataCache: Unable to find inner node CompressedPak for hierarchical cache Hierarchy.
[2016.01.20-16.47.29:100][  0]LogDerivedDataCache:Display: Pak cache opened for reading ../../../Engine/DerivedDataCache/Compressed.ddp.
[2016.01.20-16.47.29:111][  0]LogDerivedDataCache: Using Local data cache path C:/Users/dacos/AppData/Local/UnrealEngine/Common/DerivedDataCache: Writable
[2016.01.20-16.47.29:300][  0]LogInit: Selected Device Profile: [Windows]
[2016.01.20-16.47.29:303][  0]LogContentStreaming: Texture pool size is 0.000000MB
[2016.01.20-16.47.29:413][  0]LogMeshUtilities: No automatic mesh reduction module available
[2016.01.20-16.47.29:413][  0]LogMeshUtilities: No automatic mesh merging module available
[2016.01.20-16.47.29:651][  0]LogInit: WinSock: version 1.1 (2.2), MaxSocks=32767, MaxUdp=65467
[2016.01.20-16.47.30:336][  0]UdpMessaging: Initializing bridge on interface 0.0.0.0:0 to multicast group 230.0.0.1:6666.
[2016.01.20-16.47.30:403][  0]LogLinker:Warning: Asset '../../../../../../Users/dacos/OneDrive/Documents/Unreal Projects/Game_GT/Content/Mannequin/Animations/ThirdPerson_AnimBP.uasset' has been saved with empty engine version. The asset will be loaded but may be incompatible.
[2016.01.20-16.47.30:403][  0]LogLinker:Warning: Asset '../../../../../../Users/dacos/OneDrive/Documents/Unreal Projects/Game_GT/Content/Mannequin/Animations/ThirdPerson_Jump.uasset' has been saved with empty engine version. The asset will be loaded but may be incompatible.
[2016.01.20-16.47.30:405][  0]LogLinker:Warning: Asset '../../../../../../Users/dacos/OneDrive/Documents/Unreal Projects/Game_GT/Content/Mannequin/Animations/ThirdPersonJump_Loop.uasset' has been saved with empty engine version. The asset will be loaded but may be incompatible.
[2016.01.20-16.47.30:405][  0]LogLinker:Warning: Asset '../../../../../../Users/dacos/OneDrive/Documents/Unreal Projects/Game_GT/Content/Mannequin/Animations/ThirdPersonJump_Start.uasset' has been saved with empty engine version. The asset will be loaded but may be incompatible.
[2016.01.20-16.47.30:406][  0]LogLinker:Warning: Asset '../../../../../../Users/dacos/OneDrive/Documents/Unreal Projects/Game_GT/Content/Mannequin/Animations/ThirdPerson_IdleRun_2D.uasset' has been saved with empty engine version. The asset will be loaded but may be incompatible.
[2016.01.20-16.47.30:407][  0]LogLinker:Warning: Asset '../../../../../../Users/dacos/OneDrive/Documents/Unreal Projects/Game_GT/Content/Mannequin/Animations/ThirdPersonIdle.uasset' has been saved with empty engine version. The asset will be loaded but may be incompatible.
[2016.01.20-16.47.30:407][  0]LogLinker:Warning: Asset '../../../../../../Users/dacos/OneDrive/Documents/Unreal Projects/Game_GT/Content/Mannequin/Animations/ThirdPersonRun.uasset' has been saved with empty engine version. The asset will be loaded but may be incompatible.
[2016.01.20-16.47.30:408][  0]LogLinker:Warning: Asset '../../../../../../Users/dacos/OneDrive/Documents/Unreal Projects/Game_GT/Content/Mannequin/Animations/ThirdPersonWalk.uasset' has been saved with empty engine version. The asset will be loaded but may be incompatible.
[2016.01.20-16.47.30:739][  0]LogAssetRegistry: FAssetRegistry took 0.0120 seconds to start up
[2016.01.20-16.47.30:961][  0]SourceControl: Info Source control is disabled
[2016.01.20-16.47.31:719][  0]LogObj: 31636 objects as part of root set at end of initial load.
[2016.01.20-16.47.31:719][  0]LogUObjectAllocator: 7168920 out of 0 bytes used by permanent object pool.
[2016.01.20-16.47.31:774][  0]LogEngine: Initializing Engine...
[2016.01.20-16.47.31:776][  0]LogHMD: Can't find Oculus library dev build: is proper Runtime installed? Version: 0.8.0.0
[2016.01.20-16.47.31:778][  0]LogHMD: SteamVR failed to initialize.  Err: 110
[2016.01.20-16.47.31:903][  0]LogAIModule: Creating AISystem for world NewWorld
[2016.01.20-16.47.31:908][  0]LogInit: XAudio2 using 'Headset Earphone (2- Logitech G933 Gaming Headset)' : 2 channels at 48 kHz using 16 bits per sample (channel mask 0x3)
[2016.01.20-16.47.31:931][  0]LogInit: FAudioDevice initialized.
[2016.01.20-16.47.31:962][  0]LogDerivedDataCache: Saved boot cache 0.03s 42MB C:/Users/dacos/AppData/Local/UnrealEngine/4.10/DerivedDataCache/Boot.ddc.
[2016.01.20-16.47.31:969][  0]LogInit: Texture streaming: Enabled
[2016.01.20-16.47.31:975][  0]LogAnalytics: Creating configured Analytics provider AnalyticsET
[2016.01.20-16.47.31:975][  0]LogAnalytics: [UEEditor.Rocket.Release] APIServer = http://et2.epicgames.com/ET2/. AppVersion = 4.10.1-2791327+++depot+UE4-Releases+4.10
[2016.01.20-16.47.31:975][  0]LogAnalytics: [UEEditor.Rocket.Release] SetUserId 7271a55c42ba7649a468ef8135f6e487|72e7fe8abf234c00b7d4ff8eb3462f9c|ed1d22c6-da52-4d8a-a8db-03a689afc6c5
[2016.01.20-16.47.31:975][  0]LogAnalytics: [UEEditor.Rocket.Release] AnalyticsET::StartSession
[2016.01.20-16.47.31:990][  0]LogWindowsTextInputMethodSystem:Display: IME system now deactivated.
[2016.01.20-16.47.32:013][  0]LogInit: Transaction tracking system initialized
[2016.01.20-16.47.32:051][  0]BlueprintLog: New page: Editor Load
[2016.01.20-16.47.32:218][  0]LocalizationService: Info Localization service is disabled
[2016.01.20-16.47.32:322][  0]LogConsoleResponse:Display: 
[2016.01.20-16.47.32:446][  0]LogCook:Display: Done creating registry. It took  0.00s.
[2016.01.20-16.47.32:686][  0]LogFileCache: Scanning file cache for directory 'C:/Users/dacos/OneDrive/Documents/Unreal Projects/Game_GT/Content/' took 0.01s
[2016.01.20-16.47.32:686][  0]Cmd: MAP LOAD FILE="../../../../../../Users/dacos/OneDrive/Documents/Unreal Projects/Game_GT/Content/TopDownCPP/Maps/TopDownExampleMap.umap" TEMPLATE=0 SHOWPROGRESS=1 FEATURELEVEL=3
[2016.01.20-16.47.32:687][  0]LightingResults: New page: Lighting Build
[2016.01.20-16.47.32:692][  0]MapCheck: New page: Map Check
[2016.01.20-16.47.32:692][  0]LightingResults: New page: Lighting Build
[2016.01.20-16.47.32:715][  0]LogParticles: Destroying 0 GPU particle simulations for FXSystem 0x000002B1EB9A5B20
[2016.01.20-16.47.32:722][  0]LogLinker:Warning: Can't find file '/Game/Blueprints/Behavior/botState'
[2016.01.20-16.47.32:722][  0]LogLinker:Warning: Can't find file for asset '/Game/Blueprints/Behavior/botState' while loading ../../../../../../Users/dacos/OneDrive/Documents/Unreal Projects/Game_GT/Content/Blueprints/Characters/MovementTest/su/botData.uasset.
[2016.01.20-16.47.32:722][  0]LoadErrors:Error: Error /Game/Blueprints/Characters/MovementTest/su/botData : Can't find file for asset. /Game/Blueprints/Behavior/botState
[2016.01.20-16.47.32:723][  0]LogLinker:Warning: Can't find file '/Game/Blueprints/Behavior/botState'
[2016.01.20-16.47.32:723][  0]LogLinker:Warning: Can't find file for asset '/Game/Blueprints/Behavior/botState' while loading ../../../../../../Users/dacos/OneDrive/Documents/Unreal Projects/Game_GT/Content/Blueprints/Characters/MovementTest/su/botData.uasset.
[2016.01.20-16.47.32:723][  0]LoadErrors:Error: Error /Game/Blueprints/Characters/MovementTest/su/botData : Can't find file for asset. /Game/Blueprints/Behavior/botState
[2016.01.20-16.47.32:750][  0]LogLinker:Warning: Can't find file '/Game/Blueprints/Behavior/botAI'
[2016.01.20-16.47.32:750][  0]LogLinker:Warning: Can't find file for asset '/Game/Blueprints/Behavior/botAI' while loading ../../../../../../Users/dacos/OneDrive/Documents/Unreal Projects/Game_GT/Content/Blueprints/Characters/MovementTest/su/BTS_botDetectEnemy.uasset.
[2016.01.20-16.47.32:750][  0]LoadErrors:Error: Error /Game/Blueprints/Characters/MovementTest/su/BTS_botDetectEnemy : Can't find file for asset. /Game/Blueprints/Behavior/botAI
[2016.01.20-16.47.32:750][  0]LogLinker:Warning: Can't find file '/Game/Blueprints/Pawn/botCharacter'
[2016.01.20-16.47.32:750][  0]LogLinker:Warning: Can't find file for asset '/Game/Blueprints/Pawn/botCharacter' while loading ../../../../../../Users/dacos/OneDrive/Documents/Unreal Projects/Game_GT/Content/Blueprints/Characters/MovementTest/su/BTS_botDetectEnemy.uasset.
[2016.01.20-16.47.32:750][  0]LoadErrors:Error: Error /Game/Blueprints/Characters/MovementTest/su/BTS_botDetectEnemy : Can't find file for asset. /Game/Blueprints/Pawn/botCharacter
[2016.01.20-16.47.32:750][  0]LogLinker:Warning: Can't find file '/Game/Blueprints/Pawn/MyCharacter'
[2016.01.20-16.47.32:750][  0]LogLinker:Warning: Can't find file for asset '/Game/Blueprints/Pawn/MyCharacter' while loading ../../../../../../Users/dacos/OneDrive/Documents/Unreal Projects/Game_GT/Content/Blueprints/Characters/MovementTest/su/BTS_botDetectEnemy.uasset.
[2016.01.20-16.47.32:750][  0]LoadErrors:Error: Error /Game/Blueprints/Characters/MovementTest/su/BTS_botDetectEnemy : Can't find file for asset. /Game/Blueprints/Pawn/MyCharacter
[2016.01.20-16.47.32:753][  0]LogLinker:Warning: Can't find file '/Game/Blueprints/Behavior/botAI'
[2016.01.20-16.47.32:753][  0]LogLinker:Warning: Can't find file for asset '/Game/Blueprints/Behavior/botAI' while loading ../../../../../../Users/dacos/OneDrive/Documents/Unreal Projects/Game_GT/Content/Blueprints/Characters/MovementTest/su/BTS_botDetectEnemy.uasset.
[2016.01.20-16.47.32:753][  0]LoadErrors:Error: Error /Game/Blueprints/Characters/MovementTest/su/BTS_botDetectEnemy : Can't find file for asset. /Game/Blueprints/Behavior/botAI
[2016.01.20-16.47.32:753][  0]LogLinker:Warning: Can't find file '/Game/Blueprints/Behavior/botState'
[2016.01.20-16.47.32:753][  0]LogLinker:Warning: Can't find file for asset '/Game/Blueprints/Behavior/botState' while loading ../../../../../../Users/dacos/OneDrive/Documents/Unreal Projects/Game_GT/Content/Blueprints/Characters/MovementTest/su/BTS_botDetectEnemy.uasset.
[2016.01.20-16.47.32:753][  0]LoadErrors:Error: Error /Game/Blueprints/Characters/MovementTest/su/BTS_botDetectEnemy : Can't find file for asset. /Game/Blueprints/Behavior/botState
[2016.01.20-16.47.32:754][  0]LogLinker:Warning: Can't find file '/Game/Blueprints/Pawn/botCharacter'
[2016.01.20-16.47.32:754][  0]LogLinker:Warning: Can't find file for asset '/Game/Blueprints/Pawn/botCharacter' while loading ../../../../../../Users/dacos/OneDrive/Documents/Unreal Projects/Game_GT/Content/Blueprints/Characters/MovementTest/su/BTS_botDetectEnemy.uasset.
[2016.01.20-16.47.32:754][  0]LoadErrors:Error: Error /Game/Blueprints/Characters/MovementTest/su/BTS_botDetectEnemy : Can't find file for asset. /Game/Blueprints/Pawn/botCharacter
[2016.01.20-16.47.32:754][  0]LogLinker:Warning: Can't find file '/Game/Blueprints/Pawn/MyCharacter'
[2016.01.20-16.47.32:754][  0]LogLinker:Warning: Can't find file for asset '/Game/Blueprints/Pawn/MyCharacter' while loading ../../../../../../Users/dacos/OneDrive/Documents/Unreal Projects/Game_GT/Content/Blueprints/Characters/MovementTest/su/BTS_botDetectEnemy.uasset.
[2016.01.20-16.47.32:754][  0]LoadErrors:Error: Error /Game/Blueprints/Characters/MovementTest/su/BTS_botDetectEnemy : Can't find file for asset. /Game/Blueprints/Pawn/MyCharacter
[2016.01.20-16.47.32:754][  0]LogLinker:Warning: Can't find file '/Game/Blueprints/Behavior/botState'
[2016.01.20-16.47.32:754][  0]LogLinker:Warning: Can't find file for asset '/Game/Blueprints/Behavior/botState' while loading ../../../../../../Users/dacos/OneDrive/Documents/Unreal Projects/Game_GT/Content/Blueprints/Characters/MovementTest/su/BTS_botDetectEnemy.uasset.
[2016.01.20-16.47.32:754][  0]LoadErrors:Error: Error /Game/Blueprints/Characters/MovementTest/su/BTS_botDetectEnemy : Can't find file for asset. /Game/Blueprints/Behavior/botState
[2016.01.20-16.47.32:755][  0]LogLinker:Warning: Can't find file '/Game/Blueprints/Behavior/botAI'
[2016.01.20-16.47.32:755][  0]LogLinker:Warning: Can't find file for asset '/Game/Blueprints/Behavior/botAI' while loading ../../../../../../Users/dacos/OneDrive/Documents/Unreal Projects/Game_GT/Content/Blueprints/Characters/MovementTest/su/botTree.uasset.
[2016.01.20-16.47.32:755][  0]LoadErrors:Error: Error /Game/Blueprints/Characters/MovementTest/su/botTree : Can't find file for asset. /Game/Blueprints/Behavior/botAI
[2016.01.20-16.47.32:755][  0]LogLinker:Warning: Can't find file '/Game/Blueprints/Pawn/botCharacter'
[2016.01.20-16.47.32:755][  0]LogLinker:Warning: Can't find file for asset '/Game/Blueprints/Pawn/botCharacter' while loading ../../../../../../Users/dacos/OneDrive/Documents/Unreal Projects/Game_GT/Content/Blueprints/Characters/MovementTest/su/botTree.uasset.
[2016.01.20-16.47.32:755][  0]LoadErrors:Error: Error /Game/Blueprints/Characters/MovementTest/su/botTree : Can't find file for asset. /Game/Blueprints/Pawn/botCharacter
[2016.01.20-16.47.32:755][  0]LogLinker:Warning: Can't find file '/Game/Blueprints/Behavior/botAI'
[2016.01.20-16.47.32:755][  0]LogLinker:Warning: Can't find file for asset '/Game/Blueprints/Behavior/botAI' while loading ../../../../../../Users/dacos/OneDrive/Documents/Unreal Projects/Game_GT/Content/Blueprints/Characters/MovementTest/su/botTree.uasset.
[2016.01.20-16.47.32:756][  0]LoadErrors:Error: Error /Game/Blueprints/Characters/MovementTest/su/botTree : Can't find file for asset. /Game/Blueprints/Behavior/botAI
[2016.01.20-16.47.32:756][  0]LogLinker:Warning: Can't find file '/Game/Blueprints/Pawn/botCharacter'
[2016.01.20-16.47.32:756][  0]LogLinker:Warning: Can't find file for asset '/Game/Blueprints/Pawn/botCharacter' while loading ../../../../../../Users/dacos/OneDrive/Documents/Unreal Projects/Game_GT/Content/Blueprints/Characters/MovementTest/su/botTree.uasset.
[2016.01.20-16.47.32:756][  0]LoadErrors:Error: Error /Game/Blueprints/Characters/MovementTest/su/botTree : Can't find file for asset. /Game/Blueprints/Pawn/botCharacter
[2016.01.20-16.47.32:756][  0]LogLinker:Warning: Can't find file '/Game/Blueprints/Pawn/MyCharacter'
[2016.01.20-16.47.32:756][  0]LogLinker:Warning: Can't find file for asset '/Game/Blueprints/Pawn/MyCharacter' while loading ../../../../../../Users/dacos/OneDrive/Documents/Unreal Projects/Game_GT/Content/Blueprints/Characters/MovementTest/su/botTree.uasset.
[2016.01.20-16.47.32:756][  0]LoadErrors:Error: Error /Game/Blueprints/Characters/MovementTest/su/botTree : Can't find file for asset. /Game/Blueprints/Pawn/MyCharacter
[2016.01.20-16.47.32:756][  0]LogLinker:Warning: Can't find file '/Game/Blueprints/Behavior/botAI'
[2016.01.20-16.47.32:756][  0]LogLinker:Warning: Can't find file for asset '/Game/Blueprints/Behavior/botAI' while loading ../../../../../../Users/dacos/OneDrive/Documents/Unreal Projects/Game_GT/Content/Blueprints/Characters/MovementTest/su/botTree.uasset.
[2016.01.20-16.47.32:756][  0]LoadErrors:Error: Error /Game/Blueprints/Characters/MovementTest/su/botTree : Can't find file for asset. /Game/Blueprints/Behavior/botAI
[2016.01.20-16.47.32:756][  0]LogLinker:Warning: Can't find file '/Game/Blueprints/Behavior/botState'
[2016.01.20-16.47.32:756][  0]LogLinker:Warning: Can't find file for asset '/Game/Blueprints/Behavior/botState' while loading ../../../../../../Users/dacos/OneDrive/Documents/Unreal Projects/Game_GT/Content/Blueprints/Characters/MovementTest/su/botTree.uasset.
[2016.01.20-16.47.32:756][  0]LoadErrors:Error: Error /Game/Blueprints/Characters/MovementTest/su/botTree : Can't find file for asset. /Game/Blueprints/Behavior/botState
[2016.01.20-16.47.32:757][  0]LogLinker:Warning: Can't find file '/Game/Blueprints/Pawn/botCharacter'
[2016.01.20-16.47.32:757][  0]LogLinker:Warning: Can't find file for asset '/Game/Blueprints/Pawn/botCharacter' while loading ../../../../../../Users/dacos/OneDrive/Documents/Unreal Projects/Game_GT/Content/Blueprints/Characters/MovementTest/su/botTree.uasset.
[2016.01.20-16.47.32:757][  0]LoadErrors:Error: Error /Game/Blueprints/Characters/MovementTest/su/botTree : Can't find file for asset. /Game/Blueprints/Pawn/botCharacter
[2016.01.20-16.47.32:757][  0]LogLinker:Warning: Can't find file '/Game/Blueprints/Pawn/MyCharacter'
[2016.01.20-16.47.32:757][  0]LogLinker:Warning: Can't find file for asset '/Game/Blueprints/Pawn/MyCharacter' while loading ../../../../../../Users/dacos/OneDrive/Documents/Unreal Projects/Game_GT/Content/Blueprints/Characters/MovementTest/su/botTree.uasset.
[2016.01.20-16.47.32:757][  0]LoadErrors:Error: Error /Game/Blueprints/Characters/MovementTest/su/botTree : Can't find file for asset. /Game/Blueprints/Pawn/MyCharacter
[2016.01.20-16.47.32:757][  0]LogLinker:Warning: Can't find file '/Game/Blueprints/Behavior/botState'
[2016.01.20-16.47.32:757][  0]LogLinker:Warning: Can't find file for asset '/Game/Blueprints/Behavior/botState' while loading ../../../../../../Users/dacos/OneDrive/Documents/Unreal Projects/Game_GT/Content/Blueprints/Characters/MovementTest/su/botTree.uasset.
[2016.01.20-16.47.32:757][  0]LoadErrors:Error: Error /Game/Blueprints/Characters/MovementTest/su/botTree : Can't find file for asset. /Game/Blueprints/Behavior/botState
[2016.01.20-16.47.32:764][  0]LogLinker:Warning: Can't find file '/Game/Blueprints/Behavior/botAI'
[2016.01.20-16.47.32:764][  0]LoadErrors: Info Failed to load /Game/Blueprints/Behavior/botAI.botAI_C Referenced by K2Node_DynamicCast_6215
[2016.01.20-16.47.32:764][  0]LogLinker:Warning: Can't find file for asset '/Game/Blueprints/Behavior/botAI' while loading ../../../../../../Users/dacos/OneDrive/Documents/Unreal Projects/Game_GT/Content/Blueprints/Characters/MovementTest/su/botTree.uasset.
[2016.01.20-16.47.32:764][  0]LoadErrors: Info Failed to load /Game/Blueprints/Behavior/botAI.botAI_C Referenced by K2Node_DynamicCast_6215
[2016.01.20-16.47.32:764][  0]LoadErrors:Error: Error /Game/Blueprints/Characters/MovementTest/su/botTree : Can't find file for asset. /Game/Blueprints/Behavior/botAI
[2016.01.20-16.47.32:765][  0]LogLinker:Warning: Can't find file '/Game/Blueprints/Behavior/botAI'
[2016.01.20-16.47.32:765][  0]LoadErrors: Info Failed to load /Game/Blueprints/Behavior/botAI.botAI_C Referenced by EdGraphPin_18720
[2016.01.20-16.47.32:765][  0]LogLinker:Warning: Can't find file for asset '/Game/Blueprints/Behavior/botAI' while loading ../../../../../../Users/dacos/OneDrive/Documents/Unreal Projects/Game_GT/Content/Blueprints/Characters/MovementTest/su/botTree.uasset.
[2016.01.20-16.47.32:765][  0]LoadErrors: Info Failed to load /Game/Blueprints/Behavior/botAI.botAI_C Referenced by EdGraphPin_18720
[2016.01.20-16.47.32:765][  0]LoadErrors:Error: Error /Game/Blueprints/Characters/MovementTest/su/botTree : Can't find file for asset. /Game/Blueprints/Behavior/botAI
[2016.01.20-16.47.32:766][  0]LogLinker:Warning: Can't find file '/Game/Blueprints/Pawn/MyCharacter'
[2016.01.20-16.47.32:766][  0]LoadErrors: Info Failed to load /Game/Blueprints/Pawn/MyCharacter.MyCharacter_C Referenced by EdGraphPin_7037
[2016.01.20-16.47.32:766][  0]LogLinker:Warning: Can't find file for asset '/Game/Blueprints/Pawn/MyCharacter' while loading ../../../../../../Users/dacos/OneDrive/Documents/Unreal Projects/Game_GT/Content/Blueprints/Characters/MovementTest/su/botTree.uasset.
[2016.01.20-16.47.32:766][  0]LoadErrors: Info Failed to load /Game/Blueprints/Pawn/MyCharacter.MyCharacter_C Referenced by EdGraphPin_7037
[2016.01.20-16.47.32:766][  0]LoadErrors:Error: Error /Game/Blueprints/Characters/MovementTest/su/botTree : Can't find file for asset. /Game/Blueprints/Pawn/MyCharacter
[2016.01.20-16.47.32:771][  0]LogLinker:Warning: Can't find file '/Game/Blueprints/Behavior/botState'
[2016.01.20-16.47.32:771][  0]LoadErrors: Info Failed to load /Game/Blueprints/Behavior/botState.botState Referenced by K2Node_SwitchEnum_14743
[2016.01.20-16.47.32:771][  0]LogLinker:Warning: Can't find file for asset '/Game/Blueprints/Behavior/botState' while loading ../../../../../../Users/dacos/OneDrive/Documents/Unreal Projects/Game_GT/Content/Blueprints/Characters/MovementTest/su/botTree.uasset.
[2016.01.20-16.47.32:771][  0]LoadErrors: Info Failed to load /Game/Blueprints/Behavior/botState.botState Referenced by K2Node_SwitchEnum_14743
[2016.01.20-16.47.32:771][  0]LoadErrors:Error: Error /Game/Blueprints/Characters/MovementTest/su/botTree : Can't find file for asset. /Game/Blueprints/Behavior/botState
[2016.01.20-16.47.32:774][  0]LogLinker:Warning: Can't find file '/Game/Blueprints/Behavior/botState'
[2016.01.20-16.47.32:774][  0]LoadErrors: Info Failed to load /Game/Blueprints/Behavior/botState.botState Referenced by K2Node_SwitchEnum_14788
[2016.01.20-16.47.32:774][  0]LogLinker:Warning: Can't find file for asset '/Game/Blueprints/Behavior/botState' while loading ../../../../../../Users/dacos/OneDrive/Documents/Unreal Projects/Game_GT/Content/Blueprints/Characters/MovementTest/su/botTree.uasset.
[2016.01.20-16.47.32:774][  0]LoadErrors: Info Failed to load /Game/Blueprints/Behavior/botState.botState Referenced by K2Node_SwitchEnum_14788
[2016.01.20-16.47.32:774][  0]LoadErrors:Error: Error /Game/Blueprints/Characters/MovementTest/su/botTree : Can't find file for asset. /Game/Blueprints/Behavior/botState
[2016.01.20-16.47.32:780][  0]LogLinker:Warning: Can't find file '/Game/Blueprints/Pawn/botCharacter'
[2016.01.20-16.47.32:780][  0]LoadErrors: Info Failed to load /Game/Blueprints/Pawn/botCharacter.botCharacter_C Referenced by K2Node_DynamicCast_47
[2016.01.20-16.47.32:780][  0]LogLinker:Warning: Can't find file for asset '/Game/Blueprints/Pawn/botCharacter' while loading ../../../../../../Users/dacos/OneDrive/Documents/Unreal Projects/Game_GT/Content/Blueprints/Characters/MovementTest/su/botTree.uasset.
[2016.01.20-16.47.32:781][  0]LoadErrors: Info Failed to load /Game/Blueprints/Pawn/botCharacter.botCharacter_C Referenced by K2Node_DynamicCast_47
[2016.01.20-16.47.32:781][  0]LoadErrors:Error: Error /Game/Blueprints/Characters/MovementTest/su/botTree : Can't find file for asset. /Game/Blueprints/Pawn/botCharacter
[2016.01.20-16.47.32:781][  0]LogLinker:Warning: Can't find file '/Game/Blueprints/Pawn/botCharacter'
[2016.01.20-16.47.32:781][  0]LoadErrors: Info Failed to load /Game/Blueprints/Pawn/botCharacter.botCharacter_C Referenced by EdGraphPin_18756
[2016.01.20-16.47.32:781][  0]LogLinker:Warning: Can't find file for asset '/Game/Blueprints/Pawn/botCharacter' while loading ../../../../../../Users/dacos/OneDrive/Documents/Unreal Projects/Game_GT/Content/Blueprints/Characters/MovementTest/su/botTree.uasset.
[2016.01.20-16.47.32:782][  0]LoadErrors: Info Failed to load /Game/Blueprints/Pawn/botCharacter.botCharacter_C Referenced by EdGraphPin_18756
[2016.01.20-16.47.32:782][  0]LoadErrors:Error: Error /Game/Blueprints/Characters/MovementTest/su/botTree : Can't find file for asset. /Game/Blueprints/Pawn/botCharacter
[2016.01.20-16.47.32:782][  0]LogLinker:Warning: Can't find file '/Game/Blueprints/Pawn/botCharacter'
[2016.01.20-16.47.32:782][  0]LoadErrors: Info Failed to load /Game/Blueprints/Pawn/botCharacter.botCharacter_C Referenced by K2Node_CallFunction_187347
[2016.01.20-16.47.32:782][  0]LogLinker:Warning: Can't find file for asset '/Game/Blueprints/Pawn/botCharacter' while loading ../../../../../../Users/dacos/OneDrive/Documents/Unreal Projects/Game_GT/Content/Blueprints/Characters/MovementTest/su/botTree.uasset.
[2016.01.20-16.47.32:782][  0]LoadErrors: Info Failed to load /Game/Blueprints/Pawn/botCharacter.botCharacter_C Referenced by K2Node_CallFunction_187347
[2016.01.20-16.47.32:782][  0]LoadErrors:Error: Error /Game/Blueprints/Characters/MovementTest/su/botTree : Can't find file for asset. /Game/Blueprints/Pawn/botCharacter
[2016.01.20-16.47.32:783][  0]LogLinker:Warning: Can't find file '/Game/Blueprints/Pawn/botCharacter'
[2016.01.20-16.47.32:783][  0]LoadErrors: Info Failed to load /Game/Blueprints/Pawn/botCharacter.botCharacter_C Referenced by EdGraphPin_18769
[2016.01.20-16.47.32:783][  0]LogLinker:Warning: Can't find file for asset '/Game/Blueprints/Pawn/botCharacter' while loading ../../../../../../Users/dacos/OneDrive/Documents/Unreal Projects/Game_GT/Content/Blueprints/Characters/MovementTest/su/botTree.uasset.
[2016.01.20-16.47.32:783][  0]LoadErrors: Info Failed to load /Game/Blueprints/Pawn/botCharacter.botCharacter_C Referenced by EdGraphPin_18769
[2016.01.20-16.47.32:783][  0]LoadErrors:Error: Error /Game/Blueprints/Characters/MovementTest/su/botTree : Can't find file for asset. /Game/Blueprints/Pawn/botCharacter
[2016.01.20-16.47.32:804][  0]LogBlueprint:Error: [compiler BTS_botDetectEnemy] Error Could not find a function named "Enemy Lost_Event" in 'BTS_botDetectEnemy'.
Make sure 'BTS_botDetectEnemy' has been compiled for  Enemy Lost Event 
[2016.01.20-16.47.32:804][  0]LogBlueprint:Warning: [compiler BTS_botDetectEnemy] Warning Can't connect pins  Object  and  Return Value : This cast has an invalid target type (was the class deleted without a redirect?).
[2016.01.20-16.47.32:805][  0]LogBlueprint:Warning: [compiler BTS_botDetectEnemy] Warning Can't connect pins  Return Value  and  Object : This cast has an invalid target type (was the class deleted without a redirect?).
[2016.01.20-16.47.32:805][  0]LogBlueprint:Warning: [compiler BTS_botDetectEnemy] Warning Can't connect pins  Object  and  Owner Actor : This cast has an invalid target type (was the class deleted without a redirect?).
[2016.01.20-16.47.32:805][  0]LogBlueprint:Warning: [compiler BTS_botDetectEnemy] Warning Can't connect pins  Owner Actor  and  Object : This cast has an invalid target type (was the class deleted without a redirect?).
[2016.01.20-16.47.32:805][  0]LogBlueprint:Error: [compiler BTS_botDetectEnemy] Error This blueprint (self) is not compatible with ' Target ', therefore that pin must have a connection.
[2016.01.20-16.47.32:805][  0]LogBlueprint:Error: [compiler BTS_botDetectEnemy] Error This blueprint (self) is not a Actor, therefore ' Target ' must have a connection.
[2016.01.20-16.47.32:806][  0]LogBlueprint:Error: [compiler BTS_botDetectEnemy] Error This blueprint (self) is not a AIController, therefore ' Target ' must have a connection.
[2016.01.20-16.47.32:806][  0]LogBlueprint:Error: [compiler BTS_botDetectEnemy] Error This blueprint (self) is not a Controller, therefore ' Target ' must have a connection.
[2016.01.20-16.47.32:806][  0]LogBlueprint:Error: [compiler BTS_botDetectEnemy] Error This blueprint (self) is not a Actor, therefore ' Target ' must have a connection.
[2016.01.20-16.47.32:806][  0]LogBlueprint:Error: [compiler BTS_botDetectEnemy] Error This blueprint (self) is not a Controller, therefore ' Target ' must have a connection.
[2016.01.20-16.47.32:816][  0]LogBlueprint:Warning: [compiler BTS_botDetectEnemy] Warning [0006.14] Compile of BTS_botDetectEnemy failed. 7 Fatal Issue(s) 4 Warning(s) [in 21 ms]
[2016.01.20-16.47.32:817][  0]LogBlueprint:Warning: [compiler BTS_botDetectEnemy] Warning [0006.14] Compile of BTS_botDetectEnemy failed. 7 Fatal Issue(s) 5 Warning(s) [in 0 ms]
[2016.01.20-16.47.32:817][  0]LogBlueprint:Warning: [compiler BTS_botDetectEnemy] Warning [0006.14] Compile of BTS_botDetectEnemy failed. 7 Fatal Issue(s) 6 Warning(s) [in 0 ms]
[2016.01.20-16.47.33:336][  0]LogLinker:Warning: Can't find file '/Game/Blueprints/Behavior/botState'
[2016.01.20-16.47.33:336][  0]LoadErrors: Info Failed to load /Game/Blueprints/Behavior/botState.botState Referenced by BlackboardKeyType_Enum_1
[2016.01.20-16.47.33:336][  0]LogLinker:Warning: Can't find file for asset '/Game/Blueprints/Behavior/botState' while loading NULL.
[2016.01.20-16.47.33:337][  0]LoadErrors: Info Failed to load /Game/Blueprints/Behavior/botState.botState Referenced by BlackboardKeyType_Enum_1
[2016.01.20-16.47.33:485][  0]LogAIModule: Creating AISystem for world TopDownExampleMap
[2016.01.20-16.47.33:542][  0]LogEditorServer: Finished looking for orphan Actors (0.000 secs)
[2016.01.20-16.47.33:544][  0]Cmd: MAP CHECKDEP NOCLEARLOG
[2016.01.20-16.47.33:600][  0]MapCheck: Info Map check complete: 0 Error(s), 0 Warning(s), took 55.759ms to complete.
[2016.01.20-16.47.33:600][  0]LogFileHelpers: Loading map 'TopDownExampleMap' took 0.914
[2016.01.20-16.47.33:721][  0]LogCollectionManager: Loaded 0 collections in 0.004287 seconds
[2016.01.20-16.47.33:764][  0]LogFileCache: Scanning file cache for directory 'C:/Users/dacos/OneDrive/Documents/Unreal Projects/Game_GT/Saved/Collections/' took 0.01s
[2016.01.20-16.47.33:764][  0]LogFileCache: Scanning file cache for directory 'C:/Users/dacos/OneDrive/Documents/Unreal Projects/Game_GT/Content/Developers/dacos/Collections/' took 0.01s
[2016.01.20-16.47.33:764][  0]LogFileCache: Scanning file cache for directory 'C:/Users/dacos/OneDrive/Documents/Unreal Projects/Game_GT/Content/Collections/' took 0.01s
[2016.01.20-16.47.33:764][  0]LogCollectionManager: Rebuilt the GUID cache for 0 collections in 0.000002 seconds
[2016.01.20-16.47.33:777][  0]LogContentBrowser: Native class hierarchy populated in 0.0134 seconds. Added 1897 classes and 340 folders.
[2016.01.20-16.47.33:787][  0]LogContentBrowser: Native class hierarchy updated for 'WidgetCarousel' in 0.0010 seconds. Added 0 classes and 0 folders.
[2016.01.20-16.47.33:842][  0]LogContentBrowser: Native class hierarchy updated for 'AddContentDialog' in 0.0015 seconds. Added 0 classes and 0 folders.
[2016.01.20-16.47.33:848][  0]LogContentBrowser: Native class hierarchy updated for 'SceneOutliner' in 0.0012 seconds. Added 1 classes and 2 folders.
[2016.01.20-16.47.33:873][  0]LogCrashTracker: Crashtracker disabled due to settings.
[2016.01.20-16.47.33:882][  0]LogUObjectGlobals:Warning: Failed to find object 'Class None.'
[2016.01.20-16.47.33:906][  0]LogLoad: Full Startup: 7.23 seconds (BP compile: 0.26 seconds)
[2016.01.20-16.47.33:917][  0]LogOcInput: Can't find Oculus library dev build: is proper Runtime installed? Version: 0.8.0.0
[2016.01.20-16.47.33:989][  0]SourceControl: Info On branch master
[2016.01.20-16.47.33:989][  0]SourceControl: Info Your branch is up-to-date with 'origin/master'.
[2016.01.20-16.47.33:989][  0]SourceControl: Info Changes to be committed:
[2016.01.20-16.47.33:989][  0]SourceControl: Info   (use "git reset HEAD <file>..." to unstage)
[2016.01.20-16.47.33:989][  0]SourceControl: Info 	modified:   Content/Blueprints/Characters/MovementTest/BTD_BotUpdateRout.uasset
[2016.01.20-16.47.33:989][  0]SourceControl: Info 	new file:   Content/Blueprints/Characters/MovementTest/BTD_BotUpdateRout_bad.uasset
[2016.01.20-16.47.33:989][  0]SourceControl: Info 	modified:   Content/Blueprints/Characters/MovementTest/BTT_BotNextRout.uasset
[2016.01.20-16.47.33:989][  0]SourceControl: Info 	new file:   Content/Blueprints/Characters/MovementTest/BTT_BotNextRout_bad.uasset
[2016.01.20-16.47.33:989][  0]SourceControl: Info 	modified:   Content/Blueprints/Characters/MovementTest/BTT_BotWalkspeed.uasset
[2016.01.20-16.47.33:989][  0]SourceControl: Info 	new file:   Content/Blueprints/Characters/MovementTest/BTT_BotWalkspeed_bad.uasset
[2016.01.20-16.47.33:989][  0]SourceControl: Info 	modified:   Content/Blueprints/Characters/MovementTest/BotAi.uasset
[2016.01.20-16.47.33:989][  0]SourceControl: Info 	modified:   Content/Blueprints/Characters/MovementTest/BotAiTree.uasset
[2016.01.20-16.47.33:989][  0]SourceControl: Info 	copied:     Content/Blueprints/Characters/MovementTest/BotAiTree.uasset -> Content/Blueprints/Characters/MovementTest/BotAiTree_bad.uasset
[2016.01.20-16.47.33:989][  0]SourceControl: Info 	new file:   Content/Blueprints/Characters/MovementTest/BotAi_bad.uasset
[2016.01.20-16.47.33:989][  0]SourceControl: Info 	modified:   Content/Blueprints/Characters/MovementTest/BotData.uasset
[2016.01.20-16.47.33:989][  0]SourceControl: Info 	new file:   Content/Blueprints/Characters/MovementTest/BotData_bad.uasset
[2016.01.20-16.47.33:989][  0]SourceControl: Info 	modified:   Content/Blueprints/Characters/MovementTest/BotState.uasset
[2016.01.20-16.47.33:989][  0]SourceControl: Info 	new file:   Content/Blueprints/Characters/MovementTest/BotState_bad.uasset
[2016.01.20-16.47.33:989][  0]SourceControl: Info 	modified:   Content/Blueprints/Characters/MovementTest/BotWaypoint.uasset
[2016.01.20-16.47.33:989][  0]SourceControl: Info 	new file:   Content/Blueprints/Characters/MovementTest/BotWaypoint_bad.uasset
[2016.01.20-16.47.33:989][  0]SourceControl: Info Changes not staged for commit:
[2016.01.20-16.47.33:989][  0]SourceControl: Info   (use "git add/rm <file>..." to update what will be committed)
[2016.01.20-16.47.33:989][  0]SourceControl: Info   (use "git checkout -- <file>..." to discard changes in working directory)
[2016.01.20-16.47.33:989][  0]SourceControl: Info 	modified:   Content/Blueprints/Characters/MovementTest/BTD_BotUpdateRout_bad.uasset
[2016.01.20-16.47.33:989][  0]SourceControl: Info 	modified:   Content/Blueprints/Characters/MovementTest/BTT_BotNextRout_bad.uasset
[2016.01.20-16.47.33:989][  0]SourceControl: Info 	modified:   Content/Blueprints/Characters/MovementTest/BTT_BotWalkspeed_bad.uasset
[2016.01.20-16.47.33:989][  0]SourceControl: Info 	modified:   Content/Blueprints/Characters/MovementTest/BotAi_bad.uasset
[2016.01.20-16.47.33:989][  0]SourceControl: Info 	modified:   Content/Blueprints/Characters/MovementTest/BotWaypoint_bad.uasset
[2016.01.20-16.47.33:989][  0]SourceControl: Info 	modified:   Content/Blueprints/Characters/MovementTest/RadaBancroft_v2.uasset
[2016.01.20-16.47.33:989][  0]SourceControl: Info 	modified:   Content/TopDownCPP/Maps/TopDownExampleMap.umap
[2016.01.20-16.47.33:989][  0]SourceControl: Info 	modified:   Intermediate/CachedAssetRegistry.bin
[2016.01.20-16.47.33:989][  0]SourceControl: Info 	modified:   Saved/Autosaves/Game/TopDownCPP/Maps/TopDownExampleMap_Auto1.umap
[2016.01.20-16.47.33:989][  0]SourceControl: Info 	modified:   Saved/Autosaves/PackageRestoreData.json
[2016.01.20-16.47.33:989][  0]SourceControl: Info 	deleted:    Saved/Backup/2DTopDown_Style_2015-09-23-22-02-24.uasset
[2016.01.20-16.47.33:989][  0]SourceControl: Info 	deleted:    Saved/Backup/AITesting_MoveGoal_2015-09-22-18-54-36.uasset
[2016.01.20-16.47.33:989][  0]SourceControl: Info 	deleted:    Saved/Backup/ActorMacros_2015-09-22-18-54-35.uasset
[2016.01.20-16.47.33:989][  0]SourceControl: Info 	deleted:    Saved/Backup/BotAiTree_2016-01-07-11-52-26.uasset
[2016.01.20-16.47.33:989][  0]SourceControl: Info 	deleted:    Saved/Backup/HPBar_2015-11-19-11-40-43.uasset
[2016.01.20-16.47.33:989][  0]SourceControl: Info 	deleted:    Saved/Backup/LizardMan_PaperCharacter_2015-09-24-17-35-03.uasset
[2016.01.20-16.47.33:989][  0]SourceControl: Info 	deleted:    Saved/Backup/LizardMan_PaperCharacter_2015-09-24-18-21-27.uasset
[2016.01.20-16.47.33:989][  0]SourceControl: Info 	deleted:    Saved/Backup/LizardMan_PaperCharacter_2015-09-24-18-41-46.uasset
[2016.01.20-16.47.33:989][  0]SourceControl: Info 	deleted:    Saved/Backup/LizardMan_PaperCharacter_2015-09-24-20-14-26.uasset
[2016.01.20-16.47.33:989][  0]SourceControl: Info 	deleted:    Saved/Backup/LizardMan_PaperCharacter_2015-09-29-12-53-00.uasset
[2016.01.20-16.47.33:989][  0]SourceControl: Info 	deleted:    Saved/Backup/LizardMan_PaperCharacter_2015-10-01-11-58-40.uasset
[2016.01.20-16.47.33:990][  0]SourceControl: Info 	deleted:    Saved/Backup/LizardMan_PaperCharacter_2015-10-16-11-18-52.uasset
[2016.01.20-16.47.33:990][  0]SourceControl: Info 	deleted:    Saved/Backup/LizardMan_PaperCharacter_2015-10-26-11-21-39.uasset
[2016.01.20-16.47.33:990][  0]SourceControl: Info 	deleted:    Saved/Backup/LizardMan_PaperCharacter_2015-10-30-12-01-37.uasset
[2016.01.20-16.47.33:990][  0]SourceControl: Info 	deleted:    Saved/Backup/LizardMan_PaperCharacter_2015-11-03-11-50-09.uasset
[2016.01.20-16.47.33:990][  0]SourceControl: Info 	deleted:    Saved/Backup/LizardMan_PaperCharacter_2015-11-09-10-54-06.uasset
[2016.01.20-16.47.33:990][  0]SourceControl: Info 	modified:   Saved/Config/Windows/Editor.ini
[2016.01.20-16.47.33:990][  0]SourceControl: Info 	modified:   Saved/Config/Windows/EditorPerProjectUserSettings.ini
[2016.01.20-16.47.33:990][  0]SourceControl: Info 	modified:   Saved/Config/Windows/Engine.ini
[2016.01.20-16.47.33:990][  0]SourceControl: Info 	deleted:    Saved/Logs/Game_GT-backup-2016.01.11-11.39.41.log
[2016.01.20-16.47.33:990][  0]SourceControl: Info 	deleted:    Saved/Logs/Game_GT-backup-2016.01.11-11.49.32.log
[2016.01.20-16.47.33:990][  0]SourceControl: Info 	deleted:    Saved/Logs/Game_GT-backup-2016.01.12-17.31.54.log
[2016.01.20-16.47.33:990][  0]SourceControl: Info 	deleted:    Saved/Logs/Game_GT-backup-2016.01.15-10.45.12.log
[2016.01.20-16.47.33:990][  0]SourceControl: Info 	deleted:    Saved/Logs/Game_GT-backup-2016.01.15-10.58.23.log
[2016.01.20-16.47.33:990][  0]SourceControl: Info 	deleted:    Saved/Logs/Game_GT-backup-2016.01.15-11.19.10.log
[2016.01.20-16.47.33:990][  0]SourceControl: Info 	modified:   Saved/Logs/Game_GT.log
[2016.01.20-16.47.33:990][  0]SourceControl: Info Untracked files:
[2016.01.20-16.47.33:990][  0]SourceControl: Info   (use "git add <file>..." to include in what will be committed)
[2016.01.20-16.47.33:990][  0]SourceControl: Info 	Content/Blueprints/Characters/MovementTest/su/
[2016.01.20-16.47.33:990][  0]SourceControl: Info 	Saved/Autosaves/Game/Blueprints/Characters/MovementTest/su/
[2016.01.20-16.47.33:990][  0]SourceControl: Info 	Saved/Backup/BTD_BotUpdateRout_2016-01-20-11-06-36.uasset
[2016.01.20-16.47.33:990][  0]SourceControl: Info 	Saved/Backup/BTD_BotUpdateRout_bad_2016-01-20-11-06-35.uasset
[2016.01.20-16.47.33:990][  0]SourceControl: Info 	Saved/Backup/BTD_botUpdateRoute_2016-01-20-11-13-02.uasset
[2016.01.20-16.47.33:990][  0]SourceControl: Info 	Saved/Backup/BTT_BotNextRout_2016-01-20-11-06-41.uasset
[2016.01.20-16.47.33:990][  0]SourceControl: Info 	Saved/Backup/BTT_BotNextRout_bad_2016-01-20-11-06-41.uasset
[2016.01.20-16.47.33:990][  0]SourceControl: Info 	Saved/Backup/BTT_BotWalkspeed_2016-01-20-11-06-48.uasset
[2016.01.20-16.47.33:990][  0]SourceControl: Info 	Saved/Backup/BTT_BotWalkspeed_bad_2016-01-20-11-06-48.uasset
[2016.01.20-16.47.33:990][  0]SourceControl: Info 	Saved/Backup/BTT_botNextRoute_2016-01-20-11-27-04.uasset
[2016.01.20-16.47.33:990][  0]SourceControl: Info 	Saved/Backup/BotAiTree_2016-01-20-11-06-06.uasset
[2016.01.20-16.47.33:990][  0]SourceControl: Info 	Saved/Backup/BotAi_2016-01-20-11-04-35.uasset
[2016.01.20-16.47.33:990][  0]SourceControl: Info 	Saved/Backup/BotAi_bad_2016-01-20-11-04-34.uasset
[2016.01.20-16.47.33:990][  0]SourceControl: Info 	Saved/Backup/BotData_2016-01-20-11-06-14.uasset
[2016.01.20-16.47.33:990][  0]SourceControl: Info 	Saved/Backup/BotState_2016-01-20-11-06-21.uasset
[2016.01.20-16.47.33:990][  0]SourceControl: Info 	Saved/Backup/BotWaypoint_2016-01-20-11-06-28.uasset
[2016.01.20-16.47.33:990][  0]SourceControl: Info 	Saved/Backup/BotWaypoint_bad_2016-01-20-11-06-28.uasset
[2016.01.20-16.47.33:990][  0]SourceControl: Info 	Saved/Backup/RadaBancroft_v2_2016-01-20-11-32-17.uasset
[2016.01.20-16.47.33:990][  0]SourceControl: Info 	Saved/Backup/TopDownExampleMap_2016-01-20-11-03-16.umap
[2016.01.20-16.47.33:990][  0]SourceControl: Info 	Saved/Backup/TopDownExampleMap_2016-01-20-11-15-29.umap
[2016.01.20-16.47.33:990][  0]SourceControl: Info 	Saved/Backup/TopDownExampleMap_2016-01-20-11-30-24.umap
[2016.01.20-16.47.33:990][  0]SourceControl: Info 	Saved/Backup/TopDownExampleMap_2016-01-20-11-45-25.umap
[2016.01.20-16.47.33:990][  0]SourceControl: Info 	Saved/Backup/botAI_2016-01-20-11-31-21.uasset
[2016.01.20-16.47.33:990][  0]SourceControl: Info 	Saved/Backup/botTree_2016-01-20-11-15-29.uasset
[2016.01.20-16.47.33:990][  0]SourceControl: Info 	Saved/Backup/botTree_2016-01-20-11-22-56.uasset
[2016.01.20-16.47.33:990][  0]SourceControl: Info 	Saved/Logs/Game_GT-backup-2016.01.20-10.54.15.log
[2016.01.20-16.47.33:990][  0]SourceControl: Info 	Saved/Logs/Game_GT-backup-2016.01.20-11.44.34.log
[2016.01.20-16.47.33:990][  0]SourceControl: Info 	Saved/Logs/Game_GT-backup-2016.01.20-11.47.27.log
[2016.01.20-16.47.33:990][  0]SourceControl: Info 	Saved/Logs/UE4CC-Windows-3B26D9CE48B739A48F800C81E59AE742/
[2016.01.20-16.47.33:990][  0]SourceControl: Info 	Saved/Logs/UE4CC-Windows-3E58DC2C472F024128312EA72D9F51FE/
[2016.01.20-16.47.33:990][  0]LogContentStreaming: Texture pool size now 1000 MB
[2016.01.20-16.47.34:187][  0]LogRenderer: Reallocating scene render targets to support 1280x624 (Frame:2).
[2016.01.20-16.47.34:760][  6]LogAssetRegistry: Asset discovery search completed in 4.0325 seconds
[2016.01.20-16.47.34:760][  6]LogCollectionManager: Rebuilt the object cache for 0 collections in 0.000001 seconds (found 0 objects)
[2016.01.20-16.47.34:760][  6]LogCollectionManager: Fixed up redirectors for 0 collections in 0.000024 seconds (updated 0 objects)
[2016.01.20-16.47.52:289][851]LogEditorActor: Deleted Actor: botWaypoint_C
[2016.01.20-16.47.52:290][851]LogEditorActor: Deleted Actor: botWaypoint_C
[2016.01.20-16.47.52:290][851]LogEditorActor: Deleted Actor: botWaypoint_C
[2016.01.20-16.47.52:290][851]LogEditorActor: Deleted Actor: botWaypoint_C
[2016.01.20-16.47.52:291][851]LogEditorActor: Deleted Actor: botWaypoint_C
[2016.01.20-16.47.52:291][851]LogEditorActor: Deleted Actor: botWaypoint_C
[2016.01.20-16.47.52:337][851]LogEditorActor: Deleted 6 Actors (0.050 secs)
[2016.01.20-16.47.58:721][605]LogSlate:Warning: Prevented a slow task dialog from being summoned while a context menu was open
[2016.01.20-16.47.58:797][605]LogLinker:Warning: Can't find file '/Game/Blueprints/Behavior/botWaypoint'
[2016.01.20-16.47.58:798][605]LogLinker:Warning: Can't find file for asset '/Game/Blueprints/Behavior/botWaypoint' while loading ../../../../../../Users/dacos/OneDrive/Documents/Unreal Projects/Game_GT/Content/Blueprints/Characters/MovementTest/su/botWaypoint2.uasset.
[2016.01.20-16.47.58:798][605]LoadErrors:Error: Error /Game/Blueprints/Characters/MovementTest/su/botWaypoint2 : Can't find file for asset. /Game/Blueprints/Behavior/botWaypoint
[2016.01.20-16.47.58:798][605]LogLinker:Warning: Can't find file '/Game/Blueprints/Behavior/botWaypoint'
[2016.01.20-16.47.58:798][605]LogLinker:Warning: Can't find file for asset '/Game/Blueprints/Behavior/botWaypoint' while loading ../../../../../../Users/dacos/OneDrive/Documents/Unreal Projects/Game_GT/Content/Blueprints/Characters/MovementTest/su/botWaypoint2.uasset.
[2016.01.20-16.47.58:798][605]LogLinker:Warning: Can't find file '/Game/Blueprints/Behavior/botWaypoint'
[2016.01.20-16.47.58:798][605]LogLinker:Warning: Can't find file for asset '/Game/Blueprints/Behavior/botWaypoint' while loading ../../../../../../Users/dacos/OneDrive/Documents/Unreal Projects/Game_GT/Content/Blueprints/Characters/MovementTest/su/botWaypoint2.uasset.
[2016.01.20-16.47.58:798][605]LogLinker:Warning: Can't find file '/Game/Blueprints/Behavior/botWaypoint'
[2016.01.20-16.47.58:798][605]LogLinker:Warning: Can't find file for asset '/Game/Blueprints/Behavior/botWaypoint' while loading ../../../../../../Users/dacos/OneDrive/Documents/Unreal Projects/Game_GT/Content/Blueprints/Characters/MovementTest/su/botWaypoint2.uasset.
[2016.01.20-16.47.58:798][605]LogLinker:Warning: Can't find file '/Game/Blueprints/Behavior/botWaypoint'
[2016.01.20-16.47.58:798][605]LoadErrors: Info Failed to load /Game/Blueprints/Behavior/botWaypoint.botWaypoint Referenced by botWaypoint2
[2016.01.20-16.47.58:799][605]LogLinker:Warning: Can't find file for asset '/Game/Blueprints/Behavior/botWaypoint' while loading NULL.
[2016.01.20-16.47.58:799][605]LogLinker:Warning: Can't find file '/Game/Blueprints/Behavior/botWaypoint'
[2016.01.20-16.47.58:799][605]LoadErrors: Info Failed to load /Game/Blueprints/Behavior/botWaypoint.botWaypoint_C Referenced by botWaypoint2_C
[2016.01.20-16.47.58:799][605]LogLinker:Warning: Can't find file for asset '/Game/Blueprints/Behavior/botWaypoint' while loading NULL.
[2016.01.20-16.47.58:799][605]LogLinker:Warning: Can't find file '/Game/Blueprints/Behavior/botWaypoint'
[2016.01.20-16.47.58:799][605]LoadErrors: Info Failed to load /Game/Blueprints/Behavior/botWaypoint.Default__botWaypoint_C Referenced by Default__botWaypoint2_C
[2016.01.20-16.47.58:799][605]LogLinker:Warning: Can't find file for asset '/Game/Blueprints/Behavior/botWaypoint' while loading NULL.
[2016.01.20-16.47.58:800][605]LogLinker:Warning: Can't find file '/Game/Blueprints/Behavior/botAI'
[2016.01.20-16.47.58:801][605]LogLinker:Warning: Can't find file for asset '/Game/Blueprints/Behavior/botAI' while loading ../../../../../../Users/dacos/OneDrive/Documents/Unreal Projects/Game_GT/Content/Blueprints/Characters/MovementTest/su/BTT_botAttackEnemy.uasset.
[2016.01.20-16.47.58:801][605]LoadErrors:Error: Error /Game/Blueprints/Characters/MovementTest/su/BTT_botAttackEnemy : Can't find file for asset. /Game/Blueprints/Behavior/botAI
[2016.01.20-16.47.58:801][605]LogLinker:Warning: Can't find file '/Game/Blueprints/Pawn/botCharacter'
[2016.01.20-16.47.58:801][605]LogLinker:Warning: Can't find file for asset '/Game/Blueprints/Pawn/botCharacter' while loading ../../../../../../Users/dacos/OneDrive/Documents/Unreal Projects/Game_GT/Content/Blueprints/Characters/MovementTest/su/BTT_botAttackEnemy.uasset.
[2016.01.20-16.47.58:801][605]LoadErrors:Error: Error /Game/Blueprints/Characters/MovementTest/su/BTT_botAttackEnemy : Can't find file for asset. /Game/Blueprints/Pawn/botCharacter
[2016.01.20-16.47.58:802][605]LogLinker:Warning: Can't find file '/Game/Blueprints/Pawn/botCharacter'
[2016.01.20-16.47.58:802][605]LogLinker:Warning: Can't find file for asset '/Game/Blueprints/Pawn/botCharacter' while loading ../../../../../../Users/dacos/OneDrive/Documents/Unreal Projects/Game_GT/Content/Blueprints/Characters/MovementTest/su/BTT_botAttackEnemy.uasset.
[2016.01.20-16.47.58:802][605]LogLinker:Warning: Can't find file '/Game/Blueprints/Pawn/botCharacter'
[2016.01.20-16.47.58:802][605]LogLinker:Warning: Can't find file for asset '/Game/Blueprints/Pawn/botCharacter' while loading ../../../../../../Users/dacos/OneDrive/Documents/Unreal Projects/Game_GT/Content/Blueprints/Characters/MovementTest/su/BTT_botAttackEnemy.uasset.
[2016.01.20-16.47.58:803][605]LogLinker:Warning: Can't find file '/Game/Blueprints/Pawn/botCharacter'
[2016.01.20-16.47.58:803][605]LogLinker:Warning: Can't find file for asset '/Game/Blueprints/Pawn/botCharacter' while loading ../../../../../../Users/dacos/OneDrive/Documents/Unreal Projects/Game_GT/Content/Blueprints/Characters/MovementTest/su/BTT_botAttackEnemy.uasset.
[2016.01.20-16.47.58:803][605]LogLinker:Warning: Can't find file '/Game/Blueprints/Pawn/botCharacter'
[2016.01.20-16.47.58:803][605]LogLinker:Warning: Can't find file for asset '/Game/Blueprints/Pawn/botCharacter' while loading ../../../../../../Users/dacos/OneDrive/Documents/Unreal Projects/Game_GT/Content/Blueprints/Characters/MovementTest/su/BTT_botAttackEnemy.uasset.
[2016.01.20-16.47.58:803][605]LogLinker:Warning: Can't find file '/Game/Blueprints/Behavior/botAI'
[2016.01.20-16.47.58:803][605]LogLinker:Warning: Can't find file for asset '/Game/Blueprints/Behavior/botAI' while loading ../../../../../../Users/dacos/OneDrive/Documents/Unreal Projects/Game_GT/Content/Blueprints/Characters/MovementTest/su/BTT_botAttackEnemy.uasset.
[2016.01.20-16.47.58:803][605]LogLinker:Warning: Can't find file '/Game/Blueprints/Behavior/botState'
[2016.01.20-16.47.58:803][605]LogLinker:Warning: Can't find file for asset '/Game/Blueprints/Behavior/botState' while loading ../../../../../../Users/dacos/OneDrive/Documents/Unreal Projects/Game_GT/Content/Blueprints/Characters/MovementTest/su/BTT_botAttackEnemy.uasset.
[2016.01.20-16.47.58:803][605]LoadErrors:Error: Error /Game/Blueprints/Characters/MovementTest/su/BTT_botAttackEnemy : Can't find file for asset. /Game/Blueprints/Behavior/botState
[2016.01.20-16.47.58:803][605]LogLinker:Warning: Can't find file '/Game/Blueprints/Pawn/botCharacter'
[2016.01.20-16.47.58:803][605]LogLinker:Warning: Can't find file for asset '/Game/Blueprints/Pawn/botCharacter' while loading ../../../../../../Users/dacos/OneDrive/Documents/Unreal Projects/Game_GT/Content/Blueprints/Characters/MovementTest/su/BTT_botAttackEnemy.uasset.
[2016.01.20-16.47.58:804][605]LogLinker:Warning: Can't find file '/Game/Blueprints/Behavior/botState'
[2016.01.20-16.47.58:804][605]LogLinker:Warning: Can't find file for asset '/Game/Blueprints/Behavior/botState' while loading ../../../../../../Users/dacos/OneDrive/Documents/Unreal Projects/Game_GT/Content/Blueprints/Characters/MovementTest/su/BTT_botAttackEnemy.uasset.
[2016.01.20-16.47.58:804][605]LogLinker:Warning: Can't find file '/Game/Blueprints/Behavior/botAI'
[2016.01.20-16.47.58:804][605]LogLinker:Warning: Can't find file for asset '/Game/Blueprints/Behavior/botAI' while loading NULL.
[2016.01.20-16.47.58:804][605]LogLinker:Warning: Can't find file '/Game/Blueprints/Pawn/botCharacter'
[2016.01.20-16.47.58:804][605]LogLinker:Warning: Can't find file for asset '/Game/Blueprints/Pawn/botCharacter' while loading NULL.
[2016.01.20-16.47.58:805][605]LogLinker:Warning: Can't find file '/Game/Blueprints/Behavior/botAI'
[2016.01.20-16.47.58:805][605]LogLinker:Warning: Can't find file for asset '/Game/Blueprints/Behavior/botAI' while loading NULL.
[2016.01.20-16.47.58:805][605]LogLinker:Warning: Can't find file '/Game/Blueprints/Pawn/botCharacter'
[2016.01.20-16.47.58:805][605]LogLinker:Warning: Can't find file for asset '/Game/Blueprints/Pawn/botCharacter' while loading NULL.
[2016.01.20-16.47.58:805][605]LogLinker:Warning: Can't find file '/Game/Blueprints/Pawn/botCharacter'
[2016.01.20-16.47.58:805][605]LogLinker:Warning: Can't find file for asset '/Game/Blueprints/Pawn/botCharacter' while loading NULL.
[2016.01.20-16.47.58:805][605]LogLinker:Warning: Can't find file '/Game/Blueprints/Pawn/botCharacter'
[2016.01.20-16.47.58:805][605]LogLinker:Warning: Can't find file for asset '/Game/Blueprints/Pawn/botCharacter' while loading NULL.
[2016.01.20-16.47.58:805][605]LogLinker:Warning: Can't find file '/Game/Blueprints/Pawn/botCharacter'
[2016.01.20-16.47.58:805][605]LogLinker:Warning: Can't find file for asset '/Game/Blueprints/Pawn/botCharacter' while loading NULL.
[2016.01.20-16.47.58:805][605]LogLinker:Warning: Can't find file '/Game/Blueprints/Pawn/botCharacter'
[2016.01.20-16.47.58:805][605]LogLinker:Warning: Can't find file for asset '/Game/Blueprints/Pawn/botCharacter' while loading NULL.
[2016.01.20-16.47.58:805][605]LogLinker:Warning: Can't find file '/Game/Blueprints/Behavior/botAI'
[2016.01.20-16.47.58:806][605]LogLinker:Warning: Can't find file for asset '/Game/Blueprints/Behavior/botAI' while loading NULL.
[2016.01.20-16.47.58:806][605]LogLinker:Warning: Can't find file '/Game/Blueprints/Behavior/botState'
[2016.01.20-16.47.58:806][605]LogLinker:Warning: Can't find file for asset '/Game/Blueprints/Behavior/botState' while loading NULL.
[2016.01.20-16.47.58:806][605]LogLinker:Warning: Can't find file '/Game/Blueprints/Pawn/botCharacter'
[2016.01.20-16.47.58:806][605]LogLinker:Warning: Can't find file for asset '/Game/Blueprints/Pawn/botCharacter' while loading NULL.
[2016.01.20-16.47.58:806][605]LogLinker:Warning: Can't find file '/Game/Blueprints/Behavior/botState'
[2016.01.20-16.47.58:806][605]LogLinker:Warning: Can't find file for asset '/Game/Blueprints/Behavior/botState' while loading NULL.
[2016.01.20-16.47.58:807][605]LogLinker:Warning: Can't find file '/Game/Blueprints/Behavior/botAI'
[2016.01.20-16.47.58:807][605]LoadErrors: Info Failed to load /Game/Blueprints/Behavior/botAI.botAI_C Referenced by K2Node_DynamicCast_2892
[2016.01.20-16.47.58:807][605]LogLinker:Warning: Can't find file for asset '/Game/Blueprints/Behavior/botAI' while loading NULL.
[2016.01.20-16.47.58:807][605]LogLinker:Warning: Can't find file '/Game/Blueprints/Behavior/botAI'
[2016.01.20-16.47.58:807][605]LoadErrors: Info Failed to load /Game/Blueprints/Behavior/botAI.botAI_C Referenced by EdGraphPin_18780
[2016.01.20-16.47.58:808][605]LogLinker:Warning: Can't find file for asset '/Game/Blueprints/Behavior/botAI' while loading NULL.
[2016.01.20-16.47.58:809][605]LogLinker:Warning: Can't find file '/Game/Blueprints/Behavior/botState'
[2016.01.20-16.47.58:809][605]LoadErrors: Info Failed to load /Game/Blueprints/Behavior/botState.botState Referenced by K2Node_SwitchEnum_9863
[2016.01.20-16.47.58:809][605]LogLinker:Warning: Can't find file for asset '/Game/Blueprints/Behavior/botState' while loading NULL.
[2016.01.20-16.47.58:810][605]LogLinker:Warning: Can't find file '/Game/Blueprints/Pawn/botCharacter'
[2016.01.20-16.47.58:810][605]LoadErrors: Info Failed to load /Game/Blueprints/Pawn/botCharacter.botCharacter_C Referenced by K2Node_DynamicCast_202
[2016.01.20-16.47.58:810][605]LogLinker:Warning: Can't find file for asset '/Game/Blueprints/Pawn/botCharacter' while loading NULL.
[2016.01.20-16.47.58:810][605]LogLinker:Warning: Can't find file '/Game/Blueprints/Pawn/botCharacter'
[2016.01.20-16.47.58:810][605]LoadErrors: Info Failed to load /Game/Blueprints/Pawn/botCharacter.botCharacter_C Referenced by EdGraphPin_18807
[2016.01.20-16.47.58:810][605]LogLinker:Warning: Can't find file for asset '/Game/Blueprints/Pawn/botCharacter' while loading NULL.
[2016.01.20-16.47.58:810][605]LogLinker:Warning: Can't find file '/Game/Blueprints/Pawn/botCharacter'
[2016.01.20-16.47.58:810][605]LoadErrors: Info Failed to load /Game/Blueprints/Pawn/botCharacter.botCharacter_C Referenced by K2Node_CallDelegate_2
[2016.01.20-16.47.58:811][605]LogLinker:Warning: Can't find file for asset '/Game/Blueprints/Pawn/botCharacter' while loading NULL.
[2016.01.20-16.47.58:811][605]LogLinker:Warning: Can't find file '/Game/Blueprints/Pawn/botCharacter'
[2016.01.20-16.47.58:811][605]LoadErrors: Info Failed to load /Game/Blueprints/Pawn/botCharacter.botCharacter_C Referenced by EdGraphPin_18820
[2016.01.20-16.47.58:811][605]LogLinker:Warning: Can't find file for asset '/Game/Blueprints/Pawn/botCharacter' while loading NULL.
[2016.01.20-16.47.58:811][605]LogLinker:Warning: Can't find file '/Game/Blueprints/Pawn/botCharacter'
[2016.01.20-16.47.58:811][605]LoadErrors: Info Failed to load /Game/Blueprints/Pawn/botCharacter.botCharacter_C Referenced by K2Node_CallDelegate_6
[2016.01.20-16.47.58:811][605]LogLinker:Warning: Can't find file for asset '/Game/Blueprints/Pawn/botCharacter' while loading NULL.
[2016.01.20-16.47.58:811][605]LogLinker:Warning: Can't find file '/Game/Blueprints/Pawn/botCharacter'
[2016.01.20-16.47.58:811][605]LoadErrors: Info Failed to load /Game/Blueprints/Pawn/botCharacter.botCharacter_C Referenced by EdGraphPin_18829
[2016.01.20-16.47.58:812][605]LogLinker:Warning: Can't find file for asset '/Game/Blueprints/Pawn/botCharacter' while loading NULL.
[2016.01.20-16.47.58:817][605]LogBlueprint:Warning: [compiler BTT_botAttackEnemy] Warning Can't connect pins  Object  and  Return Value : This cast has an invalid target type (was the class deleted without a redirect?).
[2016.01.20-16.47.58:817][605]LogBlueprint:Warning: [compiler BTT_botAttackEnemy] Warning Can't connect pins  Return Value  and  Object : This cast has an invalid target type (was the class deleted without a redirect?).
[2016.01.20-16.47.58:817][605]LogBlueprint:Warning: [compiler BTT_botAttackEnemy] Warning Can't connect pins  Object  and  Owner Actor : This cast has an invalid target type (was the class deleted without a redirect?).
[2016.01.20-16.47.58:817][605]LogBlueprint:Warning: [compiler BTT_botAttackEnemy] Warning Can't connect pins  Owner Actor  and  Object : This cast has an invalid target type (was the class deleted without a redirect?).
[2016.01.20-16.47.58:817][605]LogBlueprint:Error: [compiler BTT_botAttackEnemy] Error This blueprint (self) is not compatible with ' Target ', therefore that pin must have a connection.
[2016.01.20-16.47.58:817][605]LogBlueprint:Error: [compiler BTT_botAttackEnemy] Error This blueprint (self) is not compatible with ' Target ', therefore that pin must have a connection.
[2016.01.20-16.47.58:817][605]LogBlueprint:Error: [compiler BTT_botAttackEnemy] Error This blueprint (self) is not a Controller, therefore ' Target ' must have a connection.
[2016.01.20-16.47.58:817][605]LogBlueprint:Error: [compiler BTT_botAttackEnemy] Error Event Dispatcher has no property  Call Enemy Lost 
[2016.01.20-16.47.58:818][605]LogBlueprint:Error: [compiler BTT_botAttackEnemy] Error Event Dispatcher has no property  Call Enemy Found 
[2016.01.20-16.47.58:820][605]LogBlueprint:Warning: [compiler BTT_botAttackEnemy] Warning [0032.14] Compile of BTT_botAttackEnemy failed. 5 Fatal Issue(s) 4 Warning(s) [in 5 ms]
[2016.01.20-16.47.58:820][605]LogBlueprint:Warning: [compiler BTT_botAttackEnemy] Warning [0032.14] Compile of BTT_botAttackEnemy failed. 5 Fatal Issue(s) 5 Warning(s) [in 0 ms]
[2016.01.20-16.47.58:820][605]LogBlueprint:Warning: [compiler BTT_botAttackEnemy] Warning [0032.14] Compile of BTT_botAttackEnemy failed. 5 Fatal Issue(s) 6 Warning(s) [in 0 ms]
[2016.01.20-16.47.58:826][605]LogLinker:Warning: Can't find file '/Game/Blueprints/Behavior/botAI'
[2016.01.20-16.47.58:826][605]LogLinker:Warning: Can't find file for asset '/Game/Blueprints/Behavior/botAI' while loading ../../../../../../Users/dacos/OneDrive/Documents/Unreal Projects/Game_GT/Content/Blueprints/Characters/MovementTest/su/BTT_botMoveToEnemy.uasset.
[2016.01.20-16.47.58:826][605]LoadErrors:Error: Error /Game/Blueprints/Characters/MovementTest/su/BTT_botMoveToEnemy : Can't find file for asset. /Game/Blueprints/Behavior/botAI
[2016.01.20-16.47.58:828][605]LogLinker:Warning: Can't find file '/Game/Blueprints/Behavior/botAI'
[2016.01.20-16.47.58:828][605]LogLinker:Warning: Can't find file for asset '/Game/Blueprints/Behavior/botAI' while loading ../../../../../../Users/dacos/OneDrive/Documents/Unreal Projects/Game_GT/Content/Blueprints/Characters/MovementTest/su/BTT_botMoveToEnemy.uasset.
[2016.01.20-16.47.58:828][605]LogLinker:Warning: Can't find file '/Game/Blueprints/Behavior/botState'
[2016.01.20-16.47.58:828][605]LogLinker:Warning: Can't find file for asset '/Game/Blueprints/Behavior/botState' while loading ../../../../../../Users/dacos/OneDrive/Documents/Unreal Projects/Game_GT/Content/Blueprints/Characters/MovementTest/su/BTT_botMoveToEnemy.uasset.
[2016.01.20-16.47.58:828][605]LoadErrors:Error: Error /Game/Blueprints/Characters/MovementTest/su/BTT_botMoveToEnemy : Can't find file for asset. /Game/Blueprints/Behavior/botState
[2016.01.20-16.47.58:828][605]LogLinker:Warning: Can't find file '/Game/Blueprints/Behavior/botState'
[2016.01.20-16.47.58:828][605]LogLinker:Warning: Can't find file for asset '/Game/Blueprints/Behavior/botState' while loading ../../../../../../Users/dacos/OneDrive/Documents/Unreal Projects/Game_GT/Content/Blueprints/Characters/MovementTest/su/BTT_botMoveToEnemy.uasset.
[2016.01.20-16.47.58:829][605]LogLinker:Warning: Can't find file '/Game/Blueprints/Behavior/botAI'
[2016.01.20-16.47.58:829][605]LogLinker:Warning: Can't find file for asset '/Game/Blueprints/Behavior/botAI' while loading NULL.
[2016.01.20-16.47.58:829][605]LogLinker:Warning: Can't find file '/Game/Blueprints/Behavior/botAI'
[2016.01.20-16.47.58:829][605]LogLinker:Warning: Can't find file for asset '/Game/Blueprints/Behavior/botAI' while loading NULL.
[2016.01.20-16.47.58:829][605]LogLinker:Warning: Can't find file '/Game/Blueprints/Behavior/botAI'
[2016.01.20-16.47.58:829][605]LogLinker:Warning: Can't find file for asset '/Game/Blueprints/Behavior/botAI' while loading NULL.
[2016.01.20-16.47.58:830][605]LogLinker:Warning: Can't find file '/Game/Blueprints/Behavior/botState'
[2016.01.20-16.47.58:830][605]LogLinker:Warning: Can't find file for asset '/Game/Blueprints/Behavior/botState' while loading NULL.
[2016.01.20-16.47.58:830][605]LogLinker:Warning: Can't find file '/Game/Blueprints/Behavior/botState'
[2016.01.20-16.47.58:830][605]LogLinker:Warning: Can't find file for asset '/Game/Blueprints/Behavior/botState' while loading NULL.
[2016.01.20-16.47.58:831][605]LogLinker:Warning: Can't find file '/Game/Blueprints/Behavior/botAI'
[2016.01.20-16.47.58:831][605]LoadErrors: Info Failed to load /Game/Blueprints/Behavior/botAI.botAI_C Referenced by K2Node_DynamicCast_1159
[2016.01.20-16.47.58:831][605]LogLinker:Warning: Can't find file for asset '/Game/Blueprints/Behavior/botAI' while loading NULL.
[2016.01.20-16.47.58:832][605]LogLinker:Warning: Can't find file '/Game/Blueprints/Behavior/botAI'
[2016.01.20-16.47.58:832][605]LoadErrors: Info Failed to load /Game/Blueprints/Behavior/botAI.botAI_C Referenced by EdGraphPin_8647
[2016.01.20-16.47.58:832][605]LogLinker:Warning: Can't find file for asset '/Game/Blueprints/Behavior/botAI' while loading NULL.
[2016.01.20-16.47.58:832][605]LogLinker:Warning: Can't find file '/Game/Blueprints/Behavior/botState'
[2016.01.20-16.47.58:833][605]LoadErrors: Info Failed to load /Game/Blueprints/Behavior/botState.botState Referenced by K2Node_SwitchEnum_7573
[2016.01.20-16.47.58:833][605]LogLinker:Warning: Can't find file for asset '/Game/Blueprints/Behavior/botState' while loading NULL.
[2016.01.20-16.47.58:842][605]LogBlueprint:Warning: [compiler BTT_botMoveToEnemy] Warning Can't connect pins  Object  and  Owner Actor : This cast has an invalid target type (was the class deleted without a redirect?).
[2016.01.20-16.47.58:843][605]LogBlueprint:Warning: [compiler BTT_botMoveToEnemy] Warning Can't connect pins  Owner Actor  and  Object : This cast has an invalid target type (was the class deleted without a redirect?).
[2016.01.20-16.47.58:843][605]LogBlueprint:Error: [compiler BTT_botMoveToEnemy] Error This blueprint (self) is not a AIController, therefore ' Target ' must have a connection.
[2016.01.20-16.47.58:843][605]LogBlueprint:Error: [compiler BTT_botMoveToEnemy] Error This blueprint (self) is not a Controller, therefore ' Target ' must have a connection.
[2016.01.20-16.47.58:843][605]LogBlueprint:Error: [compiler BTT_botMoveToEnemy] Error This blueprint (self) is not a AIController, therefore ' Target ' must have a connection.
[2016.01.20-16.47.58:847][605]LogBlueprint:Warning: [compiler BTT_botMoveToEnemy] Warning [0032.17] Compile of BTT_botMoveToEnemy failed. 3 Fatal Issue(s) 2 Warning(s) [in 6 ms]
[2016.01.20-16.47.58:847][605]LogBlueprint:Warning: [compiler BTT_botMoveToEnemy] Warning [0032.17] Compile of BTT_botMoveToEnemy failed. 3 Fatal Issue(s) 3 Warning(s) [in 0 ms]
[2016.01.20-16.47.58:847][605]LogBlueprint:Warning: [compiler BTT_botMoveToEnemy] Warning [0032.17] Compile of BTT_botMoveToEnemy failed. 3 Fatal Issue(s) 4 Warning(s) [in 0 ms]
[2016.01.20-16.48.06:545][740]LogSavePackage: Save=107.741295ms
[2016.01.20-16.48.06:545][740]LogSavePackage: Moving '../../../../../../Users/dacos/OneDrive/Documents/Unreal Projects/Game_GT/Saved/TopDownExampleMap1957A8E241FDB44C2EB6FAB4F1D042A4.tmp' to '../../../../../../Users/dacos/OneDrive/Documents/Unreal Projects/Game_GT/Content/TopDownCPP/Maps/TopDownExampleMap.umap'
[2016.01.20-16.48.06:548][740]LogSavePackage: Total save time: 164.489519ms
[2016.01.20-16.48.06:548][740]LogSavePackage:Display: Finished SavePackage ../../../../../../Users/dacos/OneDrive/Documents/Unreal Projects/Game_GT/Content/TopDownCPP/Maps/TopDownExampleMap.umap
[2016.01.20-16.48.09:028][ 20]LogEditorViewport: Clicking on Actor (LMB): RadaBancroft_v2_C (RadaBancroft_v2)
[2016.01.20-16.48.10:588][160]Cmd: DELETE
[2016.01.20-16.48.10:588][160]Cmd: ACTOR DELETE
[2016.01.20-16.48.10:589][160]LogEditorActor: Deleted Actor: RadaBancroft_v2_C
[2016.01.20-16.48.10:621][160]LogEditorActor: Deleted 1 Actors (0.033 secs)
[2016.01.20-16.49.18:928][614]LogSavePackage: Save=94.108376ms
[2016.01.20-16.49.18:928][614]LogSavePackage: Moving '../../../../../../Users/dacos/OneDrive/Documents/Unreal Projects/Game_GT/Saved/TopDownExampleMapDEA3A71B4B2FAEE733E9DDB0949E0615.tmp' to '../../../../../../Users/dacos/OneDrive/Documents/Unreal Projects/Game_GT/Content/TopDownCPP/Maps/TopDownExampleMap.umap'
[2016.01.20-16.49.18:931][614]LogSavePackage: Total save time: 150.015771ms
[2016.01.20-16.49.18:931][614]LogSavePackage:Display: Finished SavePackage ../../../../../../Users/dacos/OneDrive/Documents/Unreal Projects/Game_GT/Content/TopDownCPP/Maps/TopDownExampleMap.umap
[2016.01.20-16.49.38:348][ 47]LogLinker:Warning: Asset '../../../Engine/Content/ArtTools/RenderToTexture/Macros/RenderToTextureMacros.uasset' has been saved with empty engine version. The asset will be loaded but may be incompatible.
[2016.01.20-16.49.38:742][ 47]LogContentBrowser: Native class hierarchy updated for 'BlueprintGraph' in 0.0015 seconds. Added 107 classes and 0 folders.
[2016.01.20-16.50.07:152][465]LogParticles: Destroying 0 GPU particle simulations for FXSystem 0x000002B1DD5072E0
[2016.01.20-16.50.18:104][465]LogObjectTools:Warning: ForceReplaceReferences replaced references for a transient object 'DEADCLASS_BTT_BotWalkspeed_bad_C_1' or package '/Engine/Transient'.
[2016.01.20-16.50.18:104][465]LogObjectTools:Warning: ForceReplaceReferences replaced references for a transient object 'DEADCLASS_BTT_BotWalkspeed_bad_C_0' or package '/Engine/Transient'.
[2016.01.20-16.50.18:104][465]LogObjectTools:Warning: ForceReplaceReferences replaced references for a transient object 'REINST_SKEL_BTT_BotWalkspeed_bad_C_150' or package '/Engine/Transient'.
[2016.01.20-16.50.18:104][465]LogObjectTools:Warning: ForceReplaceReferences replaced references for a transient object 'REINST_BTT_BotWalkspeed_bad_C_149' or package '/Engine/Transient'.
[2016.01.20-16.50.18:754][465]SourceControl:Error: Error error: pathspec 'C:/Users/dacos/OneDrive/Documents/Unreal Projects/Game_GT/Content/Blueprints/Characters/MovementTest/BTT_BotWalkspeed_bad.uasset' did not match any file(s) known to git.
[2016.01.20-16.50.21:259][678]LogCrashTracker: 


[2016.01.20-16.50.21:260][678]LogCrashTracker: 


[2016.01.20-16.50.21:260][678]LogWindows:Error: === Critical error: ===
Fatal error!



[2016.01.20-16.50.21:327][678]LogExit: Executing StaticShutdownAfterError
[2016.01.20-16.50.21:332][678]LogPhysics:Warning: PHYSX: ..\..\PhysX\src\NpScene.cpp (2946) 8 : PxScene::unlockWrite() called without matching call to PxScene::lockWrite(), behaviour will be undefined.
[2016.01.20-16.50.21:333][678]LogPhysics:Warning: PHYSX: ..\..\PhysX\src\NpScene.cpp (2946) 8 : PxScene::unlockWrite() called without matching call to PxScene::lockWrite(), behaviour will be undefined.
[2016.01.20-16.50.21:333][678]LogWindows: FPlatformMisc::RequestExit(1)
[2016.01.20-16.50.21:333][678]Log file closed, 01/20/16 11:50:21
