<<<<<<< HEAD
﻿[2016.05.12-14.50.10:062][  0]Log file open, 05/12/16 10:50:10
[2016.05.12-14.50.10:062][  0]LogInit:Display: Running engine for game: Game_GT
[2016.05.12-14.50.10:062][  0]LogPlatformFile: Not using cached read wrapper
[2016.05.12-14.50.10:062][  0]LogInit:Display: RandInit(-1974650767) SRandInit(-1974650765).
[2016.05.12-14.50.10:062][  0]LogTaskGraph: Started task graph with 4 named threads and 7 total threads.
[2016.05.12-14.50.10:062][  0]LogStats: Stats thread started at 0.653703
[2016.05.12-14.50.10:062][  0]LogInit: Version: 4.10.1-2791327+++depot+UE4-Releases+4.10
[2016.05.12-14.50.10:062][  0]LogInit: API Version: 2758231
[2016.05.12-14.50.10:062][  0]LogInit: Compiled (64-bit): Dec  4 2015 19:44:40
[2016.05.12-14.50.10:062][  0]LogInit: Compiled with Visual C++: 19.00.23026.00
[2016.05.12-14.50.10:062][  0]LogInit: Build Configuration: Development
[2016.05.12-14.50.10:062][  0]LogInit: Branch Name: ++depot+UE4-Releases+4.10
[2016.05.12-14.50.10:062][  0]LogInit: Command line:  
[2016.05.12-14.50.10:062][  0]LogInit: Base directory: C:/Program Files (x86)/Epic Games/4.10/Engine/Binaries/Win64/
[2016.05.12-14.50.10:062][  0]LogInit: Rocket: 1
[2016.05.12-14.50.10:102][  0]LogInit: Using libcurl 7.41.0
[2016.05.12-14.50.10:102][  0]LogInit:  - built for x86_64-pc-win32
[2016.05.12-14.50.10:102][  0]LogInit:  - supports SSL with WinSSL
[2016.05.12-14.50.10:102][  0]LogInit:  - other features:
[2016.05.12-14.50.10:102][  0]LogInit:      CURL_VERSION_SSL
[2016.05.12-14.50.10:102][  0]LogInit:      CURL_VERSION_IPV6
[2016.05.12-14.50.10:102][  0]LogInit:      CURL_VERSION_ASYNCHDNS
[2016.05.12-14.50.10:102][  0]LogInit:      CURL_VERSION_LARGEFILE
[2016.05.12-14.50.10:102][  0]LogInit:      CURL_VERSION_IDN
[2016.05.12-14.50.10:104][  0]LogInit:  CurlRequestOptions (configurable via config and command line):
[2016.05.12-14.50.10:104][  0]LogInit:  - bVerifyPeer = true  - Libcurl will verify peer certificate
[2016.05.12-14.50.10:104][  0]LogInit:  - bUseHttpProxy = false  - Libcurl will NOT use HTTP proxy
[2016.05.12-14.50.10:104][  0]LogInit:  - bDontReuseConnections = false  - Libcurl will reuse connections
[2016.05.12-14.50.10:104][  0]LogInit:  - CertBundlePath = nullptr  - Libcurl will use whatever was configured at build time.
[2016.05.12-14.50.10:152][  0]LogInit: Presizing for 0 objects not considered by GC, pre-allocating 0 bytes.
[2016.05.12-14.50.10:166][  0]LogInit: Object subsystem initialized
[2016.05.12-14.50.10:181][  0]LogInit: Selected Device Profile: [Windows]
[2016.05.12-14.50.10:182][  0]LogInit: Applying CVar settings loaded from the selected device profile: [Windows]
[2016.05.12-14.50.10:208][  0]LogInit: Computer: APPLEEATER-V2
[2016.05.12-14.50.10:208][  0]LogInit: User: dacos
[2016.05.12-14.50.10:208][  0]LogInit: CPU Page size=4096, Cores=4
[2016.05.12-14.50.10:208][  0]LogInit: High frequency timer resolution =2.533205 MHz
[2016.05.12-14.50.10:208][  0]LogMemory: Memory total: Physical=11.9GB (12GB approx)
[2016.05.12-14.50.10:208][  0]LogMemory: Platform Memory Stats for Windows
[2016.05.12-14.50.10:208][  0]LogMemory: Process Physical Memory: 66.54 MB used, 66.54 MB peak
[2016.05.12-14.50.10:208][  0]LogMemory: Process Virtual Memory: 57.93 MB used, 57.93 MB peak
[2016.05.12-14.50.10:208][  0]LogMemory: Physical Memory: 4733.50 MB used, 12177.01 MB total
[2016.05.12-14.50.10:208][  0]LogMemory: Virtual Memory: 383.15 MB used, 134217728.00 MB total
[2016.05.12-14.50.10:505][  0]LogTextLocalizationManager: No specific translations for ('en-US') exist, so ('en') translations will be used.
[2016.05.12-14.50.11:309][  0]LogD3D11RHI: Found D3D11 adapter 0: NVIDIA GeForce GTX 960M         (Feature Level 11_0)
[2016.05.12-14.50.11:309][  0]LogD3D11RHI: Adapter has 1995MB of dedicated video memory, 0MB of dedicated system memory, and 6088MB of shared system memory, 1 output[s]
[2016.05.12-14.50.11:323][  0]LogD3D11RHI: Found D3D11 adapter 1: Intel(R) HD Graphics 4600 (Feature Level 11_0)
[2016.05.12-14.50.11:323][  0]LogD3D11RHI: Adapter has 112MB of dedicated video memory, 0MB of dedicated system memory, and 6088MB of shared system memory, 0 output[s]
[2016.05.12-14.50.11:327][  0]LogD3D11RHI: Found D3D11 adapter 2: Microsoft Basic Render Driver (Feature Level 11_0)
[2016.05.12-14.50.11:327][  0]LogD3D11RHI: Adapter has 0MB of dedicated video memory, 0MB of dedicated system memory, and 6088MB of shared system memory, 0 output[s]
[2016.05.12-14.50.11:327][  0]LogD3D11RHI: Chosen D3D11 Adapter Id = 0
[2016.05.12-14.50.11:335][  0]LogD3D11RHI: !Direct3DDevice
[2016.05.12-14.50.11:335][  0]LogRHI: Texture pool is 1361 MB (70% of 1945 MB)
[2016.05.12-14.50.11:368][  0]LogD3D11RHI: Async texture creation enabled
[2016.05.12-14.50.12:020][  0]LogShaderCompilers: Guid format shader working directory is -26 characters bigger than the processId version (../../../../../../Users/dacos/OneDrive/Documents/Unreal Projects/Game_GT/Intermediate/Shaders/WorkingDirectory/9928/).
[2016.05.12-14.50.12:021][  0]LogShaderCompilers: Cleaned the shader compiler working directory 'C:/Users/dacos/AppData/Local/Temp/UnrealShaderWorkingDir/3AFB55304814ECF590A67C9D5A17CC4E/'.
[2016.05.12-14.50.12:021][  0]LogShaderCompilers:Display: Using Local Shader Compiler.
[2016.05.12-14.50.14:456][  0]LogTemp:Display: Loaded TP AllDesktopTargetPlatform
[2016.05.12-14.50.14:461][  0]LogTemp:Display: Loaded TP WindowsClientTargetPlatform
[2016.05.12-14.50.14:466][  0]LogTemp:Display: Loaded TP WindowsNoEditorTargetPlatform
[2016.05.12-14.50.14:471][  0]LogTemp:Display: Loaded TP WindowsServerTargetPlatform
[2016.05.12-14.50.14:478][  0]LogTemp:Display: Loaded TP WindowsTargetPlatform
[2016.05.12-14.50.14:487][  0]LogTemp:Display: Loaded TP AndroidTargetPlatform
[2016.05.12-14.50.14:490][  0]LogTemp:Display: Loaded TP Android_ASTCTargetPlatform
[2016.05.12-14.50.14:494][  0]LogTemp:Display: Loaded TP Android_ATCTargetPlatform
[2016.05.12-14.50.14:498][  0]LogTemp:Display: Loaded TP Android_DXTTargetPlatform
[2016.05.12-14.50.14:502][  0]LogTemp:Display: Loaded TP Android_ETC1TargetPlatform
[2016.05.12-14.50.14:506][  0]LogTemp:Display: Loaded TP Android_ETC2TargetPlatform
[2016.05.12-14.50.14:518][  0]LogTemp:Display: Loaded TP Android_MultiTargetPlatform
[2016.05.12-14.50.14:518][  0]LogTemp:Display: Loaded TP Android_PVRTCTargetPlatform
[2016.05.12-14.50.14:518][  0]LogTemp:Display: Loaded TP HTML5TargetPlatform
[2016.05.12-14.50.14:568][  0]LogTemp:Display: Loaded TP IOSTargetPlatform
[2016.05.12-14.50.14:571][  0]LogTemp:Display: Loaded TP LinuxNoEditorTargetPlatform
[2016.05.12-14.50.14:578][  0]LogTemp:Display: Loaded TP LinuxServerTargetPlatform
[2016.05.12-14.50.14:585][  0]LogTemp:Display: Loaded TP LinuxTargetPlatform
[2016.05.12-14.50.14:585][  0]LogTargetPlatformManager:Display: Building Assets For Windows
[2016.05.12-14.50.14:962][  0]LogDerivedDataCache:Display: Max Cache Size: 512 MB
[2016.05.12-14.50.15:249][  0]LogDerivedDataCache: Loaded boot cache 0.29s 42MB C:/Users/dacos/AppData/Local/UnrealEngine/4.10/DerivedDataCache/Boot.ddc.
[2016.05.12-14.50.15:249][  0]LogDerivedDataCache:Display: Loaded Boot cache: C:/Users/dacos/AppData/Local/UnrealEngine/4.10/DerivedDataCache/Boot.ddc
[2016.05.12-14.50.15:249][  0]LogDerivedDataCache: FDerivedDataBackendGraph:  Pak pak cache file ../../../../../../Users/dacos/OneDrive/Documents/Unreal Projects/Game_GT/DerivedDataCache/DDC.ddp not found, will not use a pak cache.
[2016.05.12-14.50.15:249][  0]LogDerivedDataCache: Unable to find inner node Pak for hierarchical cache Hierarchy.
[2016.05.12-14.50.15:249][  0]LogDerivedDataCache: FDerivedDataBackendGraph:  CompressedPak pak cache file ../../../../../../Users/dacos/OneDrive/Documents/Unreal Projects/Game_GT/DerivedDataCache/Compressed.ddp not found, will not use a pak cache.
[2016.05.12-14.50.15:249][  0]LogDerivedDataCache: Unable to find inner node CompressedPak for hierarchical cache Hierarchy.
[2016.05.12-14.50.15:336][  0]LogDerivedDataCache:Display: Pak cache opened for reading ../../../Engine/DerivedDataCache/Compressed.ddp.
[2016.05.12-14.50.15:348][  0]LogDerivedDataCache: Using Local data cache path C:/Users/dacos/AppData/Local/UnrealEngine/Common/DerivedDataCache: Writable
[2016.05.12-14.50.18:371][  0]LogInit: Selected Device Profile: [Windows]
[2016.05.12-14.50.18:380][  0]LogContentStreaming: Texture pool size is 0.000000MB
[2016.05.12-14.50.18:643][  0]LogMeshUtilities: No automatic mesh reduction module available
[2016.05.12-14.50.18:643][  0]LogMeshUtilities: No automatic mesh merging module available
[2016.05.12-14.50.19:367][  0]LogInit: WinSock: version 1.1 (2.2), MaxSocks=32767, MaxUdp=65467
[2016.05.12-14.50.22:009][  0]UdpMessaging: Initializing bridge on interface 0.0.0.0:0 to multicast group 230.0.0.1:6666.
[2016.05.12-14.50.22:075][  0]LogLinker:Warning: Asset '../../../../../../Users/dacos/OneDrive/Documents/Unreal Projects/Game_GT/Content/Mannequin/Animations/ThirdPerson_AnimBP.uasset' has been saved with empty engine version. The asset will be loaded but may be incompatible.
[2016.05.12-14.50.22:076][  0]LogLinker:Warning: Asset '../../../../../../Users/dacos/OneDrive/Documents/Unreal Projects/Game_GT/Content/Mannequin/Animations/ThirdPerson_Jump.uasset' has been saved with empty engine version. The asset will be loaded but may be incompatible.
[2016.05.12-14.50.22:078][  0]LogLinker:Warning: Asset '../../../../../../Users/dacos/OneDrive/Documents/Unreal Projects/Game_GT/Content/Mannequin/Animations/ThirdPersonJump_Loop.uasset' has been saved with empty engine version. The asset will be loaded but may be incompatible.
[2016.05.12-14.50.22:078][  0]LogLinker:Warning: Asset '../../../../../../Users/dacos/OneDrive/Documents/Unreal Projects/Game_GT/Content/Mannequin/Animations/ThirdPersonJump_Start.uasset' has been saved with empty engine version. The asset will be loaded but may be incompatible.
[2016.05.12-14.50.22:079][  0]LogLinker:Warning: Asset '../../../../../../Users/dacos/OneDrive/Documents/Unreal Projects/Game_GT/Content/Mannequin/Animations/ThirdPerson_IdleRun_2D.uasset' has been saved with empty engine version. The asset will be loaded but may be incompatible.
[2016.05.12-14.50.22:080][  0]LogLinker:Warning: Asset '../../../../../../Users/dacos/OneDrive/Documents/Unreal Projects/Game_GT/Content/Mannequin/Animations/ThirdPersonIdle.uasset' has been saved with empty engine version. The asset will be loaded but may be incompatible.
[2016.05.12-14.50.22:082][  0]LogLinker:Warning: Asset '../../../../../../Users/dacos/OneDrive/Documents/Unreal Projects/Game_GT/Content/Mannequin/Animations/ThirdPersonRun.uasset' has been saved with empty engine version. The asset will be loaded but may be incompatible.
[2016.05.12-14.50.22:083][  0]LogLinker:Warning: Asset '../../../../../../Users/dacos/OneDrive/Documents/Unreal Projects/Game_GT/Content/Mannequin/Animations/ThirdPersonWalk.uasset' has been saved with empty engine version. The asset will be loaded but may be incompatible.
[2016.05.12-14.50.22:610][  0]LogAssetRegistry: FAssetRegistry took 0.0140 seconds to start up
[2016.05.12-14.50.23:039][  0]SourceControl: Info Source control is disabled
[2016.05.12-14.50.24:308][  0]LogObj: 31636 objects as part of root set at end of initial load.
[2016.05.12-14.50.24:308][  0]LogUObjectAllocator: 7168912 out of 0 bytes used by permanent object pool.
[2016.05.12-14.50.24:431][  0]LogEngine: Initializing Engine...
[2016.05.12-14.50.24:434][  0]LogHMD: Can't find Oculus library dev build: is proper Runtime installed? Version: 0.8.0.0
[2016.05.12-14.50.24:446][  0]LogHMD: SteamVR failed to initialize.  Err: 110
[2016.05.12-14.50.24:744][  0]LogAIModule: Creating AISystem for world NewWorld
[2016.05.12-14.50.24:777][  0]LogInit: XAudio2 using 'Speakers (Realtek High Definition Audio)' : 2 channels at 48 kHz using 32 bits per sample (channel mask 0x3)
[2016.05.12-14.50.24:915][  0]LogInit: FAudioDevice initialized.
[2016.05.12-14.50.24:940][  0]LogDerivedDataCache: Saved boot cache 0.03s 42MB C:/Users/dacos/AppData/Local/UnrealEngine/4.10/DerivedDataCache/Boot.ddc.
[2016.05.12-14.50.24:945][  0]LogInit: Texture streaming: Enabled
[2016.05.12-14.50.24:954][  0]LogAnalytics: Creating configured Analytics provider AnalyticsET
[2016.05.12-14.50.24:955][  0]LogAnalytics: [UEEditor.Rocket.Release] APIServer = http://et2.epicgames.com/ET2/. AppVersion = 4.10.1-2791327+++depot+UE4-Releases+4.10
[2016.05.12-14.50.24:955][  0]LogAnalytics: [UEEditor.Rocket.Release] SetUserId 7271a55c42ba7649a468ef8135f6e487|72e7fe8abf234c00b7d4ff8eb3462f9c|ed1d22c6-da52-4d8a-a8db-03a689afc6c5
[2016.05.12-14.50.24:955][  0]LogAnalytics: [UEEditor.Rocket.Release] AnalyticsET::StartSession
[2016.05.12-14.50.24:975][  0]LogWindowsTextInputMethodSystem:Display: IME system now deactivated.
[2016.05.12-14.50.25:039][  0]LogInit: Transaction tracking system initialized
[2016.05.12-14.50.25:109][  0]BlueprintLog: New page: Editor Load
[2016.05.12-14.50.25:418][  0]LocalizationService: Info Localization service is disabled
[2016.05.12-14.50.25:587][  0]LogConsoleResponse:Display: 
[2016.05.12-14.50.26:286][  0]LogCook:Display: Done creating registry. It took  0.00s.
[2016.05.12-14.50.27:054][  0]LogFileCache: Scanning file cache for directory 'C:/Users/dacos/OneDrive/Documents/Unreal Projects/Game_GT/Content/' took 0.03s
[2016.05.12-14.50.27:054][  0]Cmd: MAP LOAD FILE="../../../../../../Users/dacos/OneDrive/Documents/Unreal Projects/Game_GT/Content/TopDownCPP/Maps/TopDownExampleMap.umap" TEMPLATE=0 SHOWPROGRESS=1 FEATURELEVEL=3
[2016.05.12-14.50.27:057][  0]LightingResults: New page: Lighting Build
[2016.05.12-14.50.27:074][  0]MapCheck: New page: Map Check
[2016.05.12-14.50.27:074][  0]LightingResults: New page: Lighting Build
[2016.05.12-14.50.27:113][  0]LogParticles: Destroying 0 GPU particle simulations for FXSystem 0x000001575D515B20
[2016.05.12-14.50.28:792][  0]LogLinker:Warning: CreateExport: Failed to load Parent for Function /Game/Blueprints/NPC/Lili_Jarvinen.Lili_Jarvinen_C:UserConstructionScript; removing parent information, but keeping function
[2016.05.12-14.50.29:014][  0]LogLinker:Warning: CreateExport: Failed to load Parent for Function /Game/Blueprints/NPC/RadaBancroft.RadaBancroft_C:UserConstructionScript; removing parent information, but keeping function
[2016.05.12-14.50.30:113][  0]LogAIModule: Creating AISystem for world TopDownExampleMap
[2016.05.12-14.50.30:269][  0]LogEditorServer: Finished looking for orphan Actors (0.000 secs)
[2016.05.12-14.50.30:273][  0]Cmd: MAP CHECKDEP NOCLEARLOG
[2016.05.12-14.50.30:360][  0]MapCheck: Info Map check complete: 0 Error(s), 0 Warning(s), took 86.585ms to complete.
[2016.05.12-14.50.30:360][  0]LogFileHelpers: Loading map 'TopDownExampleMap' took 3.307
[2016.05.12-14.50.30:641][  0]LogCollectionManager: Loaded 0 collections in 0.007768 seconds
[2016.05.12-14.50.30:711][  0]LogFileCache: Scanning file cache for directory 'C:/Users/dacos/OneDrive/Documents/Unreal Projects/Game_GT/Saved/Collections/' took 0.01s
[2016.05.12-14.50.30:711][  0]LogFileCache: Scanning file cache for directory 'C:/Users/dacos/OneDrive/Documents/Unreal Projects/Game_GT/Content/Developers/dacos/Collections/' took 0.01s
[2016.05.12-14.50.30:711][  0]LogFileCache: Scanning file cache for directory 'C:/Users/dacos/OneDrive/Documents/Unreal Projects/Game_GT/Content/Collections/' took 0.01s
[2016.05.12-14.50.30:711][  0]LogCollectionManager: Rebuilt the GUID cache for 0 collections in 0.000002 seconds
[2016.05.12-14.50.30:727][  0]LogContentBrowser: Native class hierarchy populated in 0.0146 seconds. Added 1897 classes and 340 folders.
[2016.05.12-14.50.30:743][  0]LogContentBrowser: Native class hierarchy updated for 'WidgetCarousel' in 0.0010 seconds. Added 0 classes and 0 folders.
[2016.05.12-14.50.31:100][  0]LogContentBrowser: Native class hierarchy updated for 'AddContentDialog' in 0.0012 seconds. Added 0 classes and 0 folders.
[2016.05.12-14.50.31:116][  0]LogContentBrowser: Native class hierarchy updated for 'SceneOutliner' in 0.0019 seconds. Added 1 classes and 2 folders.
[2016.05.12-14.50.31:189][  0]LogCrashTracker: Crashtracker disabled due to settings.
[2016.05.12-14.50.31:210][  0]LogUObjectGlobals:Warning: Failed to find object 'Class None.'
[2016.05.12-14.50.31:235][  0]LogLoad: Full Startup: 23.70 seconds (BP compile: 1.00 seconds)
[2016.05.12-14.50.31:259][  0]LogOcInput: Can't find Oculus library dev build: is proper Runtime installed? Version: 0.8.0.0
[2016.05.12-14.50.31:510][  0]SourceControl: Info On branch master
[2016.05.12-14.50.31:510][  0]SourceControl: Info Your branch is up-to-date with 'origin/master'.
[2016.05.12-14.50.31:510][  0]SourceControl: Info Changes not staged for commit:
[2016.05.12-14.50.31:510][  0]SourceControl: Info   (use "git add/rm <file>..." to update what will be committed)
[2016.05.12-14.50.31:510][  0]SourceControl: Info   (use "git checkout -- <file>..." to discard changes in working directory)
[2016.05.12-14.50.31:510][  0]SourceControl: Info 	modified:   Intermediate/CachedAssetRegistry.bin
[2016.05.12-14.50.31:510][  0]SourceControl: Info 	modified:   Saved/Config/Windows/Editor.ini
[2016.05.12-14.50.31:510][  0]SourceControl: Info 	modified:   Saved/Config/Windows/EditorPerProjectUserSettings.ini
[2016.05.12-14.50.31:510][  0]SourceControl: Info 	modified:   Saved/Config/Windows/Engine.ini
[2016.05.12-14.50.31:510][  0]SourceControl: Info 	deleted:    Saved/Logs/Game_GT-backup-2016.05.06-09.27.44.log
[2016.05.12-14.50.31:510][  0]SourceControl: Info 	modified:   Saved/Logs/Game_GT.log
[2016.05.12-14.50.31:510][  0]SourceControl: Info 	deleted:    Saved/Logs/UE4CC-Windows-65598CD049CA04BCCFE525A2814A61A6/CrashContext.runtime-xml
[2016.05.12-14.50.31:510][  0]SourceControl: Info 	deleted:    Saved/Logs/UE4CC-Windows-65598CD049CA04BCCFE525A2814A61A6/UE4Minidump.dmp
[2016.05.12-14.50.31:510][  0]SourceControl: Info 	deleted:    Saved/Logs/UE4CC-Windows-F1850BFD43A4799EF1D8EEA3525BE847/CrashContext.runtime-xml
[2016.05.12-14.50.31:510][  0]SourceControl: Info 	deleted:    Saved/Logs/UE4CC-Windows-F1850BFD43A4799EF1D8EEA3525BE847/UE4Minidump.dmp
[2016.05.12-14.50.31:510][  0]SourceControl: Info Untracked files:
[2016.05.12-14.50.31:510][  0]SourceControl: Info   (use "git add <file>..." to include in what will be committed)
[2016.05.12-14.50.31:510][  0]SourceControl: Info 	Saved/Logs/Game_GT-backup-2016.05.12-10.50.10.log
[2016.05.12-14.50.31:510][  0]SourceControl: Info no changes added to commit (use "git add" and/or "git commit -a")
[2016.05.12-14.50.31:510][  0]LogContentStreaming: Texture pool size now 1000 MB
[2016.05.12-14.50.31:770][  1]LogRenderer: Reallocating scene render targets to support 868x464 (Frame:2).
[2016.05.12-14.50.34:539][ 20]LogAssetRegistry: Asset discovery search completed in 11.9405 seconds
[2016.05.12-14.50.34:545][ 20]LogCollectionManager: Rebuilt the object cache for 0 collections in 0.000002 seconds (found 0 objects)
[2016.05.12-14.50.34:545][ 20]LogCollectionManager: Fixed up redirectors for 0 collections in 0.000669 seconds (updated 0 objects)
[2016.05.12-14.51.23:151][323]LogWindowsTextInputMethodSystem:Display: IME system now deactivated.
[2016.05.12-14.51.23:440][324]Cmd: QUIT_EDITOR
[2016.05.12-14.51.23:672][324]LogExit: Preparing to exit.
[2016.05.12-14.51.24:207][324]LogExit: Editor shut down
[2016.05.12-14.51.24:207][324]LogExit: Transaction tracking system shut down
[2016.05.12-14.51.24:214][324]LogParticles: Destroying 0 GPU particle simulations for FXSystem 0x0000015764297E20
[2016.05.12-14.51.24:215][324]LogParticles: Destroying 0 GPU particle simulations for FXSystem 0x000001576F417420
[2016.05.12-14.51.24:215][324]LogParticles: Destroying 0 GPU particle simulations for FXSystem 0x000001576FAE0220
[2016.05.12-14.51.24:398][324]LogParticles: Destroying 0 GPU particle simulations for FXSystem 0x0000015775546660
[2016.05.12-14.51.24:398][324]LogExit: Object subsystem successfully closed.
[2016.05.12-14.51.24:414][324]LogD3D11RHI: Shutdown
[2016.05.12-14.51.24:414][324]LogD3D11RHI: CleanupD3DDevice
[2016.05.12-14.51.24:565][324]LogD3D11RHI: ~FD3D11DynamicRHI
[2016.05.12-14.51.24:586][324]LogModuleManager: Shutting down and abandoning module CrashTracker (199)
[2016.05.12-14.51.24:587][324]LogModuleManager: Shutting down and abandoning module SceneOutliner (198)
[2016.05.12-14.51.24:587][324]LogModuleManager: Shutting down and abandoning module SuperSearch (197)
[2016.05.12-14.51.24:587][324]LogModuleManager: Shutting down and abandoning module WidgetCarousel (196)
[2016.05.12-14.51.24:587][324]LogModuleManager: Shutting down and abandoning module AddContentDialog (195)
[2016.05.12-14.51.24:588][324]LogModuleManager: Shutting down and abandoning module EditorWidgets (194)
[2016.05.12-14.51.24:589][324]LogModuleManager: Shutting down and abandoning module CollectionManager (193)
[2016.05.12-14.51.24:589][324]LogModuleManager: Shutting down and abandoning module StatsViewer (192)
[2016.05.12-14.51.24:589][324]LogModuleManager: Shutting down and abandoning module FoliageEdit (191)
[2016.05.12-14.51.24:589][324]LogModuleManager: Shutting down and abandoning module LandscapeEditor (190)
[2016.05.12-14.51.24:591][324]LogModuleManager: Shutting down and abandoning module ActorPickerMode (189)
[2016.05.12-14.51.24:591][324]LogModuleManager: Shutting down and abandoning module GeometryMode (188)
[2016.05.12-14.51.24:591][324]LogModuleManager: Shutting down and abandoning module TextureAlignMode (187)
[2016.05.12-14.51.24:591][324]LogModuleManager: Shutting down and abandoning module BspMode (186)
[2016.05.12-14.51.24:591][324]LogModuleManager: Shutting down and abandoning module PlacementMode (185)
[2016.05.12-14.51.24:591][324]LogModuleManager: Shutting down and abandoning module AutomationWorker (184)
[2016.05.12-14.51.24:591][324]LogModuleManager: Shutting down and abandoning module CharacterAI (183)
[2016.05.12-14.51.24:591][324]LogModuleManager: Shutting down and abandoning module SmartSnapping (182)
[2016.05.12-14.51.24:591][324]LogModuleManager: Shutting down and abandoning module ViewportSnapping (181)
[2016.05.12-14.51.24:591][324]LogModuleManager: Shutting down and abandoning module LogVisualizer (180)
[2016.05.12-14.51.24:591][324]LogModuleManager: Shutting down and abandoning module GameProjectGeneration (179)
[2016.05.12-14.51.24:592][324]LogModuleManager: Shutting down and abandoning module IntroTutorials (178)
[2016.05.12-14.51.24:592][324]LogModuleManager: Shutting down and abandoning module EditorLiveStreaming (177)
[2016.05.12-14.51.24:592][324]LogModuleManager: Shutting down and abandoning module IOSPlatformEditor (176)
[2016.05.12-14.51.24:592][324]LogModuleManager: Shutting down and abandoning module HTML5PlatformEditor (175)
[2016.05.12-14.51.24:592][324]LogModuleManager: Shutting down and abandoning module AndroidDeviceDetection (174)
[2016.05.12-14.51.25:531][324]LogModuleManager: Shutting down and abandoning module AndroidPlatformEditor (173)
[2016.05.12-14.51.25:531][324]LogModuleManager: Shutting down and abandoning module IOSRuntimeSettings (172)
[2016.05.12-14.51.25:531][324]LogModuleManager: Shutting down and abandoning module AndroidRuntimeSettings (171)
[2016.05.12-14.51.25:531][324]LogModuleManager: Shutting down and abandoning module MergeActors (170)
[2016.05.12-14.51.25:531][324]LogModuleManager: Shutting down and abandoning module SizeMap (169)
[2016.05.12-14.51.25:531][324]LogModuleManager: Shutting down and abandoning module TreeMap (168)
[2016.05.12-14.51.25:532][324]LogModuleManager: Shutting down and abandoning module ReferenceViewer (167)
[2016.05.12-14.51.25:532][324]LogModuleManager: Shutting down and abandoning module LocalizationService (166)
[2016.05.12-14.51.25:532][324]LogModuleManager: Shutting down and abandoning module LocalizationDashboard (165)
[2016.05.12-14.51.25:538][324]LogModuleManager: Shutting down and abandoning module HardwareTargeting (164)
[2016.05.12-14.51.25:538][324]LogModuleManager: Shutting down and abandoning module DeviceProfileEditor (163)
[2016.05.12-14.51.25:538][324]LogModuleManager: Shutting down and abandoning module UndoHistory (162)
[2016.05.12-14.51.25:538][324]LogModuleManager: Shutting down and abandoning module GameplayTagsEditor (161)
[2016.05.12-14.51.25:538][324]LogModuleManager: Shutting down and abandoning module UserFeedback (160)
[2016.05.12-14.51.25:538][324]LogModuleManager: Shutting down and abandoning module XmlParser (159)
[2016.05.12-14.51.25:538][324]LogModuleManager: Shutting down and abandoning module Blutility (158)
[2016.05.12-14.51.25:538][324]LogModuleManager: Shutting down and abandoning module ProjectTargetPlatformEditor (157)
[2016.05.12-14.51.25:538][324]LogModuleManager: Shutting down and abandoning module ProjectSettingsViewer (156)
[2016.05.12-14.51.25:538][324]LogModuleManager: Shutting down and abandoning module InputBindingEditor (155)
[2016.05.12-14.51.25:539][324]LogModuleManager: Shutting down and abandoning module EditorSettingsViewer (154)
[2016.05.12-14.51.25:539][324]LogModuleManager: Shutting down and abandoning module SettingsEditor (153)
[2016.05.12-14.51.25:539][324]LogModuleManager: Shutting down and abandoning module ProjectLauncher (152)
[2016.05.12-14.51.25:539][324]LogModuleManager: Shutting down and abandoning module SessionFrontend (151)
[2016.05.12-14.51.25:539][324]LogModuleManager: Shutting down and abandoning module ProfilerClient (150)
[2016.05.12-14.51.25:540][324]LogModuleManager: Shutting down and abandoning module TargetDeviceServices (149)
[2016.05.12-14.51.25:540][324]LogModuleManager: Shutting down and abandoning module DeviceManager (148)
[2016.05.12-14.51.25:540][324]LogModuleManager: Shutting down and abandoning module AutomationController (147)
[2016.05.12-14.51.25:540][324]LogModuleManager: Shutting down and abandoning module AutomationWindow (146)
[2016.05.12-14.51.25:541][324]LogModuleManager: Shutting down and abandoning module Layers (145)
[2016.05.12-14.51.25:542][324]LogModuleManager: Shutting down and abandoning module ComponentVisualizers (144)
[2016.05.12-14.51.25:542][324]LogModuleManager: Shutting down and abandoning module DetailCustomizations (143)
[2016.05.12-14.51.25:543][324]LogModuleManager: Shutting down and abandoning module PackagesDialog (142)
[2016.05.12-14.51.25:543][324]LogModuleManager: Shutting down and abandoning module Persona (141)
[2016.05.12-14.51.25:545][324]LogModuleManager: Shutting down and abandoning module Kismet (140)
[2016.05.12-14.51.25:545][324]LogModuleManager: Shutting down and abandoning module GraphEditor (139)
[2016.05.12-14.51.25:547][324]LogModuleManager: Shutting down and abandoning module ClassViewer (138)
[2016.05.12-14.51.25:547][324]LogModuleManager: Shutting down and abandoning module Toolbox (137)
[2016.05.12-14.51.25:547][324]LogModuleManager: Shutting down and abandoning module ModuleUI (136)
[2016.05.12-14.51.25:548][324]LogModuleManager: Shutting down and abandoning module MovieSceneTools (135)
[2016.05.12-14.51.25:548][324]LogModuleManager: Shutting down and abandoning module OutputLog (134)
[2016.05.12-14.51.25:548][324]LogModuleManager: Shutting down and abandoning module GammaUI (133)
[2016.05.12-14.51.25:548][324]LogModuleManager: Shutting down and abandoning module Documentation (132)
[2016.05.12-14.51.25:548][324]LogModuleManager: Shutting down and abandoning module GameLiveStreaming (131)
[2016.05.12-14.51.25:548][324]LogModuleManager: Shutting down and abandoning module StreamingPauseRendering (130)
[2016.05.12-14.51.25:548][324]LogModuleManager: Shutting down and abandoning module AnalyticsET (129)
[2016.05.12-14.51.25:548][324]LogModuleManager: Shutting down and abandoning module Analytics (128)
[2016.05.12-14.51.25:548][324]LogModuleManager: Shutting down and abandoning module AITestSuite (127)
[2016.05.12-14.51.25:548][324]LogModuleManager: Shutting down and abandoning module GameplayDebugger (126)
[2016.05.12-14.51.25:548][324]LogModuleManager: Shutting down and abandoning module AIModule (125)
[2016.05.12-14.51.25:548][324]LogModuleManager: Shutting down and abandoning module ProfilerService (124)
[2016.05.12-14.51.25:662][324]LogModuleManager: Shutting down and abandoning module TaskGraph (123)
[2016.05.12-14.51.25:668][324]LogModuleManager: Shutting down and abandoning module SlateRemote (122)
[2016.05.12-14.51.25:668][324]LogModuleManager: Shutting down and abandoning module SteamVRController (121)
[2016.05.12-14.51.25:668][324]LogModuleManager: Shutting down and abandoning module SteamVR (120)
[2016.05.12-14.51.25:668][324]LogModuleManager: Shutting down and abandoning module ProceduralMeshComponent (119)
[2016.05.12-14.51.25:668][324]LogModuleManager: Shutting down and abandoning module OculusLibrary (118)
[2016.05.12-14.51.25:668][324]LogModuleManager: Shutting down and abandoning module OculusInput (117)
[2016.05.12-14.51.25:668][324]LogModuleManager: Shutting down and abandoning module LeapMotionController (116)
[2016.05.12-14.51.25:683][324]LogModuleManager: Shutting down and abandoning module CustomMeshComponent (115)
[2016.05.12-14.51.25:683][324]LogModuleManager: Shutting down and abandoning module CableComponent (114)
[2016.05.12-14.51.25:683][324]LogModuleManager: Shutting down and abandoning module ArchVisCharacter (113)
[2016.05.12-14.51.25:683][324]LogModuleManager: Shutting down and abandoning module MessagingDebugger (112)
[2016.05.12-14.51.25:685][324]LogModuleManager: Shutting down and abandoning module MediaPlayerEditor (111)
[2016.05.12-14.51.25:685][324]LogModuleManager: Shutting down and abandoning module HTML5Networking (110)
[2016.05.12-14.51.25:685][324]LogModuleManager: Shutting down and abandoning module SpeedTreeImporter (109)
[2016.05.12-14.51.25:685][324]LogModuleManager: Shutting down and abandoning module PluginBrowser (108)
[2016.05.12-14.51.25:685][324]LogModuleManager: Shutting down and abandoning module EpicSurvey (107)
[2016.05.12-14.51.25:685][324]LogModuleManager: Shutting down and abandoning module DesktopPlatform (106)
[2016.05.12-14.51.25:685][324]LogModuleManager: Shutting down and abandoning module VisualStudioSourceCodeAccess (105)
[2016.05.12-14.51.25:685][324]LogModuleManager: Shutting down and abandoning module UObjectPlugin (104)
[2016.05.12-14.51.25:685][324]LogModuleManager: Shutting down and abandoning module SubversionSourceControl (103)
[2016.05.12-14.51.25:685][324]LogModuleManager: Shutting down and abandoning module PerforceSourceControl (102)
[2016.05.12-14.51.25:685][324]LogModuleManager: Shutting down and abandoning module SourceControl (101)
[2016.05.12-14.51.25:686][324]LogModuleManager: Shutting down and abandoning module GitSourceControl (100)
[2016.05.12-14.51.25:686][324]LogModuleManager: Shutting down and abandoning module LightPropagationVolumeEditor (99)
[2016.05.12-14.51.25:686][324]LogModuleManager: Shutting down and abandoning module PaperTiledImporter (98)
[2016.05.12-14.51.25:686][324]LogModuleManager: Shutting down and abandoning module PaperSpriteSheetImporter (97)
[2016.05.12-14.51.25:686][324]LogModuleManager: Shutting down and abandoning module MeshPaint (96)
[2016.05.12-14.51.25:686][324]LogModuleManager: Shutting down and abandoning module SlateReflector (95)
[2016.05.12-14.51.25:686][324]LogModuleManager: Shutting down and abandoning module HotReload (94)
[2016.05.12-14.51.25:686][324]LogModuleManager: Shutting down and abandoning module MainFrame (93)
[2016.05.12-14.51.25:686][324]LogModuleManager: Shutting down and abandoning module LevelEditor (92)
[2016.05.12-14.51.25:687][324]LogModuleManager: Shutting down and abandoning module DirectoryWatcher (91)
[2016.05.12-14.51.25:687][324]LogModuleManager: Shutting down and abandoning module AssetRegistry (90)
[2016.05.12-14.51.25:779][324]LogModuleManager: Shutting down and abandoning module ContentBrowser (89)
[2016.05.12-14.51.25:779][324]LogModuleManager: Shutting down and abandoning module Paper2DEditor (88)
[2016.05.12-14.51.25:786][324]LogModuleManager: Shutting down and abandoning module Game_GT (87)
[2016.05.12-14.51.25:786][324]LogModuleManager: Shutting down and abandoning module UdpMessaging (86)
[2016.05.12-14.51.25:886][324]LogModuleManager: Shutting down and abandoning module LightPropagationVolumeRuntime (85)
[2016.05.12-14.51.25:886][324]LogModuleManager: Shutting down and abandoning module Paper2D (84)
[2016.05.12-14.51.25:886][324]LogModuleManager: Shutting down and abandoning module WindowsMoviePlayer (83)
[2016.05.12-14.51.25:889][324]LogModuleManager: Shutting down and abandoning module Media (82)
[2016.05.12-14.51.25:889][324]LogModuleManager: Shutting down and abandoning module WmfMedia (81)
[2016.05.12-14.51.25:889][324]LogModuleManager: Shutting down and abandoning module OnlineBlueprintSupport (80)
[2016.05.12-14.51.25:889][324]LogModuleManager: Shutting down and abandoning module GameplayTasksEditor (79)
[2016.05.12-14.51.25:889][324]LogModuleManager: Shutting down and abandoning module PropertyEditor (78)
[2016.05.12-14.51.25:890][324]LogModuleManager: Shutting down and abandoning module BehaviorTreeEditor (77)
[2016.05.12-14.51.25:891][324]LogModuleManager: Shutting down and abandoning module FunctionalTesting (76)
[2016.05.12-14.51.25:891][324]LogModuleManager: Shutting down and abandoning module CollisionAnalyzer (75)
[2016.05.12-14.51.25:891][324]LogModuleManager: Shutting down and abandoning module WorkspaceMenuStructure (74)
[2016.05.12-14.51.25:891][324]LogModuleManager: Shutting down and abandoning module MessageLog (73)
[2016.05.12-14.51.25:891][324]LogModuleManager: Shutting down and abandoning module Sequencer (72)
[2016.05.12-14.51.25:892][324]LogModuleManager: Shutting down and abandoning module AssetTools (71)
[2016.05.12-14.51.25:895][324]LogModuleManager: Shutting down and abandoning module UMGEditor (70)
[2016.05.12-14.51.25:895][324]LogModuleManager: Shutting down and abandoning module UMG (69)
[2016.05.12-14.51.25:895][324]LogModuleManager: Shutting down and abandoning module Slate (68)
[2016.05.12-14.51.25:895][324]LogModuleManager: Shutting down and abandoning module EditorStyle (67)
[2016.05.12-14.51.25:898][324]LogModuleManager: Shutting down and abandoning module SessionServices (66)
[2016.05.12-14.51.25:898][324]LogModuleManager: Shutting down and abandoning module SourceCodeAccess (65)
[2016.05.12-14.51.25:898][324]LogModuleManager: Shutting down and abandoning module HeadMountedDisplay (64)
[2016.05.12-14.51.25:898][324]LogModuleManager: Shutting down and abandoning module XAudio2 (63)
[2016.05.12-14.51.25:898][324]LogModuleManager: Shutting down and abandoning module Networking (61)
[2016.05.12-14.51.25:898][324]LogModuleManager: Shutting down and abandoning module Core (60)
[2016.05.12-14.51.25:898][324]LogModuleManager: Shutting down and abandoning module KismetCompiler (59)
[2016.05.12-14.51.25:898][324]LogModuleManager: Shutting down and abandoning module PhysXFormats (58)
[2016.05.12-14.51.25:898][324]LogModuleManager: Shutting down and abandoning module MeshUtilities (57)
[2016.05.12-14.51.25:898][324]LogModuleManager: Shutting down and abandoning module DerivedDataCache (56)
[2016.05.12-14.51.25:904][324]LogDerivedDataCache: Shutdown
[2016.05.12-14.51.25:904][324]LogModuleManager: Shutting down and abandoning module ShaderFormatOpenGL (55)
[2016.05.12-14.51.25:904][324]LogModuleManager: Shutting down and abandoning module ShaderFormatD3D (54)
[2016.05.12-14.51.25:904][324]LogModuleManager: Shutting down and abandoning module MetalShaderFormat (53)
[2016.05.12-14.51.25:905][324]LogModuleManager: Shutting down and abandoning module TextureFormatUncompressed (52)
[2016.05.12-14.51.25:905][324]LogModuleManager: Shutting down and abandoning module TextureFormatPVR (51)
[2016.05.12-14.51.25:905][324]LogModuleManager: Shutting down and abandoning module TextureFormatIntelISPCTexComp (50)
[2016.05.12-14.51.25:905][324]LogModuleManager: Shutting down and abandoning module TextureFormatDXT (49)
[2016.05.12-14.51.25:905][324]LogModuleManager: Shutting down and abandoning module ImageWrapper (48)
[2016.05.12-14.51.25:905][324]LogModuleManager: Shutting down and abandoning module TextureFormatASTC (47)
[2016.05.12-14.51.25:905][324]LogModuleManager: Shutting down and abandoning module TextureFormatAndroid (46)
[2016.05.12-14.51.25:905][324]LogModuleManager: Shutting down and abandoning module AudioFormatOpus (45)
[2016.05.12-14.51.25:905][324]LogModuleManager: Shutting down and abandoning module AudioFormatOgg (44)
[2016.05.12-14.51.25:905][324]LogModuleManager: Shutting down and abandoning module AudioFormatADPCM (43)
[2016.05.12-14.51.25:905][324]LogModuleManager: Shutting down and abandoning module LinuxTargetPlatform (42)
[2016.05.12-14.51.25:905][324]LogModuleManager: Shutting down and abandoning module LinuxServerTargetPlatform (41)
[2016.05.12-14.51.25:905][324]LogModuleManager: Shutting down and abandoning module LinuxNoEditorTargetPlatform (40)
[2016.05.12-14.51.25:905][324]LogModuleManager: Shutting down and abandoning module Messaging (39)
[2016.05.12-14.51.25:905][324]LogModuleManager: Shutting down and abandoning module IOSTargetPlatform (38)
[2016.05.12-14.51.25:905][324]LogModuleManager: Shutting down and abandoning module HTML5TargetPlatform (37)
[2016.05.12-14.51.25:905][324]LogModuleManager: Shutting down and abandoning module Android_PVRTCTargetPlatform (36)
[2016.05.12-14.51.25:905][324]LogModuleManager: Shutting down and abandoning module Android_MultiTargetPlatform (35)
[2016.05.12-14.51.25:905][324]LogModuleManager: Shutting down and abandoning module Android_ETC2TargetPlatform (34)
[2016.05.12-14.51.25:905][324]LogModuleManager: Shutting down and abandoning module Android_ETC1TargetPlatform (33)
[2016.05.12-14.51.25:905][324]LogModuleManager: Shutting down and abandoning module Android_DXTTargetPlatform (32)
[2016.05.12-14.51.25:905][324]LogModuleManager: Shutting down and abandoning module Android_ATCTargetPlatform (31)
[2016.05.12-14.51.25:905][324]LogModuleManager: Shutting down and abandoning module Android_ASTCTargetPlatform (30)
[2016.05.12-14.51.25:905][324]LogModuleManager: Shutting down and abandoning module AndroidTargetPlatform (29)
[2016.05.12-14.51.25:905][324]LogModuleManager: Shutting down and abandoning module WindowsTargetPlatform (28)
[2016.05.12-14.51.25:905][324]LogModuleManager: Shutting down and abandoning module WindowsServerTargetPlatform (27)
[2016.05.12-14.51.25:905][324]LogModuleManager: Shutting down and abandoning module WindowsNoEditorTargetPlatform (26)
[2016.05.12-14.51.25:905][324]LogModuleManager: Shutting down and abandoning module WindowsClientTargetPlatform (25)
[2016.05.12-14.51.25:905][324]LogModuleManager: Shutting down and abandoning module AllDesktopTargetPlatform (24)
[2016.05.12-14.51.25:905][324]LogModuleManager: Shutting down and abandoning module TargetPlatform (23)
[2016.05.12-14.51.25:905][324]LogModuleManager: Shutting down and abandoning module InputCore (22)
[2016.05.12-14.51.25:906][324]LogModuleManager: Shutting down and abandoning module Settings (21)
[2016.05.12-14.51.25:906][324]LogModuleManager: Shutting down and abandoning module OnlineSubsystem (19)
[2016.05.12-14.51.25:906][324]LogModuleManager: Shutting down and abandoning module HTTP (18)
[2016.05.12-14.51.27:908][324]LogModuleManager: Shutting down and abandoning module XMPP (17)
[2016.05.12-14.51.27:915][324]LogModuleManager: Shutting down and abandoning module OculusRift (16)
[2016.05.12-14.51.27:915][324]LogModuleManager: Shutting down and abandoning module ExampleDeviceProfileSelector (15)
[2016.05.12-14.51.27:916][324]LogModuleManager: Shutting down and abandoning module TextureCompressor (14)
[2016.05.12-14.51.27:916][324]LogModuleManager: Shutting down and abandoning module ShaderCore (13)
[2016.05.12-14.51.27:916][324]LogModuleManager: Shutting down and abandoning module Landscape (12)
[2016.05.12-14.51.27:916][324]LogModuleManager: Shutting down and abandoning module SlateRHIRenderer (11)
[2016.05.12-14.51.27:916][324]LogModuleManager: Shutting down and abandoning module OpenGLDrv (10)
[2016.05.12-14.51.27:917][324]LogModuleManager: Shutting down and abandoning module D3D11RHI (9)
[2016.05.12-14.51.27:917][324]LogModuleManager: Shutting down and abandoning module AnimGraphRuntime (8)
[2016.05.12-14.51.27:917][324]LogModuleManager: Shutting down and abandoning module Renderer (7)
[2016.05.12-14.51.27:917][324]LogModuleManager: Shutting down and abandoning module Engine (6)
[2016.05.12-14.51.27:917][324]LogModuleManager: Shutting down and abandoning module CoreUObject (5)
[2016.05.12-14.51.27:917][324]LogModuleManager: Shutting down and abandoning module NetworkFile (4)
[2016.05.12-14.51.27:918][324]LogModuleManager: Shutting down and abandoning module StreamingFile (3)
[2016.05.12-14.51.27:918][324]LogModuleManager: Shutting down and abandoning module SandboxFile (2)
[2016.05.12-14.51.27:918][324]LogModuleManager: Shutting down and abandoning module PakFile (1)
[2016.05.12-14.51.27:919][324]LogExit: Exiting.
[2016.05.12-14.51.27:921][324]Log file closed, 05/12/16 10:51:27
=======
﻿[2016.05.12-14.46.31:013][  0]Log file open, 05/12/16 10:46:31
[2016.05.12-14.46.31:013][  0]LogInit:Display: Running engine for game: Game_GT
[2016.05.12-14.46.31:013][  0]LogPlatformFile: Not using cached read wrapper
[2016.05.12-14.46.31:014][  0]LogInit:Display: RandInit(803446205) SRandInit(803446210).
[2016.05.12-14.46.31:014][  0]LogTaskGraph: Started task graph with 4 named threads and 7 total threads.
[2016.05.12-14.46.31:014][  0]LogStats: Stats thread started at 0.877736
[2016.05.12-14.46.31:014][  0]LogInit: Version: 4.10.1-2791327+++depot+UE4-Releases+4.10
[2016.05.12-14.46.31:014][  0]LogInit: API Version: 2758231
[2016.05.12-14.46.31:014][  0]LogInit: Compiled (64-bit): Dec  4 2015 19:44:40
[2016.05.12-14.46.31:014][  0]LogInit: Compiled with Visual C++: 19.00.23026.00
[2016.05.12-14.46.31:014][  0]LogInit: Build Configuration: Development
[2016.05.12-14.46.31:014][  0]LogInit: Branch Name: ++depot+UE4-Releases+4.10
[2016.05.12-14.46.31:014][  0]LogInit: Command line:  
[2016.05.12-14.46.31:014][  0]LogInit: Base directory: C:/Program Files/Epic Games/4.10/Engine/Binaries/Win64/
[2016.05.12-14.46.31:014][  0]LogInit: Rocket: 1
[2016.05.12-14.46.31:242][  0]LogInit: Using libcurl 7.41.0
[2016.05.12-14.46.31:242][  0]LogInit:  - built for x86_64-pc-win32
[2016.05.12-14.46.31:242][  0]LogInit:  - supports SSL with WinSSL
[2016.05.12-14.46.31:242][  0]LogInit:  - other features:
[2016.05.12-14.46.31:242][  0]LogInit:      CURL_VERSION_SSL
[2016.05.12-14.46.31:242][  0]LogInit:      CURL_VERSION_IPV6
[2016.05.12-14.46.31:242][  0]LogInit:      CURL_VERSION_ASYNCHDNS
[2016.05.12-14.46.31:242][  0]LogInit:      CURL_VERSION_LARGEFILE
[2016.05.12-14.46.31:242][  0]LogInit:      CURL_VERSION_IDN
[2016.05.12-14.46.31:243][  0]LogInit:  CurlRequestOptions (configurable via config and command line):
[2016.05.12-14.46.31:243][  0]LogInit:  - bVerifyPeer = true  - Libcurl will verify peer certificate
[2016.05.12-14.46.31:243][  0]LogInit:  - bUseHttpProxy = false  - Libcurl will NOT use HTTP proxy
[2016.05.12-14.46.31:243][  0]LogInit:  - bDontReuseConnections = false  - Libcurl will reuse connections
[2016.05.12-14.46.31:243][  0]LogInit:  - CertBundlePath = nullptr  - Libcurl will use whatever was configured at build time.
[2016.05.12-14.46.31:670][  0]LogInit: Presizing for 0 objects not considered by GC, pre-allocating 0 bytes.
[2016.05.12-14.46.31:967][  0]LogInit: Object subsystem initialized
[2016.05.12-14.46.32:398][  0]LogInit: Selected Device Profile: [Windows]
[2016.05.12-14.46.32:406][  0]LogInit: Applying CVar settings loaded from the selected device profile: [Windows]
[2016.05.12-14.46.32:603][  0]LogInit: Computer: MATTHEWS_LAPTOP
[2016.05.12-14.46.32:603][  0]LogInit: User: Matthew
[2016.05.12-14.46.32:603][  0]LogInit: CPU Page size=4096, Cores=4
[2016.05.12-14.46.32:603][  0]LogInit: High frequency timer resolution =1.754517 MHz
[2016.05.12-14.46.32:613][  0]LogMemory: Memory total: Physical=11.0GB (11GB approx)
[2016.05.12-14.46.32:614][  0]LogMemory: Platform Memory Stats for Windows
[2016.05.12-14.46.32:614][  0]LogMemory: Process Physical Memory: 57.39 MB used, 57.39 MB peak
[2016.05.12-14.46.32:614][  0]LogMemory: Process Virtual Memory: 57.56 MB used, 57.56 MB peak
[2016.05.12-14.46.32:614][  0]LogMemory: Physical Memory: 2570.80 MB used, 11225.23 MB total
[2016.05.12-14.46.32:614][  0]LogMemory: Virtual Memory: 366.34 MB used, 134217728.00 MB total
[2016.05.12-14.46.34:088][  0]LogTextLocalizationManager: No specific translations for ('en-US') exist, so ('en') translations will be used.
[2016.05.12-14.46.38:317][  0]LogD3D11RHI: Found D3D11 adapter 0: AMD Radeon(TM) R4 Graphics (Feature Level 11_0)
[2016.05.12-14.46.38:317][  0]LogD3D11RHI: Adapter has 1001MB of dedicated video memory, 0MB of dedicated system memory, and 5376MB of shared system memory, 1 output[s]
[2016.05.12-14.46.38:323][  0]LogD3D11RHI: Found D3D11 adapter 1: Microsoft Basic Render Driver (Feature Level 11_0)
[2016.05.12-14.46.38:323][  0]LogD3D11RHI: Adapter has 0MB of dedicated video memory, 0MB of dedicated system memory, and 256MB of shared system memory, 0 output[s]
[2016.05.12-14.46.38:323][  0]LogD3D11RHI: Chosen D3D11 Adapter Id = 0
[2016.05.12-14.46.38:377][  0]LogD3D11RHI: !Direct3DDevice
[2016.05.12-14.46.38:378][  0]LogRHI: Texture pool is 701 MB (70% of 1001 MB)
[2016.05.12-14.46.38:401][  0]LogD3D11RHI: Async texture creation disabled: no driver support
[2016.05.12-14.46.39:023][  0]LogShaderCompilers: Guid format shader working directory is -17 characters bigger than the processId version (../../../../../../Users/Matthew/Documents/Unreal Projects/Game_GT/Intermediate/Shaders/WorkingDirectory/4824/).
[2016.05.12-14.46.39:024][  0]LogShaderCompilers: Cleaned the shader compiler working directory 'C:/Users/Matthew/AppData/Local/Temp/UnrealShaderWorkingDir/EF0D984846EF8BCA4446E2AFDFB8443E/'.
[2016.05.12-14.46.39:036][  0]LogShaderCompilers:Display: Using Local Shader Compiler.
[2016.05.12-14.46.50:556][  0]LogTemp:Display: Loaded TP AllDesktopTargetPlatform
[2016.05.12-14.46.50:631][  0]LogTemp:Display: Loaded TP WindowsClientTargetPlatform
[2016.05.12-14.46.50:716][  0]LogTemp:Display: Loaded TP WindowsNoEditorTargetPlatform
[2016.05.12-14.46.50:825][  0]LogTemp:Display: Loaded TP WindowsServerTargetPlatform
[2016.05.12-14.46.50:916][  0]LogTemp:Display: Loaded TP WindowsTargetPlatform
[2016.05.12-14.46.50:981][  0]LogTemp:Display: Loaded TP AndroidTargetPlatform
[2016.05.12-14.46.51:040][  0]LogTemp:Display: Loaded TP Android_ASTCTargetPlatform
[2016.05.12-14.46.51:103][  0]LogTemp:Display: Loaded TP Android_ATCTargetPlatform
[2016.05.12-14.46.51:183][  0]LogTemp:Display: Loaded TP Android_DXTTargetPlatform
[2016.05.12-14.46.51:243][  0]LogTemp:Display: Loaded TP Android_ETC1TargetPlatform
[2016.05.12-14.46.51:311][  0]LogTemp:Display: Loaded TP Android_ETC2TargetPlatform
[2016.05.12-14.46.51:456][  0]LogTemp:Display: Loaded TP Android_MultiTargetPlatform
[2016.05.12-14.46.51:456][  0]LogTemp:Display: Loaded TP Android_PVRTCTargetPlatform
[2016.05.12-14.46.51:513][  0]LogTemp:Display: Loaded TP HTML5TargetPlatform
[2016.05.12-14.46.51:724][  0]LogTemp:Display: Loaded TP IOSTargetPlatform
[2016.05.12-14.46.51:789][  0]LogTemp:Display: Loaded TP LinuxNoEditorTargetPlatform
[2016.05.12-14.46.51:842][  0]LogTemp:Display: Loaded TP LinuxServerTargetPlatform
[2016.05.12-14.46.51:931][  0]LogTemp:Display: Loaded TP LinuxTargetPlatform
[2016.05.12-14.46.51:932][  0]LogTargetPlatformManager:Display: Building Assets For Windows
[2016.05.12-14.46.53:744][  0]LogDerivedDataCache:Display: Max Cache Size: 512 MB
[2016.05.12-14.46.54:395][  0]LogDerivedDataCache: Loaded boot cache 0.64s 42MB C:/Users/Matthew/AppData/Local/UnrealEngine/4.10/DerivedDataCache/Boot.ddc.
[2016.05.12-14.46.54:395][  0]LogDerivedDataCache:Display: Loaded Boot cache: C:/Users/Matthew/AppData/Local/UnrealEngine/4.10/DerivedDataCache/Boot.ddc
[2016.05.12-14.46.54:396][  0]LogDerivedDataCache: FDerivedDataBackendGraph:  Pak pak cache file ../../../../../../Users/Matthew/Documents/Unreal Projects/Game_GT/DerivedDataCache/DDC.ddp not found, will not use a pak cache.
[2016.05.12-14.46.54:396][  0]LogDerivedDataCache: Unable to find inner node Pak for hierarchical cache Hierarchy.
[2016.05.12-14.46.54:396][  0]LogDerivedDataCache: FDerivedDataBackendGraph:  CompressedPak pak cache file ../../../../../../Users/Matthew/Documents/Unreal Projects/Game_GT/DerivedDataCache/Compressed.ddp not found, will not use a pak cache.
[2016.05.12-14.46.54:396][  0]LogDerivedDataCache: Unable to find inner node CompressedPak for hierarchical cache Hierarchy.
[2016.05.12-14.46.54:887][  0]LogDerivedDataCache:Display: Pak cache opened for reading ../../../Engine/DerivedDataCache/Compressed.ddp.
[2016.05.12-14.46.54:971][  0]LogDerivedDataCache: Using Local data cache path C:/Users/Matthew/AppData/Local/UnrealEngine/Common/DerivedDataCache: Writable
[2016.05.12-14.47.02:154][  0]LogModuleManager:Warning: Found module file ../../../../../../Users/Matthew/Documents/Unreal Projects/Game_GT/Binaries/Win64/UE4Editor-Game_GT-595.dll (API version 2672455), but it was incompatible with the current engine API version (2758231). This is likely a stale module that must be recompiled.
[2016.05.12-14.47.08:360][  0]LogInit: Selected Device Profile: [Windows]
[2016.05.12-14.47.08:573][  0]LogContentStreaming: Texture pool size is 0.000000MB
[2016.05.12-14.47.11:239][  0]LogMeshUtilities: No automatic mesh reduction module available
[2016.05.12-14.47.11:239][  0]LogMeshUtilities: No automatic mesh merging module available
[2016.05.12-14.47.21:465][  0]LogInit: WinSock: version 1.1 (2.2), MaxSocks=32767, MaxUdp=65467
[2016.05.12-14.48.41:523][  0]UdpMessaging: Initializing bridge on interface 0.0.0.0:0 to multicast group 230.0.0.1:6666.
[2016.05.12-14.48.41:804][  0]LogLinker:Warning: Asset '../../../../../../Users/Matthew/Documents/Unreal Projects/Game_GT/Content/Mannequin/Animations/ThirdPerson_AnimBP.uasset' has been saved with empty engine version. The asset will be loaded but may be incompatible.
[2016.05.12-14.48.41:863][  0]LogLinker:Warning: Asset '../../../../../../Users/Matthew/Documents/Unreal Projects/Game_GT/Content/Mannequin/Animations/ThirdPerson_Jump.uasset' has been saved with empty engine version. The asset will be loaded but may be incompatible.
[2016.05.12-14.48.41:994][  0]LogLinker:Warning: Asset '../../../../../../Users/Matthew/Documents/Unreal Projects/Game_GT/Content/Mannequin/Animations/ThirdPersonJump_Loop.uasset' has been saved with empty engine version. The asset will be loaded but may be incompatible.
[2016.05.12-14.48.42:047][  0]LogLinker:Warning: Asset '../../../../../../Users/Matthew/Documents/Unreal Projects/Game_GT/Content/Mannequin/Animations/ThirdPersonJump_Start.uasset' has been saved with empty engine version. The asset will be loaded but may be incompatible.
[2016.05.12-14.48.42:165][  0]LogLinker:Warning: Asset '../../../../../../Users/Matthew/Documents/Unreal Projects/Game_GT/Content/Mannequin/Animations/ThirdPerson_IdleRun_2D.uasset' has been saved with empty engine version. The asset will be loaded but may be incompatible.
[2016.05.12-14.48.42:173][  0]LogLinker:Warning: Asset '../../../../../../Users/Matthew/Documents/Unreal Projects/Game_GT/Content/Mannequin/Animations/ThirdPersonIdle.uasset' has been saved with empty engine version. The asset will be loaded but may be incompatible.
[2016.05.12-14.48.42:193][  0]LogLinker:Warning: Asset '../../../../../../Users/Matthew/Documents/Unreal Projects/Game_GT/Content/Mannequin/Animations/ThirdPersonRun.uasset' has been saved with empty engine version. The asset will be loaded but may be incompatible.
[2016.05.12-14.48.42:207][  0]LogLinker:Warning: Asset '../../../../../../Users/Matthew/Documents/Unreal Projects/Game_GT/Content/Mannequin/Animations/ThirdPersonWalk.uasset' has been saved with empty engine version. The asset will be loaded but may be incompatible.
[2016.05.12-14.48.48:557][  0]LogAssetRegistry: FAssetRegistry took 0.0155 seconds to start up
[2016.05.12-14.48.54:679][  0]SourceControl: Info Source control is disabled
[2016.05.12-14.49.01:301][  0]LogObj: 31636 objects as part of root set at end of initial load.
[2016.05.12-14.49.01:301][  0]LogUObjectAllocator: 7168912 out of 0 bytes used by permanent object pool.
[2016.05.12-14.49.03:540][  0]LogEngine: Initializing Engine...
[2016.05.12-14.49.03:571][  0]LogHMD: Can't find Oculus library dev build: is proper Runtime installed? Version: 0.8.0.0
[2016.05.12-14.49.03:738][  0]LogHMD: SteamVR failed to initialize.  Err: 110
[2016.05.12-14.49.06:564][  0]LogAIModule: Creating AISystem for world NewWorld
[2016.05.12-14.49.07:109][  0]LogInit: XAudio2 using 'Speakers (Conexant SmartAudio HD)' : 2 channels at 48 kHz using 32 bits per sample (channel mask 0x3)
[2016.05.12-14.49.07:735][  0]LogInit: FAudioDevice initialized.
[2016.05.12-14.49.07:877][  0]LogDerivedDataCache: Saved boot cache 0.14s 42MB C:/Users/Matthew/AppData/Local/UnrealEngine/4.10/DerivedDataCache/Boot.ddc.
[2016.05.12-14.49.07:908][  0]LogInit: Texture streaming: Enabled
[2016.05.12-14.49.08:250][  0]LogAnalytics: Creating configured Analytics provider AnalyticsET
[2016.05.12-14.49.08:250][  0]LogAnalytics: [UEEditor.Rocket.Release] APIServer = http://et2.epicgames.com/ET2/. AppVersion = 4.10.1-2791327+++depot+UE4-Releases+4.10
[2016.05.12-14.49.08:251][  0]LogAnalytics: [UEEditor.Rocket.Release] SetUserId 0f6494ba478205b31c12bcb954f201dd|3618349349de49478ca5873bc0511615|845c9a97-0eb3-4673-9ea5-2a4e662a88df
[2016.05.12-14.49.08:577][  0]LogAnalytics: [UEEditor.Rocket.Release] AnalyticsET::StartSession
[2016.05.12-14.49.11:726][  0]LogInit: Transaction tracking system initialized
[2016.05.12-14.49.13:328][  0]BlueprintLog: New page: Editor Load
[2016.05.12-14.49.20:490][  0]LocalizationService: Info Localization service is disabled
[2016.05.12-14.49.23:427][  0]LogLinker:Warning: Asset '../../../../../../Users/Matthew/Documents/Unreal Projects/Game_GT/Content/TopDownCPP/TopDownOverview.uasset' has been saved with empty engine version. The asset will be loaded but may be incompatible.
[2016.05.12-14.49.25:755][  0]LogConsoleResponse:Display: 
[2016.05.12-14.49.30:263][  0]LogFileCache: Scanning file cache for directory 'C:/Users/Matthew/Documents/Unreal Projects/Game_GT/Content/' took 0.04s
[2016.05.12-14.49.30:263][  0]LogCook:Display: Done creating registry. It took  0.00s.
[2016.05.12-14.49.35:242][  0]Cmd: MAP LOAD FILE="../../../../../../Users/Matthew/Documents/Unreal Projects/Game_GT/Content/TopDownCPP/Maps/TopDownExampleMap.umap" TEMPLATE=0 SHOWPROGRESS=1 FEATURELEVEL=3
[2016.05.12-14.49.35:247][  0]LightingResults: New page: Lighting Build
[2016.05.12-14.49.35:631][  0]MapCheck: New page: Map Check
[2016.05.12-14.49.35:632][  0]LightingResults: New page: Lighting Build
[2016.05.12-14.49.36:412][  0]LogParticles: Destroying 0 GPU particle simulations for FXSystem 0x000000BFC190DB20
[2016.05.12-14.49.43:886][  0]LogLinker:Warning: CreateExport: Failed to load Parent for Function /Game/Blueprints/NPC/Lili_Jarvinen.Lili_Jarvinen_C:UserConstructionScript; removing parent information, but keeping function
[2016.05.12-14.49.44:946][  0]LogLinker:Warning: CreateExport: Failed to load Parent for Function /Game/Blueprints/NPC/RadaBancroft.RadaBancroft_C:UserConstructionScript; removing parent information, but keeping function
[2016.05.12-14.49.51:359][  0]LogAIModule: Creating AISystem for world TopDownExampleMap
[2016.05.12-14.49.52:443][  0]LogEditorServer: Finished looking for orphan Actors (0.001 secs)
[2016.05.12-14.49.52:742][  0]Cmd: MAP CHECKDEP NOCLEARLOG
[2016.05.12-14.49.53:168][  0]MapCheck: Info Map check complete: 0 Error(s), 0 Warning(s), took 425.021ms to complete.
[2016.05.12-14.49.53:169][  0]LogFileHelpers: Loading map 'TopDownExampleMap' took 17.956
[2016.05.12-14.49.55:498][  0]LogCollectionManager: Loaded 0 collections in 0.011775 seconds
[2016.05.12-14.49.55:730][  0]LogFileCache: Scanning file cache for directory 'C:/Users/Matthew/Documents/Unreal Projects/Game_GT/Saved/Collections/' took 0.01s
[2016.05.12-14.49.55:730][  0]LogFileCache: Scanning file cache for directory 'C:/Users/Matthew/Documents/Unreal Projects/Game_GT/Content/Developers/Matthew/Collections/' took 0.01s
[2016.05.12-14.49.55:730][  0]LogFileCache: Scanning file cache for directory 'C:/Users/Matthew/Documents/Unreal Projects/Game_GT/Content/Collections/' took 0.01s
[2016.05.12-14.49.55:730][  0]LogCollectionManager: Rebuilt the GUID cache for 0 collections in 0.000007 seconds
[2016.05.12-14.49.55:862][  0]LogContentBrowser: Native class hierarchy populated in 0.1265 seconds. Added 1897 classes and 340 folders.
[2016.05.12-14.49.56:028][  0]LogContentBrowser: Native class hierarchy updated for 'WidgetCarousel' in 0.0066 seconds. Added 0 classes and 0 folders.
[2016.05.12-14.49.58:796][  0]LogContentBrowser: Native class hierarchy updated for 'AddContentDialog' in 0.0077 seconds. Added 0 classes and 0 folders.
[2016.05.12-14.49.58:942][  0]LogContentBrowser: Native class hierarchy updated for 'SceneOutliner' in 0.0071 seconds. Added 1 classes and 2 folders.
[2016.05.12-14.49.59:726][  0]LogCrashTracker: Crashtracker disabled due to settings.
[2016.05.12-14.49.59:994][  0]LogUObjectGlobals:Warning: Failed to find object 'Class None.'
[2016.05.12-14.50.00:086][  0]LogLoad: Full Startup: 215.36 seconds (BP compile: 4.61 seconds)
[2016.05.12-14.50.00:206][  0]LogOcInput: Can't find Oculus library dev build: is proper Runtime installed? Version: 0.8.0.0
[2016.05.12-14.50.01:189][  0]SourceControl: Info On branch master
[2016.05.12-14.50.01:189][  0]SourceControl: Info Your branch is up-to-date with 'origin/master'.
[2016.05.12-14.50.01:189][  0]SourceControl: Info Changes not staged for commit:
[2016.05.12-14.50.01:189][  0]SourceControl: Info   (use "git add/rm <file>..." to update what will be committed)
[2016.05.12-14.50.01:189][  0]SourceControl: Info   (use "git checkout -- <file>..." to discard changes in working directory)
[2016.05.12-14.50.01:189][  0]SourceControl: Info 	modified:   Intermediate/CachedAssetRegistry.bin
[2016.05.12-14.50.01:189][  0]SourceControl: Info 	modified:   Intermediate/Config/CoalescedSourceConfigs/Engine.ini
[2016.05.12-14.50.01:189][  0]SourceControl: Info 	modified:   Intermediate/Config/CoalescedSourceConfigs/Game.ini
[2016.05.12-14.50.01:189][  0]SourceControl: Info 	modified:   Saved/Config/Windows/Editor.ini
[2016.05.12-14.50.01:190][  0]SourceControl: Info 	modified:   Saved/Config/Windows/EditorPerProjectUserSettings.ini
[2016.05.12-14.50.01:190][  0]SourceControl: Info 	modified:   Saved/Config/Windows/Engine.ini
[2016.05.12-14.50.01:190][  0]SourceControl: Info 	modified:   Saved/Logs/Game_GT.log
[2016.05.12-14.50.01:190][  0]SourceControl: Info 	deleted:    Saved/Logs/UE4CC-Windows-65598CD049CA04BCCFE525A2814A61A6/CrashContext.runtime-xml
[2016.05.12-14.50.01:190][  0]SourceControl: Info 	deleted:    Saved/Logs/UE4CC-Windows-65598CD049CA04BCCFE525A2814A61A6/UE4Minidump.dmp
[2016.05.12-14.50.01:190][  0]SourceControl: Info 	deleted:    Saved/Logs/UE4CC-Windows-F1850BFD43A4799EF1D8EEA3525BE847/CrashContext.runtime-xml
[2016.05.12-14.50.01:190][  0]SourceControl: Info 	deleted:    Saved/Logs/UE4CC-Windows-F1850BFD43A4799EF1D8EEA3525BE847/UE4Minidump.dmp
[2016.05.12-14.50.01:190][  0]SourceControl: Info no changes added to commit (use "git add" and/or "git commit -a")
[2016.05.12-14.50.01:196][  0]LogContentStreaming: Texture pool size now 200 MB
[2016.05.12-14.50.02:498][  1]LogRenderer: Reallocating scene render targets to support 720x388 (Frame:2).
[2016.05.12-14.50.05:876][  9]LogRenderer: Reallocating scene render targets to support 804x392 (Frame:13).
[2016.05.12-14.50.07:846][ 27]LogAssetRegistry: Asset discovery search completed in 79.3026 seconds
[2016.05.12-14.50.07:868][ 27]LogCollectionManager: Rebuilt the object cache for 0 collections in 0.000002 seconds (found 0 objects)
[2016.05.12-14.50.07:868][ 27]LogCollectionManager: Fixed up redirectors for 0 collections in 0.000219 seconds (updated 0 objects)
[2016.05.12-14.50.08:819][ 33]LogLinker:Warning: Asset '../../../Engine/Content/ArtTools/RenderToTexture/Macros/RenderToTextureMacros.uasset' has been saved with empty engine version. The asset will be loaded but may be incompatible.
[2016.05.12-14.50.12:215][ 33]LogContentBrowser: Native class hierarchy updated for 'BlueprintGraph' in 0.0101 seconds. Added 107 classes and 0 folders.
[2016.05.12-14.51.00:686][  9]LogActorComponent: UnregisterComponent: (/Engine/Transient.EditorFloorComp) Not registered. Aborting.
[2016.05.12-14.51.03:213][ 26]LogParticles: Destroying 0 GPU particle simulations for FXSystem 0x000000BFCA148B80
[2016.05.12-14.51.03:221][ 26]LogParticles: Destroying 0 GPU particle simulations for FXSystem 0x000000BFDAF747C0
[2016.05.12-14.51.05:342][ 26]LogSavePackage: Save=1638.666992ms
[2016.05.12-14.51.05:342][ 26]LogSavePackage: Moving '../../../../../../Users/Matthew/Documents/Unreal Projects/Game_GT/Saved/TopDownExampleMap79B53FF547073854F9672E8AD52CE960.tmp' to '../../../../../../Users/Matthew/Documents/Unreal Projects/Game_GT/Content/TopDownCPP/Maps/TopDownExampleMap.umap'
[2016.05.12-14.51.05:352][ 26]LogSavePackage: Total save time: 1993.048798ms
[2016.05.12-14.51.05:353][ 26]LogSavePackage:Display: Finished SavePackage ../../../../../../Users/Matthew/Documents/Unreal Projects/Game_GT/Content/TopDownCPP/Maps/TopDownExampleMap.umap
[2016.05.12-14.51.07:812][ 35]LogWindowsTextInputMethodSystem:Display: IME system now deactivated.
[2016.05.12-14.51.08:547][ 36]Cmd: QUIT_EDITOR
[2016.05.12-14.51.09:518][ 36]LogExit: Preparing to exit.
[2016.05.12-14.51.12:405][ 36]LogExit: Editor shut down
[2016.05.12-14.51.12:406][ 36]LogExit: Transaction tracking system shut down
[2016.05.12-14.51.12:714][ 36]LogParticles: Destroying 0 GPU particle simulations for FXSystem 0x000000BFC6DBB240
[2016.05.12-14.51.12:729][ 36]LogParticles: Destroying 0 GPU particle simulations for FXSystem 0x000000BFCA38A3E0
[2016.05.12-14.51.12:729][ 36]LogParticles: Destroying 0 GPU particle simulations for FXSystem 0x000000BFCC6C6AC0
[2016.05.12-14.51.12:731][ 36]LogParticles: Destroying 0 GPU particle simulations for FXSystem 0x000000BFCC81C360
[2016.05.12-14.51.12:732][ 36]LogParticles: Destroying 0 GPU particle simulations for FXSystem 0x000000BFCFC94860
[2016.05.12-14.51.14:616][ 36]LogExit: Object subsystem successfully closed.
[2016.05.12-14.51.15:666][ 36]LogD3D11RHI: Shutdown
[2016.05.12-14.51.15:666][ 36]LogD3D11RHI: CleanupD3DDevice
[2016.05.12-14.51.18:285][ 36]LogD3D11RHI: ~FD3D11DynamicRHI
[2016.05.12-14.51.18:779][ 36]LogModuleManager: Shutting down and abandoning module CookingStats (201)
[2016.05.12-14.51.18:779][ 36]LogModuleManager: Shutting down and abandoning module BlueprintGraph (200)
[2016.05.12-14.51.18:779][ 36]LogModuleManager: Shutting down and abandoning module CrashTracker (199)
[2016.05.12-14.51.18:779][ 36]LogModuleManager: Shutting down and abandoning module SceneOutliner (198)
[2016.05.12-14.51.18:779][ 36]LogModuleManager: Shutting down and abandoning module SuperSearch (197)
[2016.05.12-14.51.18:779][ 36]LogModuleManager: Shutting down and abandoning module WidgetCarousel (196)
[2016.05.12-14.51.18:779][ 36]LogModuleManager: Shutting down and abandoning module AddContentDialog (195)
[2016.05.12-14.51.18:782][ 36]LogModuleManager: Shutting down and abandoning module EditorWidgets (194)
[2016.05.12-14.51.18:782][ 36]LogModuleManager: Shutting down and abandoning module CollectionManager (193)
[2016.05.12-14.51.18:783][ 36]LogModuleManager: Shutting down and abandoning module StatsViewer (192)
[2016.05.12-14.51.18:783][ 36]LogModuleManager: Shutting down and abandoning module FoliageEdit (191)
[2016.05.12-14.51.18:783][ 36]LogModuleManager: Shutting down and abandoning module LandscapeEditor (190)
[2016.05.12-14.51.18:792][ 36]LogModuleManager: Shutting down and abandoning module ActorPickerMode (189)
[2016.05.12-14.51.18:792][ 36]LogModuleManager: Shutting down and abandoning module GeometryMode (188)
[2016.05.12-14.51.18:792][ 36]LogModuleManager: Shutting down and abandoning module TextureAlignMode (187)
[2016.05.12-14.51.18:792][ 36]LogModuleManager: Shutting down and abandoning module BspMode (186)
[2016.05.12-14.51.18:792][ 36]LogModuleManager: Shutting down and abandoning module PlacementMode (185)
[2016.05.12-14.51.18:792][ 36]LogModuleManager: Shutting down and abandoning module AutomationWorker (184)
[2016.05.12-14.51.18:792][ 36]LogModuleManager: Shutting down and abandoning module CharacterAI (183)
[2016.05.12-14.51.18:792][ 36]LogModuleManager: Shutting down and abandoning module SmartSnapping (182)
[2016.05.12-14.51.18:792][ 36]LogModuleManager: Shutting down and abandoning module ViewportSnapping (181)
[2016.05.12-14.51.18:792][ 36]LogModuleManager: Shutting down and abandoning module LogVisualizer (180)
[2016.05.12-14.51.18:793][ 36]LogModuleManager: Shutting down and abandoning module GameProjectGeneration (179)
[2016.05.12-14.51.18:823][ 36]LogModuleManager: Shutting down and abandoning module IntroTutorials (178)
[2016.05.12-14.51.18:824][ 36]LogModuleManager: Shutting down and abandoning module EditorLiveStreaming (177)
[2016.05.12-14.51.18:824][ 36]LogModuleManager: Shutting down and abandoning module IOSPlatformEditor (176)
[2016.05.12-14.51.18:824][ 36]LogModuleManager: Shutting down and abandoning module HTML5PlatformEditor (175)
[2016.05.12-14.51.18:824][ 36]LogModuleManager: Shutting down and abandoning module AndroidDeviceDetection (174)
[2016.05.12-14.51.18:831][ 36]LogModuleManager: Shutting down and abandoning module AndroidPlatformEditor (173)
[2016.05.12-14.51.18:832][ 36]LogModuleManager: Shutting down and abandoning module IOSRuntimeSettings (172)
[2016.05.12-14.51.18:832][ 36]LogModuleManager: Shutting down and abandoning module AndroidRuntimeSettings (171)
[2016.05.12-14.51.18:832][ 36]LogModuleManager: Shutting down and abandoning module MergeActors (170)
[2016.05.12-14.51.18:832][ 36]LogModuleManager: Shutting down and abandoning module SizeMap (169)
[2016.05.12-14.51.18:832][ 36]LogModuleManager: Shutting down and abandoning module TreeMap (168)
[2016.05.12-14.51.18:832][ 36]LogModuleManager: Shutting down and abandoning module ReferenceViewer (167)
[2016.05.12-14.51.18:832][ 36]LogModuleManager: Shutting down and abandoning module LocalizationService (166)
[2016.05.12-14.51.18:832][ 36]LogModuleManager: Shutting down and abandoning module LocalizationDashboard (165)
[2016.05.12-14.51.18:851][ 36]LogModuleManager: Shutting down and abandoning module HardwareTargeting (164)
[2016.05.12-14.51.18:851][ 36]LogModuleManager: Shutting down and abandoning module DeviceProfileEditor (163)
[2016.05.12-14.51.18:852][ 36]LogModuleManager: Shutting down and abandoning module UndoHistory (162)
[2016.05.12-14.51.18:852][ 36]LogModuleManager: Shutting down and abandoning module GameplayTagsEditor (161)
[2016.05.12-14.51.18:852][ 36]LogModuleManager: Shutting down and abandoning module UserFeedback (160)
[2016.05.12-14.51.18:852][ 36]LogModuleManager: Shutting down and abandoning module XmlParser (159)
[2016.05.12-14.51.18:852][ 36]LogModuleManager: Shutting down and abandoning module Blutility (158)
[2016.05.12-14.51.18:852][ 36]LogModuleManager: Shutting down and abandoning module ProjectTargetPlatformEditor (157)
[2016.05.12-14.51.18:852][ 36]LogModuleManager: Shutting down and abandoning module ProjectSettingsViewer (156)
[2016.05.12-14.51.18:852][ 36]LogModuleManager: Shutting down and abandoning module InputBindingEditor (155)
[2016.05.12-14.51.18:866][ 36]LogModuleManager: Shutting down and abandoning module EditorSettingsViewer (154)
[2016.05.12-14.51.18:866][ 36]LogModuleManager: Shutting down and abandoning module SettingsEditor (153)
[2016.05.12-14.51.18:866][ 36]LogModuleManager: Shutting down and abandoning module ProjectLauncher (152)
[2016.05.12-14.51.18:880][ 36]LogModuleManager: Shutting down and abandoning module SessionFrontend (151)
[2016.05.12-14.51.18:880][ 36]LogModuleManager: Shutting down and abandoning module ProfilerClient (150)
[2016.05.12-14.51.18:880][ 36]LogModuleManager: Shutting down and abandoning module TargetDeviceServices (149)
[2016.05.12-14.51.18:880][ 36]LogModuleManager: Shutting down and abandoning module DeviceManager (148)
[2016.05.12-14.51.18:880][ 36]LogModuleManager: Shutting down and abandoning module AutomationController (147)
[2016.05.12-14.51.18:880][ 36]LogModuleManager: Shutting down and abandoning module AutomationWindow (146)
[2016.05.12-14.51.18:893][ 36]LogModuleManager: Shutting down and abandoning module Layers (145)
[2016.05.12-14.51.18:926][ 36]LogModuleManager: Shutting down and abandoning module ComponentVisualizers (144)
[2016.05.12-14.51.18:926][ 36]LogModuleManager: Shutting down and abandoning module DetailCustomizations (143)
[2016.05.12-14.51.18:926][ 36]LogModuleManager: Shutting down and abandoning module PackagesDialog (142)
[2016.05.12-14.51.18:927][ 36]LogModuleManager: Shutting down and abandoning module Persona (141)
[2016.05.12-14.51.18:981][ 36]LogModuleManager: Shutting down and abandoning module Kismet (140)
[2016.05.12-14.51.18:982][ 36]LogModuleManager: Shutting down and abandoning module GraphEditor (139)
[2016.05.12-14.51.18:982][ 36]LogModuleManager: Shutting down and abandoning module ClassViewer (138)
[2016.05.12-14.51.18:982][ 36]LogModuleManager: Shutting down and abandoning module Toolbox (137)
[2016.05.12-14.51.18:982][ 36]LogModuleManager: Shutting down and abandoning module ModuleUI (136)
[2016.05.12-14.51.18:982][ 36]LogModuleManager: Shutting down and abandoning module MovieSceneTools (135)
[2016.05.12-14.51.18:982][ 36]LogModuleManager: Shutting down and abandoning module OutputLog (134)
[2016.05.12-14.51.18:982][ 36]LogModuleManager: Shutting down and abandoning module GammaUI (133)
[2016.05.12-14.51.18:982][ 36]LogModuleManager: Shutting down and abandoning module Documentation (132)
[2016.05.12-14.51.18:983][ 36]LogModuleManager: Shutting down and abandoning module GameLiveStreaming (131)
[2016.05.12-14.51.18:983][ 36]LogModuleManager: Shutting down and abandoning module StreamingPauseRendering (130)
[2016.05.12-14.51.18:983][ 36]LogModuleManager: Shutting down and abandoning module AnalyticsET (129)
[2016.05.12-14.51.18:983][ 36]LogModuleManager: Shutting down and abandoning module Analytics (128)
[2016.05.12-14.51.18:983][ 36]LogModuleManager: Shutting down and abandoning module AITestSuite (127)
[2016.05.12-14.51.18:983][ 36]LogModuleManager: Shutting down and abandoning module GameplayDebugger (126)
[2016.05.12-14.51.18:983][ 36]LogModuleManager: Shutting down and abandoning module AIModule (125)
[2016.05.12-14.51.18:983][ 36]LogModuleManager: Shutting down and abandoning module ProfilerService (124)
[2016.05.12-14.51.19:193][ 36]LogModuleManager: Shutting down and abandoning module TaskGraph (123)
[2016.05.12-14.51.19:203][ 36]LogModuleManager: Shutting down and abandoning module SlateRemote (122)
[2016.05.12-14.51.19:204][ 36]LogModuleManager: Shutting down and abandoning module SteamVRController (121)
[2016.05.12-14.51.19:204][ 36]LogModuleManager: Shutting down and abandoning module SteamVR (120)
[2016.05.12-14.51.19:204][ 36]LogModuleManager: Shutting down and abandoning module ProceduralMeshComponent (119)
[2016.05.12-14.51.19:204][ 36]LogModuleManager: Shutting down and abandoning module OculusLibrary (118)
[2016.05.12-14.51.19:204][ 36]LogModuleManager: Shutting down and abandoning module OculusInput (117)
[2016.05.12-14.51.19:204][ 36]LogModuleManager: Shutting down and abandoning module LeapMotionController (116)
[2016.05.12-14.51.19:272][ 36]LogModuleManager: Shutting down and abandoning module CustomMeshComponent (115)
[2016.05.12-14.51.19:272][ 36]LogModuleManager: Shutting down and abandoning module CableComponent (114)
[2016.05.12-14.51.19:273][ 36]LogModuleManager: Shutting down and abandoning module ArchVisCharacter (113)
[2016.05.12-14.51.19:273][ 36]LogModuleManager: Shutting down and abandoning module MessagingDebugger (112)
[2016.05.12-14.51.19:298][ 36]LogModuleManager: Shutting down and abandoning module MediaPlayerEditor (111)
[2016.05.12-14.51.19:304][ 36]LogModuleManager: Shutting down and abandoning module HTML5Networking (110)
[2016.05.12-14.51.19:304][ 36]LogModuleManager: Shutting down and abandoning module SpeedTreeImporter (109)
[2016.05.12-14.51.19:304][ 36]LogModuleManager: Shutting down and abandoning module PluginBrowser (108)
[2016.05.12-14.51.19:318][ 36]LogModuleManager: Shutting down and abandoning module EpicSurvey (107)
[2016.05.12-14.51.19:319][ 36]LogModuleManager: Shutting down and abandoning module DesktopPlatform (106)
[2016.05.12-14.51.19:319][ 36]LogModuleManager: Shutting down and abandoning module VisualStudioSourceCodeAccess (105)
[2016.05.12-14.51.19:319][ 36]LogModuleManager: Shutting down and abandoning module UObjectPlugin (104)
[2016.05.12-14.51.19:319][ 36]LogModuleManager: Shutting down and abandoning module SubversionSourceControl (103)
[2016.05.12-14.51.19:319][ 36]LogModuleManager: Shutting down and abandoning module PerforceSourceControl (102)
[2016.05.12-14.51.19:334][ 36]LogModuleManager: Shutting down and abandoning module SourceControl (101)
[2016.05.12-14.51.19:351][ 36]LogModuleManager: Shutting down and abandoning module GitSourceControl (100)
[2016.05.12-14.51.19:351][ 36]LogModuleManager: Shutting down and abandoning module LightPropagationVolumeEditor (99)
[2016.05.12-14.51.19:351][ 36]LogModuleManager: Shutting down and abandoning module PaperTiledImporter (98)
[2016.05.12-14.51.19:351][ 36]LogModuleManager: Shutting down and abandoning module PaperSpriteSheetImporter (97)
[2016.05.12-14.51.19:351][ 36]LogModuleManager: Shutting down and abandoning module MeshPaint (96)
[2016.05.12-14.51.19:351][ 36]LogModuleManager: Shutting down and abandoning module SlateReflector (95)
[2016.05.12-14.51.19:374][ 36]LogModuleManager: Shutting down and abandoning module HotReload (94)
[2016.05.12-14.51.19:375][ 36]LogModuleManager: Shutting down and abandoning module MainFrame (93)
[2016.05.12-14.51.19:375][ 36]LogModuleManager: Shutting down and abandoning module LevelEditor (92)
[2016.05.12-14.51.19:405][ 36]LogModuleManager: Shutting down and abandoning module DirectoryWatcher (91)
[2016.05.12-14.51.19:408][ 36]LogModuleManager: Shutting down and abandoning module AssetRegistry (90)
[2016.05.12-14.51.19:709][ 36]LogModuleManager: Shutting down and abandoning module ContentBrowser (89)
[2016.05.12-14.51.19:711][ 36]LogModuleManager: Shutting down and abandoning module Paper2DEditor (88)
[2016.05.12-14.51.19:731][ 36]LogModuleManager: Shutting down and abandoning module Game_GT (87)
[2016.05.12-14.51.19:731][ 36]LogModuleManager: Shutting down and abandoning module UdpMessaging (86)
[2016.05.12-14.51.19:833][ 36]LogModuleManager: Shutting down and abandoning module LightPropagationVolumeRuntime (85)
[2016.05.12-14.51.19:833][ 36]LogModuleManager: Shutting down and abandoning module Paper2D (84)
[2016.05.12-14.51.19:833][ 36]LogModuleManager: Shutting down and abandoning module WindowsMoviePlayer (83)
[2016.05.12-14.51.19:843][ 36]LogModuleManager: Shutting down and abandoning module Media (82)
[2016.05.12-14.51.19:843][ 36]LogModuleManager: Shutting down and abandoning module WmfMedia (81)
[2016.05.12-14.51.19:843][ 36]LogModuleManager: Shutting down and abandoning module OnlineBlueprintSupport (80)
[2016.05.12-14.51.19:843][ 36]LogModuleManager: Shutting down and abandoning module GameplayTasksEditor (79)
[2016.05.12-14.51.19:843][ 36]LogModuleManager: Shutting down and abandoning module PropertyEditor (78)
[2016.05.12-14.51.19:843][ 36]LogModuleManager: Shutting down and abandoning module BehaviorTreeEditor (77)
[2016.05.12-14.51.19:857][ 36]LogModuleManager: Shutting down and abandoning module FunctionalTesting (76)
[2016.05.12-14.51.19:857][ 36]LogModuleManager: Shutting down and abandoning module CollisionAnalyzer (75)
[2016.05.12-14.51.19:857][ 36]LogModuleManager: Shutting down and abandoning module WorkspaceMenuStructure (74)
[2016.05.12-14.51.19:857][ 36]LogModuleManager: Shutting down and abandoning module MessageLog (73)
[2016.05.12-14.51.19:857][ 36]LogModuleManager: Shutting down and abandoning module Sequencer (72)
[2016.05.12-14.51.19:863][ 36]LogModuleManager: Shutting down and abandoning module AssetTools (71)
[2016.05.12-14.51.19:887][ 36]LogModuleManager: Shutting down and abandoning module UMGEditor (70)
[2016.05.12-14.51.19:896][ 36]LogModuleManager: Shutting down and abandoning module UMG (69)
[2016.05.12-14.51.19:896][ 36]LogModuleManager: Shutting down and abandoning module Slate (68)
[2016.05.12-14.51.19:896][ 36]LogModuleManager: Shutting down and abandoning module EditorStyle (67)
[2016.05.12-14.51.19:905][ 36]LogModuleManager: Shutting down and abandoning module SessionServices (66)
[2016.05.12-14.51.19:905][ 36]LogModuleManager: Shutting down and abandoning module SourceCodeAccess (65)
[2016.05.12-14.51.19:905][ 36]LogModuleManager: Shutting down and abandoning module HeadMountedDisplay (64)
[2016.05.12-14.51.19:905][ 36]LogModuleManager: Shutting down and abandoning module XAudio2 (63)
[2016.05.12-14.51.19:905][ 36]LogModuleManager: Shutting down and abandoning module Networking (61)
[2016.05.12-14.51.19:905][ 36]LogModuleManager: Shutting down and abandoning module Core (60)
[2016.05.12-14.51.19:905][ 36]LogModuleManager: Shutting down and abandoning module KismetCompiler (59)
[2016.05.12-14.51.19:905][ 36]LogModuleManager: Shutting down and abandoning module PhysXFormats (58)
[2016.05.12-14.51.19:906][ 36]LogModuleManager: Shutting down and abandoning module MeshUtilities (57)
[2016.05.12-14.51.19:929][ 36]LogModuleManager: Shutting down and abandoning module DerivedDataCache (56)
[2016.05.12-14.51.20:000][ 36]LogDerivedDataCache: Shutdown
[2016.05.12-14.51.20:000][ 36]LogModuleManager: Shutting down and abandoning module ShaderFormatOpenGL (55)
[2016.05.12-14.51.20:000][ 36]LogModuleManager: Shutting down and abandoning module ShaderFormatD3D (54)
[2016.05.12-14.51.20:000][ 36]LogModuleManager: Shutting down and abandoning module MetalShaderFormat (53)
[2016.05.12-14.51.20:001][ 36]LogModuleManager: Shutting down and abandoning module TextureFormatUncompressed (52)
[2016.05.12-14.51.20:001][ 36]LogModuleManager: Shutting down and abandoning module TextureFormatPVR (51)
[2016.05.12-14.51.20:001][ 36]LogModuleManager: Shutting down and abandoning module TextureFormatIntelISPCTexComp (50)
[2016.05.12-14.51.20:001][ 36]LogModuleManager: Shutting down and abandoning module TextureFormatDXT (49)
[2016.05.12-14.51.20:001][ 36]LogModuleManager: Shutting down and abandoning module ImageWrapper (48)
[2016.05.12-14.51.20:001][ 36]LogModuleManager: Shutting down and abandoning module TextureFormatASTC (47)
[2016.05.12-14.51.20:001][ 36]LogModuleManager: Shutting down and abandoning module TextureFormatAndroid (46)
[2016.05.12-14.51.20:001][ 36]LogModuleManager: Shutting down and abandoning module AudioFormatOpus (45)
[2016.05.12-14.51.20:001][ 36]LogModuleManager: Shutting down and abandoning module AudioFormatOgg (44)
[2016.05.12-14.51.20:001][ 36]LogModuleManager: Shutting down and abandoning module AudioFormatADPCM (43)
[2016.05.12-14.51.20:001][ 36]LogModuleManager: Shutting down and abandoning module LinuxTargetPlatform (42)
[2016.05.12-14.51.20:001][ 36]LogModuleManager: Shutting down and abandoning module LinuxServerTargetPlatform (41)
[2016.05.12-14.51.20:001][ 36]LogModuleManager: Shutting down and abandoning module LinuxNoEditorTargetPlatform (40)
[2016.05.12-14.51.20:001][ 36]LogModuleManager: Shutting down and abandoning module Messaging (39)
[2016.05.12-14.51.20:002][ 36]LogModuleManager: Shutting down and abandoning module IOSTargetPlatform (38)
[2016.05.12-14.51.20:002][ 36]LogModuleManager: Shutting down and abandoning module HTML5TargetPlatform (37)
[2016.05.12-14.51.20:002][ 36]LogModuleManager: Shutting down and abandoning module Android_PVRTCTargetPlatform (36)
[2016.05.12-14.51.20:002][ 36]LogModuleManager: Shutting down and abandoning module Android_MultiTargetPlatform (35)
[2016.05.12-14.51.20:002][ 36]LogModuleManager: Shutting down and abandoning module Android_ETC2TargetPlatform (34)
[2016.05.12-14.51.20:002][ 36]LogModuleManager: Shutting down and abandoning module Android_ETC1TargetPlatform (33)
[2016.05.12-14.51.20:002][ 36]LogModuleManager: Shutting down and abandoning module Android_DXTTargetPlatform (32)
[2016.05.12-14.51.20:002][ 36]LogModuleManager: Shutting down and abandoning module Android_ATCTargetPlatform (31)
[2016.05.12-14.51.20:002][ 36]LogModuleManager: Shutting down and abandoning module Android_ASTCTargetPlatform (30)
[2016.05.12-14.51.20:002][ 36]LogModuleManager: Shutting down and abandoning module AndroidTargetPlatform (29)
[2016.05.12-14.51.20:002][ 36]LogModuleManager: Shutting down and abandoning module WindowsTargetPlatform (28)
[2016.05.12-14.51.20:002][ 36]LogModuleManager: Shutting down and abandoning module WindowsServerTargetPlatform (27)
[2016.05.12-14.51.20:002][ 36]LogModuleManager: Shutting down and abandoning module WindowsNoEditorTargetPlatform (26)
[2016.05.12-14.51.20:002][ 36]LogModuleManager: Shutting down and abandoning module WindowsClientTargetPlatform (25)
[2016.05.12-14.51.20:002][ 36]LogModuleManager: Shutting down and abandoning module AllDesktopTargetPlatform (24)
[2016.05.12-14.51.20:002][ 36]LogModuleManager: Shutting down and abandoning module TargetPlatform (23)
[2016.05.12-14.51.20:002][ 36]LogModuleManager: Shutting down and abandoning module InputCore (22)
[2016.05.12-14.51.20:003][ 36]LogModuleManager: Shutting down and abandoning module Settings (21)
[2016.05.12-14.51.20:003][ 36]LogModuleManager: Shutting down and abandoning module OnlineSubsystem (19)
[2016.05.12-14.51.20:003][ 36]LogModuleManager: Shutting down and abandoning module HTTP (18)
[2016.05.12-14.51.21:007][ 36]LogModuleManager: Shutting down and abandoning module XMPP (17)
[2016.05.12-14.51.21:036][ 36]LogModuleManager: Shutting down and abandoning module OculusRift (16)
[2016.05.12-14.51.21:036][ 36]LogModuleManager: Shutting down and abandoning module ExampleDeviceProfileSelector (15)
[2016.05.12-14.51.21:036][ 36]LogModuleManager: Shutting down and abandoning module TextureCompressor (14)
[2016.05.12-14.51.21:036][ 36]LogModuleManager: Shutting down and abandoning module ShaderCore (13)
[2016.05.12-14.51.21:036][ 36]LogModuleManager: Shutting down and abandoning module Landscape (12)
[2016.05.12-14.51.21:036][ 36]LogModuleManager: Shutting down and abandoning module SlateRHIRenderer (11)
[2016.05.12-14.51.21:040][ 36]LogModuleManager: Shutting down and abandoning module OpenGLDrv (10)
[2016.05.12-14.51.21:053][ 36]LogModuleManager: Shutting down and abandoning module D3D11RHI (9)
[2016.05.12-14.51.21:053][ 36]LogModuleManager: Shutting down and abandoning module AnimGraphRuntime (8)
[2016.05.12-14.51.21:054][ 36]LogModuleManager: Shutting down and abandoning module Renderer (7)
[2016.05.12-14.51.21:054][ 36]LogModuleManager: Shutting down and abandoning module Engine (6)
[2016.05.12-14.51.21:054][ 36]LogModuleManager: Shutting down and abandoning module CoreUObject (5)
[2016.05.12-14.51.21:054][ 36]LogModuleManager: Shutting down and abandoning module NetworkFile (4)
[2016.05.12-14.51.21:054][ 36]LogModuleManager: Shutting down and abandoning module StreamingFile (3)
[2016.05.12-14.51.21:054][ 36]LogModuleManager: Shutting down and abandoning module SandboxFile (2)
[2016.05.12-14.51.21:054][ 36]LogModuleManager: Shutting down and abandoning module PakFile (1)
[2016.05.12-14.51.21:062][ 36]LogExit: Exiting.
[2016.05.12-14.51.23:381][ 36]Log file closed, 05/12/16 10:51:23
>>>>>>> 7ab8d94f36f1fc38c6bfbb61570bd73d183bf33a
