[2016.01.12-22.50.55:660][  0]Log file open, 01/12/16 17:50:55
[2016.01.12-22.50.55:660][  0]LogInit:Display: Running engine for game: Game_GT
[2016.01.12-22.50.55:660][  0]LogPlatformFile: Not using cached read wrapper
[2016.01.12-22.50.55:660][  0]LogInit:Display: RandInit(-805242488) SRandInit(-805242486).
[2016.01.12-22.50.55:660][  0]LogTaskGraph: Started task graph with 4 named threads and 7 total threads.
[2016.01.12-22.50.55:660][  0]LogStats: Stats thread started at 0.080742
[2016.01.12-22.50.55:660][  0]LogInit: Version: 4.10.1-2791327+++depot+UE4-Releases+4.10
[2016.01.12-22.50.55:660][  0]LogInit: API Version: 2758231
[2016.01.12-22.50.55:660][  0]LogInit: Compiled (64-bit): Dec  4 2015 19:44:40
[2016.01.12-22.50.55:660][  0]LogInit: Compiled with Visual C++: 19.00.23026.00
[2016.01.12-22.50.55:660][  0]LogInit: Build Configuration: Development
[2016.01.12-22.50.55:660][  0]LogInit: Branch Name: ++depot+UE4-Releases+4.10
[2016.01.12-22.50.55:660][  0]LogInit: Command line:  
[2016.01.12-22.50.55:660][  0]LogInit: Base directory: G:/Programs/Epic Games/4.10/Engine/Binaries/Win64/
[2016.01.12-22.50.55:660][  0]LogInit: Rocket: 1
[2016.01.12-22.50.55:668][  0]LogInit: Using libcurl 7.41.0
[2016.01.12-22.50.55:668][  0]LogInit:  - built for x86_64-pc-win32
[2016.01.12-22.50.55:668][  0]LogInit:  - supports SSL with WinSSL
[2016.01.12-22.50.55:668][  0]LogInit:  - other features:
[2016.01.12-22.50.55:668][  0]LogInit:      CURL_VERSION_SSL
[2016.01.12-22.50.55:668][  0]LogInit:      CURL_VERSION_IPV6
[2016.01.12-22.50.55:668][  0]LogInit:      CURL_VERSION_ASYNCHDNS
[2016.01.12-22.50.55:668][  0]LogInit:      CURL_VERSION_LARGEFILE
[2016.01.12-22.50.55:668][  0]LogInit:      CURL_VERSION_IDN
[2016.01.12-22.50.55:668][  0]LogInit:  CurlRequestOptions (configurable via config and command line):
[2016.01.12-22.50.55:668][  0]LogInit:  - bVerifyPeer = true  - Libcurl will verify peer certificate
[2016.01.12-22.50.55:668][  0]LogInit:  - bUseHttpProxy = false  - Libcurl will NOT use HTTP proxy
[2016.01.12-22.50.55:668][  0]LogInit:  - bDontReuseConnections = false  - Libcurl will reuse connections
[2016.01.12-22.50.55:668][  0]LogInit:  - CertBundlePath = nullptr  - Libcurl will use whatever was configured at build time.
[2016.01.12-22.50.55:678][  0]LogInit: Presizing for 0 objects not considered by GC, pre-allocating 0 bytes.
[2016.01.12-22.50.55:685][  0]LogInit: Object subsystem initialized
[2016.01.12-22.50.55:686][  0]LogInit: Selected Device Profile: [Windows]
[2016.01.12-22.50.55:686][  0]LogInit: Applying CVar settings loaded from the selected device profile: [Windows]
[2016.01.12-22.50.55:698][  0]LogInit: Computer: BLUECRATER
[2016.01.12-22.50.55:698][  0]LogInit: User: dacos
[2016.01.12-22.50.55:698][  0]LogInit: CPU Page size=4096, Cores=4
[2016.01.12-22.50.55:698][  0]LogInit: High frequency timer resolution =3.020348 MHz
[2016.01.12-22.50.55:698][  0]LogMemory: Memory total: Physical=23.9GB (24GB approx)
[2016.01.12-22.50.55:698][  0]LogMemory: Platform Memory Stats for Windows
[2016.01.12-22.50.55:698][  0]LogMemory: Process Physical Memory: 57.95 MB used, 57.95 MB peak
[2016.01.12-22.50.55:698][  0]LogMemory: Process Virtual Memory: 56.85 MB used, 56.85 MB peak
[2016.01.12-22.50.55:698][  0]LogMemory: Physical Memory: 7367.62 MB used, 24524.11 MB total
[2016.01.12-22.50.55:698][  0]LogMemory: Virtual Memory: 382.25 MB used, 134217728.00 MB total
[2016.01.12-22.50.55:733][  0]LogTextLocalizationManager: No specific translations for ('en-US') exist, so ('en') translations will be used.
[2016.01.12-22.50.56:280][  0]LogD3D11RHI: Found D3D11 adapter 0: NVIDIA GeForce GTX 760 (Feature Level 11_0)
[2016.01.12-22.50.56:280][  0]LogD3D11RHI: Adapter has 3911MB of dedicated video memory, 0MB of dedicated system memory, and 12262MB of shared system memory, 3 output[s]
[2016.01.12-22.50.56:281][  0]LogD3D11RHI: Found D3D11 adapter 1: Microsoft Basic Render Driver (Feature Level 11_0)
[2016.01.12-22.50.56:281][  0]LogD3D11RHI: Adapter has 0MB of dedicated video memory, 0MB of dedicated system memory, and 12262MB of shared system memory, 0 output[s]
[2016.01.12-22.50.56:281][  0]LogD3D11RHI: Chosen D3D11 Adapter Id = 0
[2016.01.12-22.50.56:291][  0]LogD3D11RHI: !Direct3DDevice
[2016.01.12-22.50.56:291][  0]LogRHI: Texture pool is 1361 MB (70% of 1945 MB)
[2016.01.12-22.50.56:312][  0]LogD3D11RHI: Async texture creation enabled
[2016.01.12-22.50.56:340][  0]LogShaderCompilers: Guid format shader working directory is 0 characters bigger than the processId version (D:/OneDrive/Documents/Unreal Projects/Game_GT/Intermediate/Shaders/WorkingDirectory/55964/).
[2016.01.12-22.50.56:340][  0]LogShaderCompilers: Cleaned the shader compiler working directory 'C:/Users/dacos/AppData/Local/Temp/UnrealShaderWorkingDir/3FF3B17549E36E6004AB238788654905/'.
[2016.01.12-22.50.56:340][  0]LogShaderCompilers:Display: Using Local Shader Compiler.
[2016.01.12-22.50.57:181][  0]LogTemp:Display: Loaded TP AllDesktopTargetPlatform
[2016.01.12-22.50.57:186][  0]LogTemp:Display: Loaded TP WindowsClientTargetPlatform
[2016.01.12-22.50.57:191][  0]LogTemp:Display: Loaded TP WindowsNoEditorTargetPlatform
[2016.01.12-22.50.57:198][  0]LogTemp:Display: Loaded TP WindowsServerTargetPlatform
[2016.01.12-22.50.57:203][  0]LogTemp:Display: Loaded TP WindowsTargetPlatform
[2016.01.12-22.50.57:206][  0]LogTemp:Display: Loaded TP AndroidTargetPlatform
[2016.01.12-22.50.57:210][  0]LogTemp:Display: Loaded TP Android_ASTCTargetPlatform
[2016.01.12-22.50.57:214][  0]LogTemp:Display: Loaded TP Android_ATCTargetPlatform
[2016.01.12-22.50.57:217][  0]LogTemp:Display: Loaded TP Android_DXTTargetPlatform
[2016.01.12-22.50.57:220][  0]LogTemp:Display: Loaded TP Android_ETC1TargetPlatform
[2016.01.12-22.50.57:223][  0]LogTemp:Display: Loaded TP Android_ETC2TargetPlatform
[2016.01.12-22.50.57:230][  0]LogTemp:Display: Loaded TP Android_MultiTargetPlatform
[2016.01.12-22.50.57:230][  0]LogTemp:Display: Loaded TP Android_PVRTCTargetPlatform
[2016.01.12-22.50.57:231][  0]LogTemp:Display: Loaded TP HTML5TargetPlatform
[2016.01.12-22.50.57:248][  0]LogTemp:Display: Loaded TP IOSTargetPlatform
[2016.01.12-22.50.57:251][  0]LogTemp:Display: Loaded TP LinuxNoEditorTargetPlatform
[2016.01.12-22.50.57:254][  0]LogTemp:Display: Loaded TP LinuxServerTargetPlatform
[2016.01.12-22.50.57:257][  0]LogTemp:Display: Loaded TP LinuxTargetPlatform
[2016.01.12-22.50.57:257][  0]LogTargetPlatformManager:Display: Building Assets For Windows
[2016.01.12-22.50.57:381][  0]LogDerivedDataCache:Display: Max Cache Size: 512 MB
[2016.01.12-22.50.57:441][  0]LogDerivedDataCache: Loaded boot cache 0.06s 42MB C:/Users/dacos/AppData/Local/UnrealEngine/4.10/DerivedDataCache/Boot.ddc.
[2016.01.12-22.50.57:441][  0]LogDerivedDataCache:Display: Loaded Boot cache: C:/Users/dacos/AppData/Local/UnrealEngine/4.10/DerivedDataCache/Boot.ddc
[2016.01.12-22.50.57:441][  0]LogDerivedDataCache: FDerivedDataBackendGraph:  Pak pak cache file D:/OneDrive/Documents/Unreal Projects/Game_GT/DerivedDataCache/DDC.ddp not found, will not use a pak cache.
[2016.01.12-22.50.57:441][  0]LogDerivedDataCache: Unable to find inner node Pak for hierarchical cache Hierarchy.
[2016.01.12-22.50.57:441][  0]LogDerivedDataCache: FDerivedDataBackendGraph:  CompressedPak pak cache file D:/OneDrive/Documents/Unreal Projects/Game_GT/DerivedDataCache/Compressed.ddp not found, will not use a pak cache.
[2016.01.12-22.50.57:441][  0]LogDerivedDataCache: Unable to find inner node CompressedPak for hierarchical cache Hierarchy.
[2016.01.12-22.50.57:507][  0]LogDerivedDataCache:Display: Pak cache opened for reading ../../../Engine/DerivedDataCache/Compressed.ddp.
[2016.01.12-22.50.57:519][  0]LogDerivedDataCache: Using Local data cache path C:/Users/dacos/AppData/Local/UnrealEngine/Common/DerivedDataCache: Writable
[2016.01.12-22.50.57:732][  0]LogInit: Selected Device Profile: [Windows]
[2016.01.12-22.50.57:734][  0]LogContentStreaming: Texture pool size is 0.000000MB
[2016.01.12-22.50.57:862][  0]LogMeshUtilities: No automatic mesh reduction module available
[2016.01.12-22.50.57:862][  0]LogMeshUtilities: No automatic mesh merging module available
[2016.01.12-22.50.58:160][  0]LogInit: WinSock: version 1.1 (2.2), MaxSocks=32767, MaxUdp=65467
[2016.01.12-22.50.59:166][  0]UdpMessaging: Initializing bridge on interface 0.0.0.0:0 to multicast group 230.0.0.1:6666.
[2016.01.12-22.50.59:236][  0]LogLinker:Warning: Asset 'D:/OneDrive/Documents/Unreal Projects/Game_GT/Content/Mannequin/Animations/ThirdPerson_AnimBP.uasset' has been saved with empty engine version. The asset will be loaded but may be incompatible.
[2016.01.12-22.50.59:237][  0]LogLinker:Warning: Asset 'D:/OneDrive/Documents/Unreal Projects/Game_GT/Content/Mannequin/Animations/ThirdPerson_Jump.uasset' has been saved with empty engine version. The asset will be loaded but may be incompatible.
[2016.01.12-22.50.59:238][  0]LogLinker:Warning: Asset 'D:/OneDrive/Documents/Unreal Projects/Game_GT/Content/Mannequin/Animations/ThirdPersonJump_Loop.uasset' has been saved with empty engine version. The asset will be loaded but may be incompatible.
[2016.01.12-22.50.59:239][  0]LogLinker:Warning: Asset 'D:/OneDrive/Documents/Unreal Projects/Game_GT/Content/Mannequin/Animations/ThirdPersonJump_Start.uasset' has been saved with empty engine version. The asset will be loaded but may be incompatible.
[2016.01.12-22.50.59:240][  0]LogLinker:Warning: Asset 'D:/OneDrive/Documents/Unreal Projects/Game_GT/Content/Mannequin/Animations/ThirdPerson_IdleRun_2D.uasset' has been saved with empty engine version. The asset will be loaded but may be incompatible.
[2016.01.12-22.50.59:241][  0]LogLinker:Warning: Asset 'D:/OneDrive/Documents/Unreal Projects/Game_GT/Content/Mannequin/Animations/ThirdPersonIdle.uasset' has been saved with empty engine version. The asset will be loaded but may be incompatible.
[2016.01.12-22.50.59:242][  0]LogLinker:Warning: Asset 'D:/OneDrive/Documents/Unreal Projects/Game_GT/Content/Mannequin/Animations/ThirdPersonRun.uasset' has been saved with empty engine version. The asset will be loaded but may be incompatible.
[2016.01.12-22.50.59:244][  0]LogLinker:Warning: Asset 'D:/OneDrive/Documents/Unreal Projects/Game_GT/Content/Mannequin/Animations/ThirdPersonWalk.uasset' has been saved with empty engine version. The asset will be loaded but may be incompatible.
[2016.01.12-22.50.59:605][  0]LogAssetRegistry: FAssetRegistry took 0.0106 seconds to start up
[2016.01.12-22.50.59:816][  0]SourceControl: Info Source control is disabled
[2016.01.12-22.51.00:896][  0]LogObj: 31636 objects as part of root set at end of initial load.
[2016.01.12-22.51.00:896][  0]LogUObjectAllocator: 7168920 out of 0 bytes used by permanent object pool.
[2016.01.12-22.51.00:953][  0]LogEngine: Initializing Engine...
[2016.01.12-22.51.00:956][  0]LogHMD: Can't find Oculus library dev build: is proper Runtime installed? Version: 0.8.0.0
[2016.01.12-22.51.00:962][  0]LogHMD: SteamVR failed to initialize.  Err: 108
[2016.01.12-22.51.01:087][  0]LogAIModule: Creating AISystem for world NewWorld
[2016.01.12-22.51.01:102][  0]LogInit: XAudio2 using 'Headset Earphone (Logitech G933 Gaming Headset)' : 2 channels at 48 kHz using 16 bits per sample (channel mask 0x3)
[2016.01.12-22.51.01:132][  0]LogInit: FAudioDevice initialized.
[2016.01.12-22.51.01:155][  0]LogDerivedDataCache: Saved boot cache 0.02s 42MB C:/Users/dacos/AppData/Local/UnrealEngine/4.10/DerivedDataCache/Boot.ddc.
[2016.01.12-22.51.01:163][  0]LogInit: Texture streaming: Enabled
[2016.01.12-22.51.01:169][  0]LogAnalytics: Creating configured Analytics provider AnalyticsET
[2016.01.12-22.51.01:169][  0]LogAnalytics: [UEEditor.Rocket.Release] APIServer = http://et2.epicgames.com/ET2/. AppVersion = 4.10.1-2791327+++depot+UE4-Releases+4.10
[2016.01.12-22.51.01:169][  0]LogAnalytics: [UEEditor.Rocket.Release] SetUserId 92fd04214cf52093bc0afaba21c43902|72e7fe8abf234c00b7d4ff8eb3462f9c|86a002aa-5a10-4302-9af3-ef5e8e024b7c
[2016.01.12-22.51.01:169][  0]LogAnalytics: [UEEditor.Rocket.Release] AnalyticsET::StartSession
[2016.01.12-22.51.01:196][  0]LogWindowsTextInputMethodSystem:Display: IME system now deactivated.
[2016.01.12-22.51.01:217][  0]LogInit: Transaction tracking system initialized
[2016.01.12-22.51.01:252][  0]BlueprintLog: New page: Editor Load
[2016.01.12-22.51.01:394][  0]LocalizationService: Info Localization service is disabled
[2016.01.12-22.51.01:494][  0]LogConsoleResponse:Display: 
[2016.01.12-22.51.01:617][  0]LogCook:Display: Done creating registry. It took  0.00s.
[2016.01.12-22.51.02:073][  0]LogFileCache: Scanning file cache for directory 'D:/OneDrive/Documents/Unreal Projects/Game_GT/Content/' took 0.01s
[2016.01.12-22.51.02:073][  0]Cmd: MAP LOAD FILE="D:/OneDrive/Documents/Unreal Projects/Game_GT/Content/TopDownCPP/Maps/TopDownExampleMap.umap" TEMPLATE=0 SHOWPROGRESS=1 FEATURELEVEL=3
[2016.01.12-22.51.02:074][  0]LightingResults: New page: Lighting Build
[2016.01.12-22.51.02:079][  0]MapCheck: New page: Map Check
[2016.01.12-22.51.02:079][  0]LightingResults: New page: Lighting Build
[2016.01.12-22.51.02:096][  0]LogParticles: Destroying 0 GPU particle simulations for FXSystem 0x0000024C4985DC60
[2016.01.12-22.51.02:885][  0]LogAIModule: Creating AISystem for world TopDownExampleMap
[2016.01.12-22.51.02:961][  0]LogEditorServer: Finished looking for orphan Actors (0.000 secs)
[2016.01.12-22.51.02:963][  0]Cmd: MAP CHECKDEP NOCLEARLOG
[2016.01.12-22.51.03:077][  0]MapCheck: Info Map check complete: 0 Error(s), 0 Warning(s), took 114.722ms to complete.
[2016.01.12-22.51.03:078][  0]LogFileHelpers: Loading map 'TopDownExampleMap' took 1.005
[2016.01.12-22.51.03:215][  0]LogCollectionManager: Loaded 0 collections in 0.003683 seconds
[2016.01.12-22.51.03:266][  0]LogFileCache: Scanning file cache for directory 'D:/OneDrive/Documents/Unreal Projects/Game_GT/Saved/Collections/' took 0.01s
[2016.01.12-22.51.03:266][  0]LogFileCache: Scanning file cache for directory 'D:/OneDrive/Documents/Unreal Projects/Game_GT/Content/Developers/dacos/Collections/' took 0.01s
[2016.01.12-22.51.03:266][  0]LogFileCache: Scanning file cache for directory 'D:/OneDrive/Documents/Unreal Projects/Game_GT/Content/Collections/' took 0.01s
[2016.01.12-22.51.03:266][  0]LogCollectionManager: Rebuilt the GUID cache for 0 collections in 0.000002 seconds
[2016.01.12-22.51.03:274][  0]LogContentBrowser: Native class hierarchy populated in 0.0086 seconds. Added 1897 classes and 340 folders.
[2016.01.12-22.51.03:285][  0]LogContentBrowser: Native class hierarchy updated for 'WidgetCarousel' in 0.0019 seconds. Added 0 classes and 0 folders.
[2016.01.12-22.51.03:354][  0]LogContentBrowser: Native class hierarchy updated for 'AddContentDialog' in 0.0020 seconds. Added 0 classes and 0 folders.
[2016.01.12-22.51.03:361][  0]LogContentBrowser: Native class hierarchy updated for 'SceneOutliner' in 0.0031 seconds. Added 1 classes and 2 folders.
[2016.01.12-22.51.03:412][  0]LogCrashTracker: Crashtracker disabled due to settings.
[2016.01.12-22.51.03:421][  0]LogUObjectGlobals:Warning: Failed to find object 'Class None.'
[2016.01.12-22.51.03:443][  0]LogLoad: Full Startup: 8.86 seconds (BP compile: 0.32 seconds)
[2016.01.12-22.51.03:455][  0]LogOcInput: Can't find Oculus library dev build: is proper Runtime installed? Version: 0.8.0.0
[2016.01.12-22.51.03:518][  0]SourceControl: Info On branch master
[2016.01.12-22.51.03:518][  0]SourceControl: Info Your branch is up-to-date with 'origin/master'.
[2016.01.12-22.51.03:518][  0]SourceControl: Info Changes to be committed:
[2016.01.12-22.51.03:518][  0]SourceControl: Info   (use "git reset HEAD <file>..." to unstage)
[2016.01.12-22.51.03:518][  0]SourceControl: Info 	new file:   Content/Blueprints/Characters/MovementTest/BTT_BotNextRout.uasset
[2016.01.12-22.51.03:518][  0]SourceControl: Info 	new file:   Content/Blueprints/Characters/MovementTest/NewBlueprint.uasset
[2016.01.12-22.51.03:518][  0]SourceControl: Info Changes not staged for commit:
[2016.01.12-22.51.03:518][  0]SourceControl: Info   (use "git add <file>..." to update what will be committed)
[2016.01.12-22.51.03:518][  0]SourceControl: Info   (use "git checkout -- <file>..." to discard changes in working directory)
[2016.01.12-22.51.03:518][  0]SourceControl: Info 	modified:   Content/Blueprints/Characters/MovementTest/BTT_BotNextRout.uasset
[2016.01.12-22.51.03:518][  0]SourceControl: Info 	modified:   Content/Blueprints/Characters/MovementTest/BTT_BotWalkspeed.uasset
[2016.01.12-22.51.03:519][  0]SourceControl: Info 	modified:   Intermediate/CachedAssetRegistry.bin
[2016.01.12-22.51.03:519][  0]SourceControl: Info 	modified:   Intermediate/Config/CoalescedSourceConfigs/Engine.ini
[2016.01.12-22.51.03:519][  0]SourceControl: Info 	modified:   Intermediate/Config/CoalescedSourceConfigs/Game.ini
[2016.01.12-22.51.03:519][  0]SourceControl: Info 	modified:   Saved/AutoScreenshot.png
[2016.01.12-22.51.03:519][  0]SourceControl: Info 	modified:   Saved/Config/Windows/Editor.ini
[2016.01.12-22.51.03:519][  0]SourceControl: Info 	modified:   Saved/Config/Windows/EditorPerProjectUserSettings.ini
[2016.01.12-22.51.03:519][  0]SourceControl: Info 	modified:   Saved/Config/Windows/Engine.ini
[2016.01.12-22.51.03:519][  0]SourceControl: Info 	modified:   Saved/Logs/Game_GT.log
[2016.01.12-22.51.03:519][  0]SourceControl: Info Untracked files:
[2016.01.12-22.51.03:519][  0]SourceControl: Info   (use "git add <file>..." to include in what will be committed)
[2016.01.12-22.51.03:519][  0]SourceControl: Info 	Saved/Autosaves/Game/Blueprints/Characters/MovementTest/BTT_BotWalkspeed_Auto1.uasset
[2016.01.12-22.51.03:519][  0]SourceControl: Info 	Saved/Backup/BTT_BotNextRout_2016-01-12-17-48-26.uasset
[2016.01.12-22.51.03:519][  0]SourceControl: Info 	Saved/Backup/BTT_BotWalkspeed_2016-01-12-17-46-33.uasset
[2016.01.12-22.51.03:519][  0]SourceControl: Info 	Saved/Logs/Game_GT-backup-2016.01.12-17.31.54.log
[2016.01.12-22.51.03:519][  0]SourceControl: Info 	Saved/Logs/Game_GT_2.log
[2016.01.12-22.51.03:519][  0]LogContentStreaming: Texture pool size now 1000 MB
[2016.01.12-22.51.03:661][  0]LogRenderer: Reallocating scene render targets to support 1532x688 (Frame:2).
[2016.01.12-22.51.04:301][  5]LogAssetRegistry: Asset discovery search completed in 4.7060 seconds
[2016.01.12-22.51.04:301][  5]LogCollectionManager: Rebuilt the object cache for 0 collections in 0.000001 seconds (found 0 objects)
[2016.01.12-22.51.04:301][  5]LogCollectionManager: Fixed up redirectors for 0 collections in 0.000018 seconds (updated 0 objects)
[2016.01.12-22.51.07:835][375]LogLinker:Warning: Asset '../../../Engine/Content/ArtTools/RenderToTexture/Macros/RenderToTextureMacros.uasset' has been saved with empty engine version. The asset will be loaded but may be incompatible.
[2016.01.12-22.51.08:252][375]LogContentBrowser: Native class hierarchy updated for 'BlueprintGraph' in 0.0023 seconds. Added 107 classes and 0 folders.
[2016.01.12-22.51.27:463][315]SourceControl: Info fatal: G:/Programs/Epic Games/4.10/Engine/Content/ArtTools/RenderToTexture/Blueprints/PhysMesh.uasset: 'G:/Programs/Epic Games/4.10/Engine/Content/ArtTools/RenderToTexture/Blueprints/PhysMesh.uasset' is outside repository
[2016.01.12-22.51.27:463][315]SourceControl: Info fatal: G:/Programs/Epic Games/4.10/Engine/Content/ArtTools/RenderToTexture/Enums/EFloatTypes.uasset: 'G:/Programs/Epic Games/4.10/Engine/Content/ArtTools/RenderToTexture/Enums/EFloatTypes.uasset' is outside repository
[2016.01.12-22.51.27:463][315]SourceControl: Info fatal: G:/Programs/Epic Games/4.10/Engine/Content/ArtTools/RenderToTexture/Macros/RenderToTextureMacros.uasset: 'G:/Programs/Epic Games/4.10/Engine/Content/ArtTools/RenderToTexture/Macros/RenderToTextureMacros.uasset' is outside repository
[2016.01.12-22.51.27:463][315]SourceControl: Info fatal: G:/Programs/Epic Games/4.10/Engine/Content/ArtTools/RenderToTexture/MaterialFunctions/BoundingSphereBased_0-1_UVW.uasset: 'G:/Programs/Epic Games/4.10/Engine/Content/ArtTools/RenderToTexture/MaterialFunctions/BoundingSphereBased_0-1_UVW.uasset' is outside repository
[2016.01.12-22.51.27:463][315]SourceControl: Info fatal: G:/Programs/Epic Games/4.10/Engine/Content/ArtTools/RenderToTexture/Materials/MPC_R2T.uasset: 'G:/Programs/Epic Games/4.10/Engine/Content/ArtTools/RenderToTexture/Materials/MPC_R2T.uasset' is outside repository
[2016.01.12-22.51.27:463][315]SourceControl: Info fatal: G:/Programs/Epic Games/4.10/Engine/Content/ArtTools/RenderToTexture/Materials/Debug/M_2sidedLit.uasset: 'G:/Programs/Epic Games/4.10/Engine/Content/ArtTools/RenderToTexture/Materials/Debug/M_2sidedLit.uasset' is outside repository
[2016.01.12-22.51.27:463][315]SourceControl: Info fatal: G:/Programs/Epic Games/4.10/Engine/Content/ArtTools/RenderToTexture/Materials/Flipbooks/M_FlipBookCounter_01.uasset: 'G:/Programs/Epic Games/4.10/Engine/Content/ArtTools/RenderToTexture/Materials/Flipbooks/M_FlipBookCounter_01.uasset' is outside repository
[2016.01.12-22.51.27:463][315]SourceControl: Info fatal: G:/Programs/Epic Games/4.10/Engine/Content/ArtTools/RenderToTexture/Materials/Imposters/M_ImposterTest_01.uasset: 'G:/Programs/Epic Games/4.10/Engine/Content/ArtTools/RenderToTexture/Materials/Imposters/M_ImposterTest_01.uasset' is outside repository
[2016.01.12-22.51.27:463][315]SourceControl: Info fatal: G:/Programs/Epic Games/4.10/Engine/Content/ArtTools/RenderToTexture/Meshes/ShadowTestMesh.uasset: 'G:/Programs/Epic Games/4.10/Engine/Content/ArtTools/RenderToTexture/Meshes/ShadowTestMesh.uasset' is outside repository
[2016.01.12-22.51.27:463][315]SourceControl: Info fatal: G:/Programs/Epic Games/4.10/Engine/Content/ArtTools/RenderToTexture/Textures/127grey.uasset: 'G:/Programs/Epic Games/4.10/Engine/Content/ArtTools/RenderToTexture/Textures/127grey.uasset' is outside repository
[2016.01.12-22.51.27:463][315]SourceControl: Info fatal: G:/Programs/Epic Games/4.10/Engine/Content/ArtTools/RenderToTexture/Textures/FlipbookMotionVectors/Position1.uasset: 'G:/Programs/Epic Games/4.10/Engine/Content/ArtTools/RenderToTexture/Textures/FlipbookMotionVectors/Position1.uasset' is outside repository
[2016.01.12-22.51.27:463][315]SourceControl: Info fatal: G:/Programs/Epic Games/4.10/Engine/Content/BasicShapes/BasicShapeMaterial.uasset: 'G:/Programs/Epic Games/4.10/Engine/Content/BasicShapes/BasicShapeMaterial.uasset' is outside repository
[2016.01.12-22.51.27:463][315]SourceControl: Info fatal: G:/Programs/Epic Games/4.10/Engine/Content/BufferVisualization/AmbientOcclusion.uasset: 'G:/Programs/Epic Games/4.10/Engine/Content/BufferVisualization/AmbientOcclusion.uasset' is outside repository
[2016.01.12-22.51.27:463][315]SourceControl: Info fatal: G:/Programs/Epic Games/4.10/Engine/Content/Editor/Slate/Icons/AssetIcons/Cone_16x.uasset: 'G:/Programs/Epic Games/4.10/Engine/Content/Editor/Slate/Icons/AssetIcons/Cone_16x.uasset' is outside repository
[2016.01.12-22.51.27:463][315]SourceControl: Info fatal: G:/Programs/Epic Games/4.10/Engine/Content/EditorBlueprintResources/ActorMacros.uasset: 'G:/Programs/Epic Games/4.10/Engine/Content/EditorBlueprintResources/ActorMacros.uasset' is outside repository
[2016.01.12-22.51.27:463][315]SourceControl: Info fatal: G:/Programs/Epic Games/4.10/Engine/Content/EditorKismetResources/StandardMacros.uasset: 'G:/Programs/Epic Games/4.10/Engine/Content/EditorKismetResources/StandardMacros.uasset' is outside repository
[2016.01.12-22.51.27:463][315]SourceControl: Info fatal: G:/Programs/Epic Games/4.10/Engine/Content/EditorLandscapeResources/AlphaBrushMaterial.uasset: 'G:/Programs/Epic Games/4.10/Engine/Content/EditorLandscapeResources/AlphaBrushMaterial.uasset' is outside repository
[2016.01.12-22.51.27:463][315]SourceControl: Info fatal: G:/Programs/Epic Games/4.10/Engine/Content/EditorMaterials/Anchor.uasset: 'G:/Programs/Epic Games/4.10/Engine/Content/EditorMaterials/Anchor.uasset' is outside repository
[2016.01.12-22.51.27:463][315]SourceControl: Info fatal: G:/Programs/Epic Games/4.10/Engine/Content/EditorMaterials/TreeArrow_ExpandedRealtimePreview.uasset: 'G:/Programs/Epic Games/4.10/Engine/Content/EditorMaterials/TreeArrow_ExpandedRealtimePreview.uasset' is outside repository
[2016.01.12-22.51.27:463][315]SourceControl: Info fatal: G:/Programs/Epic Games/4.10/Engine/Content/EditorMaterials/Cascade/CASC_BackgroundCube_MAT.uasset: 'G:/Programs/Epic Games/4.10/Engine/Content/EditorMaterials/Cascade/CASC_BackgroundCube_MAT.uasset' is outside repository
[2016.01.12-22.51.27:464][315]SourceControl: Info fatal: G:/Programs/Epic Games/4.10/Engine/Content/EditorMaterials/Matinee/MAT_EnableTrack_Mat.uasset: 'G:/Programs/Epic Games/4.10/Engine/Content/EditorMaterials/Matinee/MAT_EnableTrack_Mat.uasset' is outside repository
[2016.01.12-22.51.27:464][315]SourceControl: Info fatal: G:/Programs/Epic Games/4.10/Engine/Content/EditorMaterials/MatineeGroups/MAT_ColorTrack.uasset: 'G:/Programs/Epic Games/4.10/Engine/Content/EditorMaterials/MatineeGroups/MAT_ColorTrack.uasset' is outside repository
[2016.01.12-22.51.27:464][315]SourceControl: Info fatal: G:/Programs/Epic Games/4.10/Engine/Content/EditorMaterials/ParticleSystems/PSysThumbnail_NoImage.uasset: 'G:/Programs/Epic Games/4.10/Engine/Content/EditorMaterials/ParticleSystems/PSysThumbnail_NoImage.uasset' is outside repository
[2016.01.12-22.51.27:464][315]SourceControl: Info fatal: G:/Programs/Epic Games/4.10/Engine/Content/EditorMaterials/Thumbnails/FloorPlaneMaterial.uasset: 'G:/Programs/Epic Games/4.10/Engine/Content/EditorMaterials/Thumbnails/FloorPlaneMaterial.uasset' is outside repository
[2016.01.12-22.51.27:464][315]SourceControl: Info fatal: G:/Programs/Epic Games/4.10/Engine/Content/EditorMaterials/Utilities/ImageReflectionPreview.uasset: 'G:/Programs/Epic Games/4.10/Engine/Content/EditorMaterials/Utilities/ImageReflectionPreview.uasset' is outside repository
[2016.01.12-22.51.27:464][315]SourceControl: Info fatal: G:/Programs/Epic Games/4.10/Engine/Content/EditorMeshes/AnimTreeEd_PreviewFloor.uasset: 'G:/Programs/Epic Games/4.10/Engine/Content/EditorMeshes/AnimTreeEd_PreviewFloor.uasset' is outside repository
[2016.01.12-22.51.27:464][315]SourceControl: Info fatal: G:/Programs/Epic Games/4.10/Engine/Content/EditorMeshes/Cascade/BackgroundCube.uasset: 'G:/Programs/Epic Games/4.10/Engine/Content/EditorMeshes/Cascade/BackgroundCube.uasset' is outside repository
[2016.01.12-22.51.27:464][315]SourceControl: Info fatal: G:/Programs/Epic Games/4.10/Engine/Content/EditorMeshes/ColorCalibrator/M_ChromeBall.uasset: 'G:/Programs/Epic Games/4.10/Engine/Content/EditorMeshes/ColorCalibrator/M_ChromeBall.uasset' is outside repository
[2016.01.12-22.51.27:464][315]SourceControl: Info fatal: G:/Programs/Epic Games/4.10/Engine/Content/EditorMeshes/SkeletalMesh/DefaultSkeletalMesh.uasset: 'G:/Programs/Epic Games/4.10/Engine/Content/EditorMeshes/SkeletalMesh/DefaultSkeletalMesh.uasset' is outside repository
[2016.01.12-22.51.27:464][315]SourceControl: Info fatal: G:/Programs/Epic Games/4.10/Engine/Content/EditorResources/Ai_Spawnpoint.uasset: 'G:/Programs/Epic Games/4.10/Engine/Content/EditorResources/Ai_Spawnpoint.uasset' is outside repository
[2016.01.12-22.51.27:464][315]SourceControl: Info fatal: G:/Programs/Epic Games/4.10/Engine/Content/EditorResources/S_Trigger.uasset: 'G:/Programs/Epic Games/4.10/Engine/Content/EditorResources/S_Trigger.uasset' is outside repository
[2016.01.12-22.51.27:464][315]SourceControl: Info fatal: G:/Programs/Epic Games/4.10/Engine/Content/EditorResources/AI/S_NavLink.uasset: 'G:/Programs/Epic Games/4.10/Engine/Content/EditorResources/AI/S_NavLink.uasset' is outside repository
[2016.01.12-22.51.27:464][315]SourceControl: Info fatal: G:/Programs/Epic Games/4.10/Engine/Content/EditorResources/AudioIcons/S_Ambient_Sound_Moveable.uasset: 'G:/Programs/Epic Games/4.10/Engine/Content/EditorResources/AudioIcons/S_Ambient_Sound_Moveable.uasset' is outside repository
[2016.01.12-22.51.27:464][315]SourceControl: Info fatal: G:/Programs/Epic Games/4.10/Engine/Content/EditorResources/Crowd/T_Crowd_Spline.uasset: 'G:/Programs/Epic Games/4.10/Engine/Content/EditorResources/Crowd/T_Crowd_Spline.uasset' is outside repository
[2016.01.12-22.51.27:464][315]SourceControl: Info fatal: G:/Programs/Epic Games/4.10/Engine/Content/EditorResources/LightIcons/Light_Point_Stationary_Statics.uasset: 'G:/Programs/Epic Games/4.10/Engine/Content/EditorResources/LightIcons/Light_Point_Stationary_Statics.uasset' is outside repository
[2016.01.12-22.51.27:464][315]SourceControl: Info fatal: G:/Programs/Epic Games/4.10/Engine/Content/EditorResources/Spline/T_Loft_Spline.uasset: 'G:/Programs/Epic Games/4.10/Engine/Content/EditorResources/Spline/T_Loft_Spline.uasset' is outside repository
[2016.01.12-22.51.27:464][315]SourceControl: Info fatal: G:/Programs/Epic Games/4.10/Engine/Content/EditorShapes/Materials/MI_ShapeInstance.uasset: 'G:/Programs/Epic Games/4.10/Engine/Content/EditorShapes/Materials/MI_ShapeInstance.uasset' is outside repository
[2016.01.12-22.51.27:464][315]SourceControl: Info fatal: G:/Programs/Epic Games/4.10/Engine/Content/EditorShapes/Textures/T_ShapeDiffuse.uasset: 'G:/Programs/Epic Games/4.10/Engine/Content/EditorShapes/Textures/T_ShapeDiffuse.uasset' is outside repository
[2016.01.12-22.51.27:464][315]SourceControl: Info fatal: G:/Programs/Epic Games/4.10/Engine/Content/EditorShellMaterials/MI_BaseFlat.uasset: 'G:/Programs/Epic Games/4.10/Engine/Content/EditorShellMaterials/MI_BaseFlat.uasset' is outside repository
[2016.01.12-22.51.27:464][315]SourceControl: Info fatal: G:/Programs/Epic Games/4.10/Engine/Content/EditorShellMaterials/ManualUVs/MI_BaseGrid_MUV.uasset: 'G:/Programs/Epic Games/4.10/Engine/Content/EditorShellMaterials/ManualUVs/MI_BaseGrid_MUV.uasset' is outside repository
[2016.01.12-22.51.27:464][315]SourceControl: Info fatal: G:/Programs/Epic Games/4.10/Engine/Content/EditorShellMaterials/SketchUp/MI_BaseGrid_WUV_SketchUp.uasset: 'G:/Programs/Epic Games/4.10/Engine/Content/EditorShellMaterials/SketchUp/MI_BaseGrid_WUV_SketchUp.uasset' is outside repository
[2016.01.12-22.51.27:465][315]SourceControl: Info fatal: G:/Programs/Epic Games/4.10/Engine/Content/EditorShellMaterials/WorldUVs/MI_BaseGrid_WUV.uasset: 'G:/Programs/Epic Games/4.10/Engine/Content/EditorShellMaterials/WorldUVs/MI_BaseGrid_WUV.uasset' is outside repository
[2016.01.12-22.51.27:465][315]SourceControl: Info fatal: G:/Programs/Epic Games/4.10/Engine/Content/EditorSounds/GamePreview/EjectFromPlayer.uasset: 'G:/Programs/Epic Games/4.10/Engine/Content/EditorSounds/GamePreview/EjectFromPlayer.uasset' is outside repository
[2016.01.12-22.51.27:465][315]SourceControl: Info fatal: G:/Programs/Epic Games/4.10/Engine/Content/EditorSounds/Notifications/CompileFailed.uasset: 'G:/Programs/Epic Games/4.10/Engine/Content/EditorSounds/Notifications/CompileFailed.uasset' is outside repository
[2016.01.12-22.51.27:465][315]SourceControl: Info fatal: G:/Programs/Epic Games/4.10/Engine/Content/EngineAnimNotifies/AnimNotify_PlayParticleEffect.uasset: 'G:/Programs/Epic Games/4.10/Engine/Content/EngineAnimNotifies/AnimNotify_PlayParticleEffect.uasset' is outside repository
[2016.01.12-22.51.27:465][315]SourceControl: Info fatal: G:/Programs/Epic Games/4.10/Engine/Content/EngineDamageTypes/DmgTypeBP_Environmental.uasset: 'G:/Programs/Epic Games/4.10/Engine/Content/EngineDamageTypes/DmgTypeBP_Environmental.uasset' is outside repository
[2016.01.12-22.51.27:465][315]SourceControl: Info fatal: G:/Programs/Epic Games/4.10/Engine/Content/EngineDebugMaterials/BlackUnlitMaterial.uasset: 'G:/Programs/Epic Games/4.10/Engine/Content/EngineDebugMaterials/BlackUnlitMaterial.uasset' is outside repository
[2016.01.12-22.51.27:465][315]SourceControl: Info fatal: G:/Programs/Epic Games/4.10/Engine/Content/EngineDebugMaterials/LightingModels/M_TextureDefinedSpecularReflecti.uasset: 'G:/Programs/Epic Games/4.10/Engine/Content/EngineDebugMaterials/LightingModels/M_TextureDefinedSpecularReflecti.uasset' is outside repository
[2016.01.12-22.51.27:465][315]SourceControl: Info fatal: G:/Programs/Epic Games/4.10/Engine/Content/EngineFonts/Roboto.uasset: 'G:/Programs/Epic Games/4.10/Engine/Content/EngineFonts/Roboto.uasset' is outside repository
[2016.01.12-22.51.27:465][315]SourceControl: Info fatal: G:/Programs/Epic Games/4.10/Engine/Content/EngineLightProfiles/180Degree_IES.uasset: 'G:/Programs/Epic Games/4.10/Engine/Content/EngineLightProfiles/180Degree_IES.uasset' is outside repository
[2016.01.12-22.51.27:465][315]SourceControl: Info fatal: G:/Programs/Epic Games/4.10/Engine/Content/EngineMaterials/AntiAliasedTextMaterialTranslucent.uasset: 'G:/Programs/Epic Games/4.10/Engine/Content/EngineMaterials/AntiAliasedTextMaterialTranslucent.uasset' is outside repository
[2016.01.12-22.51.27:465][315]SourceControl: Info fatal: G:/Programs/Epic Games/4.10/Engine/Content/EngineMaterials/RandomMirrorDisc.uasset: 'G:/Programs/Epic Games/4.10/Engine/Content/EngineMaterials/RandomMirrorDisc.uasset' is outside repository
[2016.01.12-22.51.27:465][315]SourceControl: Info fatal: G:/Programs/Epic Games/4.10/Engine/Content/EngineMeshes/BackgroundCube.uasset: 'G:/Programs/Epic Games/4.10/Engine/Content/EngineMeshes/BackgroundCube.uasset' is outside repository
[2016.01.12-22.51.27:465][315]SourceControl: Info fatal: G:/Programs/Epic Games/4.10/Engine/Content/EngineProduction/ReferenceNormalMap.uasset: 'G:/Programs/Epic Games/4.10/Engine/Content/EngineProduction/ReferenceNormalMap.uasset' is outside repository
[2016.01.12-22.51.27:465][315]SourceControl: Info fatal: G:/Programs/Epic Games/4.10/Engine/Content/EngineResources/AICON-Green.uasset: 'G:/Programs/Epic Games/4.10/Engine/Content/EngineResources/AICON-Green.uasset' is outside repository
[2016.01.12-22.51.27:465][315]SourceControl: Info fatal: G:/Programs/Epic Games/4.10/Engine/Content/EngineResources/Cursors/Arrow.uasset: 'G:/Programs/Epic Games/4.10/Engine/Content/EngineResources/Cursors/Arrow.uasset' is outside repository
[2016.01.12-22.51.27:465][315]SourceControl: Info fatal: G:/Programs/Epic Games/4.10/Engine/Content/EngineSky/BP_Sky_Shere.uasset: 'G:/Programs/Epic Games/4.10/Engine/Content/EngineSky/BP_Sky_Shere.uasset' is outside repository
[2016.01.12-22.51.27:465][315]SourceControl: Info fatal: G:/Programs/Epic Games/4.10/Engine/Content/EngineSounds/Duck_Normal_Attack_MixMod.uasset: 'G:/Programs/Epic Games/4.10/Engine/Content/EngineSounds/Duck_Normal_Attack_MixMod.uasset' is outside repository
[2016.01.12-22.51.27:465][315]SourceControl: Info fatal: G:/Programs/Epic Games/4.10/Engine/Content/EngineSounds/ReverbSettings/Alley.uasset: 'G:/Programs/Epic Games/4.10/Engine/Content/EngineSounds/ReverbSettings/Alley.uasset' is outside repository
[2016.01.12-22.51.27:465][315]SourceControl: Info fatal: G:/Programs/Epic Games/4.10/Engine/Content/EngineTireTypes/DefaultTireType.uasset: 'G:/Programs/Epic Games/4.10/Engine/Content/EngineTireTypes/DefaultTireType.uasset' is outside repository
[2016.01.12-22.51.27:465][315]SourceControl: Info fatal: G:/Programs/Epic Games/4.10/Engine/Content/EngineVolumetrics/FalloffSphere/Materials/M_EV_FalloffSphere_Master_01.uasset: 'G:/Programs/Epic Games/4.10/Engine/Content/EngineVolumetrics/FalloffSphere/Materials/M_EV_FalloffSphere_Master_01.uasset' is outside repository
[2016.01.12-22.51.27:465][315]SourceControl: Info fatal: G:/Programs/Epic Games/4.10/Engine/Content/EngineVolumetrics/FalloffSphere/Mesh/S_EV_FalloffSphere_Mesh_01.uasset: 'G:/Programs/Epic Games/4.10/Engine/Content/EngineVolumetrics/FalloffSphere/Mesh/S_EV_FalloffSphere_Mesh_01.uasset' is outside repository
[2016.01.12-22.51.27:465][315]SourceControl: Info fatal: G:/Programs/Epic Games/4.10/Engine/Content/EngineVolumetrics/FogEnvironment/Materials/M_EV_FogEnvironment_Master_01.uasset: 'G:/Programs/Epic Games/4.10/Engine/Content/EngineVolumetrics/FogEnvironment/Materials/M_EV_FogEnvironment_Master_01.uasset' is outside repository
[2016.01.12-22.51.27:465][315]SourceControl: Info fatal: G:/Programs/Epic Games/4.10/Engine/Content/EngineVolumetrics/FogEnvironment/Mesh/S_EV_FogEnvironment_01_Mesh.uasset: 'G:/Programs/Epic Games/4.10/Engine/Content/EngineVolumetrics/FogEnvironment/Mesh/S_EV_FogEnvironment_01_Mesh.uasset' is outside repository
[2016.01.12-22.51.27:465][315]SourceControl: Info fatal: G:/Programs/Epic Games/4.10/Engine/Content/EngineVolumetrics/Fogsheet/T_EV_Fogsheet_FlareColors_01.uasset: 'G:/Programs/Epic Games/4.10/Engine/Content/EngineVolumetrics/Fogsheet/T_EV_Fogsheet_FlareColors_01.uasset' is outside repository
[2016.01.12-22.51.27:465][315]SourceControl: Info fatal: G:/Programs/Epic Games/4.10/Engine/Content/EngineVolumetrics/Fogsheet/Materials/M_EV_FogSheet_1sided_Master_01.uasset: 'G:/Programs/Epic Games/4.10/Engine/Content/EngineVolumetrics/Fogsheet/Materials/M_EV_FogSheet_1sided_Master_01.uasset' is outside repository
[2016.01.12-22.51.27:465][315]SourceControl: Info fatal: G:/Programs/Epic Games/4.10/Engine/Content/EngineVolumetrics/Fogsheet/Mesh/MI_Fogsheet_HideClose.uasset: 'G:/Programs/Epic Games/4.10/Engine/Content/EngineVolumetrics/Fogsheet/Mesh/MI_Fogsheet_HideClose.uasset' is outside repository
[2016.01.12-22.51.27:465][315]SourceControl: Info fatal: G:/Programs/Epic Games/4.10/Engine/Content/EngineVolumetrics/LightBeam/Materials/M_EV_Lightbeam_Master_01.uasset: 'G:/Programs/Epic Games/4.10/Engine/Content/EngineVolumetrics/LightBeam/Materials/M_EV_Lightbeam_Master_01.uasset' is outside repository
[2016.01.12-22.51.27:465][315]SourceControl: Info fatal: G:/Programs/Epic Games/4.10/Engine/Content/EngineVolumetrics/LightBeam/Mesh/S_EV_SimpleLightBeam_01.uasset: 'G:/Programs/Epic Games/4.10/Engine/Content/EngineVolumetrics/LightBeam/Mesh/S_EV_SimpleLightBeam_01.uasset' is outside repository
[2016.01.12-22.51.27:465][315]SourceControl: Info fatal: G:/Programs/Epic Games/4.10/Engine/Content/Engine_MI_Shaders/MI_Shader_BaseTileEx.uasset: 'G:/Programs/Epic Games/4.10/Engine/Content/Engine_MI_Shaders/MI_Shader_BaseTileEx.uasset' is outside repository
[2016.01.12-22.51.27:465][315]SourceControl: Info fatal: G:/Programs/Epic Games/4.10/Engine/Content/Engine_MI_Shaders/Instances/M_ES_Phong_Opaque_INST_01.uasset: 'G:/Programs/Epic Games/4.10/Engine/Content/Engine_MI_Shaders/Instances/M_ES_Phong_Opaque_INST_01.uasset' is outside repository
[2016.01.12-22.51.27:465][315]SourceControl: Info fatal: G:/Programs/Epic Games/4.10/Engine/Content/Engine_MI_Shaders/Textures/Bokeh.uasset: 'G:/Programs/Epic Games/4.10/Engine/Content/Engine_MI_Shaders/Textures/Bokeh.uasset' is outside repository
[2016.01.12-22.51.27:465][315]SourceControl: Info fatal: G:/Programs/Epic Games/4.10/Engine/Content/FunctionalTesting/Blueprints/AITesting_MoveGoal.uasset: 'G:/Programs/Epic Games/4.10/Engine/Content/FunctionalTesting/Blueprints/AITesting_MoveGoal.uasset' is outside repository
[2016.01.12-22.51.27:465][315]SourceControl: Info fatal: G:/Programs/Epic Games/4.10/Engine/Content/Functions/DistanceFields/Combiners/DistanceField_Intersection.uasset: 'G:/Programs/Epic Games/4.10/Engine/Content/Functions/DistanceFields/Combiners/DistanceField_Intersection.uasset' is outside repository
[2016.01.12-22.51.27:465][315]SourceControl: Info fatal: G:/Programs/Epic Games/4.10/Engine/Content/Functions/DistanceFields/Shapes/DistanceField_Capsule.uasset: 'G:/Programs/Epic Games/4.10/Engine/Content/Functions/DistanceFields/Shapes/DistanceField_Capsule.uasset' is outside repository
[2016.01.12-22.51.27:465][315]SourceControl: Info fatal: G:/Programs/Epic Games/4.10/Engine/Content/Functions/Engine_MaterialFunctions01/AlphaBlend/World_Aligned_Blend.uasset: 'G:/Programs/Epic Games/4.10/Engine/Content/Functions/Engine_MaterialFunctions01/AlphaBlend/World_Aligned_Blend.uasset' is outside repository
[2016.01.12-22.51.27:465][315]SourceControl: Info fatal: G:/Programs/Epic Games/4.10/Engine/Content/Functions/Engine_MaterialFunctions01/Coordinates/DrawLine-2D.uasset: 'G:/Programs/Epic Games/4.10/Engine/Content/Functions/Engine_MaterialFunctions01/Coordinates/DrawLine-2D.uasset' is outside repository
[2016.01.12-22.51.27:465][315]SourceControl: Info fatal: G:/Programs/Epic Games/4.10/Engine/Content/Functions/Engine_MaterialFunctions01/Debug/FunctionGraphSetup.uasset: 'G:/Programs/Epic Games/4.10/Engine/Content/Functions/Engine_MaterialFunctions01/Debug/FunctionGraphSetup.uasset' is outside repository
[2016.01.12-22.51.27:465][315]SourceControl: Info fatal: G:/Programs/Epic Games/4.10/Engine/Content/Functions/Engine_MaterialFunctions01/Density/ExponentialDensity.uasset: 'G:/Programs/Epic Games/4.10/Engine/Content/Functions/Engine_MaterialFunctions01/Density/ExponentialDensity.uasset' is outside repository
[2016.01.12-22.51.27:465][315]SourceControl: Info fatal: G:/Programs/Epic Games/4.10/Engine/Content/Functions/Engine_MaterialFunctions01/Gradient/BellCurve.uasset: 'G:/Programs/Epic Games/4.10/Engine/Content/Functions/Engine_MaterialFunctions01/Gradient/BellCurve.uasset' is outside repository
[2016.01.12-22.51.27:465][315]SourceControl: Info fatal: G:/Programs/Epic Games/4.10/Engine/Content/Functions/Engine_MaterialFunctions01/ImageAdjustment/3ColorBlend.uasset: 'G:/Programs/Epic Games/4.10/Engine/Content/Functions/Engine_MaterialFunctions01/ImageAdjustment/3ColorBlend.uasset' is outside repository
[2016.01.12-22.51.27:465][315]SourceControl: Info fatal: G:/Programs/Epic Games/4.10/Engine/Content/Functions/Engine_MaterialFunctions01/Lighting/PixelDepthOffset_Foliage.uasset: 'G:/Programs/Epic Games/4.10/Engine/Content/Functions/Engine_MaterialFunctions01/Lighting/PixelDepthOffset_Foliage.uasset' is outside repository
[2016.01.12-22.51.27:465][315]SourceControl: Info fatal: G:/Programs/Epic Games/4.10/Engine/Content/Functions/Engine_MaterialFunctions01/Opacity/AlphaOffset.uasset: 'G:/Programs/Epic Games/4.10/Engine/Content/Functions/Engine_MaterialFunctions01/Opacity/AlphaOffset.uasset' is outside repository
[2016.01.12-22.51.27:465][315]SourceControl: Info fatal: G:/Programs/Epic Games/4.10/Engine/Content/Functions/Engine_MaterialFunctions01/Reflections/ReflectionVectorSoft.uasset: 'G:/Programs/Epic Games/4.10/Engine/Content/Functions/Engine_MaterialFunctions01/Reflections/ReflectionVectorSoft.uasset' is outside repository
[2016.01.12-22.51.27:465][315]SourceControl: Info fatal: G:/Programs/Epic Games/4.10/Engine/Content/Functions/Engine_MaterialFunctions01/Shading/CalcLightsourceAngle.uasset: 'G:/Programs/Epic Games/4.10/Engine/Content/Functions/Engine_MaterialFunctions01/Shading/CalcLightsourceAngle.uasset' is outside repository
[2016.01.12-22.51.27:465][315]SourceControl: Info fatal: G:/Programs/Epic Games/4.10/Engine/Content/Functions/Engine_MaterialFunctions01/SpeedTree/SpeedTreeColorVariation.uasset: 'G:/Programs/Epic Games/4.10/Engine/Content/Functions/Engine_MaterialFunctions01/SpeedTree/SpeedTreeColorVariation.uasset' is outside repository
[2016.01.12-22.51.27:465][315]SourceControl: Info fatal: G:/Programs/Epic Games/4.10/Engine/Content/Functions/Engine_MaterialFunctions01/Texturing/BakedDisplacement.uasset: 'G:/Programs/Epic Games/4.10/Engine/Content/Functions/Engine_MaterialFunctions01/Texturing/BakedDisplacement.uasset' is outside repository
[2016.01.12-22.51.27:465][315]SourceControl: Info fatal: G:/Programs/Epic Games/4.10/Engine/Content/Functions/Engine_MaterialFunctions01/Vectors/MF_RotateVector_90.uasset: 'G:/Programs/Epic Games/4.10/Engine/Content/Functions/Engine_MaterialFunctions01/Vectors/MF_RotateVector_90.uasset' is outside repository
[2016.01.12-22.51.27:465][315]SourceControl: Info fatal: G:/Programs/Epic Games/4.10/Engine/Content/Functions/Engine_MaterialFunctions01/WorldPositionOffset/ConstantScalebyDistance.uasset: 'G:/Programs/Epic Games/4.10/Engine/Content/Functions/Engine_MaterialFunctions01/WorldPositionOffset/ConstantScalebyDistance.uasset' is outside repository
[2016.01.12-22.51.27:465][315]SourceControl: Info fatal: G:/Programs/Epic Games/4.10/Engine/Content/Functions/Engine_MaterialFunctions02/3PointLevels.uasset: 'G:/Programs/Epic Games/4.10/Engine/Content/Functions/Engine_MaterialFunctions02/3PointLevels.uasset' is outside repository
[2016.01.12-22.51.27:465][315]SourceControl: Info fatal: G:/Programs/Epic Games/4.10/Engine/Content/Functions/Engine_MaterialFunctions02/ExampleContent/3dParticleOpacityInstance.uasset: 'G:/Programs/Epic Games/4.10/Engine/Content/Functions/Engine_MaterialFunctions02/ExampleContent/3dParticleOpacityInstance.uasset' is outside repository
[2016.01.12-22.51.27:465][315]SourceControl: Info fatal: G:/Programs/Epic Games/4.10/Engine/Content/Functions/Engine_MaterialFunctions02/ExampleContent/MacroUVs/MacroUVs.uasset: 'G:/Programs/Epic Games/4.10/Engine/Content/Functions/Engine_MaterialFunctions02/ExampleContent/MacroUVs/MacroUVs.uasset' is outside repository
[2016.01.12-22.51.27:465][315]SourceControl: Info fatal: G:/Programs/Epic Games/4.10/Engine/Content/Functions/Engine_MaterialFunctions02/ExampleContent/TextureBasedWPO/DemoBox.uasset: 'G:/Programs/Epic Games/4.10/Engine/Content/Functions/Engine_MaterialFunctions02/ExampleContent/TextureBasedWPO/DemoBox.uasset' is outside repository
[2016.01.12-22.51.27:465][315]SourceControl: Info fatal: G:/Programs/Epic Games/4.10/Engine/Content/Functions/Engine_MaterialFunctions02/ExampleContent/Textures/DebugNumberPeriod.uasset: 'G:/Programs/Epic Games/4.10/Engine/Content/Functions/Engine_MaterialFunctions02/ExampleContent/Textures/DebugNumberPeriod.uasset' is outside repository
[2016.01.12-22.51.27:465][315]SourceControl: Info fatal: G:/Programs/Epic Games/4.10/Engine/Content/Functions/Engine_MaterialFunctions02/Gradients/GradientMap_Multi.uasset: 'G:/Programs/Epic Games/4.10/Engine/Content/Functions/Engine_MaterialFunctions02/Gradients/GradientMap_Multi.uasset' is outside repository
[2016.01.12-22.51.27:465][315]SourceControl: Info fatal: G:/Programs/Epic Games/4.10/Engine/Content/Functions/Engine_MaterialFunctions02/Math/AddComponents.uasset: 'G:/Programs/Epic Games/4.10/Engine/Content/Functions/Engine_MaterialFunctions02/Math/AddComponents.uasset' is outside repository
[2016.01.12-22.51.27:465][315]SourceControl: Info fatal: G:/Programs/Epic Games/4.10/Engine/Content/Functions/Engine_MaterialFunctions02/MAXScripts/MeshSequenceFlipbook_Script.uasset: 'G:/Programs/Epic Games/4.10/Engine/Content/Functions/Engine_MaterialFunctions02/MAXScripts/MeshSequenceFlipbook_Script.uasset' is outside repository
[2016.01.12-22.51.27:465][315]SourceControl: Info fatal: G:/Programs/Epic Games/4.10/Engine/Content/Functions/Engine_MaterialFunctions02/Normals/RotateNormalWhileMasking.uasset: 'G:/Programs/Epic Games/4.10/Engine/Content/Functions/Engine_MaterialFunctions02/Normals/RotateNormalWhileMasking.uasset' is outside repository
[2016.01.12-22.51.27:465][315]SourceControl: Info fatal: G:/Programs/Epic Games/4.10/Engine/Content/Functions/Engine_MaterialFunctions02/NotInUse/WorldAlignedNormals_HighQuality_optimizationAttempt.uasset: 'G:/Programs/Epic Games/4.10/Engine/Content/Functions/Engine_MaterialFunctions02/NotInUse/WorldAlignedNormals_HighQuality_optimizationAttempt.uasset' is outside repository
[2016.01.12-22.51.27:465][315]SourceControl: Info fatal: G:/Programs/Epic Games/4.10/Engine/Content/Functions/Engine_MaterialFunctions02/PivotPainter/PivotPainter_HierarchyData.uasset: 'G:/Programs/Epic Games/4.10/Engine/Content/Functions/Engine_MaterialFunctions02/PivotPainter/PivotPainter_HierarchyData.uasset' is outside repository
[2016.01.12-22.51.27:465][315]SourceControl: Info fatal: G:/Programs/Epic Games/4.10/Engine/Content/Functions/Engine_MaterialFunctions02/Texturing/3dParticleOpacity.uasset: 'G:/Programs/Epic Games/4.10/Engine/Content/Functions/Engine_MaterialFunctions02/Texturing/3dParticleOpacity.uasset' is outside repository
[2016.01.12-22.51.27:465][315]SourceControl: Info fatal: G:/Programs/Epic Games/4.10/Engine/Content/Functions/Engine_MaterialFunctions02/Utility/Append4.uasset: 'G:/Programs/Epic Games/4.10/Engine/Content/Functions/Engine_MaterialFunctions02/Utility/Append4.uasset' is outside repository
[2016.01.12-22.51.27:465][315]SourceControl: Info fatal: G:/Programs/Epic Games/4.10/Engine/Content/Functions/Engine_MaterialFunctions02/UVs/BoundingBoxBased_0-1_UVW.uasset: 'G:/Programs/Epic Games/4.10/Engine/Content/Functions/Engine_MaterialFunctions02/UVs/BoundingBoxBased_0-1_UVW.uasset' is outside repository
[2016.01.12-22.51.27:465][315]SourceControl: Info fatal: G:/Programs/Epic Games/4.10/Engine/Content/Functions/Engine_MaterialFunctions02/WorldPositionOffset/AdjustNormalsToCompensateForRotateAboutAxisOffset.uasset: 'G:/Programs/Epic Games/4.10/Engine/Content/Functions/Engine_MaterialFunctions02/WorldPositionOffset/AdjustNormalsToCompensateForRotateAboutAxisOffset.uasset' is outside repository
[2016.01.12-22.51.27:465][315]SourceControl: Info fatal: G:/Programs/Epic Games/4.10/Engine/Content/Functions/Engine_MaterialFunctions03/Blends/Blend_ColorBurn.uasset: 'G:/Programs/Epic Games/4.10/Engine/Content/Functions/Engine_MaterialFunctions03/Blends/Blend_ColorBurn.uasset' is outside repository
[2016.01.12-22.51.27:465][315]SourceControl: Info fatal: G:/Programs/Epic Games/4.10/Engine/Content/Functions/Engine_MaterialFunctions03/ComplexMotion/Motion_4WayChaos.uasset: 'G:/Programs/Epic Games/4.10/Engine/Content/Functions/Engine_MaterialFunctions03/ComplexMotion/Motion_4WayChaos.uasset' is outside repository
[2016.01.12-22.51.27:465][315]SourceControl: Info fatal: G:/Programs/Epic Games/4.10/Engine/Content/Functions/Engine_MaterialFunctions03/Particles/Distance_Blend.uasset: 'G:/Programs/Epic Games/4.10/Engine/Content/Functions/Engine_MaterialFunctions03/Particles/Distance_Blend.uasset' is outside repository
[2016.01.12-22.51.27:465][315]SourceControl: Info fatal: G:/Programs/Epic Games/4.10/Engine/Content/Functions/Engine_MaterialFunctions03/Procedurals/ComputeFilterWidth.uasset: 'G:/Programs/Epic Games/4.10/Engine/Content/Functions/Engine_MaterialFunctions03/Procedurals/ComputeFilterWidth.uasset' is outside repository
[2016.01.12-22.51.27:465][315]SourceControl: Info fatal: G:/Programs/Epic Games/4.10/Engine/Content/Functions/Engine_MaterialFunctions03/Texturing/CameraWorldBlend.uasset: 'G:/Programs/Epic Games/4.10/Engine/Content/Functions/Engine_MaterialFunctions03/Texturing/CameraWorldBlend.uasset' is outside repository
[2016.01.12-22.51.27:465][315]SourceControl: Info fatal: G:/Programs/Epic Games/4.10/Engine/Content/Functions/GetPostProcessFunctions/GetAmbientCubemapIntensity.uasset: 'G:/Programs/Epic Games/4.10/Engine/Content/Functions/GetPostProcessFunctions/GetAmbientCubemapIntensity.uasset' is outside repository
[2016.01.12-22.51.27:465][315]SourceControl: Info fatal: G:/Programs/Epic Games/4.10/Engine/Content/Functions/MaterialLayerFunctions/MatLayerBlend_AddWorldPositionOffset.uasset: 'G:/Programs/Epic Games/4.10/Engine/Content/Functions/MaterialLayerFunctions/MatLayerBlend_AddWorldPositionOffset.uasset' is outside repository
[2016.01.12-22.51.27:465][315]SourceControl: Info fatal: G:/Programs/Epic Games/4.10/Engine/Content/Maps/Entry.umap: 'G:/Programs/Epic Games/4.10/Engine/Content/Maps/Entry.umap' is outside repository
[2016.01.12-22.51.27:466][315]SourceControl: Info fatal: G:/Programs/Epic Games/4.10/Engine/Content/Maps/Templates/Template_Default.umap: 'G:/Programs/Epic Games/4.10/Engine/Content/Maps/Templates/Template_Default.umap' is outside repository
[2016.01.12-22.51.27:466][315]SourceControl: Info fatal: G:/Programs/Epic Games/4.10/Engine/Content/Maps/Templates/Thumbnails/Default.uasset: 'G:/Programs/Epic Games/4.10/Engine/Content/Maps/Templates/Thumbnails/Default.uasset' is outside repository
[2016.01.12-22.51.27:466][315]SourceControl: Info fatal: G:/Programs/Epic Games/4.10/Engine/Content/MapTemplates/Bokeh_5Sides.uasset: 'G:/Programs/Epic Games/4.10/Engine/Content/MapTemplates/Bokeh_5Sides.uasset' is outside repository
[2016.01.12-22.51.27:466][315]SourceControl: Info fatal: G:/Programs/Epic Games/4.10/Engine/Content/MapTemplates/lut/LUT_Afternoon.uasset: 'G:/Programs/Epic Games/4.10/Engine/Content/MapTemplates/lut/LUT_Afternoon.uasset' is outside repository
[2016.01.12-22.51.27:466][315]SourceControl: Info fatal: G:/Programs/Epic Games/4.10/Engine/Content/MapTemplates/Materials/BasicAsset01.uasset: 'G:/Programs/Epic Games/4.10/Engine/Content/MapTemplates/Materials/BasicAsset01.uasset' is outside repository
[2016.01.12-22.51.27:466][315]SourceControl: Info fatal: G:/Programs/Epic Games/4.10/Engine/Content/MapTemplates/Sky/DaylightAmbientCubemap.uasset: 'G:/Programs/Epic Games/4.10/Engine/Content/MapTemplates/Sky/DaylightAmbientCubemap.uasset' is outside repository
[2016.01.12-22.51.27:466][315]SourceControl: Info fatal: G:/Programs/Epic Games/4.10/Engine/Content/MaterialTemplates/Gradients/Gradient_Linear.uasset: 'G:/Programs/Epic Games/4.10/Engine/Content/MaterialTemplates/Gradients/Gradient_Linear.uasset' is outside repository
[2016.01.12-22.51.27:466][315]SourceControl: Info fatal: G:/Programs/Epic Games/4.10/Engine/Content/MaterialTemplates/PerfTricks/MultiChannelMask.uasset: 'G:/Programs/Epic Games/4.10/Engine/Content/MaterialTemplates/PerfTricks/MultiChannelMask.uasset' is outside repository
[2016.01.12-22.51.27:466][315]SourceControl: Info fatal: G:/Programs/Epic Games/4.10/Engine/Content/MaterialTemplates/Textures/T_multiMask.uasset: 'G:/Programs/Epic Games/4.10/Engine/Content/MaterialTemplates/Textures/T_multiMask.uasset' is outside repository
[2016.01.12-22.51.27:466][315]SourceControl: Info fatal: G:/Programs/Epic Games/4.10/Engine/Content/MaterialTemplates/VertexAnimation/AdvancedFlag.uasset: 'G:/Programs/Epic Games/4.10/Engine/Content/MaterialTemplates/VertexAnimation/AdvancedFlag.uasset' is outside repository
[2016.01.12-22.51.27:466][315]SourceControl: Info fatal: G:/Programs/Epic Games/4.10/Engine/Content/MobileResources/T_MobileControls_texture.uasset: 'G:/Programs/Epic Games/4.10/Engine/Content/MobileResources/T_MobileControls_texture.uasset' is outside repository
[2016.01.12-22.51.27:466][315]SourceControl: Info fatal: G:/Programs/Epic Games/4.10/Engine/Content/MobileResources/HUD/AnalogHat.uasset: 'G:/Programs/Epic Games/4.10/Engine/Content/MobileResources/HUD/AnalogHat.uasset' is outside repository
[2016.01.12-22.51.27:466][315]SourceControl: Info fatal: G:/Programs/Epic Games/4.10/Engine/Content/TemplateResources/MI_Template_BaseBlue.uasset: 'G:/Programs/Epic Games/4.10/Engine/Content/TemplateResources/MI_Template_BaseBlue.uasset' is outside repository
[2016.01.12-22.51.27:466][315]SourceControl: Info fatal: G:/Programs/Epic Games/4.10/Engine/Content/Tutorial/ContentIntroCurve.uasset: 'G:/Programs/Epic Games/4.10/Engine/Content/Tutorial/ContentIntroCurve.uasset' is outside repository
[2016.01.12-22.51.27:466][315]SourceControl: Info fatal: G:/Programs/Epic Games/4.10/Engine/Content/Tutorial/Audio/Audience.uasset: 'G:/Programs/Epic Games/4.10/Engine/Content/Tutorial/Audio/Audience.uasset' is outside repository
[2016.01.12-22.51.27:466][315]SourceControl: Info fatal: G:/Programs/Epic Games/4.10/Engine/Content/Tutorial/Basics/ContentBrowserOverview.uasset: 'G:/Programs/Epic Games/4.10/Engine/Content/Tutorial/Basics/ContentBrowserOverview.uasset' is outside repository
[2016.01.12-22.51.27:466][315]SourceControl: Info fatal: G:/Programs/Epic Games/4.10/Engine/Content/Tutorial/Basics/TutorialAssets/CameraActor_64x.uasset: 'G:/Programs/Epic Games/4.10/Engine/Content/Tutorial/Basics/TutorialAssets/CameraActor_64x.uasset' is outside repository
[2016.01.12-22.51.27:466][315]SourceControl: Info fatal: G:/Programs/Epic Games/4.10/Engine/Content/Tutorial/BlueprintTutorials/BlueprintEditorTutorial.uasset: 'G:/Programs/Epic Games/4.10/Engine/Content/Tutorial/BlueprintTutorials/BlueprintEditorTutorial.uasset' is outside repository
[2016.01.12-22.51.27:466][315]SourceControl: Info fatal: G:/Programs/Epic Games/4.10/Engine/Content/Tutorial/BlueprintTutorials/TutorialAssets/BlueprintFunctionLibrary_64x.uasset: 'G:/Programs/Epic Games/4.10/Engine/Content/Tutorial/BlueprintTutorials/TutorialAssets/BlueprintFunctionLibrary_64x.uasset' is outside repository
[2016.01.12-22.51.27:466][315]SourceControl: Info fatal: G:/Programs/Epic Games/4.10/Engine/Content/Tutorial/Code/AddingCode.uasset: 'G:/Programs/Epic Games/4.10/Engine/Content/Tutorial/Code/AddingCode.uasset' is outside repository
[2016.01.12-22.51.27:466][315]SourceControl: Info fatal: G:/Programs/Epic Games/4.10/Engine/Content/Tutorial/Foliage/FoliageWalkThrough.uasset: 'G:/Programs/Epic Games/4.10/Engine/Content/Tutorial/Foliage/FoliageWalkThrough.uasset' is outside repository
[2016.01.12-22.51.27:466][315]SourceControl: Info fatal: G:/Programs/Epic Games/4.10/Engine/Content/Tutorial/Foliage/TutorialAssets/Foliage.uasset: 'G:/Programs/Epic Games/4.10/Engine/Content/Tutorial/Foliage/TutorialAssets/Foliage.uasset' is outside repository
[2016.01.12-22.51.27:466][315]SourceControl: Info fatal: G:/Programs/Epic Games/4.10/Engine/Content/Tutorial/Installation/InstallingVisualStudioTutorial.uasset: 'G:/Programs/Epic Games/4.10/Engine/Content/Tutorial/Installation/InstallingVisualStudioTutorial.uasset' is outside repository
[2016.01.12-22.51.27:466][315]SourceControl: Info fatal: G:/Programs/Epic Games/4.10/Engine/Content/Tutorial/InWorldBlueprintEditing/IWBE_Tutorial.uasset: 'G:/Programs/Epic Games/4.10/Engine/Content/Tutorial/InWorldBlueprintEditing/IWBE_Tutorial.uasset' is outside repository
[2016.01.12-22.51.27:466][315]SourceControl: Info fatal: G:/Programs/Epic Games/4.10/Engine/Content/Tutorial/InWorldBlueprintEditing/TutorialAssets/IWBE_Blutility.uasset: 'G:/Programs/Epic Games/4.10/Engine/Content/Tutorial/InWorldBlueprintEditing/TutorialAssets/IWBE_Blutility.uasset' is outside repository
[2016.01.12-22.51.27:466][315]SourceControl: Info fatal: G:/Programs/Epic Games/4.10/Engine/Content/Tutorial/Landscape/LandscapeWalkThrough.uasset: 'G:/Programs/Epic Games/4.10/Engine/Content/Tutorial/Landscape/LandscapeWalkThrough.uasset' is outside repository
[2016.01.12-22.51.27:466][315]SourceControl: Info fatal: G:/Programs/Epic Games/4.10/Engine/Content/Tutorial/Landscape/TutorialAssets/Landscape.uasset: 'G:/Programs/Epic Games/4.10/Engine/Content/Tutorial/Landscape/TutorialAssets/Landscape.uasset' is outside repository
[2016.01.12-22.51.27:466][315]SourceControl: Info fatal: G:/Programs/Epic Games/4.10/Engine/Content/Tutorial/Mobile/CreatingSigningCertAndProvisionTutorial.uasset: 'G:/Programs/Epic Games/4.10/Engine/Content/Tutorial/Mobile/CreatingSigningCertAndProvisionTutorial.uasset' is outside repository
[2016.01.12-22.51.27:466][315]SourceControl: Info fatal: G:/Programs/Epic Games/4.10/Engine/Content/Tutorial/Mobile/TutorialAssets/android_Icon.uasset: 'G:/Programs/Epic Games/4.10/Engine/Content/Tutorial/Mobile/TutorialAssets/android_Icon.uasset' is outside repository
[2016.01.12-22.51.27:466][315]SourceControl: Info fatal: G:/Programs/Epic Games/4.10/Engine/Content/Tutorial/Paper2D/FlipbookEditorTutorial.uasset: 'G:/Programs/Epic Games/4.10/Engine/Content/Tutorial/Paper2D/FlipbookEditorTutorial.uasset' is outside repository
[2016.01.12-22.51.27:466][315]SourceControl: Info fatal: G:/Programs/Epic Games/4.10/Engine/Content/Tutorial/Paper2D/TutorialAssets/Paper2DFlipbook_TutorialIcon.uasset: 'G:/Programs/Epic Games/4.10/Engine/Content/Tutorial/Paper2D/TutorialAssets/Paper2DFlipbook_TutorialIcon.uasset' is outside repository
[2016.01.12-22.51.27:466][315]SourceControl: Info fatal: G:/Programs/Epic Games/4.10/Engine/Content/Tutorial/SubEditors/DestructibleMeshEditorTutorial.uasset: 'G:/Programs/Epic Games/4.10/Engine/Content/Tutorial/SubEditors/DestructibleMeshEditorTutorial.uasset' is outside repository
[2016.01.12-22.51.27:466][315]SourceControl: Info fatal: G:/Programs/Epic Games/4.10/Engine/Content/Tutorial/SubEditors/TutorialAssets/icon_Editor_Preferences_General_40x.uasset: 'G:/Programs/Epic Games/4.10/Engine/Content/Tutorial/SubEditors/TutorialAssets/icon_Editor_Preferences_General_40x.uasset' is outside repository
[2016.01.12-22.51.27:466][315]SourceControl: Info fatal: G:/Programs/Epic Games/4.10/Engine/Content/Tutorial/SubEditors/TutorialAssets/Character/NewBlendSpace1D.uasset: 'G:/Programs/Epic Games/4.10/Engine/Content/Tutorial/SubEditors/TutorialAssets/Character/NewBlendSpace1D.uasset' is outside repository
[2016.01.12-22.51.27:466][315]SourceControl: Info fatal: G:/Programs/Epic Games/4.10/Engine/Plugins/2D/Paper2D/Content/DefaultLitSpriteMaterial.uasset: 'G:/Programs/Epic Games/4.10/Engine/Plugins/2D/Paper2D/Content/DefaultLitSpriteMaterial.uasset' is outside repository
[2016.01.12-22.51.27:466][315]SourceControl: Info fatal: G:/Programs/Epic Games/4.10/Engine/Plugins/2D/Paper2D/Content/PlaceholderTextures/DummySpriteTexture.uasset: 'G:/Programs/Epic Games/4.10/Engine/Plugins/2D/Paper2D/Content/PlaceholderTextures/DummySpriteTexture.uasset' is outside repository
[2016.01.12-22.51.27:466][315]SourceControl: Info fatal: G:/Programs/Epic Games/4.10/Engine/Plugins/Runtime/LeapMotionController/Content/LM_CapsuleMesh.uasset: 'G:/Programs/Epic Games/4.10/Engine/Plugins/Runtime/LeapMotionController/Content/LM_CapsuleMesh.uasset' is outside repository
[2016.01.12-22.51.27:466][315]SourceControl: Info fatal: G:/Programs/Epic Games/4.10/Engine/Content/: 'G:/Programs/Epic Games/4.10/Engine/Content/' is outside repository
[2016.01.12-22.52.01:634][315]LogSourceControl: FGitCheckInWorker: commit successful
[2016.01.12-22.52.01:718][315]SourceControl: Info [master 374bdfa] Finished part 1/5 for new movement system totorial. ~Unreal
[2016.01.12-22.52.01:718][315]SourceControl: Info  3 files changed, 0 insertions(+), 0 deletions(-)
[2016.01.12-22.52.01:718][315]SourceControl: Info  create mode 100644 Content/Blueprints/Characters/MovementTest/BTT_BotNextRout.uasset
[2016.01.12-22.52.01:718][315]SourceControl: Info  rewrite Content/Blueprints/Characters/MovementTest/BTT_BotWalkspeed.uasset (75%)
[2016.01.12-22.52.01:718][315]SourceControl: Info  create mode 100644 Content/Blueprints/Characters/MovementTest/NewBlueprint.uasset
[2016.01.12-22.52.01:738][315]SourceControl: Info Commited [master 374bdfa] Finished part 1/5 for new movement system totorial. ~Unreal.
[2016.01.12-22.52.05:909][765]LogActorComponent: UnregisterComponent: (/Engine/Transient.CharMoveComp) Not registered. Aborting.
[2016.01.12-22.52.05:945][765]LogParticles: Destroying 0 GPU particle simulations for FXSystem 0x0000024C06A162A0
[2016.01.12-22.52.06:241][765]LogSavePackage: Save=204.387711ms
[2016.01.12-22.52.06:241][765]LogSavePackage: Moving 'D:/OneDrive/Documents/Unreal Projects/Game_GT/Saved/TopDownExampleMapED99691C41ACC24B62287A952B2C3776.tmp' to 'D:/OneDrive/Documents/Unreal Projects/Game_GT/Content/TopDownCPP/Maps/TopDownExampleMap.umap'
[2016.01.12-22.52.06:243][765]LogSavePackage: Total save time: 285.721712ms
[2016.01.12-22.52.06:243][765]LogSavePackage:Display: Finished SavePackage D:/OneDrive/Documents/Unreal Projects/Game_GT/Content/TopDownCPP/Maps/TopDownExampleMap.umap
[2016.01.12-22.52.07:342][864]LogWindowsTextInputMethodSystem:Display: IME system now deactivated.
[2016.01.12-22.52.07:573][865]Cmd: QUIT_EDITOR
[2016.01.12-22.52.07:773][865]LogExit: Preparing to exit.
[2016.01.12-22.52.08:255][865]LogExit: Editor shut down
[2016.01.12-22.52.08:256][865]LogExit: Transaction tracking system shut down
[2016.01.12-22.52.08:258][865]LogParticles: Destroying 0 GPU particle simulations for FXSystem 0x0000024C3B307420
[2016.01.12-22.52.08:258][865]LogParticles: Destroying 0 GPU particle simulations for FXSystem 0x0000024C62457880
[2016.01.12-22.52.08:258][865]LogParticles: Destroying 0 GPU particle simulations for FXSystem 0x0000024C623C45E0
[2016.01.12-22.52.08:258][865]LogParticles: Destroying 0 GPU particle simulations for FXSystem 0x0000024C06B9E200
[2016.01.12-22.52.08:458][865]LogExit: Object subsystem successfully closed.
[2016.01.12-22.52.08:472][865]LogD3D11RHI: Shutdown
[2016.01.12-22.52.08:472][865]LogD3D11RHI: CleanupD3DDevice
[2016.01.12-22.52.08:672][865]LogD3D11RHI: ~FD3D11DynamicRHI
[2016.01.12-22.52.08:717][865]LogModuleManager: Shutting down and abandoning module CookingStats (201)
[2016.01.12-22.52.08:717][865]LogModuleManager: Shutting down and abandoning module BlueprintGraph (200)
[2016.01.12-22.52.08:717][865]LogModuleManager: Shutting down and abandoning module CrashTracker (199)
[2016.01.12-22.52.08:717][865]LogModuleManager: Shutting down and abandoning module SceneOutliner (198)
[2016.01.12-22.52.08:717][865]LogModuleManager: Shutting down and abandoning module SuperSearch (197)
[2016.01.12-22.52.08:717][865]LogModuleManager: Shutting down and abandoning module WidgetCarousel (196)
[2016.01.12-22.52.08:717][865]LogModuleManager: Shutting down and abandoning module AddContentDialog (195)
[2016.01.12-22.52.08:719][865]LogModuleManager: Shutting down and abandoning module EditorWidgets (194)
[2016.01.12-22.52.08:719][865]LogModuleManager: Shutting down and abandoning module CollectionManager (193)
[2016.01.12-22.52.08:720][865]LogModuleManager: Shutting down and abandoning module StatsViewer (192)
[2016.01.12-22.52.08:720][865]LogModuleManager: Shutting down and abandoning module FoliageEdit (191)
[2016.01.12-22.52.08:720][865]LogModuleManager: Shutting down and abandoning module LandscapeEditor (190)
[2016.01.12-22.52.08:720][865]LogModuleManager: Shutting down and abandoning module ActorPickerMode (189)
[2016.01.12-22.52.08:720][865]LogModuleManager: Shutting down and abandoning module GeometryMode (188)
[2016.01.12-22.52.08:720][865]LogModuleManager: Shutting down and abandoning module TextureAlignMode (187)
[2016.01.12-22.52.08:721][865]LogModuleManager: Shutting down and abandoning module BspMode (186)
[2016.01.12-22.52.08:721][865]LogModuleManager: Shutting down and abandoning module PlacementMode (185)
[2016.01.12-22.52.08:721][865]LogModuleManager: Shutting down and abandoning module AutomationWorker (184)
[2016.01.12-22.52.08:721][865]LogModuleManager: Shutting down and abandoning module CharacterAI (183)
[2016.01.12-22.52.08:721][865]LogModuleManager: Shutting down and abandoning module SmartSnapping (182)
[2016.01.12-22.52.08:721][865]LogModuleManager: Shutting down and abandoning module ViewportSnapping (181)
[2016.01.12-22.52.08:721][865]LogModuleManager: Shutting down and abandoning module LogVisualizer (180)
[2016.01.12-22.52.08:721][865]LogModuleManager: Shutting down and abandoning module GameProjectGeneration (179)
[2016.01.12-22.52.08:721][865]LogModuleManager: Shutting down and abandoning module IntroTutorials (178)
[2016.01.12-22.52.08:721][865]LogModuleManager: Shutting down and abandoning module EditorLiveStreaming (177)
[2016.01.12-22.52.08:721][865]LogModuleManager: Shutting down and abandoning module IOSPlatformEditor (176)
[2016.01.12-22.52.08:721][865]LogModuleManager: Shutting down and abandoning module HTML5PlatformEditor (175)
[2016.01.12-22.52.08:721][865]LogModuleManager: Shutting down and abandoning module AndroidDeviceDetection (174)
[2016.01.12-22.52.09:499][865]LogModuleManager: Shutting down and abandoning module AndroidPlatformEditor (173)
[2016.01.12-22.52.09:499][865]LogModuleManager: Shutting down and abandoning module IOSRuntimeSettings (172)
[2016.01.12-22.52.09:499][865]LogModuleManager: Shutting down and abandoning module AndroidRuntimeSettings (171)
[2016.01.12-22.52.09:499][865]LogModuleManager: Shutting down and abandoning module MergeActors (170)
[2016.01.12-22.52.09:500][865]LogModuleManager: Shutting down and abandoning module SizeMap (169)
[2016.01.12-22.52.09:500][865]LogModuleManager: Shutting down and abandoning module TreeMap (168)
[2016.01.12-22.52.09:500][865]LogModuleManager: Shutting down and abandoning module ReferenceViewer (167)
[2016.01.12-22.52.09:500][865]LogModuleManager: Shutting down and abandoning module LocalizationService (166)
[2016.01.12-22.52.09:500][865]LogModuleManager: Shutting down and abandoning module LocalizationDashboard (165)
[2016.01.12-22.52.09:500][865]LogModuleManager: Shutting down and abandoning module HardwareTargeting (164)
[2016.01.12-22.52.09:500][865]LogModuleManager: Shutting down and abandoning module DeviceProfileEditor (163)
[2016.01.12-22.52.09:500][865]LogModuleManager: Shutting down and abandoning module UndoHistory (162)
[2016.01.12-22.52.09:500][865]LogModuleManager: Shutting down and abandoning module GameplayTagsEditor (161)
[2016.01.12-22.52.09:500][865]LogModuleManager: Shutting down and abandoning module UserFeedback (160)
[2016.01.12-22.52.09:500][865]LogModuleManager: Shutting down and abandoning module XmlParser (159)
[2016.01.12-22.52.09:500][865]LogModuleManager: Shutting down and abandoning module Blutility (158)
[2016.01.12-22.52.09:500][865]LogModuleManager: Shutting down and abandoning module ProjectTargetPlatformEditor (157)
[2016.01.12-22.52.09:501][865]LogModuleManager: Shutting down and abandoning module ProjectSettingsViewer (156)
[2016.01.12-22.52.09:501][865]LogModuleManager: Shutting down and abandoning module InputBindingEditor (155)
[2016.01.12-22.52.09:501][865]LogModuleManager: Shutting down and abandoning module EditorSettingsViewer (154)
[2016.01.12-22.52.09:501][865]LogModuleManager: Shutting down and abandoning module SettingsEditor (153)
[2016.01.12-22.52.09:501][865]LogModuleManager: Shutting down and abandoning module ProjectLauncher (152)
[2016.01.12-22.52.09:502][865]LogModuleManager: Shutting down and abandoning module SessionFrontend (151)
[2016.01.12-22.52.09:502][865]LogModuleManager: Shutting down and abandoning module ProfilerClient (150)
[2016.01.12-22.52.09:502][865]LogModuleManager: Shutting down and abandoning module TargetDeviceServices (149)
[2016.01.12-22.52.09:503][865]LogModuleManager: Shutting down and abandoning module DeviceManager (148)
[2016.01.12-22.52.09:503][865]LogModuleManager: Shutting down and abandoning module AutomationController (147)
[2016.01.12-22.52.09:503][865]LogModuleManager: Shutting down and abandoning module AutomationWindow (146)
[2016.01.12-22.52.09:503][865]LogModuleManager: Shutting down and abandoning module Layers (145)
[2016.01.12-22.52.09:503][865]LogModuleManager: Shutting down and abandoning module ComponentVisualizers (144)
[2016.01.12-22.52.09:503][865]LogModuleManager: Shutting down and abandoning module DetailCustomizations (143)
[2016.01.12-22.52.09:503][865]LogModuleManager: Shutting down and abandoning module PackagesDialog (142)
[2016.01.12-22.52.09:503][865]LogModuleManager: Shutting down and abandoning module Persona (141)
[2016.01.12-22.52.09:503][865]LogModuleManager: Shutting down and abandoning module Kismet (140)
[2016.01.12-22.52.09:503][865]LogModuleManager: Shutting down and abandoning module GraphEditor (139)
[2016.01.12-22.52.09:503][865]LogModuleManager: Shutting down and abandoning module ClassViewer (138)
[2016.01.12-22.52.09:503][865]LogModuleManager: Shutting down and abandoning module Toolbox (137)
[2016.01.12-22.52.09:503][865]LogModuleManager: Shutting down and abandoning module ModuleUI (136)
[2016.01.12-22.52.09:503][865]LogModuleManager: Shutting down and abandoning module MovieSceneTools (135)
[2016.01.12-22.52.09:503][865]LogModuleManager: Shutting down and abandoning module OutputLog (134)
[2016.01.12-22.52.09:503][865]LogModuleManager: Shutting down and abandoning module GammaUI (133)
[2016.01.12-22.52.09:503][865]LogModuleManager: Shutting down and abandoning module Documentation (132)
[2016.01.12-22.52.09:503][865]LogModuleManager: Shutting down and abandoning module GameLiveStreaming (131)
[2016.01.12-22.52.09:503][865]LogModuleManager: Shutting down and abandoning module StreamingPauseRendering (130)
[2016.01.12-22.52.09:503][865]LogModuleManager: Shutting down and abandoning module AnalyticsET (129)
[2016.01.12-22.52.09:503][865]LogModuleManager: Shutting down and abandoning module Analytics (128)
[2016.01.12-22.52.09:503][865]LogModuleManager: Shutting down and abandoning module AITestSuite (127)
[2016.01.12-22.52.09:503][865]LogModuleManager: Shutting down and abandoning module GameplayDebugger (126)
[2016.01.12-22.52.09:503][865]LogModuleManager: Shutting down and abandoning module AIModule (125)
[2016.01.12-22.52.09:503][865]LogModuleManager: Shutting down and abandoning module ProfilerService (124)
[2016.01.12-22.52.09:557][865]LogModuleManager: Shutting down and abandoning module TaskGraph (123)
[2016.01.12-22.52.09:557][865]LogModuleManager: Shutting down and abandoning module SlateRemote (122)
[2016.01.12-22.52.09:557][865]LogModuleManager: Shutting down and abandoning module SteamVRController (121)
[2016.01.12-22.52.09:557][865]LogModuleManager: Shutting down and abandoning module SteamVR (120)
[2016.01.12-22.52.09:557][865]LogModuleManager: Shutting down and abandoning module ProceduralMeshComponent (119)
[2016.01.12-22.52.09:558][865]LogModuleManager: Shutting down and abandoning module OculusLibrary (118)
[2016.01.12-22.52.09:558][865]LogModuleManager: Shutting down and abandoning module OculusInput (117)
[2016.01.12-22.52.09:558][865]LogModuleManager: Shutting down and abandoning module LeapMotionController (116)
[2016.01.12-22.52.09:604][865]LogModuleManager: Shutting down and abandoning module CustomMeshComponent (115)
[2016.01.12-22.52.09:604][865]LogModuleManager: Shutting down and abandoning module CableComponent (114)
[2016.01.12-22.52.09:604][865]LogModuleManager: Shutting down and abandoning module ArchVisCharacter (113)
[2016.01.12-22.52.09:604][865]LogModuleManager: Shutting down and abandoning module MessagingDebugger (112)
[2016.01.12-22.52.09:604][865]LogModuleManager: Shutting down and abandoning module MediaPlayerEditor (111)
[2016.01.12-22.52.09:604][865]LogModuleManager: Shutting down and abandoning module HTML5Networking (110)
[2016.01.12-22.52.09:604][865]LogModuleManager: Shutting down and abandoning module SpeedTreeImporter (109)
[2016.01.12-22.52.09:604][865]LogModuleManager: Shutting down and abandoning module PluginBrowser (108)
[2016.01.12-22.52.09:604][865]LogModuleManager: Shutting down and abandoning module EpicSurvey (107)
[2016.01.12-22.52.09:604][865]LogModuleManager: Shutting down and abandoning module DesktopPlatform (106)
[2016.01.12-22.52.09:604][865]LogModuleManager: Shutting down and abandoning module VisualStudioSourceCodeAccess (105)
[2016.01.12-22.52.09:604][865]LogModuleManager: Shutting down and abandoning module UObjectPlugin (104)
[2016.01.12-22.52.09:604][865]LogModuleManager: Shutting down and abandoning module SubversionSourceControl (103)
[2016.01.12-22.52.09:604][865]LogModuleManager: Shutting down and abandoning module PerforceSourceControl (102)
[2016.01.12-22.52.09:604][865]LogModuleManager: Shutting down and abandoning module SourceControl (101)
[2016.01.12-22.52.09:604][865]LogModuleManager: Shutting down and abandoning module GitSourceControl (100)
[2016.01.12-22.52.09:604][865]LogModuleManager: Shutting down and abandoning module LightPropagationVolumeEditor (99)
[2016.01.12-22.52.09:604][865]LogModuleManager: Shutting down and abandoning module PaperTiledImporter (98)
[2016.01.12-22.52.09:605][865]LogModuleManager: Shutting down and abandoning module PaperSpriteSheetImporter (97)
[2016.01.12-22.52.09:605][865]LogModuleManager: Shutting down and abandoning module MeshPaint (96)
[2016.01.12-22.52.09:605][865]LogModuleManager: Shutting down and abandoning module SlateReflector (95)
[2016.01.12-22.52.09:605][865]LogModuleManager: Shutting down and abandoning module HotReload (94)
[2016.01.12-22.52.09:605][865]LogModuleManager: Shutting down and abandoning module MainFrame (93)
[2016.01.12-22.52.09:605][865]LogModuleManager: Shutting down and abandoning module LevelEditor (92)
[2016.01.12-22.52.09:606][865]LogModuleManager: Shutting down and abandoning module DirectoryWatcher (91)
[2016.01.12-22.52.09:606][865]LogModuleManager: Shutting down and abandoning module AssetRegistry (90)
[2016.01.12-22.52.09:735][865]LogModuleManager: Shutting down and abandoning module ContentBrowser (89)
[2016.01.12-22.52.09:736][865]LogModuleManager: Shutting down and abandoning module Paper2DEditor (88)
[2016.01.12-22.52.09:736][865]LogModuleManager: Shutting down and abandoning module Game_GT (87)
[2016.01.12-22.52.09:736][865]LogModuleManager: Shutting down and abandoning module UdpMessaging (86)
[2016.01.12-22.52.09:837][865]LogModuleManager: Shutting down and abandoning module LightPropagationVolumeRuntime (85)
[2016.01.12-22.52.09:837][865]LogModuleManager: Shutting down and abandoning module Paper2D (84)
[2016.01.12-22.52.09:837][865]LogModuleManager: Shutting down and abandoning module WindowsMoviePlayer (83)
[2016.01.12-22.52.09:840][865]LogModuleManager: Shutting down and abandoning module Media (82)
[2016.01.12-22.52.09:841][865]LogModuleManager: Shutting down and abandoning module WmfMedia (81)
[2016.01.12-22.52.09:841][865]LogModuleManager: Shutting down and abandoning module OnlineBlueprintSupport (80)
[2016.01.12-22.52.09:841][865]LogModuleManager: Shutting down and abandoning module GameplayTasksEditor (79)
[2016.01.12-22.52.09:841][865]LogModuleManager: Shutting down and abandoning module PropertyEditor (78)
[2016.01.12-22.52.09:841][865]LogModuleManager: Shutting down and abandoning module BehaviorTreeEditor (77)
[2016.01.12-22.52.09:841][865]LogModuleManager: Shutting down and abandoning module FunctionalTesting (76)
[2016.01.12-22.52.09:841][865]LogModuleManager: Shutting down and abandoning module CollisionAnalyzer (75)
[2016.01.12-22.52.09:841][865]LogModuleManager: Shutting down and abandoning module WorkspaceMenuStructure (74)
[2016.01.12-22.52.09:841][865]LogModuleManager: Shutting down and abandoning module MessageLog (73)
[2016.01.12-22.52.09:841][865]LogModuleManager: Shutting down and abandoning module Sequencer (72)
[2016.01.12-22.52.09:841][865]LogModuleManager: Shutting down and abandoning module AssetTools (71)
[2016.01.12-22.52.09:841][865]LogModuleManager: Shutting down and abandoning module UMGEditor (70)
[2016.01.12-22.52.09:841][865]LogModuleManager: Shutting down and abandoning module UMG (69)
[2016.01.12-22.52.09:841][865]LogModuleManager: Shutting down and abandoning module Slate (68)
[2016.01.12-22.52.09:841][865]LogModuleManager: Shutting down and abandoning module EditorStyle (67)
[2016.01.12-22.52.09:845][865]LogModuleManager: Shutting down and abandoning module SessionServices (66)
[2016.01.12-22.52.09:845][865]LogModuleManager: Shutting down and abandoning module SourceCodeAccess (65)
[2016.01.12-22.52.09:845][865]LogModuleManager: Shutting down and abandoning module HeadMountedDisplay (64)
[2016.01.12-22.52.09:845][865]LogModuleManager: Shutting down and abandoning module XAudio2 (63)
[2016.01.12-22.52.09:845][865]LogModuleManager: Shutting down and abandoning module Networking (61)
[2016.01.12-22.52.09:845][865]LogModuleManager: Shutting down and abandoning module Core (60)
[2016.01.12-22.52.09:845][865]LogModuleManager: Shutting down and abandoning module KismetCompiler (59)
[2016.01.12-22.52.09:845][865]LogModuleManager: Shutting down and abandoning module PhysXFormats (58)
[2016.01.12-22.52.09:845][865]LogModuleManager: Shutting down and abandoning module MeshUtilities (57)
[2016.01.12-22.52.09:845][865]LogModuleManager: Shutting down and abandoning module DerivedDataCache (56)
[2016.01.12-22.52.10:148][865]LogDerivedDataCache: Shutdown
[2016.01.12-22.52.10:148][865]LogModuleManager: Shutting down and abandoning module ShaderFormatOpenGL (55)
[2016.01.12-22.52.10:148][865]LogModuleManager: Shutting down and abandoning module ShaderFormatD3D (54)
[2016.01.12-22.52.10:148][865]LogModuleManager: Shutting down and abandoning module MetalShaderFormat (53)
[2016.01.12-22.52.10:148][865]LogModuleManager: Shutting down and abandoning module TextureFormatUncompressed (52)
[2016.01.12-22.52.10:148][865]LogModuleManager: Shutting down and abandoning module TextureFormatPVR (51)
[2016.01.12-22.52.10:148][865]LogModuleManager: Shutting down and abandoning module TextureFormatIntelISPCTexComp (50)
[2016.01.12-22.52.10:148][865]LogModuleManager: Shutting down and abandoning module TextureFormatDXT (49)
[2016.01.12-22.52.10:148][865]LogModuleManager: Shutting down and abandoning module ImageWrapper (48)
[2016.01.12-22.52.10:148][865]LogModuleManager: Shutting down and abandoning module TextureFormatASTC (47)
[2016.01.12-22.52.10:148][865]LogModuleManager: Shutting down and abandoning module TextureFormatAndroid (46)
[2016.01.12-22.52.10:148][865]LogModuleManager: Shutting down and abandoning module AudioFormatOpus (45)
[2016.01.12-22.52.10:148][865]LogModuleManager: Shutting down and abandoning module AudioFormatOgg (44)
[2016.01.12-22.52.10:148][865]LogModuleManager: Shutting down and abandoning module AudioFormatADPCM (43)
[2016.01.12-22.52.10:148][865]LogModuleManager: Shutting down and abandoning module LinuxTargetPlatform (42)
[2016.01.12-22.52.10:148][865]LogModuleManager: Shutting down and abandoning module LinuxServerTargetPlatform (41)
[2016.01.12-22.52.10:148][865]LogModuleManager: Shutting down and abandoning module LinuxNoEditorTargetPlatform (40)
[2016.01.12-22.52.10:148][865]LogModuleManager: Shutting down and abandoning module Messaging (39)
[2016.01.12-22.52.10:148][865]LogModuleManager: Shutting down and abandoning module IOSTargetPlatform (38)
[2016.01.12-22.52.10:148][865]LogModuleManager: Shutting down and abandoning module HTML5TargetPlatform (37)
[2016.01.12-22.52.10:148][865]LogModuleManager: Shutting down and abandoning mo