[2015.12.03-16.25.38:382][  0]Log file open, 12/03/15 11:25:38
[2015.12.03-16.25.38:382][  0]LogInit:Display: Running engine for game: Game_GT
[2015.12.03-16.25.38:382][  0]LogInit:Display: RandInit(1373915815) SRandInit(1373915815).
[2015.12.03-16.25.38:382][  0]LogTaskGraph: Started task graph with 4 named threads and 5 total threads.
[2015.12.03-16.25.38:382][  0]LogStats: Stats thread started at 0.816100
[2015.12.03-16.25.38:382][  0]LogInit: Version: 4.9.1-2689999+++depot+UE4-Releases+4.9
[2015.12.03-16.25.38:382][  0]LogInit: API Version: 2672455
[2015.12.03-16.25.38:382][  0]LogInit: Compiled (64-bit): Sep 14 2015 04:12:03
[2015.12.03-16.25.38:382][  0]LogInit: Compiled with Visual C++: 18.00.21005.01
[2015.12.03-16.25.38:382][  0]LogInit: Build Configuration: Development
[2015.12.03-16.25.38:382][  0]LogInit: Branch Name: ++depot+UE4-Releases+4.9
[2015.12.03-16.25.38:382][  0]LogInit: Command line:  
[2015.12.03-16.25.38:382][  0]LogInit: Base directory: C:/Program Files/Epic Games/4.9/Engine/Binaries/Win64/
[2015.12.03-16.25.38:382][  0]LogInit: Rocket: 1
[2015.12.03-16.25.38:429][  0]LogInit: Using libcurl 7.41.0
[2015.12.03-16.25.38:429][  0]LogInit:  - built for x86_64-pc-win32
[2015.12.03-16.25.38:429][  0]LogInit:  - supports SSL with WinSSL
[2015.12.03-16.25.38:429][  0]LogInit:  - other features:
[2015.12.03-16.25.38:429][  0]LogInit:      CURL_VERSION_SSL
[2015.12.03-16.25.38:429][  0]LogInit:      CURL_VERSION_IPV6
[2015.12.03-16.25.38:429][  0]LogInit:      CURL_VERSION_ASYNCHDNS
[2015.12.03-16.25.38:429][  0]LogInit:      CURL_VERSION_LARGEFILE
[2015.12.03-16.25.38:429][  0]LogInit:      CURL_VERSION_IDN
[2015.12.03-16.25.38:429][  0]LogInit:  CurlRequestOptions (configurable via config and command line):
[2015.12.03-16.25.38:429][  0]LogInit:  - bVerifyPeer = true  - Libcurl will verify peer certificate
[2015.12.03-16.25.38:429][  0]LogInit:  - bUseHttpProxy = false  - Libcurl will NOT use HTTP proxy
[2015.12.03-16.25.38:429][  0]LogInit:  - bDontReuseConnections = false  - Libcurl will reuse connections
[2015.12.03-16.25.38:429][  0]LogInit:  - CertBundlePath = nullptr  - Libcurl will use whatever was configured at build time.
[2015.12.03-16.25.38:444][  0]LogInit: Presizing for 0 objects not considered by GC, pre-allocating 0 bytes.
[2015.12.03-16.25.38:460][  0]LogInit: Object subsystem initialized
[2015.12.03-16.25.38:463][  0]LogInit: Selected Device Profile: [Windows]
[2015.12.03-16.25.38:463][  0]LogInit: Applying CVar settings loaded from the selected device profile: [Windows]
[2015.12.03-16.25.38:488][  0]LogInit: Computer: APPLEEATER
[2015.12.03-16.25.38:488][  0]LogInit: User: dacos
[2015.12.03-16.25.38:488][  0]LogInit: CPU Page size=4096, Cores=2
[2015.12.03-16.25.38:488][  0]LogInit: High frequency timer resolution =2.241004 MHz
[2015.12.03-16.25.38:488][  0]LogMemory: Memory total: Physical=7.9GB (8GB approx)
[2015.12.03-16.25.38:488][  0]LogMemory: Platform Memory Stats for Windows
[2015.12.03-16.25.38:488][  0]LogMemory: Process Physical Memory: 54.95 MB used, 54.95 MB peak
[2015.12.03-16.25.38:488][  0]LogMemory: Process Virtual Memory: 55.30 MB used, 55.30 MB peak
[2015.12.03-16.25.38:488][  0]LogMemory: Physical Memory: 4156.79 MB used, 8099.17 MB total
[2015.12.03-16.25.38:488][  0]LogMemory: Virtual Memory: 367.50 MB used, 134217728.00 MB total
[2015.12.03-16.25.38:559][  0]LogTextLocalizationManager: No specific translations for ('en-US') exist, so ('en') translations will be used.
[2015.12.03-16.25.39:711][  0]LogD3D11RHI: Found D3D11 adapter 0: Intel(R) HD Graphics 3000 (Feature Level 10_0)
[2015.12.03-16.25.39:711][  0]LogD3D11RHI: Adapter has 32MB of dedicated video memory, 0MB of dedicated system memory, and 1632MB of shared system memory, 1 output[s]
[2015.12.03-16.25.39:716][  0]LogD3D11RHI: Found D3D11 adapter 1: Microsoft Basic Render Driver (Feature Level 11_0)
[2015.12.03-16.25.39:716][  0]LogD3D11RHI: Adapter has 0MB of dedicated video memory, 0MB of dedicated system memory, and 4049MB of shared system memory, 0 output[s]
[2015.12.03-16.25.39:717][  0]LogD3D11RHI: Chosen D3D11 Adapter Id = 0
[2015.12.03-16.25.39:734][  0]LogD3D11RHI: !Direct3DDevice
[2015.12.03-16.25.39:734][  0]LogRHI: Texture pool is 593 MB (70% of 848 MB)
[2015.12.03-16.25.39:742][  0]LogD3D11RHI: Async texture creation enabled
[2015.12.03-16.25.39:760][  0]LogShaderCompilers: Guid format shader working directory is 14 characters bigger than the processId version (../../../../../../Users/dacos/OneDrive/Documents/Unreal Projects/Game_GT/Intermediate/Shaders/WorkingDirectory/14588/).
[2015.12.03-16.25.39:761][  0]LogShaderCompilers: Cleaned the shader compiler working directory '../../../../../../Users/dacos/OneDrive/Documents/Unreal Projects/Game_GT/Intermediate/Shaders/tmp/56BBAC8D41F151B34F855BB89FAFFFFA/'.
[2015.12.03-16.25.39:761][  0]LogShaderCompilers:Display: Using Local Shader Compiler.
[2015.12.03-16.25.44:569][  0]LogTemp:Display: Loaded TP AllDesktopTargetPlatform
[2015.12.03-16.25.44:600][  0]LogTemp:Display: Loaded TP WindowsClientTargetPlatform
[2015.12.03-16.25.44:630][  0]LogTemp:Display: Loaded TP WindowsNoEditorTargetPlatform
[2015.12.03-16.25.44:662][  0]LogTemp:Display: Loaded TP WindowsServerTargetPlatform
[2015.12.03-16.25.44:687][  0]LogTemp:Display: Loaded TP WindowsTargetPlatform
[2015.12.03-16.25.44:750][  0]LogTemp:Display: Loaded TP AndroidTargetPlatform
[2015.12.03-16.25.44:789][  0]LogTemp:Display: Loaded TP Android_ASTCTargetPlatform
[2015.12.03-16.25.44:810][  0]LogTemp:Display: Loaded TP Android_ATCTargetPlatform
[2015.12.03-16.25.44:842][  0]LogTemp:Display: Loaded TP Android_DXTTargetPlatform
[2015.12.03-16.25.44:870][  0]LogTemp:Display: Loaded TP Android_ETC1TargetPlatform
[2015.12.03-16.25.44:906][  0]LogTemp:Display: Loaded TP Android_ETC2TargetPlatform
[2015.12.03-16.25.44:942][  0]LogTemp:Display: Loaded TP Android_PVRTCTargetPlatform
[2015.12.03-16.25.45:050][  0]LogTemp:Display: Loaded TP HTML5TargetPlatform
[2015.12.03-16.25.45:307][  0]LogTemp:Display: Loaded TP IOSTargetPlatform
[2015.12.03-16.25.45:340][  0]LogTemp:Display: Loaded TP LinuxNoEditorTargetPlatform
[2015.12.03-16.25.45:350][  0]LogTemp:Display: Loaded TP LinuxServerTargetPlatform
[2015.12.03-16.25.45:367][  0]LogTemp:Display: Loaded TP LinuxTargetPlatform
[2015.12.03-16.25.45:367][  0]LogTargetPlatformManager:Display: Building Assets For Windows
[2015.12.03-16.25.46:315][  0]LogDerivedDataCache:Display: Max Cache Size: 512 MB
[2015.12.03-16.25.50:979][  0]LogDerivedDataCache: Loaded boot cache 4.63s 37MB C:/Users/dacos/AppData/Local/UnrealEngine/4.9/DerivedDataCache/Boot.ddc.
[2015.12.03-16.25.50:979][  0]LogDerivedDataCache:Display: Loaded Boot cache: C:/Users/dacos/AppData/Local/UnrealEngine/4.9/DerivedDataCache/Boot.ddc
[2015.12.03-16.25.50:980][  0]LogDerivedDataCache: FDerivedDataBackendGraph:  Pak pak cache file ../../../../../../Users/dacos/OneDrive/Documents/Unreal Projects/Game_GT/DerivedDataCache/DDC.ddp not found, will not use a pak cache.
[2015.12.03-16.25.50:980][  0]LogDerivedDataCache: Unable to find inner node Pak for hierarchical cache Hierarchy.
[2015.12.03-16.25.50:980][  0]LogDerivedDataCache: FDerivedDataBackendGraph:  CompressedPak pak cache file ../../../../../../Users/dacos/OneDrive/Documents/Unreal Projects/Game_GT/DerivedDataCache/Compressed.ddp not found, will not use a pak cache.
[2015.12.03-16.25.50:980][  0]LogDerivedDataCache: Unable to find inner node CompressedPak for hierarchical cache Hierarchy.
[2015.12.03-16.25.51:218][  0]LogDerivedDataCache:Display: Pak cache opened for reading ../../../Engine/DerivedDataCache/Compressed.ddp.
[2015.12.03-16.25.51:244][  0]LogDerivedDataCache: Using Local data cache path C:/Users/dacos/AppData/Local/UnrealEngine/Common/DerivedDataCache: Writable
[2015.12.03-16.25.58:829][  0]LogInit: Selected Device Profile: [Windows]
[2015.12.03-16.25.58:834][  0]LogContentStreaming: Texture pool size is 0.000000MB
[2015.12.03-16.25.59:141][  0]LogMeshUtilities: No automatic mesh reduction module available
[2015.12.03-16.25.59:141][  0]LogMeshUtilities: No automatic mesh merging module available
[2015.12.03-16.25.59:799][  0]LogInit: WinSock: version 1.1 (2.2), MaxSocks=32767, MaxUdp=65467
[2015.12.03-16.26.30:789][  0]UdpMessaging: Initializing bridge on interface 0.0.0.0:0 to multicast group 230.0.0.1:6666.
[2015.12.03-16.26.30:887][  0]LogLinker:Warning: Asset '../../../../../../Users/dacos/OneDrive/Documents/Unreal Projects/Game_GT/Content/Mannequin/Animations/ThirdPerson_AnimBP.uasset' has been saved with empty engine version. The asset will be loaded but may be incompatible.
[2015.12.03-16.26.30:888][  0]LogLinker:Warning: Asset '../../../../../../Users/dacos/OneDrive/Documents/Unreal Projects/Game_GT/Content/Mannequin/Animations/ThirdPerson_Jump.uasset' has been saved with empty engine version. The asset will be loaded but may be incompatible.
[2015.12.03-16.26.30:892][  0]LogLinker:Warning: Asset '../../../../../../Users/dacos/OneDrive/Documents/Unreal Projects/Game_GT/Content/Mannequin/Animations/ThirdPersonJump_Loop.uasset' has been saved with empty engine version. The asset will be loaded but may be incompatible.
[2015.12.03-16.26.30:893][  0]LogLinker:Warning: Asset '../../../../../../Users/dacos/OneDrive/Documents/Unreal Projects/Game_GT/Content/Mannequin/Animations/ThirdPersonJump_Start.uasset' has been saved with empty engine version. The asset will be loaded but may be incompatible.
[2015.12.03-16.26.30:895][  0]LogLinker:Warning: Asset '../../../../../../Users/dacos/OneDrive/Documents/Unreal Projects/Game_GT/Content/Mannequin/Animations/ThirdPerson_IdleRun_2D.uasset' has been saved with empty engine version. The asset will be loaded but may be incompatible.
[2015.12.03-16.26.30:896][  0]LogLinker:Warning: Asset '../../../../../../Users/dacos/OneDrive/Documents/Unreal Projects/Game_GT/Content/Mannequin/Animations/ThirdPersonIdle.uasset' has been saved with empty engine version. The asset will be loaded but may be incompatible.
[2015.12.03-16.26.30:897][  0]LogLinker:Warning: Asset '../../../../../../Users/dacos/OneDrive/Documents/Unreal Projects/Game_GT/Content/Mannequin/Animations/ThirdPersonRun.uasset' has been saved with empty engine version. The asset will be loaded but may be incompatible.
[2015.12.03-16.26.30:899][  0]LogLinker:Warning: Asset '../../../../../../Users/dacos/OneDrive/Documents/Unreal Projects/Game_GT/Content/Mannequin/Animations/ThirdPersonWalk.uasset' has been saved with empty engine version. The asset will be loaded but may be incompatible.
[2015.12.03-16.26.32:378][  0]LogAssetRegistry: FAssetRegistry took 0.0106 seconds to start up
[2015.12.03-16.26.33:028][  0]SourceControl: Info Source control is disabled
[2015.12.03-16.26.35:616][  0]LogLinker:Warning: Asset '../../../Engine/Plugins/Runtime/LeapMotionController/Content/LM_PassthroughMaterial.uasset' has been saved with empty engine version. The asset will be loaded but may be incompatible.
[2015.12.03-16.26.35:889][  0]LogObj: 31358 objects as part of root set at end of initial load.
[2015.12.03-16.26.35:889][  0]LogUObjectAllocator: 7097320 out of 0 bytes used by permanent object pool.
[2015.12.03-16.26.36:040][  0]LogEngine: Initializing Engine...
[2015.12.03-16.26.36:068][  0]LogHMD: Can't find Oculus library dev build: is proper Runtime installed? Version: 0.7.0.0
[2015.12.03-16.26.36:411][  0]LogHMD: SteamVR failed to initialize.  Err: 110
[2015.12.03-16.26.36:619][  0]LogAIModule: Creating AISystem for world NewWorld
[2015.12.03-16.26.36:711][  0]LogInit: XAudio2 using 'Speakers (High Definition Audio Device)' : 2 channels at 44.1 kHz using 16 bits per sample (channel mask 0x3)
[2015.12.03-16.26.36:760][  0]LogInit: FAudioDevice initialized.
[2015.12.03-16.26.36:783][  0]LogDerivedDataCache: Saved boot cache 0.02s 37MB C:/Users/dacos/AppData/Local/UnrealEngine/4.9/DerivedDataCache/Boot.ddc.
[2015.12.03-16.26.36:793][  0]LogInit: Texture streaming: Enabled
[2015.12.03-16.26.36:839][  0]LogAnalytics: Creating configured Analytics provider AnalyticsET
[2015.12.03-16.26.36:839][  0]LogAnalytics: [UEEditor.Rocket.Release] APIServer = http://et2.epicgames.com/ET2/. AppVersion = 4.9.1-2689999+++depot+UE4-Releases+4.9
[2015.12.03-16.26.36:839][  0]LogAnalytics: [UEEditor.Rocket.Release] SetUserId 64e113f641580ec461254fb89e382d8f|72e7fe8abf234c00b7d4ff8eb3462f9c|4515b020-2cbe-4297-92bc-6ef2920ccf58
[2015.12.03-16.26.36:839][  0]LogAnalytics: [UEEditor.Rocket.Release] AnalyticsET::StartSession
[2015.12.03-16.26.37:073][  0]LogInit: Transaction tracking system initialized
[2015.12.03-16.26.37:352][  0]BlueprintLog: New page: Editor Load
[2015.12.03-16.26.40:791][  0]LocalizationService: Info Localization service is disabled
[2015.12.03-16.26.41:519][  0]LogLinker:Warning: Asset '../../../../../../Users/dacos/OneDrive/Documents/Unreal Projects/Game_GT/Content/TopDownCPP/TopDownOverview.uasset' has been saved with empty engine version. The asset will be loaded but may be incompatible.
[2015.12.03-16.26.42:288][  0]LogConsoleResponse:Display: 
[2015.12.03-16.26.43:139][  0]LogCook:Display: Done creating registry. It took  0.00s.
[2015.12.03-16.26.43:254][  0]LogFileCache: Scanning file cache for directory 'C:/Users/dacos/OneDrive/Documents/Unreal Projects/Game_GT/Content/' took 0.08s
[2015.12.03-16.26.44:239][  0]Cmd: MAP LOAD FILE="../../../../../../Users/dacos/OneDrive/Documents/Unreal Projects/Game_GT/Content/TopDownCPP/Maps/TopDownExampleMap.umap" TEMPLATE=0 SHOWPROGRESS=1 FEATURELEVEL=2
[2015.12.03-16.26.44:240][  0]LightingResults: New page: Lighting Build
[2015.12.03-16.26.44:247][  0]MapCheck: New page: Map Check
[2015.12.03-16.26.44:247][  0]LightingResults: New page: Lighting Build
[2015.12.03-16.26.44:280][  0]LogParticles: Destroying 0 GPU particle simulations for FXSystem 0x0000023398274400
[2015.12.03-16.26.47:480][  0]LogAIModule: Creating AISystem for world TopDownExampleMap
[2015.12.03-16.26.47:507][  0]LogEditorServer: Finished looking for orphan Actors (0.000 secs)
[2015.12.03-16.26.47:508][  0]Cmd: MAP CHECKDEP NOCLEARLOG
[2015.12.03-16.26.47:624][  0]MapCheck: Info Map check complete: 0 Error(s), 0 Warning(s), took 115.782ms to complete.
[2015.12.03-16.26.47:624][  0]LogFileHelpers: Loading map 'TopDownExampleMap' took 3.385
[2015.12.03-16.26.48:843][  0]LogCollectionManager: Loaded 0 collections in 0.004187 seconds
[2015.12.03-16.26.48:891][  0]LogFileCache: Scanning file cache for directory 'C:/Users/dacos/OneDrive/Documents/Unreal Projects/Game_GT/Saved/Collections/' took 0.01s
[2015.12.03-16.26.48:891][  0]LogFileCache: Scanning file cache for directory 'C:/Users/dacos/OneDrive/Documents/Unreal Projects/Game_GT/Content/Developers/dacos/Collections/' took 0.01s
[2015.12.03-16.26.48:891][  0]LogFileCache: Scanning file cache for directory 'C:/Users/dacos/OneDrive/Documents/Unreal Projects/Game_GT/Content/Collections/' took 0.01s
[2015.12.03-16.26.48:891][  0]LogContentBrowser: Native class hierarchy populated in 0.0138 seconds. Added 1870 classes and 335 folders.
[2015.12.03-16.26.48:898][  0]LogCollectionManager: Rebuilt the GUID cache for 0 collections in 0.000003 seconds
[2015.12.03-16.26.48:910][  0]LogContentBrowser: Native class hierarchy updated for 'WidgetCarousel' in 0.0024 seconds. Added 0 classes and 0 folders.
[2015.12.03-16.26.56:194][  0]LogContentBrowser: Native class hierarchy updated for 'AddContentDialog' in 0.0040 seconds. Added 0 classes and 0 folders.
[2015.12.03-16.26.56:247][  0]LogContentBrowser: Native class hierarchy updated for 'SceneOutliner' in 0.0043 seconds. Added 1 classes and 2 folders.
[2015.12.03-16.26.56:643][  0]LogCrashTracker: Crashtracker disabled due to settings.
[2015.12.03-16.26.56:649][  0]LogUObjectGlobals:Warning: Failed to find object 'Class None.'
[2015.12.03-16.26.56:671][  0]LogLoad: Full Startup: 81.44 seconds (BP compile: 0.53 seconds)
[2015.12.03-16.26.58:021][  0]LogContentStreaming: Texture pool size now 200 MB
[2015.12.03-16.26.58:313][  0]LogRenderer: Reallocating scene render targets to support 1312x396 (Frame:2).
[2015.12.03-16.27.00:958][  8]LogAssetRegistry: Asset discovery search completed in 28.5902 seconds
[2015.12.03-16.27.00:958][  8]LogCollectionManager: Rebuilt the object cache for 0 collections in 0.000001 seconds (found 0 objects)
[2015.12.03-16.27.00:958][  8]LogCollectionManager: Fixed up redirectors for 0 collections in 0.000074 seconds (updated 0 objects)
[2015.12.03-16.27.01:998][ 11]SourceControl: Info On branch master
[2015.12.03-16.27.01:998][ 11]SourceControl: Info Your branch is up-to-date with 'origin/master'.
[2015.12.03-16.27.01:998][ 11]SourceControl: Info Changes not staged for commit:
[2015.12.03-16.27.01:998][ 11]SourceControl: Info   (use "git add <file>..." to update what will be committed)
[2015.12.03-16.27.01:998][ 11]SourceControl: Info   (use "git checkout -- <file>..." to discard changes in working directory)
[2015.12.03-16.27.01:998][ 11]SourceControl: Info 	modified:   Intermediate/CachedAssetRegistry.bin
[2015.12.03-16.27.01:998][ 11]SourceControl: Info 	modified:   Saved/AutoScreenshot.png
[2015.12.03-16.27.01:998][ 11]SourceControl: Info 	modified:   Saved/Config/Windows/Editor.ini
[2015.12.03-16.27.01:998][ 11]SourceControl: Info 	modified:   Saved/Config/Windows/EditorPerProjectUserSettings.ini
[2015.12.03-16.27.01:998][ 11]SourceControl: Info no changes added to commit (use "git add" and/or "git commit -a")
[2015.12.03-16.29.01:968][538]LogLinker:Warning: Asset '../../../Engine/Content/ArtTools/RenderToTexture/Macros/RenderToTextureMacros.uasset' has been saved with empty engine version. The asset will be loaded but may be incompatible.
[2015.12.03-16.29.04:271][538]LogContentBrowser: Native class hierarchy updated for 'BlueprintGraph' in 0.0027 seconds. Added 107 classes and 0 folders.
[2015.12.03-16.29.14:894][705]LogRenderer: Reallocating scene render targets to support 1312x544 (Frame:382).
[2015.12.03-16.41.27:644][371]LogContentBrowser: Native class hierarchy updated for 'TextureEditor' in 0.0027 seconds. Added 1 classes and 2 folders.
[2015.12.03-17.03.56:223][ 78]SourceControl: Info fatal: C:/Program Files/Epic Games/4.9/Engine/Content/ArtTools/RenderToTexture/Blueprints/PhysMesh.uasset: 'C:/Program Files/Epic Games/4.9/Engine/Content/ArtTools/RenderToTexture/Blueprints/PhysMesh.uasset' is outside repository
[2015.12.03-17.03.56:223][ 78]SourceControl: Info fatal: C:/Program Files/Epic Games/4.9/Engine/Content/ArtTools/RenderToTexture/Enums/EFloatTypes.uasset: 'C:/Program Files/Epic Games/4.9/Engine/Content/ArtTools/RenderToTexture/Enums/EFloatTypes.uasset' is outside repository
[2015.12.03-17.03.56:223][ 78]SourceControl: Info fatal: C:/Program Files/Epic Games/4.9/Engine/Content/ArtTools/RenderToTexture/Macros/RenderToTextureMacros.uasset: 'C:/Program Files/Epic Games/4.9/Engine/Content/ArtTools/RenderToTexture/Macros/RenderToTextureMacros.uasset' is outside repository
[2015.12.03-17.03.56:223][ 78]SourceControl: Info fatal: C:/Program Files/Epic Games/4.9/Engine/Content/ArtTools/RenderToTexture/MaterialFunctions/BoundingSphereBased_0-1_UVW.uasset: 'C:/Program Files/Epic Games/4.9/Engine/Content/ArtTools/RenderToTexture/MaterialFunctions/BoundingSphereBased_0-1_UVW.uasset' is outside repository
[2015.12.03-17.03.56:224][ 78]SourceControl: Info fatal: C:/Program Files/Epic Games/4.9/Engine/Content/ArtTools/RenderToTexture/Materials/MPC_R2T.uasset: 'C:/Program Files/Epic Games/4.9/Engine/Content/ArtTools/RenderToTexture/Materials/MPC_R2T.uasset' is outside repository
[2015.12.03-17.03.56:224][ 78]SourceControl: Info fatal: C:/Program Files/Epic Games/4.9/Engine/Content/ArtTools/RenderToTexture/Materials/Debug/M_2sidedLit.uasset: 'C:/Program Files/Epic Games/4.9/Engine/Content/ArtTools/RenderToTexture/Materials/Debug/M_2sidedLit.uasset' is outside repository
[2015.12.03-17.03.56:224][ 78]SourceControl: Info fatal: C:/Program Files/Epic Games/4.9/Engine/Content/ArtTools/RenderToTexture/Materials/Flipbooks/M_FlipBookCounter_01.uasset: 'C:/Program Files/Epic Games/4.9/Engine/Content/ArtTools/RenderToTexture/Materials/Flipbooks/M_FlipBookCounter_01.uasset' is outside repository
[2015.12.03-17.03.56:224][ 78]SourceControl: Info fatal: C:/Program Files/Epic Games/4.9/Engine/Content/ArtTools/RenderToTexture/Materials/Imposters/M_ImposterTest_01.uasset: 'C:/Program Files/Epic Games/4.9/Engine/Content/ArtTools/RenderToTexture/Materials/Imposters/M_ImposterTest_01.uasset' is outside repository
[2015.12.03-17.03.56:224][ 78]SourceControl: Info fatal: C:/Program Files/Epic Games/4.9/Engine/Content/ArtTools/RenderToTexture/Meshes/ShadowTestMesh.uasset: 'C:/Program Files/Epic Games/4.9/Engine/Content/ArtTools/RenderToTexture/Meshes/ShadowTestMesh.uasset' is outside repository
[2015.12.03-17.03.56:224][ 78]SourceControl: Info fatal: C:/Program Files/Epic Games/4.9/Engine/Content/ArtTools/RenderToTexture/Textures/127grey.uasset: 'C:/Program Files/Epic Games/4.9/Engine/Content/ArtTools/RenderToTexture/Textures/127grey.uasset' is outside repository
[2015.12.03-17.03.56:224][ 78]SourceControl: Info fatal: C:/Program Files/Epic Games/4.9/Engine/Content/ArtTools/RenderToTexture/Textures/FlipbookMotionVectors/Position1.uasset: 'C:/Program Files/Epic Games/4.9/Engine/Content/ArtTools/RenderToTexture/Textures/FlipbookMotionVectors/Position1.uasset' is outside repository
[2015.12.03-17.03.56:224][ 78]SourceControl: Info fatal: C:/Program Files/Epic Games/4.9/Engine/Content/BasicShapes/BasicShapeMaterial.uasset: 'C:/Program Files/Epic Games/4.9/Engine/Content/BasicShapes/BasicShapeMaterial.uasset' is outside repository
[2015.12.03-17.03.56:224][ 78]SourceControl: Info fatal: C:/Program Files/Epic Games/4.9/Engine/Content/BufferVisualization/AmbientOcclusion.uasset: 'C:/Program Files/Epic Games/4.9/Engine/Content/BufferVisualization/AmbientOcclusion.uasset' is outside repository
[2015.12.03-17.03.56:224][ 78]SourceControl: Info fatal: C:/Program Files/Epic Games/4.9/Engine/Content/Editor/Slate/Icons/AssetIcons/Cone_16x.uasset: 'C:/Program Files/Epic Games/4.9/Engine/Content/Editor/Slate/Icons/AssetIcons/Cone_16x.uasset' is outside repository
[2015.12.03-17.03.56:225][ 78]SourceControl: Info fatal: C:/Program Files/Epic Games/4.9/Engine/Content/EditorBlueprintResources/ActorMacros.uasset: 'C:/Program Files/Epic Games/4.9/Engine/Content/EditorBlueprintResources/ActorMacros.uasset' is outside repository
[2015.12.03-17.03.56:225][ 78]SourceControl: Info fatal: C:/Program Files/Epic Games/4.9/Engine/Content/EditorKismetResources/StandardMacros.uasset: 'C:/Program Files/Epic Games/4.9/Engine/Content/EditorKismetResources/StandardMacros.uasset' is outside repository
[2015.12.03-17.03.56:225][ 78]SourceControl: Info fatal: C:/Program Files/Epic Games/4.9/Engine/Content/EditorLandscapeResources/AlphaBrushMaterial.uasset: 'C:/Program Files/Epic Games/4.9/Engine/Content/EditorLandscapeResources/AlphaBrushMaterial.uasset' is outside repository
[2015.12.03-17.03.56:225][ 78]SourceControl: Info fatal: C:/Program Files/Epic Games/4.9/Engine/Content/EditorMaterials/Anchor.uasset: 'C:/Program Files/Epic Games/4.9/Engine/Content/EditorMaterials/Anchor.uasset' is outside repository
[2015.12.03-17.03.56:225][ 78]SourceControl: Info fatal: C:/Program Files/Epic Games/4.9/Engine/Content/EditorMaterials/TreeArrow_ExpandedRealtimePreview.uasset: 'C:/Program Files/Epic Games/4.9/Engine/Content/EditorMaterials/TreeArrow_ExpandedRealtimePreview.uasset' is outside repository
[2015.12.03-17.03.56:225][ 78]SourceControl: Info fatal: C:/Program Files/Epic Games/4.9/Engine/Content/EditorMaterials/Cascade/CASC_BackgroundCube_MAT.uasset: 'C:/Program Files/Epic Games/4.9/Engine/Content/EditorMaterials/Cascade/CASC_BackgroundCube_MAT.uasset' is outside repository
[2015.12.03-17.03.56:225][ 78]SourceControl: Info fatal: C:/Program Files/Epic Games/4.9/Engine/Content/EditorMaterials/Matinee/MAT_EnableTrack_Mat.uasset: 'C:/Program Files/Epic Games/4.9/Engine/Content/EditorMaterials/Matinee/MAT_EnableTrack_Mat.uasset' is outside repository
[2015.12.03-17.03.56:225][ 78]SourceControl: Info fatal: C:/Program Files/Epic Games/4.9/Engine/Content/EditorMaterials/MatineeGroups/MAT_ColorTrack.uasset: 'C:/Program Files/Epic Games/4.9/Engine/Content/EditorMaterials/MatineeGroups/MAT_ColorTrack.uasset' is outside repository
[2015.12.03-17.03.56:225][ 78]SourceControl: Info fatal: C:/Program Files/Epic Games/4.9/Engine/Content/EditorMaterials/ParticleSystems/PSysThumbnail_NoImage.uasset: 'C:/Program Files/Epic Games/4.9/Engine/Content/EditorMaterials/ParticleSystems/PSysThumbnail_NoImage.uasset' is outside repository
[2015.12.03-17.03.56:225][ 78]SourceControl: Info fatal: C:/Program Files/Epic Games/4.9/Engine/Content/EditorMaterials/Thumbnails/FloorPlaneMaterial.uasset: 'C:/Program Files/Epic Games/4.9/Engine/Content/EditorMaterials/Thumbnails/FloorPlaneMaterial.uasset' is outside repository
[2015.12.03-17.03.56:225][ 78]SourceControl: Info fatal: C:/Program Files/Epic Games/4.9/Engine/Content/EditorMaterials/Utilities/ImageReflectionPreview.uasset: 'C:/Program Files/Epic Games/4.9/Engine/Content/EditorMaterials/Utilities/ImageReflectionPreview.uasset' is outside repository
[2015.12.03-17.03.56:225][ 78]SourceControl: Info fatal: C:/Program Files/Epic Games/4.9/Engine/Content/EditorMeshes/AnimTreeEd_PreviewFloor.uasset: 'C:/Program Files/Epic Games/4.9/Engine/Content/EditorMeshes/AnimTreeEd_PreviewFloor.uasset' is outside repository
[2015.12.03-17.03.56:225][ 78]SourceControl: Info fatal: C:/Program Files/Epic Games/4.9/Engine/Content/EditorMeshes/Cascade/BackgroundCube.uasset: 'C:/Program Files/Epic Games/4.9/Engine/Content/EditorMeshes/Cascade/BackgroundCube.uasset' is outside repository
[2015.12.03-17.03.56:225][ 78]SourceControl: Info fatal: C:/Program Files/Epic Games/4.9/Engine/Content/EditorMeshes/ColorCalibrator/M_ChromeBall.uasset: 'C:/Program Files/Epic Games/4.9/Engine/Content/EditorMeshes/ColorCalibrator/M_ChromeBall.uasset' is outside repository
[2015.12.03-17.03.56:225][ 78]SourceControl: Info fatal: C:/Program Files/Epic Games/4.9/Engine/Content/EditorMeshes/SkeletalMesh/DefaultSkeletalMesh.uasset: 'C:/Program Files/Epic Games/4.9/Engine/Content/EditorMeshes/SkeletalMesh/DefaultSkeletalMesh.uasset' is outside repository
[2015.12.03-17.03.56:225][ 78]SourceControl: Info fatal: C:/Program Files/Epic Games/4.9/Engine/Content/EditorResources/Ai_Spawnpoint.uasset: 'C:/Program Files/Epic Games/4.9/Engine/Content/EditorResources/Ai_Spawnpoint.uasset' is outside repository
[2015.12.03-17.03.56:226][ 78]SourceControl: Info fatal: C:/Program Files/Epic Games/4.9/Engine/Content/EditorResources/S_Trigger.uasset: 'C:/Program Files/Epic Games/4.9/Engine/Content/EditorResources/S_Trigger.uasset' is outside repository
[2015.12.03-17.03.56:226][ 78]SourceControl: Info fatal: C:/Program Files/Epic Games/4.9/Engine/Content/EditorResources/AI/S_NavLink.uasset: 'C:/Program Files/Epic Games/4.9/Engine/Content/EditorResources/AI/S_NavLink.uasset' is outside repository
[2015.12.03-17.03.56:226][ 78]SourceControl: Info fatal: C:/Program Files/Epic Games/4.9/Engine/Content/EditorResources/AudioIcons/S_Ambient_Sound_Moveable.uasset: 'C:/Program Files/Epic Games/4.9/Engine/Content/EditorResources/AudioIcons/S_Ambient_Sound_Moveable.uasset' is outside repository
[2015.12.03-17.03.56:226][ 78]SourceControl: Info fatal: C:/Program Files/Epic Games/4.9/Engine/Content/EditorResources/Crowd/T_Crowd_Spline.uasset: 'C:/Program Files/Epic Games/4.9/Engine/Content/EditorResources/Crowd/T_Crowd_Spline.uasset' is outside repository
[2015.12.03-17.03.56:226][ 78]SourceControl: Info fatal: C:/Program Files/Epic Games/4.9/Engine/Content/EditorResources/LightIcons/Light_Point_Stationary_Statics.uasset: 'C:/Program Files/Epic Games/4.9/Engine/Content/EditorResources/LightIcons/Light_Point_Stationary_Statics.uasset' is outside repository
[2015.12.03-17.03.56:226][ 78]SourceControl: Info fatal: C:/Program Files/Epic Games/4.9/Engine/Content/EditorResources/Spline/T_Loft_Spline.uasset: 'C:/Program Files/Epic Games/4.9/Engine/Content/EditorResources/Spline/T_Loft_Spline.uasset' is outside repository
[2015.12.03-17.03.56:226][ 78]SourceControl: Info fatal: C:/Program Files/Epic Games/4.9/Engine/Content/EditorShapes/Materials/MI_ShapeInstance.uasset: 'C:/Program Files/Epic Games/4.9/Engine/Content/EditorShapes/Materials/MI_ShapeInstance.uasset' is outside repository
[2015.12.03-17.03.56:226][ 78]SourceControl: Info fatal: C:/Program Files/Epic Games/4.9/Engine/Content/EditorShapes/Textures/T_ShapeDiffuse.uasset: 'C:/Program Files/Epic Games/4.9/Engine/Content/EditorShapes/Textures/T_ShapeDiffuse.uasset' is outside repository
[2015.12.03-17.03.56:226][ 78]SourceControl: Info fatal: C:/Program Files/Epic Games/4.9/Engine/Content/EditorShellMaterials/MI_BaseFlat.uasset: 'C:/Program Files/Epic Games/4.9/Engine/Content/EditorShellMaterials/MI_BaseFlat.uasset' is outside repository
[2015.12.03-17.03.56:226][ 78]SourceControl: Info fatal: C:/Program Files/Epic Games/4.9/Engine/Content/EditorShellMaterials/ManualUVs/MI_BaseGrid_MUV.uasset: 'C:/Program Files/Epic Games/4.9/Engine/Content/EditorShellMaterials/ManualUVs/MI_BaseGrid_MUV.uasset' is outside repository
[2015.12.03-17.03.56:226][ 78]SourceControl: Info fatal: C:/Program Files/Epic Games/4.9/Engine/Content/EditorShellMaterials/SketchUp/MI_BaseGrid_WUV_SketchUp.uasset: 'C:/Program Files/Epic Games/4.9/Engine/Content/EditorShellMaterials/SketchUp/MI_BaseGrid_WUV_SketchUp.uasset' is outside repository
[2015.12.03-17.03.56:226][ 78]SourceControl: Info fatal: C:/Program Files/Epic Games/4.9/Engine/Content/EditorShellMaterials/WorldUVs/MI_BaseGrid_WUV.uasset: 'C:/Program Files/Epic Games/4.9/Engine/Content/EditorShellMaterials/WorldUVs/MI_BaseGrid_WUV.uasset' is outside repository
[2015.12.03-17.03.56:226][ 78]SourceControl: Info fatal: C:/Program Files/Epic Games/4.9/Engine/Content/EditorSounds/GamePreview/EjectFromPlayer.uasset: 'C:/Program Files/Epic Games/4.9/Engine/Content/EditorSounds/GamePreview/EjectFromPlayer.uasset' is outside repository
[2015.12.03-17.03.56:226][ 78]SourceControl: Info fatal: C:/Program Files/Epic Games/4.9/Engine/Content/EditorSounds/Notifications/CompileFailed.uasset: 'C:/Program Files/Epic Games/4.9/Engine/Content/EditorSounds/Notifications/CompileFailed.uasset' is outside repository
[2015.12.03-17.03.56:227][ 78]SourceControl: Info fatal: C:/Program Files/Epic Games/4.9/Engine/Content/EngineAnimNotifies/AnimNotify_PlayParticleEffect.uasset: 'C:/Program Files/Epic Games/4.9/Engine/Content/EngineAnimNotifies/AnimNotify_PlayParticleEffect.uasset' is outside repository
[2015.12.03-17.03.56:227][ 78]SourceControl: Info fatal: C:/Program Files/Epic Games/4.9/Engine/Content/EngineDamageTypes/DmgTypeBP_Environmental.uasset: 'C:/Program Files/Epic Games/4.9/Engine/Content/EngineDamageTypes/DmgTypeBP_Environmental.uasset' is outside repository
[2015.12.03-17.03.56:227][ 78]SourceControl: Info fatal: C:/Program Files/Epic Games/4.9/Engine/Content/EngineDebugMaterials/BlackUnlitMaterial.uasset: 'C:/Program Files/Epic Games/4.9/Engine/Content/EngineDebugMaterials/BlackUnlitMaterial.uasset' is outside repository
[2015.12.03-17.03.56:227][ 78]SourceControl: Info fatal: C:/Program Files/Epic Games/4.9/Engine/Content/EngineDebugMaterials/LightingModels/M_TextureDefinedSpecularReflecti.uasset: 'C:/Program Files/Epic Games/4.9/Engine/Content/EngineDebugMaterials/LightingModels/M_TextureDefinedSpecularReflecti.uasset' is outside repository
[2015.12.03-17.03.56:227][ 78]SourceControl: Info fatal: C:/Program Files/Epic Games/4.9/Engine/Content/EngineFonts/Roboto.uasset: 'C:/Program Files/Epic Games/4.9/Engine/Content/EngineFonts/Roboto.uasset' is outside repository
[2015.12.03-17.03.56:227][ 78]SourceControl: Info fatal: C:/Program Files/Epic Games/4.9/Engine/Content/EngineLightProfiles/180Degree_IES.uasset: 'C:/Program Files/Epic Games/4.9/Engine/Content/EngineLightProfiles/180Degree_IES.uasset' is outside repository
[2015.12.03-17.03.56:227][ 78]SourceControl: Info fatal: C:/Program Files/Epic Games/4.9/Engine/Content/EngineMaterials/AntiAliasedTextMaterialTranslucent.uasset: 'C:/Program Files/Epic Games/4.9/Engine/Content/EngineMaterials/AntiAliasedTextMaterialTranslucent.uasset' is outside repository
[2015.12.03-17.03.56:227][ 78]SourceControl: Info fatal: C:/Program Files/Epic Games/4.9/Engine/Content/EngineMaterials/RandomMirrorDisc.uasset: 'C:/Program Files/Epic Games/4.9/Engine/Content/EngineMaterials/RandomMirrorDisc.uasset' is outside repository
[2015.12.03-17.03.56:227][ 78]SourceControl: Info fatal: C:/Program Files/Epic Games/4.9/Engine/Content/EngineMeshes/BackgroundCube.uasset: 'C:/Program Files/Epic Games/4.9/Engine/Content/EngineMeshes/BackgroundCube.uasset' is outside repository
[2015.12.03-17.03.56:227][ 78]SourceControl: Info fatal: C:/Program Files/Epic Games/4.9/Engine/Content/EngineProduction/ReferenceNormalMap.uasset: 'C:/Program Files/Epic Games/4.9/Engine/Content/EngineProduction/ReferenceNormalMap.uasset' is outside repository
[2015.12.03-17.03.56:227][ 78]SourceControl: Info fatal: C:/Program Files/Epic Games/4.9/Engine/Content/EngineResources/AICON-Green.uasset: 'C:/Program Files/Epic Games/4.9/Engine/Content/EngineResources/AICON-Green.uasset' is outside repository
[2015.12.03-17.03.56:227][ 78]SourceControl: Info fatal: C:/Program Files/Epic Games/4.9/Engine/Content/EngineResources/Cursors/Arrow.uasset: 'C:/Program Files/Epic Games/4.9/Engine/Content/EngineResources/Cursors/Arrow.uasset' is outside repository
[2015.12.03-17.03.56:227][ 78]SourceControl: Info fatal: C:/Program Files/Epic Games/4.9/Engine/Content/EngineSky/BP_Sky_Shere.uasset: 'C:/Program Files/Epic Games/4.9/Engine/Content/EngineSky/BP_Sky_Shere.uasset' is outside repository
[2015.12.03-17.03.56:227][ 78]SourceControl: Info fatal: C:/Program Files/Epic Games/4.9/Engine/Content/EngineSounds/Duck_Normal_Attack_MixMod.uasset: 'C:/Program Files/Epic Games/4.9/Engine/Content/EngineSounds/Duck_Normal_Attack_MixMod.uasset' is outside repository
[2015.12.03-17.03.56:227][ 78]SourceControl: Info fatal: C:/Program Files/Epic Games/4.9/Engine/Content/EngineSounds/ReverbSettings/Alley.uasset: 'C:/Program Files/Epic Games/4.9/Engine/Content/EngineSounds/ReverbSettings/Alley.uasset' is outside repository
[2015.12.03-17.03.56:227][ 78]SourceControl: Info fatal: C:/Program Files/Epic Games/4.9/Engine/Content/EngineTireTypes/DefaultTireType.uasset: 'C:/Program Files/Epic Games/4.9/Engine/Content/EngineTireTypes/DefaultTireType.uasset' is outside repository
[2015.12.03-17.03.56:228][ 78]SourceControl: Info fatal: C:/Program Files/Epic Games/4.9/Engine/Content/EngineVolumetrics/FalloffSphere/Materials/M_EV_FalloffSphere_Master_01.uasset: 'C:/Program Files/Epic Games/4.9/Engine/Content/EngineVolumetrics/FalloffSphere/Materials/M_EV_FalloffSphere_Master_01.uasset' is outside repository
[2015.12.03-17.03.56:228][ 78]SourceControl: Info fatal: C:/Program Files/Epic Games/4.9/Engine/Content/EngineVolumetrics/FalloffSphere/Mesh/S_EV_FalloffSphere_Mesh_01.uasset: 'C:/Program Files/Epic Games/4.9/Engine/Content/EngineVolumetrics/FalloffSphere/Mesh/S_EV_FalloffSphere_Mesh_01.uasset' is outside repository
[2015.12.03-17.03.56:228][ 78]SourceControl: Info fatal: C:/Program Files/Epic Games/4.9/Engine/Content/EngineVolumetrics/FogEnvironment/Materials/M_EV_FogEnvironment_Master_01.uasset: 'C:/Program Files/Epic Games/4.9/Engine/Content/EngineVolumetrics/FogEnvironment/Materials/M_EV_FogEnvironment_Master_01.uasset' is outside repository
[2015.12.03-17.03.56:228][ 78]SourceControl: Info fatal: C:/Program Files/Epic Games/4.9/Engine/Content/EngineVolumetrics/FogEnvironment/Mesh/S_EV_FogEnvironment_01_Mesh.uasset: 'C:/Program Files/Epic Games/4.9/Engine/Content/EngineVolumetrics/FogEnvironment/Mesh/S_EV_FogEnvironment_01_Mesh.uasset' is outside repository
[2015.12.03-17.03.56:228][ 78]SourceControl: Info fatal: C:/Program Files/Epic Games/4.9/Engine/Content/EngineVolumetrics/Fogsheet/T_EV_Fogsheet_FlareColors_01.uasset: 'C:/Program Files/Epic Games/4.9/Engine/Content/EngineVolumetrics/Fogsheet/T_EV_Fogsheet_FlareColors_01.uasset' is outside repository
[2015.12.03-17.03.56:228][ 78]SourceControl: Info fatal: C:/Program Files/Epic Games/4.9/Engine/Content/EngineVolumetrics/Fogsheet/Materials/M_EV_FogSheet_1sided_Master_01.uasset: 'C:/Program Files/Epic Games/4.9/Engine/Content/EngineVolumetrics/Fogsheet/Materials/M_EV_FogSheet_1sided_Master_01.uasset' is outside repository
[2015.12.03-17.03.56:228][ 78]SourceControl: Info fatal: C:/Program Files/Epic Games/4.9/Engine/Content/EngineVolumetrics/Fogsheet/Mesh/MI_Fogsheet_HideClose.uasset: 'C:/Program Files/Epic Games/4.9/Engine/Content/EngineVolumetrics/Fogsheet/Mesh/MI_Fogsheet_HideClose.uasset' is outside repository
[2015.12.03-17.03.56:228][ 78]SourceControl: Info fatal: C:/Program Files/Epic Games/4.9/Engine/Content/EngineVolumetrics/LightBeam/Materials/M_EV_Lightbeam_Master_01.uasset: 'C:/Program Files/Epic Games/4.9/Engine/Content/EngineVolumetrics/LightBeam/Materials/M_EV_Lightbeam_Master_01.uasset' is outside repository
[2015.12.03-17.03.56:228][ 78]SourceControl: Info fatal: C:/Program Files/Epic Games/4.9/Engine/Content/EngineVolumetrics/LightBeam/Mesh/S_EV_SimpleLightBeam_01.uasset: 'C:/Program Files/Epic Games/4.9/Engine/Content/EngineVolumetrics/LightBeam/Mesh/S_EV_SimpleLightBeam_01.uasset' is outside repository
[2015.12.03-17.03.56:228][ 78]SourceControl: Info fatal: C:/Program Files/Epic Games/4.9/Engine/Content/Engine_MI_Shaders/MI_Shader_BaseTileEx.uasset: 'C:/Program Files/Epic Games/4.9/Engine/Content/Engine_MI_Shaders/MI_Shader_BaseTileEx.uasset' is outside repository
[2015.12.03-17.03.56:228][ 78]SourceControl: Info fatal: C:/Program Files/Epic Games/4.9/Engine/Content/Engine_MI_Shaders/Instances/M_ES_Phong_Opaque_INST_01.uasset: 'C:/Program Files/Epic Games/4.9/Engine/Content/Engine_MI_Shaders/Instances/M_ES_Phong_Opaque_INST_01.uasset' is outside repository
[2015.12.03-17.03.56:228][ 78]SourceControl: Info fatal: C:/Program Files/Epic Games/4.9/Engine/Content/Engine_MI_Shaders/Textures/Bokeh.uasset: 'C:/Program Files/Epic Games/4.9/Engine/Content/Engine_MI_Shaders/Textures/Bokeh.uasset' is outside repository
[2015.12.03-17.03.56:228][ 78]SourceControl: Info fatal: C:/Program Files/Epic Games/4.9/Engine/Content/FunctionalTesting/Blueprints/AITesting_MoveGoal.uasset: 'C:/Program Files/Epic Games/4.9/Engine/Content/FunctionalTesting/Blueprints/AITesting_MoveGoal.uasset' is outside repository
[2015.12.03-17.03.56:228][ 78]SourceControl: Info fatal: C:/Program Files/Epic Games/4.9/Engine/Content/Functions/DistanceFields/Combiners/DistanceField_Intersection.uasset: 'C:/Program Files/Epic Games/4.9/Engine/Content/Functions/DistanceFields/Combiners/DistanceField_Intersection.uasset' is outside repository
[2015.12.03-17.03.56:229][ 78]SourceControl: Info fatal: C:/Program Files/Epic Games/4.9/Engine/Content/Functions/DistanceFields/Shapes/DistanceField_Capsule.uasset: 'C:/Program Files/Epic Games/4.9/Engine/Content/Functions/DistanceFields/Shapes/DistanceField_Capsule.uasset' is outside repository
[2015.12.03-17.03.56:229][ 78]SourceControl: Info fatal: C:/Program Files/Epic Games/4.9/Engine/Content/Functions/Engine_MaterialFunctions01/AlphaBlend/World_Aligned_Blend.uasset: 'C:/Program Files/Epic Games/4.9/Engine/Content/Functions/Engine_MaterialFunctions01/AlphaBlend/World_Aligned_Blend.uasset' is outside repository
[2015.12.03-17.03.56:229][ 78]SourceControl: Info fatal: C:/Program Files/Epic Games/4.9/Engine/Content/Functions/Engine_MaterialFunctions01/Coordinates/DrawLine-2D.uasset: 'C:/Program Files/Epic Games/4.9/Engine/Content/Functions/Engine_MaterialFunctions01/Coordinates/DrawLine-2D.uasset' is outside repository
[2015.12.03-17.03.56:229][ 78]SourceControl: Info fatal: C:/Program Files/Epic Games/4.9/Engine/Content/Functions/Engine_MaterialFunctions01/Debug/FunctionGraphSetup.uasset: 'C:/Program Files/Epic Games/4.9/Engine/Content/Functions/Engine_MaterialFunctions01/Debug/FunctionGraphSetup.uasset' is outside repository
[2015.12.03-17.03.56:229][ 78]SourceControl: Info fatal: C:/Program Files/Epic Games/4.9/Engine/Content/Functions/Engine_MaterialFunctions01/Density/ExponentialDensity.uasset: 'C:/Program Files/Epic Games/4.9/Engine/Content/Functions/Engine_MaterialFunctions01/Density/ExponentialDensity.uasset' is outside repository
[2015.12.03-17.03.56:229][ 78]SourceControl: Info fatal: C:/Program Files/Epic Games/4.9/Engine/Content/Functions/Engine_MaterialFunctions01/Gradient/BellCurve.uasset: 'C:/Program Files/Epic Games/4.9/Engine/Content/Functions/Engine_MaterialFunctions01/Gradient/BellCurve.uasset' is outside repository
[2015.12.03-17.03.56:229][ 78]SourceControl: Info fatal: C:/Program Files/Epic Games/4.9/Engine/Content/Functions/Engine_MaterialFunctions01/ImageAdjustment/3ColorBlend.uasset: 'C:/Program Files/Epic Games/4.9/Engine/Content/Functions/Engine_MaterialFunctions01/ImageAdjustment/3ColorBlend.uasset' is outside repository
[2015.12.03-17.03.56:229][ 78]SourceControl: Info fatal: C:/Program Files/Epic Games/4.9/Engine/Content/Functions/Engine_MaterialFunctions01/Lighting/PixelDepthOffset_Foliage.uasset: 'C:/Program Files/Epic Games/4.9/Engine/Content/Functions/Engine_MaterialFunctions01/Lighting/PixelDepthOffset_Foliage.uasset' is outside repository
[2015.12.03-17.03.56:229][ 78]SourceControl: Info fatal: C:/Program Files/Epic Games/4.9/Engine/Content/Functions/Engine_MaterialFunctions01/Opacity/AlphaOffset.uasset: 'C:/Program Files/Epic Games/4.9/Engine/Content/Functions/Engine_MaterialFunctions01/Opacity/AlphaOffset.uasset' is outside repository
[2015.12.03-17.03.56:229][ 78]SourceControl: Info fatal: C:/Program Files/Epic Games/4.9/Engine/Content/Functions/Engine_MaterialFunctions01/Reflections/ReflectionVectorSoft.uasset: 'C:/Program Files/Epic Games/4.9/Engine/Content/Functions/Engine_MaterialFunctions01/Reflections/ReflectionVectorSoft.uasset' is outside repository
[2015.12.03-17.03.56:229][ 78]SourceControl: Info fatal: C:/Program Files/Epic Games/4.9/Engine/Content/Functions/Engine_MaterialFunctions01/Shading/CalcLightsourceAngle.uasset: 'C:/Program Files/Epic Games/4.9/Engine/Content/Functions/Engine_MaterialFunctions01/Shading/CalcLightsourceAngle.uasset' is outside repository
[2015.12.03-17.03.56:229][ 78]SourceControl: Info fatal: C:/Program Files/Epic Games/4.9/Engine/Content/Functions/Engine_MaterialFunctions01/SpeedTree/SpeedTreeColorVariation.uasset: 'C:/Program Files/Epic Games/4.9/Engine/Content/Functions/Engine_MaterialFunctions01/SpeedTree/SpeedTreeColorVariation.uasset' is outside repository
[2015.12.03-17.03.56:229][ 78]SourceControl: Info fatal: C:/Program Files/Epic Games/4.9/Engine/Content/Functions/Engine_MaterialFunctions01/Texturing/BakedDisplacement.uasset: 'C:/Program Files/Epic Games/4.9/Engine/Content/Functions/Engine_MaterialFunctions01/Texturing/BakedDisplacement.uasset' is outside repository
[2015.12.03-17.03.56:229][ 78]SourceControl: Info fatal: C:/Program Files/Epic Games/4.9/Engine/Content/Functions/Engine_MaterialFunctions01/Vectors/MF_RotateVector_90.uasset: 'C:/Program Files/Epic Games/4.9/Engine/Content/Functions/Engine_MaterialFunctions01/Vectors/MF_RotateVector_90.uasset' is outside repository
[2015.12.03-17.03.56:230][ 78]SourceControl: Info fatal: C:/Program Files/Epic Games/4.9/Engine/Content/Functions/Engine_MaterialFunctions01/WorldPositionOffset/ConstantScalebyDistance.uasset: 'C:/Program Files/Epic Games/4.9/Engine/Content/Functions/Engine_MaterialFunctions01/WorldPositionOffset/ConstantScalebyDistance.uasset' is outside repository
[2015.12.03-17.03.56:230][ 78]SourceControl: Info fatal: C:/Program Files/Epic Games/4.9/Engine/Content/Functions/Engine_MaterialFunctions02/3PointLevels.uasset: 'C:/Program Files/Epic Games/4.9/Engine/Content/Functions/Engine_MaterialFunctions02/3PointLevels.uasset' is outside repository
[2015.12.03-17.03.56:230][ 78]SourceControl: Info fatal: C:/Program Files/Epic Games/4.9/Engine/Content/Functions/Engine_MaterialFunctions02/ExampleContent/3dParticleOpacityInstance.uasset: 'C:/Program Files/Epic Games/4.9/Engine/Content/Functions/Engine_MaterialFunctions02/ExampleContent/3dParticleOpacityInstance.uasset' is outside repository
[2015.12.03-17.03.56:230][ 78]SourceControl: Info fatal: C:/Program Files/Epic Games/4.9/Engine/Content/Functions/Engine_MaterialFunctions02/ExampleContent/MacroUVs/MacroUVs.uasset: 'C:/Program Files/Epic Games/4.9/Engine/Content/Functions/Engine_MaterialFunctions02/ExampleContent/MacroUVs/MacroUVs.uasset' is outside repository
[2015.12.03-17.03.56:230][ 78]SourceControl: Info fatal: C:/Program Files/Epic Games/4.9/Engine/Content/Functions/Engine_MaterialFunctions02/ExampleContent/TextureBasedWPO/DemoBox.uasset: 'C:/Program Files/Epic Games/4.9/Engine/Content/Functions/Engine_MaterialFunctions02/ExampleContent/TextureBasedWPO/DemoBox.uasset' is outside repository
[2015.12.03-17.03.56:230][ 78]SourceControl: Info fatal: C:/Program Files/Epic Games/4.9/Engine/Content/Functions/Engine_MaterialFunctions02/ExampleContent/Textures/DebugNumberPeriod.uasset: 'C:/Program Files/Epic Games/4.9/Engine/Content/Functions/Engine_MaterialFunctions02/ExampleContent/Textures/DebugNumberPeriod.uasset' is outside repository
[2015.12.03-17.03.56:230][ 78]SourceControl: Info fatal: C:/Program Files/Epic Games/4.9/Engine/Content/Functions/Engine_MaterialFunctions02/Gradients/GradientMap_Multi.uasset: 'C:/Program Files/Epic Games/4.9/Engine/Content/Functions/Engine_MaterialFunctions02/Gradients/GradientMap_Multi.uasset' is outside repository
[2015.12.03-17.03.56:230][ 78]SourceControl: Info fatal: C:/Program Files/Epic Games/4.9/Engine/Content/Functions/Engine_MaterialFunctions02/Math/AddComponents.uasset: 'C:/Program Files/Epic Games/4.9/Engine/Content/Functions/Engine_MaterialFunctions02/Math/AddComponents.uasset' is outside repository
[2015.12.03-17.03.56:230][ 78]SourceControl: Info fatal: C:/Program Files/Epic Games/4.9/Engine/Content/Functions/Engine_MaterialFunctions02/MAXScripts/MeshSequenceFlipbook_Script.uasset: 'C:/Program Files/Epic Games/4.9/Engine/Content/Functions/Engine_MaterialFunctions02/MAXScripts/MeshSequenceFlipbook_Script.uasset' is outside repository
[2015.12.03-17.03.56:230][ 78]SourceControl: Info fatal: C:/Program Files/Epic Games/4.9/Engine/Content/Functions/Engine_MaterialFunctions02/Normals/RotateNormalWhileMasking.uasset: 'C:/Program Files/Epic Games/4.9/Engine/Content/Functions/Engine_MaterialFunctions02/Normals/RotateNormalWhileMasking.uasset' is outside repository
[2015.12.03-17.03.56:230][ 78]SourceControl: Info fatal: C:/Program Files/Epic Games/4.9/Engine/Content/Functions/Engine_MaterialFunctions02/NotInUse/WorldAlignedNormals_HighQuality_optimizationAttempt.uasset: 'C:/Program Files/Epic Games/4.9/Engine/Content/Functions/Engine_MaterialFunctions02/NotInUse/WorldAlignedNormals_HighQuality_optimizationAttempt.uasset' is outside repository
[2015.12.03-17.03.56:230][ 78]SourceControl: Info fatal: C:/Program Files/Epic Games/4.9/Engine/Content/Functions/Engine_MaterialFunctions02/PivotPainter/PivotPainter_HierarchyData.uasset: 'C:/Program Files/Epic Games/4.9/Engine/Content/Functions/Engine_MaterialFunctions02/PivotPainter/PivotPainter_HierarchyData.uasset' is outside repository
[2015.12.03-17.03.56:230][ 78]SourceControl: Info fatal: C:/Program Files/Epic Games/4.9/Engine/Content/Functions/Engine_MaterialFunctions02/Texturing/3dParticleOpacity.uasset: 'C:/Program Files/Epic Games/4.9/Engine/Content/Functions/Engine_MaterialFunctions02/Texturing/3dParticleOpacity.uasset' is outside repository
[2015.12.03-17.03.56:230][ 78]SourceControl: Info fatal: C:/Program Files/Epic Games/4.9/Engine/Content/Functions/Engine_MaterialFunctions02/Utility/Append4.uasset: 'C:/Program Files/Epic Games/4.9/Engine/Content/Functions/Engine_MaterialFunctions02/Utility/Append4.uasset' is outside repository
[2015.12.03-17.03.56:230][ 78]SourceControl: Info fatal: C:/Program Files/Epic Games/4.9/Engine/Content/Functions/Engine_MaterialFunctions02/UVs/BoundingBoxBased_0-1_UVW.uasset: 'C:/Program Files/Epic Games/4.9/Engine/Content/Functions/Engine_MaterialFunctions02/UVs/BoundingBoxBased_0-1_UVW.uasset' is outside repository
[2015.12.03-17.03.56:231][ 78]SourceControl: Info fatal: C:/Program Files/Epic Games/4.9/Engine/Content/Functions/Engine_MaterialFunctions02/WorldPositionOffset/AdjustNormalsToCompensateForRotateAboutAxisOffset.uasset: 'C:/Program Files/Epic Games/4.9/Engine/Content/Functions/Engine_MaterialFunctions02/WorldPositionOffset/AdjustNormalsToCompensateForRotateAboutAxisOffset.uasset' is outside repository
[2015.12.03-17.03.56:231][ 78]SourceControl: Info fatal: C:/Program Files/Epic Games/4.9/Engine/Content/Functions/Engine_MaterialFunctions03/Blends/Blend_ColorBurn.uasset: 'C:/Program Files/Epic Games/4.9/Engine/Content/Functions/Engine_MaterialFunctions03/Blends/Blend_ColorBurn.uasset' is outside repository
[2015.12.03-17.03.56:231][ 78]SourceControl: Info fatal: C:/Program Files/Epic Games/4.9/Engine/Content/Functions/Engine_MaterialFunctions03/ComplexMotion/Motion_4WayChaos.uasset: 'C:/Program Files/Epic Games/4.9/Engine/Content/Functions/Engine_MaterialFunctions03/ComplexMotion/Motion_4WayChaos.uasset' is outside repository
[2015.12.03-17.03.56:231][ 78]SourceControl: Info fatal: C:/Program Files/Epic Games/4.9/Engine/Content/Functions/Engine_MaterialFunctions03/Particles/Distance_Blend.uasset: 'C:/Program Files/Epic Games/4.9/Engine/Content/Functions/Engine_MaterialFunctions03/Particles/Distance_Blend.uasset' is outside repository
[2015.12.03-17.03.56:231][ 78]SourceControl: Info fatal: C:/Program Files/Epic Games/4.9/Engine/Content/Functions/Engine_MaterialFunctions03/Procedurals/ComputeFilterWidth.uasset: 'C:/Program Files/Epic Games/4.9/Engine/Content/Functions/Engine_MaterialFunctions03/Procedurals/ComputeFilterWidth.uasset' is outside repository
[2015.12.03-17.03.56:231][ 78]SourceControl: Info fatal: C:/Program Files/Epic Games/4.9/Engine/Content/Functions/Engine_MaterialFunctions03/Texturing/CameraWorldBlend.uasset: 'C:/Program Files/Epic Games/4.9/Engine/Content/Functions/Engine_MaterialFunctions03/Texturing/CameraWorldBlend.uasset' is outside repository
[2015.12.03-17.03.56:231][ 78]SourceControl: Info fatal: C:/Program Files/Epic Games/4.9/Engine/Content/Functions/GetPostProcessFunctions/GetAmbientCubemapIntensity.uasset: 'C:/Program Files/Epic Games/4.9/Engine/Content/Functions/GetPostProcessFunctions/GetAmbientCubemapIntensity.uasset' is outside repository
[2015.12.03-17.03.56:231][ 78]SourceControl: Info fatal: C:/Program Files/Epic Games/4.9/Engine/Content/Functions/MaterialLayerFunctions/MatLayerBlend_AddWorldPositionOffset.uasset: 'C:/Program Files/Epic Games/4.9/Engine/Content/Functions/MaterialLayerFunctions/MatLayerBlend_AddWorldPositionOffset.uasset' is outside repository
[2015.12.03-17.03.56:231][ 78]SourceControl: Info fatal: C:/Program Files/Epic Games/4.9/Engine/Content/Maps/Entry.umap: 'C:/Program Files/Epic Games/4.9/Engine/Content/Maps/Entry.umap' is outside repository
[2015.12.03-17.03.56:231][ 78]SourceControl: Info fatal: C:/Program Files/Epic Games/4.9/Engine/Content/Maps/Templates/Template_Default.umap: 'C:/Program Files/Epic Games/4.9/Engine/Content/Maps/Templates/Template_Default.umap' is outside repository
[2015.12.03-17.03.56:231][ 78]SourceControl: Info fatal: C:/Program Files/Epic Games/4.9/Engine/Content/Maps/Templates/Thumbnails/Default.uasset: 'C:/Program Files/Epic Games/4.9/Engine/Content/Maps/Templates/Thumbnails/Default.uasset' is outside repository
[2015.12.03-17.03.56:231][ 78]SourceControl: Info fatal: C:/Program Files/Epic Games/4.9/Engine/Content/MapTemplates/Bokeh_5Sides.uasset: 'C:/Program Files/Epic Games/4.9/Engine/Content/MapTemplates/Bokeh_5Sides.uasset' is outside repository
[2015.12.03-17.03.56:231][ 78]SourceControl: Info fatal: C:/Program Files/Epic Games/4.9/Engine/Content/MapTemplates/lut/LUT_Afternoon.uasset: 'C:/Program Files/Epic Games/4.9/Engine/Content/MapTemplates/lut/LUT_Afternoon.uasset' is outside repository
[2015.12.03-17.03.56:231][ 78]SourceControl: Info fatal: C:/Program Files/Epic Games/4.9/Engine/Content/MapTemplates/Materials/BasicAsset01.uasset: 'C:/Program Files/Epic Games/4.9/Engine/Content/MapTemplates/Materials/BasicAsset01.uasset' is outside repository
[2015.12.03-17.03.56:231][ 78]SourceControl: Info fatal: C:/Program Files/Epic Games/4.9/Engine/Content/MapTemplates/Sky/DaylightAmbientCubemap.uasset: 'C:/Program Files/Epic Games/4.9/Engine/Content/MapTemplates/Sky/DaylightAmbientCubemap.uasset' is outside repository
[2015.12.03-17.03.56:231][ 78]SourceControl: Info fatal: C:/Program Files/Epic Games/4.9/Engine/Content/MaterialTemplates/Gradients/Gradient_Linear.uasset: 'C:/Program Files/Epic Games/4.9/Engine/Content/MaterialTemplates/Gradients/Gradient_Linear.uasset' is outside repository
[2015.12.03-17.03.56:232][ 78]SourceControl: Info fatal: C:/Program Files/Epic Games/4.9/Engine/Content/MaterialTemplates/PerfTricks/MultiChannelMask.uasset: 'C:/Program Files/Epic Games/4.9/Engine/Content/MaterialTemplates/PerfTricks/MultiChannelMask.uasset' is outside repository
[2015.12.03-17.03.56:232][ 78]SourceControl: Info fatal: C:/Program Files/Epic Games/4.9/Engine/Content/MaterialTemplates/Textures/T_multiMask.uasset: 'C:/Program Files/Epic Games/4.9/Engine/Content/MaterialTemplates/Textures/T_multiMask.uasset' is outside repository
[2015.12.03-17.03.56:232][ 78]SourceControl: Info fatal: C:/Program Files/Epic Games/4.9/Engine/Content/MaterialTemplates/VertexAnimation/AdvancedFlag.uasset: 'C:/Program Files/Epic Games/4.9/Engine/Content/MaterialTemplates/VertexAnimation/AdvancedFlag.uasset' is outside repository
[2015.12.03-17.03.56:232][ 78]SourceControl: Info fatal: C:/Program Files/Epic Games/4.9/Engine/Content/MobileResources/T_MobileControls_texture.uasset: 'C:/Program Files/Epic Games/4.9/Engine/Content/MobileResources/T_MobileControls_texture.uasset' is outside repository
[2015.12.03-17.03.56:232][ 78]SourceControl: Info fatal: C:/Program Files/Epic Games/4.9/Engine/Content/MobileResources/HUD/AnalogHat.uasset: 'C:/Program Files/Epic Games/4.9/Engine/Content/MobileResources/HUD/AnalogHat.uasset' is outside repository
[2015.12.03-17.03.56:232][ 78]SourceControl: Info fatal: C:/Program Files/Epic Games/4.9/Engine/Content/TemplateResources/MI_Template_BaseBlue.uasset: 'C:/Program Files/Epic Games/4.9/Engine/Content/TemplateResources/MI_Template_BaseBlue.uasset' is outside repository
[2015.12.03-17.03.56:232][ 78]SourceControl: Info fatal: C:/Program Files/Epic Games/4.9/Engine/Content/Tutorial/ContentIntroCurve.uasset: 'C:/Program Files/Epic Games/4.9/Engine/Content/Tutorial/ContentIntroCurve.uasset' is outside repository
[2015.12.03-17.03.56:232][ 78]SourceControl: Info fatal: C:/Program Files/Epic Games/4.9/Engine/Content/Tutorial/Audio/Audience.uasset: 'C:/Program Files/Epic Games/4.9/Engine/Content/Tutorial/Audio/Audience.uasset' is outside repository
[2015.12.03-17.03.56:232][ 78]SourceControl: Info fatal: C:/Program Files/Epic Games/4.9/Engine/Content/Tutorial/Basics/ContentBrowserOverview.uasset: 'C:/Program Files/Epic Games/4.9/Engine/Content/Tutorial/Basics/ContentBrowserOverview.uasset' is outside repository
[2015.12.03-17.03.56:232][ 78]SourceControl: Info fatal: C:/Program Files/Epic Games/4.9/Engine/Content/Tutorial/Basics/TutorialAssets/CameraActor_64x.uasset: 'C:/Program Files/Epic Games/4.9/Engine/Content/Tutorial/Basics/TutorialAssets/CameraActor_64x.uasset' is outside repository
[2015.12.03-17.03.56:232][ 78]SourceControl: Info fatal: C:/Program Files/Epic Games/4.9/Engine/Content/Tutorial/BlueprintTutorials/BlueprintEditorTutorial.uasset: 'C:/Program Files/Epic Games/4.9/Engine/Content/Tutorial/BlueprintTutorials/BlueprintEditorTutorial.uasset' is outside repository
[2015.12.03-17.03.56:232][ 78]SourceControl: Info fatal: C:/Program Files/Epic Games/4.9/Engine/Content/Tutorial/BlueprintTutorials/TutorialAssets/BlueprintFunctionLibrary_64x.uasset: 'C:/Program Files/Epic Games/4.9/Engine/Content/Tutorial/BlueprintTutorials/TutorialAssets/BlueprintFunctionLibrary_64x.uasset' is outside repository
[2015.12.03-17.03.56:232][ 78]SourceControl: Info fatal: C:/Program Files/Epic Games/4.9/Engine/Content/Tutorial/Code/AddingCode.uasset: 'C:/Program Files/Epic Games/4.9/Engine/Content/Tutorial/Code/AddingCode.uasset' is outside repository
[2015.12.03-17.03.56:232][ 78]SourceControl: Info fatal: C:/Program Files/Epic Games/4.9/Engine/Content/Tutorial/Foliage/FoliageWalkThrough.uasset: 'C:/Program Files/Epic Games/4.9/Engine/Content/Tutorial/Foliage/FoliageWalkThrough.uasset' is outside repository
[2015.12.03-17.03.56:232][ 78]SourceControl: Info fatal: C:/Program Files/Epic Games/4.9/Engine/Content/Tutorial/Foliage/TutorialAssets/Foliage.uasset: 'C:/Program Files/Epic Games/4.9/Engine/Content/Tutorial/Foliage/TutorialAssets/Foliage.uasset' is outside repository
[2015.12.03-17.03.56:232][ 78]SourceControl: Info fatal: C:/Program Files/Epic Games/4.9/Engine/Content/Tutorial/Installation/InstallingVisualStudioTutorial.uasset: 'C:/Program Files/Epic Games/4.9/Engine/Content/Tutorial/Installation/InstallingVisualStudioTutorial.uasset' is outside repository
[2015.12.03-17.03.56:233][ 78]SourceControl: Info fatal: C:/Program Files/Epic Games/4.9/Engine/Content/Tutorial/InWorldBlueprintEditing/IWBE_Tutorial.uasset: 'C:/Program Files/Epic Games/4.9/Engine/Content/Tutorial/InWorldBlueprintEditing/IWBE_Tutorial.uasset' is outside repository
[2015.12.03-17.03.56:233][ 78]SourceControl: Info fatal: C:/Program Files/Epic Games/4.9/Engine/Content/Tutorial/InWorldBlueprintEditing/TutorialAssets/IWBE_Blutility.uasset: 'C:/Program Files/Epic Games/4.9/Engine/Content/Tutorial/InWorldBlueprintEditing/TutorialAssets/IWBE_Blutility.uasset' is outside repository
[2015.12.03-17.03.56:233][ 78]SourceControl: Info fatal: C:/Program Files/Epic Games/4.9/Engine/Content/Tutorial/Landscape/LandscapeWalkThrough.uasset: 'C:/Program Files/Epic Games/4.9/Engine/Content/Tutorial/Landscape/LandscapeWalkThrough.uasset' is outside repository
[2015.12.03-17.03.56:233][ 78]SourceControl: Info fatal: C:/Program Files/Epic Games/4.9/Engine/Content/Tutorial/Landscape/TutorialAssets/Landscape.uasset: 'C:/Program Files/Epic Games/4.9/Engine/Content/Tutorial/Landscape/TutorialAssets/Landscape.uasset' is outside repository
[2015.12.03-17.03.56:233][ 78]SourceControl: Info fatal: C:/Program Files/Epic Games/4.9/Engine/Content/Tutorial/Mobile/CreatingSigningCertAndProvisionTutorial.uasset: 'C:/Program Files/Epic Games/4.9/Engine/Content/Tutorial/Mobile/CreatingSigningCertAndProvisionTutorial.uasset' is outside repository
[2015.12.03-17.03.56:233][ 78]SourceControl: Info fatal: C:/Program Files/Epic Games/4.9/Engine/Content/Tutorial/Mobile/TutorialAssets/android_Icon.uasset: 'C:/Program Files/Epic Games/4.9/Engine/Content/Tutorial/Mobile/TutorialAssets/android_Icon.uasset' is outside repository
[2015.12.03-17.03.56:233][ 78]SourceControl: Info fatal: C:/Program Files/Epic Games/4.9/Engine/Content/Tutorial/Paper2D/FlipbookEditorTutorial.uasset: 'C:/Program Files/Epic Games/4.9/Engine/Content/Tutorial/Paper2D/FlipbookEditorTutorial.uasset' is outside repository
[2015.12.03-17.03.56:233][ 78]SourceControl: Info fatal: C:/Program Files/Epic Games/4.9/Engine/Content/Tutorial/Paper2D/TutorialAssets/Paper2DFlipbook_TutorialIcon.uasset: 'C:/Program Files/Epic Games/4.9/Engine/Content/Tutorial/Paper2D/TutorialAssets/Paper2DFlipbook_TutorialIcon.uasset' is outside repository
[2015.12.03-17.03.56:233][ 78]SourceControl: Info fatal: C:/Program Files/Epic Games/4.9/Engine/Content/Tutorial/SubEditors/DestructibleMeshEditorTutorial.uasset: 'C:/Program Files/Epic Games/4.9/Engine/Content/Tutorial/SubEditors/DestructibleMeshEditorTutorial.uasset' is outside repository
[2015.12.03-17.03.56:233][ 78]SourceControl: Info fatal: C:/Program Files/Epic Games/4.9/Engine/Content/Tutorial/SubEditors/TutorialAssets/icon_Editor_Preferences_General_40x.uasset: 'C:/Program Files/Epic Games/4.9/Engine/Content/Tutorial/SubEditors/TutorialAssets/icon_Editor_Preferences_General_40x.uasset' is outside repository
[2015.12.03-17.03.56:233][ 78]SourceControl: Info fatal: C:/Program Files/Epic Games/4.9/Engine/Content/Tutorial/SubEditors/TutorialAssets/Character/NewBlendSpace1D.uasset: 'C:/Program Files/Epic Games/4.9/Engine/Content/Tutorial/SubEditors/TutorialAssets/Character/NewBlendSpace1D.uasset' is outside repository
[2015.12.03-17.03.56:233][ 78]SourceControl: Info fatal: C:/Program Files/Epic Games/4.9/Engine/Plugins/2D/Paper2D/Content/DefaultLitSpriteMaterial.uasset: 'C:/Program Files/Epic Games/4.9/Engine/Plugins/2D/Paper2D/Content/DefaultLitSpriteMaterial.uasset' is outside repository
[2015.12.03-17.03.56:233][ 78]SourceControl: Info fatal: C:/Program Files/Epic Games/4.9/Engine/Plugins/2D/Paper2D/Content/PlaceholderTextures/DummySpriteTexture.uasset: 'C:/Program Files/Epic Games/4.9/Engine/Plugins/2D/Paper2D/Content/PlaceholderTextures/DummySpriteTexture.uasset' is outside repository
[2015.12.03-17.03.56:233][ 78]SourceControl: Info fatal: C:/Program Files/Epic Games/4.9/Engine/Plugins/Runtime/LeapMotionController/Content/LM_CapsuleMesh.uasset: 'C:/Program Files/Epic Games/4.9/Engine/Plugins/Runtime/LeapMotionController/Content/LM_CapsuleMesh.uasset' is outside repository
[2015.12.03-17.03.56:233][ 78]SourceControl: Info fatal: C:/Program Files/Epic Games/4.9/Engine/Content/: 'C:/Program Files/Epic Games/4.9/Engine/Content/' is outside repository
[2015.12.03-17.05.42:254][139]LogParticles: Destroying 0 GPU particle simulations for FXSystem 0x00000233A00787C0
[2015.12.03-17.05.42:589][139]LogWindowsTextInputMethodSystem:Display: IME system now deactivated.
[2015.12.03-17.05.42:974][140]Cmd: QUIT_EDITOR
[2015.12.03-17.05.43:382][140]LogExit: Preparing to exit.
[2015.12.03-17.05.44:868][140]LogExit: Editor shut down
[2015.12.03-17.05.44:870][140]LogExit: Transaction tracking system shut down
[2015.12.03-17.05.44:878][140]LogParticles: Destroying 0 GPU particle simulations for FXSystem 0x000002338B5EC720
[2015.12.03-17.05.44:881][140]LogParticles: Destroying 0 GPU particle simulations for FXSystem 0x00000233A08FF880
[2015.12.03-17.05.44:881][140]LogParticles: Destroying 0 GPU particle simulations for FXSystem 0x00000233A0845A80
[2015.12.03-17.05.44:881][140]LogParticles: Destroying 0 GPU particle simulations for FXSystem 0x0000023397C82840
[2015.12.03-17.05.45:179][140]LogExit: Object subsystem successfully closed.
[2015.12.03-17.05.45:201][140]LogD3D11RHI: Shutdown
[2015.12.03-17.05.45:201][140]LogD3D11RHI: CleanupD3DDevice
[2015.12.03-17.05.45:280][140]LogD3D11RHI: ~FD3D11DynamicRHI
[2015.12.03-17.05.45:312][140]LogModuleManager: Shutting down and abandoning module TextureEditor (200)
[2015.12.03-17.05.45:312][140]LogModuleManager: Shutting down and abandoning module BlueprintGraph (199)
[2015.12.03-17.05.45:312][140]LogModuleManager: Shutting down and abandoning module CrashTracker (198)
[2015.12.03-17.05.45:312][140]LogModuleManager: Shutting down and abandoning module SceneOutliner (197)
[2015.12.03-17.05.45:312][140]LogModuleManager: Shutting down and abandoning module SuperSearch (196)
[2015.12.03-17.05.45:312][140]LogModuleManager: Shutting down and abandoning module WidgetCarousel (195)
[2015.12.03-17.05.45:312][140]LogModuleManager: Shutting down and abandoning module AddContentDialog (194)
[2015.12.03-17.05.45:320][140]LogModuleManager: Shutting down and abandoning module EditorWidgets (193)
[2015.12.03-17.05.45:321][140]LogModuleManager: Shutting down and abandoning module CollectionManager (192)
[2015.12.03-17.05.45:321][140]LogModuleManager: Shutting down and abandoning module StatsViewer (191)
[2015.12.03-17.05.45:321][140]LogModuleManager: Shutting down and abandoning module FoliageEdit (190)
[2015.12.03-17.05.45:321][140]LogModuleManager: Shutting down and abandoning module LandscapeEditor (189)
[2015.12.03-17.05.45:321][140]LogModuleManager: Shutting down and abandoning module ActorPickerMode (188)
[2015.12.03-17.05.45:321][140]LogModuleManager: Shutting down and abandoning module GeometryMode (187)
[2015.12.03-17.05.45:321][140]LogModuleManager: Shutting down and abandoning module TextureAlignMode (186)
[2015.12.03-17.05.45:321][140]LogModuleManager: Shutting down and abandoning module BspMode (185)
[2015.12.03-17.05.45:321][140]LogModuleManager: Shutting down and abandoning module PlacementMode (184)
[2015.12.03-17.05.45:321][140]LogModuleManager: Shutting down and abandoning module AutomationWorker (183)
[2015.12.03-17.05.45:321][140]LogModuleManager: Shutting down and abandoning module CharacterAI (182)
[2015.12.03-17.05.45:321][140]LogModuleManager: Shutting down and abandoning module SmartSnapping (181)
[2015.12.03-17.05.45:321][140]LogModuleManager: Shutting down and abandoning module ViewportSnapping (180)
[2015.12.03-17.05.45:321][140]LogModuleManager: Shutting down and abandoning module LogVisualizer (179)
[2015.12.03-17.05.45:322][140]LogModuleManager: Shutting down and abandoning module GameProjectGeneration (178)
[2015.12.03-17.05.45:322][140]LogModuleManager: Shutting down and abandoning module IntroTutorials (177)
[2015.12.03-17.05.45:322][140]LogModuleManager: Shutting down and abandoning module EditorLiveStreaming (176)
[2015.12.03-17.05.45:322][140]LogModuleManager: Shutting down and abandoning module IOSPlatformEditor (175)
[2015.12.03-17.05.45:322][140]LogModuleManager: Shutting down and abandoning module HTML5PlatformEditor (174)
[2015.12.03-17.05.45:322][140]LogModuleManager: Shutting down and abandoning module AndroidDeviceDetection (173)
[2015.12.03-17.05.46:152][140]LogModuleManager: Shutting down and abandoning module AndroidPlatformEditor (172)
[2015.12.03-17.05.46:152][140]LogModuleManager: Shutting down and abandoning module IOSRuntimeSettings (171)
[2015.12.03-17.05.46:152][140]LogModuleManager: Shutting down and abandoning module AndroidRuntimeSettings (170)
[2015.12.03-17.05.46:152][140]LogModuleManager: Shutting down and abandoning module MergeActors (169)
[2015.12.03-17.05.46:152][140]LogModuleManager: Shutting down and abandoning module SizeMap (168)
[2015.12.03-17.05.46:152][140]LogModuleManager: Shutting down and abandoning module TreeMap (167)
[2015.12.03-17.05.46:152][140]LogModuleManager: Shutting down and abandoning module ReferenceViewer (166)
[2015.12.03-17.05.46:152][140]LogModuleManager: Shutting down and abandoning module LocalizationService (165)
[2015.12.03-17.05.46:152][140]LogModuleManager: Shutting down and abandoning module LocalizationDashboard (164)
[2015.12.03-17.05.46:152][140]LogModuleManager: Shutting down and abandoning module HardwareTargeting (163)
[2015.12.03-17.05.46:152][140]LogModuleManager: Shutting down and abandoning module DeviceProfileEditor (162)
[2015.12.03-17.05.46:152][140]LogModuleManager: Shutting down and abandoning module UndoHistory (161)
[2015.12.03-17.05.46:152][140]LogModuleManager: Shutting down and abandoning module GameplayTagsEditor (160)
[2015.12.03-17.05.46:152][140]LogModuleManager: Shutting down and abandoning module UserFeedback (159)
[2015.12.03-17.05.46:152][140]LogModuleManager: Shutting down and abandoning module XmlParser (158)
[2015.12.03-17.05.46:152][140]LogModuleManager: Shutting down and abandoning module Blutility (157)
[2015.12.03-17.05.46:153][140]LogModuleManager: Shutting down and abandoning module ProjectTargetPlatformEditor (156)
[2015.12.03-17.05.46:153][140]LogModuleManager: Shutting down and abandoning module ProjectSettingsViewer (155)
[2015.12.03-17.05.46:153][140]LogModuleManager: Shutting down and abandoning module InputBindingEditor (154)
[2015.12.03-17.05.46:153][140]LogModuleManager: Shutting down and abandoning module EditorSettingsViewer (153)
[2015.12.03-17.05.46:153][140]LogModuleManager: Shutting down and abandoning module SettingsEditor (152)
[2015.12.03-17.05.46:153][140]LogModuleManager: Shutting down and abandoning module ProjectLauncher (151)
[2015.12.03-17.05.46:153][140]LogModuleManager: Shutting down and abandoning module SessionFrontend (150)
[2015.12.03-17.05.46:153][140]LogModuleManager: Shutting down and abandoning module ProfilerClient (149)
[2015.12.03-17.05.46:153][140]LogModuleManager: Shutting down and abandoning module TargetDeviceServices (148)
[2015.12.03-17.05.46:153][140]LogModuleManager: Shutting down and abandoning module DeviceManager (147)
[2015.12.03-17.05.46:154][140]LogModuleManager: Shutting down and abandoning module AutomationController (146)
[2015.12.03-17.05.46:154][140]LogModuleManager: Shutting down and abandoning module AutomationWindow (145)
[2015.12.03-17.05.46:154][140]LogModuleManager: Shutting down and abandoning module Layers (144)
[2015.12.03-17.05.46:154][140]LogModuleManager: Shutting down and abandoning module ComponentVisualizers (143)
[2015.12.03-17.05.46:154][140]LogModuleManager: Shutting down and abandoning module DetailCustomizations (142)
[2015.12.03-17.05.46:154][140]LogModuleManager: Shutting down and abandoning module PackagesDialog (141)
[2015.12.03-17.05.46:160][140]LogModuleManager: Shutting down and abandoning module Persona (140)
[2015.12.03-17.05.46:162][140]LogModuleManager: Shutting down and abandoning module Kismet (139)
[2015.12.03-17.05.46:162][140]LogModuleManager: Shutting down and abandoning module GraphEditor (138)
[2015.12.03-17.05.46:162][140]LogModuleManager: Shutting down and abandoning module ClassViewer (137)
[2015.12.03-17.05.46:162][140]LogModuleManager: Shutting down and abandoning module Toolbox (136)
[2015.12.03-17.05.46:162][140]LogModuleManager: Shutting down and abandoning module ModuleUI (135)
[2015.12.03-17.05.46:162][140]LogModuleManager: Shutting down and abandoning module MovieSceneTools (134)
[2015.12.03-17.05.46:162][140]LogModuleManager: Shutting down and abandoning module OutputLog (133)
[2015.12.03-17.05.46:162][140]LogModuleManager: Shutting down and abandoning module GammaUI (132)
[2015.12.03-17.05.46:162][140]LogModuleManager: Shutting down and abandoning module Documentation (131)
[2015.12.03-17.05.46:162][140]LogModuleManager: Shutting down and abandoning module GameLiveStreaming (130)
[2015.12.03-17.05.46:162][140]LogModuleManager: Shutting down and abandoning module StreamingPauseRendering (129)
[2015.12.03-17.05.46:162][140]LogModuleManager: Shutting down and abandoning module AnalyticsET (128)
[2015.12.03-17.05.46:162][140]LogModuleManager: Shutting down and abandoning module Analytics (127)
[2015.12.03-17.05.46:162][140]LogModuleManager: Shutting down and abandoning module AITestSuite (126)
[2015.12.03-17.05.46:162][140]LogModuleManager: Shutting down and abandoning module GameplayDebugger (125)
[2015.12.03-17.05.46:162][140]LogModuleManager: Shutting down and abandoning module AIModule (124)
[2015.12.03-17.05.46:162][140]LogModuleManager: Shutting down and abandoning module ProfilerService (123)
[2015.12.03-17.05.46:348][140]LogModuleManager: Shutting down and abandoning module TaskGraph (122)
[2015.12.03-17.05.46:348][140]LogModuleManager: Shutting down and abandoning module SlateRemote (121)
[2015.12.03-17.05.46:348][140]LogModuleManager: Shutting down and abandoning module SteamVRController (120)
[2015.12.03-17.05.46:348][140]LogModuleManager: Shutting down and abandoning module SteamVR (119)
[2015.12.03-17.05.46:348][140]LogModuleManager: Shutting down and abandoning module ProceduralMeshComponent (118)
[2015.12.03-17.05.46:348][140]LogModuleManager: Shutting down and abandoning module OculusRift (117)
[2015.12.03-17.05.46:348][140]LogModuleManager: Shutting down and abandoning module OculusLibrary (116)
[2015.12.03-17.05.46:348][140]LogModuleManager: Shutting down and abandoning module LeapMotionController (115)
[2015.12.03-17.05.46:439][140]LogModuleManager: Shutting down and abandoning module CustomMeshComponent (114)
[2015.12.03-17.05.46:439][140]LogModuleManager: Shutting down and abandoning module CableComponent (113)
[2015.12.03-17.05.46:439][140]LogModuleManager: Shutting down and abandoning module ArchVisCharacter (112)
[2015.12.03-17.05.46:439][140]LogModuleManager: Shutting down and abandoning module MessagingDebugger (111)
[2015.12.03-17.05.46:439][140]LogModuleManager: Shutting down and abandoning module MediaPlayerEditor (110)
[2015.12.03-17.05.46:439][140]LogModuleManager: Shutting down and abandoning module HTML5Networking (109)
[2015.12.03-17.05.46:439][140]LogModuleManager: Shutting down and abandoning module SpeedTreeImporter (108)
[2015.12.03-17.05.46:439][140]LogModuleManager: Shutting down and abandoning module PluginBrowser (107)
[2015.12.03-17.05.46:439][140]LogModuleManager: Shutting down and abandoning module EpicSurvey (106)
[2015.12.03-17.05.46:439][140]LogModuleManager: Shutting down and abandoning module DesktopPlatform (105)
[2015.12.03-17.05.46:439][140]LogModuleManager: Shutting down and abandoning module VisualStudioSourceCodeAccess (104)
[2015.12.03-17.05.46:439][140]LogModuleManager: Shutting down and abandoning module UObjectPlugin (103)
[2015.12.03-17.05.46:439][140]LogModuleManager: Shutting down and abandoning module SubversionSourceControl (102)
[2015.12.03-17.05.46:439][140]LogModuleManager: Shutting down and abandoning module PerforceSourceControl (101)
[2015.12.03-17.05.46:439][140]LogModuleManager: Shutting down and abandoning module SourceControl (100)
[2015.12.03-17.05.46:439][140]LogModuleManager: Shutting down and abandoning module GitSourceControl (99)
[2015.12.03-17.05.46:439][140]LogModuleManager: Shutting down and abandoning module LightPropagationVolumeEditor (98)
[2015.12.03-17.05.46:439][140]LogModuleManager: Shutting down and abandoning module PaperTiledImporter (97)
[2015.12.03-17.05.46:439][140]LogModuleManager: Shutting down and abandoning module PaperSpriteSheetImporter (96)
[2015.12.03-17.05.46:439][140]LogModuleManager: Shutting down and abandoning module MeshPaint (95)
[2015.12.03-17.05.46:439][140]LogModuleManager: Shutting down and abandoning module SlateReflector (94)
[2015.12.03-17.05.46:440][140]LogModuleManager: Shutting down and abandoning module HotReload (93)
[2015.12.03-17.05.46:440][140]LogModuleManager: Shutting down and abandoning module MainFrame (92)
[2015.12.03-17.05.46:440][140]LogModuleManager: Shutting down and abandoning module LevelEditor (91)
[2015.12.03-17.05.46:444][140]LogModuleManager: Shutting down and abandoning module DirectoryWatcher (90)
[2015.12.03-17.05.46:463][140]LogModuleManager: Shutting down and abandoning module AssetRegistry (89)
[2015.12.03-17.05.46:596][140]LogModuleManager: Shutting down and abandoning module ContentBrowser (88)
[2015.12.03-17.05.46:598][140]LogModuleManager: Shutting down and abandoning module Paper2DEditor (87)
[2015.12.03-17.05.46:598][140]LogModuleManager: Shutting down and abandoning module Game_GT (86)
[2015.12.03-17.05.46:598][140]LogModuleManager: Shutting down and abandoning module UdpMessaging (85)
[2015.12.03-17.05.46:698][140]LogModuleManager: Shutting down and abandoning module LightPropagationVolumeRuntime (84)
[2015.12.03-17.05.46:698][140]LogModuleManager: Shutting down and abandoning module Paper2D (83)
[2015.12.03-17.05.46:698][140]LogModuleManager: Shutting down and abandoning module WindowsMoviePlayer (82)
[2015.12.03-17.05.46:702][140]LogModuleManager: Shutting down and abandoning module Media (81)
[2015.12.03-17.05.46:702][140]LogModuleManager: Shutting down and abandoning module WmfMedia (80)
[2015.12.03-17.05.46:703][140]LogModuleManager: Shutting down and abandoning module OnlineBlueprintSupport (79)
[2015.12.03-17.05.46:703][140]LogModuleManager: Shutting down and abandoning module GameplayTasksEditor (78)
[2015.12.03-17.05.46:703][140]LogModuleManager: Shutting down and abandoning module PropertyEditor (77)
[2015.12.03-17.05.46:703][140]LogModuleManager: Shutting down and abandoning module BehaviorTreeEditor (76)
[2015.12.03-17.05.46:703][140]LogModuleManager: Shutting down and abandoning module FunctionalTesting (75)
[2015.12.03-17.05.46:703][140]LogModuleManager: Shutting down and abandoning module CollisionAnalyzer (74)
[2015.12.03-17.05.46:703][140]LogModuleManager: Shutting down and abandoning module WorkspaceMenuStructure (73)
[2015.12.03-17.05.46:703][140]LogModuleManager: Shutting down and abandoning module MessageLog (72)
[2015.12.03-17.05.46:703][140]LogModuleManager: Shutting down and abandoning module Sequencer (71)
[2015.12.03-17.05.46:703][140]LogModuleManager: Shutting down and abandoning module AssetTools (70)
[2015.12.03-17.05.46:703][140]LogModuleManager: Shutting down and abandoning module UMGEditor (69)
[2015.12.03-17.05.46:703][140]LogModuleManager: Shutting down and abandoning module UMG (68)
[2015.12.03-17.05.46:703][140]LogModuleManager: Shutting down and abandoning module Slate (67)
[2015.12.03-17.05.46:703][140]LogModuleManager: Shutting down and abandoning module EditorStyle (66)
[2015.12.03-17.05.46:707][140]LogModuleManager: Shutting down and abandoning module SessionServices (65)
[2015.12.03-17.05.46:707][140]LogModuleManager: Shutting down and abandoning module SourceCodeAccess (64)
[2015.12.03-17.05.46:707][140]LogModuleManager: Shutting down and abandoning module HeadMountedDisplay (63)
[2015.12.03-17.05.46:707][140]LogModuleManager: Shutting down and abandoning module XAudio2 (62)
[2015.12.03-17.05.46:707][140]LogModuleManager: Shutting down and abandoning module Networking (60)
[2015.12.03-17.05.46:707][140]LogModuleManager: Shutting down and abandoning module Core (59)
[2015.12.03-17.05.46:707][140]LogModuleManager: Shutting down and abandoning module KismetCompiler (58)
[2015.12.03-17.05.46:707][140]LogModuleManager: Shutting down and abandoning module PhysXFormats (57)
[2015.12.03-17.05.46:707][140]LogModuleManager: Shutting down and abandoning module MeshUtilities (56)
[2015.12.03-17.05.46:707][140]LogModuleManager: Shutting down and abandoning module CookingStats (55)
[2015.12.03-17.05.46:708][140]LogModuleManager: Shutting down and abandoning module DerivedDataCache (54)
[2015.12.03-17.05.46:793][140]LogDerivedDataCache: Shutdown
[2015.12.03-17.05.46:793][140]LogModuleManager: Shutting down and abandoning module ShaderFormatOpenGL (53)
[2015.12.03-17.05.46:794][140]LogModuleManager: Shutting down and abandoning module ShaderFormatD3D (52)
[2015.12.03-17.05.46:794][140]LogModuleManager: Shutting down and abandoning module MetalShaderFormat (51)
[2015.12.03-17.05.46:794][140]LogModuleManager: Shutting down and abandoning module TextureFormatUncompressed (50)
[2015.12.03-17.05.46:794][140]LogModuleManager: Shutting down and abandoning module TextureFormatPVR (49)
[2015.12.03-17.05.46:794][140]LogModuleManager: Shutting down and abandoning module TextureFormatIntelISPCTexComp (48)
[2015.12.03-17.05.46:794][140]LogModuleManager: Shutting down and abandoning module TextureFormatDXT (47)
[2015.12.03-17.05.46:794][140]LogModuleManager: Shutting down and abandoning module ImageWrapper (46)
[2015.12.03-17.05.46:794][140]LogModuleManager: Shutting down and abandoning module TextureFormatASTC (45)
[2015.12.03-17.05.46:794][140]LogModuleManager: Shutting down and abandoning module TextureFormatAndroid (44)
[2015.12.03-17.05.46:794][140]LogModuleManager: Shutting down and abandoning module AudioFormatOpus (43)
[2015.12.03-17.05.46:794][140]LogModuleManager: Shutting down and abandoning module AudioFormatOgg (42)
[2015.12.03-17.05.46:794][140]LogModuleManager: Shutting down and abandoning module AudioFormatADPCM (41)
[2015.12.03-17.05.46:794][140]LogModuleManager: Shutting down and abandoning module LinuxTargetPlatform (40)
[2015.12.03-17.05.46:794][140]LogModuleManager: Shutting down and abandoning module LinuxServerTargetPlatform (39)
[2015.12.03-17.05.46:794][140]LogModuleManager: Shutting down and abandoning module LinuxNoEditorTargetPlatform (38)
[2015.12.03-17.05.46:794][140]LogModuleManager: Shutting down and abandoning module Messaging (37)
[2015.12.03-17.05.46:794][140]LogModuleManager: Shutting down and abandoning module IOSTargetPlatform (36)
[2015.12.03-17.05.46:794][140]LogModuleManager: Shutting down and abandoning module HTML5TargetPlatform (35)
[2015.12.03-17.05.46:794][140]LogModuleManager: Shutting down and abandoning module Android_PVRTCTargetPlatform (34)
[2015.12.03-17.05.46:794][140]LogModuleManager: Shutting down and abandoning module Android_ETC2TargetPlatform (33)
[2015.12.03-17.05.46:794][140]LogModuleManager: Shutting down and abandoning module Android_ETC1TargetPlatform (32)
[2015.12.03-17.05.46:794][140]LogModuleManager: Shutting down and abandoning module Android_DXTTargetPlatform (31)
[2015.12.03-17.05.46:794][140]LogModuleManager: Shutting down and abandoning module Android_ATCTargetPlatform (30)
[2015.12.03-17.05.46:794][140]LogModuleManager: Shutting down and abandoning module Android_ASTCTargetPlatform (29)
[2015.12.03-17.05.46:794][140]LogModuleManager: Shutting down and abandoning module AndroidTargetPlatform (28)
[2015.12.03-17.05.46:794][140]LogModuleManager: Shutting down and abandoning module WindowsTargetPlatform (27)
[2015.12.03-17.05.46:795][140]LogModuleManager: Shutting down and abandoning module WindowsServerTargetPlatform (26)
[2015.12.03-17.05.46:795][140]LogModuleManager: Shutting down and abandoning module WindowsNoEditorTargetPlatform (25)
[2015.12.03-17.05.46:795][140]LogModuleManager: Shutting down and abandoning module WindowsClientTargetPlatform (24)
[2015.12.03-17.05.46:795][140]LogModuleManager: Shutting down and abandoning module AllDesktopTargetPlatform (23)
[2015.12.03-17.05.46:795][140]LogModuleManager: Shutting down and abandoning module TargetPlatform (22)
[2015.12.03-17.05.46:795][140]LogModuleManager: Shutting down and abandoning module InputCore (21)
[2015.12.03-17.05.46:795][140]LogModuleManager: Shutting down and abandoning module Settings (20)
[2015.12.03-17.05.46:795][140]LogModuleManager: Shutting down and abandoning module OnlineSubsystem (18)
[2015.12.03-17.05.46:795][140]LogModuleManager: Shutting down and abandoning module HTTP (17)
[2015.12.03-17.05.48:799][140]LogModuleManager: Shutting down and abandoning module XMPP (16)
[2015.12.03-17.05.48:799][140]LogModuleManager: Shutting down and abandoning module ExampleDeviceProfileSelector (15)
[2015.12.03-17.05.48:799][140]LogModuleManager: Shutting down and abandoning module TextureCompressor (14)
[2015.12.03-17.05.48:800][140]LogModuleManager: Shutting down and abandoning module ShaderCore (13)
[2015.12.03-17.05.48:800][140]LogModuleManager: Shutting down and abandoning module Landscape (12)
[2015.12.03-17.05.48:800][140]LogModuleManager: Shutting down and abandoning module SlateRHIRenderer (11)
[2015.12.03-17.05.48:809][140]LogModuleManager: Shutting down and abandoning module OpenGLDrv (10)
[2015.12.03-17.05.48:810][140]LogModuleManager: Shutting down and abandoning module D3D11RHI (9)
[2015.12.03-17.05.48:810][140]LogModuleManager: Shutting down and abandoning module AnimGraphRuntime (8)
[2015.12.03-17.05.48:810][140]LogModuleManager: Shutting down and abandoning module Renderer (7)
[2015.12.03-17.05.48:810][140]LogModuleManager: Shutting down and abandoning module Engine (6)
[2015.12.03-17.05.48:810][140]LogModuleManager: Shutting down and abandoning module CoreUObject (5)
[2015.12.03-17.05.48:810][140]LogModuleManager: Shutting down and abandoning module NetworkFile (4)
[2015.12.03-17.05.48:810][140]LogModuleManager: Shutting down and abandoning module StreamingFile (3)
[2015.12.03-17.05.48:810][140]LogModuleManager: Shutting down and abandoning module SandboxFile (2)
[2015.12.03-17.05.48:810][140]LogModuleManager: Shutting down and abandoning module PakFile (1)
[2015.12.03-17.05.48:811][140]LogExit: Exiting.
[2015.12.03-17.05.48:816][140]Log file closed, 12/03/15 12:05:48
