[2016.02.19-15.52.03:515][  0]Log file open, 02/19/16 10:52:03
[2016.02.19-15.52.03:515][  0]LogInit:Display: Running engine for game: Game_GT
[2016.02.19-15.52.03:515][  0]LogPlatformFile: Not using cached read wrapper
[2016.02.19-15.52.03:515][  0]LogInit:Display: RandInit(1828249529) SRandInit(1828249532).
[2016.02.19-15.52.03:515][  0]LogTaskGraph: Started task graph with 4 named threads and 7 total threads.
[2016.02.19-15.52.03:515][  0]LogStats: Stats thread started at 0.520793
[2016.02.19-15.52.03:515][  0]LogInit: Version: 4.10.1-2791327+++depot+UE4-Releases+4.10
[2016.02.19-15.52.03:515][  0]LogInit: API Version: 2758231
[2016.02.19-15.52.03:516][  0]LogInit: Compiled (64-bit): Dec  4 2015 19:44:40
[2016.02.19-15.52.03:516][  0]LogInit: Compiled with Visual C++: 19.00.23026.00
[2016.02.19-15.52.03:516][  0]LogInit: Build Configuration: Development
[2016.02.19-15.52.03:516][  0]LogInit: Branch Name: ++depot+UE4-Releases+4.10
[2016.02.19-15.52.03:516][  0]LogInit: Command line:  
[2016.02.19-15.52.03:516][  0]LogInit: Base directory: C:/Program Files (x86)/Epic Games/4.10/Engine/Binaries/Win64/
[2016.02.19-15.52.03:516][  0]LogInit: Rocket: 1
[2016.02.19-15.52.03:543][  0]LogInit: Using libcurl 7.41.0
[2016.02.19-15.52.03:543][  0]LogInit:  - built for x86_64-pc-win32
[2016.02.19-15.52.03:543][  0]LogInit:  - supports SSL with WinSSL
[2016.02.19-15.52.03:543][  0]LogInit:  - other features:
[2016.02.19-15.52.03:543][  0]LogInit:      CURL_VERSION_SSL
[2016.02.19-15.52.03:543][  0]LogInit:      CURL_VERSION_IPV6
[2016.02.19-15.52.03:543][  0]LogInit:      CURL_VERSION_ASYNCHDNS
[2016.02.19-15.52.03:543][  0]LogInit:      CURL_VERSION_LARGEFILE
[2016.02.19-15.52.03:543][  0]LogInit:      CURL_VERSION_IDN
[2016.02.19-15.52.03:544][  0]LogInit:  CurlRequestOptions (configurable via config and command line):
[2016.02.19-15.52.03:545][  0]LogInit:  - bVerifyPeer = true  - Libcurl will verify peer certificate
[2016.02.19-15.52.03:545][  0]LogInit:  - bUseHttpProxy = false  - Libcurl will NOT use HTTP proxy
[2016.02.19-15.52.03:545][  0]LogInit:  - bDontReuseConnections = false  - Libcurl will reuse connections
[2016.02.19-15.52.03:545][  0]LogInit:  - CertBundlePath = nullptr  - Libcurl will use whatever was configured at build time.
[2016.02.19-15.52.03:586][  0]LogInit: Presizing for 0 objects not considered by GC, pre-allocating 0 bytes.
[2016.02.19-15.52.03:597][  0]LogInit: Object subsystem initialized
[2016.02.19-15.52.03:611][  0]LogInit: Selected Device Profile: [Windows]
[2016.02.19-15.52.03:611][  0]LogInit: Applying CVar settings loaded from the selected device profile: [Windows]
[2016.02.19-15.52.03:630][  0]LogInit: Computer: APPLEEATER-V2
[2016.02.19-15.52.03:630][  0]LogInit: User: dacos
[2016.02.19-15.52.03:630][  0]LogInit: CPU Page size=4096, Cores=4
[2016.02.19-15.52.03:630][  0]LogInit: High frequency timer resolution =2.533209 MHz
[2016.02.19-15.52.03:631][  0]LogMemory: Memory total: Physical=11.9GB (12GB approx)
[2016.02.19-15.52.03:631][  0]LogMemory: Platform Memory Stats for Windows
[2016.02.19-15.52.03:631][  0]LogMemory: Process Physical Memory: 59.39 MB used, 59.39 MB peak
[2016.02.19-15.52.03:631][  0]LogMemory: Process Virtual Memory: 56.90 MB used, 56.90 MB peak
[2016.02.19-15.52.03:631][  0]LogMemory: Physical Memory: 3655.83 MB used, 12177.01 MB total
[2016.02.19-15.52.03:631][  0]LogMemory: Virtual Memory: 382.77 MB used, 134217728.00 MB total
[2016.02.19-15.52.03:892][  0]LogTextLocalizationManager: No specific translations for ('en-US') exist, so ('en') translations will be used.
[2016.02.19-15.52.04:350][  0]LogD3D11RHI: Found D3D11 adapter 0: NVIDIA GeForce GTX 960M        (Feature Level 11_0)
[2016.02.19-15.52.04:350][  0]LogD3D11RHI: Adapter has 1995MB of dedicated video memory, 0MB of dedicated system memory, and 6088MB of shared system memory, 1 output[s]
[2016.02.19-15.52.04:357][  0]LogD3D11RHI: Found D3D11 adapter 1: Intel(R) HD Graphics 4600 (Feature Level 11_0)
[2016.02.19-15.52.04:357][  0]LogD3D11RHI: Adapter has 112MB of dedicated video memory, 0MB of dedicated system memory, and 6088MB of shared system memory, 0 output[s]
[2016.02.19-15.52.04:359][  0]LogD3D11RHI: Found D3D11 adapter 2: Microsoft Basic Render Driver (Feature Level 11_0)
[2016.02.19-15.52.04:359][  0]LogD3D11RHI: Adapter has 0MB of dedicated video memory, 0MB of dedicated system memory, and 6088MB of shared system memory, 0 output[s]
[2016.02.19-15.52.04:359][  0]LogD3D11RHI: Chosen D3D11 Adapter Id = 0
[2016.02.19-15.52.04:364][  0]LogD3D11RHI: !Direct3DDevice
[2016.02.19-15.52.04:364][  0]LogRHI: Texture pool is 1361 MB (70% of 1945 MB)
[2016.02.19-15.52.04:388][  0]LogD3D11RHI: Async texture creation enabled
[2016.02.19-15.52.04:907][  0]LogShaderCompilers: Guid format shader working directory is -27 characters bigger than the processId version (../../../../../../Users/dacos/OneDrive/Documents/Unreal Projects/Game_GT/Intermediate/Shaders/WorkingDirectory/10288/).
[2016.02.19-15.52.04:907][  0]LogShaderCompilers: Cleaned the shader compiler working directory 'C:/Users/dacos/AppData/Local/Temp/UnrealShaderWorkingDir/B7061E1A47854BA4824B33A834998C17/'.
[2016.02.19-15.52.04:908][  0]LogShaderCompilers:Display: Using Local Shader Compiler.
[2016.02.19-15.52.06:833][  0]LogTemp:Display: Loaded TP AllDesktopTargetPlatform
[2016.02.19-15.52.06:837][  0]LogTemp:Display: Loaded TP WindowsClientTargetPlatform
[2016.02.19-15.52.06:841][  0]LogTemp:Display: Loaded TP WindowsNoEditorTargetPlatform
[2016.02.19-15.52.06:848][  0]LogTemp:Display: Loaded TP WindowsServerTargetPlatform
[2016.02.19-15.52.06:854][  0]LogTemp:Display: Loaded TP WindowsTargetPlatform
[2016.02.19-15.52.06:860][  0]LogTemp:Display: Loaded TP AndroidTargetPlatform
[2016.02.19-15.52.06:863][  0]LogTemp:Display: Loaded TP Android_ASTCTargetPlatform
[2016.02.19-15.52.06:868][  0]LogTemp:Display: Loaded TP Android_ATCTargetPlatform
[2016.02.19-15.52.06:872][  0]LogTemp:Display: Loaded TP Android_DXTTargetPlatform
[2016.02.19-15.52.06:876][  0]LogTemp:Display: Loaded TP Android_ETC1TargetPlatform
[2016.02.19-15.52.06:880][  0]LogTemp:Display: Loaded TP Android_ETC2TargetPlatform
[2016.02.19-15.52.06:889][  0]LogTemp:Display: Loaded TP Android_MultiTargetPlatform
[2016.02.19-15.52.06:889][  0]LogTemp:Display: Loaded TP Android_PVRTCTargetPlatform
[2016.02.19-15.52.06:890][  0]LogTemp:Display: Loaded TP HTML5TargetPlatform
[2016.02.19-15.52.06:934][  0]LogTemp:Display: Loaded TP IOSTargetPlatform
[2016.02.19-15.52.06:938][  0]LogTemp:Display: Loaded TP LinuxNoEditorTargetPlatform
[2016.02.19-15.52.06:941][  0]LogTemp:Display: Loaded TP LinuxServerTargetPlatform
[2016.02.19-15.52.06:948][  0]LogTemp:Display: Loaded TP LinuxTargetPlatform
[2016.02.19-15.52.06:948][  0]LogTargetPlatformManager:Display: Building Assets For Windows
[2016.02.19-15.52.07:235][  0]LogDerivedDataCache:Display: Max Cache Size: 512 MB
[2016.02.19-15.52.07:433][  0]LogDerivedDataCache: Loaded boot cache 0.20s 42MB C:/Users/dacos/AppData/Local/UnrealEngine/4.10/DerivedDataCache/Boot.ddc.
[2016.02.19-15.52.07:433][  0]LogDerivedDataCache:Display: Loaded Boot cache: C:/Users/dacos/AppData/Local/UnrealEngine/4.10/DerivedDataCache/Boot.ddc
[2016.02.19-15.52.07:434][  0]LogDerivedDataCache: FDerivedDataBackendGraph:  Pak pak cache file ../../../../../../Users/dacos/OneDrive/Documents/Unreal Projects/Game_GT/DerivedDataCache/DDC.ddp not found, will not use a pak cache.
[2016.02.19-15.52.07:434][  0]LogDerivedDataCache: Unable to find inner node Pak for hierarchical cache Hierarchy.
[2016.02.19-15.52.07:434][  0]LogDerivedDataCache: FDerivedDataBackendGraph:  CompressedPak pak cache file ../../../../../../Users/dacos/OneDrive/Documents/Unreal Projects/Game_GT/DerivedDataCache/Compressed.ddp not found, will not use a pak cache.
[2016.02.19-15.52.07:434][  0]LogDerivedDataCache: Unable to find inner node CompressedPak for hierarchical cache Hierarchy.
[2016.02.19-15.52.07:510][  0]LogDerivedDataCache:Display: Pak cache opened for reading ../../../Engine/DerivedDataCache/Compressed.ddp.
[2016.02.19-15.52.07:522][  0]LogDerivedDataCache: Using Local data cache path C:/Users/dacos/AppData/Local/UnrealEngine/Common/DerivedDataCache: Writable
[2016.02.19-15.52.10:009][  0]LogInit: Selected Device Profile: [Windows]
[2016.02.19-15.52.10:017][  0]LogContentStreaming: Texture pool size is 0.000000MB
[2016.02.19-15.52.10:224][  0]LogMeshUtilities: No automatic mesh reduction module available
[2016.02.19-15.52.10:224][  0]LogMeshUtilities: No automatic mesh merging module available
[2016.02.19-15.52.10:837][  0]LogInit: WinSock: version 1.1 (2.2), MaxSocks=32767, MaxUdp=65467
[2016.02.19-15.52.12:898][  0]UdpMessaging: Initializing bridge on interface 0.0.0.0:0 to multicast group 230.0.0.1:6666.
[2016.02.19-15.52.12:976][  0]LogLinker:Warning: Asset '../../../../../../Users/dacos/OneDrive/Documents/Unreal Projects/Game_GT/Content/Mannequin/Animations/ThirdPerson_AnimBP.uasset' has been saved with empty engine version. The asset will be loaded but may be incompatible.
[2016.02.19-15.52.12:981][  0]LogLinker:Warning: Asset '../../../../../../Users/dacos/OneDrive/Documents/Unreal Projects/Game_GT/Content/Mannequin/Animations/ThirdPerson_Jump.uasset' has been saved with empty engine version. The asset will be loaded but may be incompatible.
[2016.02.19-15.52.12:988][  0]LogLinker:Warning: Asset '../../../../../../Users/dacos/OneDrive/Documents/Unreal Projects/Game_GT/Content/Mannequin/Animations/ThirdPersonJump_Loop.uasset' has been saved with empty engine version. The asset will be loaded but may be incompatible.
[2016.02.19-15.52.12:993][  0]LogLinker:Warning: Asset '../../../../../../Users/dacos/OneDrive/Documents/Unreal Projects/Game_GT/Content/Mannequin/Animations/ThirdPersonJump_Start.uasset' has been saved with empty engine version. The asset will be loaded but may be incompatible.
[2016.02.19-15.52.12:998][  0]LogLinker:Warning: Asset '../../../../../../Users/dacos/OneDrive/Documents/Unreal Projects/Game_GT/Content/Mannequin/Animations/ThirdPerson_IdleRun_2D.uasset' has been saved with empty engine version. The asset will be loaded but may be incompatible.
[2016.02.19-15.52.13:003][  0]LogLinker:Warning: Asset '../../../../../../Users/dacos/OneDrive/Documents/Unreal Projects/Game_GT/Content/Mannequin/Animations/ThirdPersonIdle.uasset' has been saved with empty engine version. The asset will be loaded but may be incompatible.
[2016.02.19-15.52.13:009][  0]LogLinker:Warning: Asset '../../../../../../Users/dacos/OneDrive/Documents/Unreal Projects/Game_GT/Content/Mannequin/Animations/ThirdPersonRun.uasset' has been saved with empty engine version. The asset will be loaded but may be incompatible.
[2016.02.19-15.52.13:015][  0]LogLinker:Warning: Asset '../../../../../../Users/dacos/OneDrive/Documents/Unreal Projects/Game_GT/Content/Mannequin/Animations/ThirdPersonWalk.uasset' has been saved with empty engine version. The asset will be loaded but may be incompatible.
[2016.02.19-15.52.13:533][  0]LogAssetRegistry: FAssetRegistry took 0.0129 seconds to start up
[2016.02.19-15.52.13:888][  0]SourceControl: Info Source control is disabled
[2016.02.19-15.52.14:723][  0]LogObj: 31636 objects as part of root set at end of initial load.
[2016.02.19-15.52.14:723][  0]LogUObjectAllocator: 7168912 out of 0 bytes used by permanent object pool.
[2016.02.19-15.52.14:822][  0]LogEngine: Initializing Engine...
[2016.02.19-15.52.14:825][  0]LogHMD: Can't find Oculus library dev build: is proper Runtime installed? Version: 0.8.0.0
[2016.02.19-15.52.14:834][  0]LogHMD: SteamVR failed to initialize.  Err: 110
[2016.02.19-15.52.15:049][  0]LogAIModule: Creating AISystem for world NewWorld
[2016.02.19-15.52.15:077][  0]LogInit: XAudio2 using 'Speakers (Realtek High Definition Audio)' : 2 channels at 48 kHz using 32 bits per sample (channel mask 0x3)
[2016.02.19-15.52.15:090][  0]LogInit: FAudioDevice initialized.
[2016.02.19-15.52.15:113][  0]LogDerivedDataCache: Saved boot cache 0.02s 42MB C:/Users/dacos/AppData/Local/UnrealEngine/4.10/DerivedDataCache/Boot.ddc.
[2016.02.19-15.52.15:118][  0]LogInit: Texture streaming: Enabled
[2016.02.19-15.52.15:139][  0]LogAnalytics: Creating configured Analytics provider AnalyticsET
[2016.02.19-15.52.15:139][  0]LogAnalytics: [UEEditor.Rocket.Release] APIServer = http://et2.epicgames.com/ET2/. AppVersion = 4.10.1-2791327+++depot+UE4-Releases+4.10
[2016.02.19-15.52.15:139][  0]LogAnalytics: [UEEditor.Rocket.Release] SetUserId 7271a55c42ba7649a468ef8135f6e487|72e7fe8abf234c00b7d4ff8eb3462f9c|ed1d22c6-da52-4d8a-a8db-03a689afc6c5
[2016.02.19-15.52.15:139][  0]LogAnalytics: [UEEditor.Rocket.Release] AnalyticsET::StartSession
[2016.02.19-15.52.15:158][  0]LogWindowsTextInputMethodSystem:Display: IME system now deactivated.
[2016.02.19-15.52.15:184][  0]LogInit: Transaction tracking system initialized
[2016.02.19-15.52.15:252][  0]BlueprintLog: New page: Editor Load
[2016.02.19-15.52.15:465][  0]LocalizationService: Info Localization service is disabled
[2016.02.19-15.52.15:595][  0]LogConsoleResponse:Display: 
[2016.02.19-15.52.15:787][  0]LogCook:Display: Done creating registry. It took  0.00s.
[2016.02.19-15.52.16:051][  0]LogFileCache: Scanning file cache for directory 'C:/Users/dacos/OneDrive/Documents/Unreal Projects/Game_GT/Content/' took 0.02s
[2016.02.19-15.52.16:051][  0]Cmd: MAP LOAD FILE="../../../../../../Users/dacos/OneDrive/Documents/Unreal Projects/Game_GT/Content/TopDownCPP/Maps/TopDownExampleMap.umap" TEMPLATE=0 SHOWPROGRESS=1 FEATURELEVEL=3
[2016.02.19-15.52.16:054][  0]LightingResults: New page: Lighting Build
[2016.02.19-15.52.16:062][  0]MapCheck: New page: Map Check
[2016.02.19-15.52.16:062][  0]LightingResults: New page: Lighting Build
[2016.02.19-15.52.16:080][  0]LogParticles: Destroying 0 GPU particle simulations for FXSystem 0x0000023DD1949B20
[2016.02.19-15.52.16:465][  0]LogClass:Warning: Type mismatch in DialogueNumber of HPBar_C - Previous (IntProperty) Current(StrProperty) for package:  FObjectReader
[2016.02.19-15.52.16:838][  0]LogBlueprint:Warning: [ConversationTestNPC] CreatePinForVariable: 'ConversationPage' variable not found. Base class was probably changed.
[2016.02.19-15.52.16:839][  0]LogBlueprint:Warning: [ConversationTestNPC] CreatePinForVariable: 'ConversationPage' variable not found. Base class was probably changed.
[2016.02.19-15.52.16:839][  0]LogBlueprint:Warning: [ConversationTestNPC] CreatePinForVariable: 'ConversationPage' variable not found. Base class was probably changed.
[2016.02.19-15.52.16:840][  0]LogBlueprint:Warning: [ConversationTestNPC] CreatePinForVariable: 'ConversationPage' variable not found. Base class was probably changed.
[2016.02.19-15.52.16:846][  0]LogBlueprint:Warning: [compiler ConversationTestNPC] Warning Could not find a variable named "ConversationPage" in 'HPBar_C'.
Make sure 'HPBar_C' has been compiled for  Get ConversationPage 
[2016.02.19-15.52.16:868][  0]LogBlueprint:Warning: [compiler ConversationTestNPC] Warning Could not find a variable named "ConversationPage" in 'HPBar_C'.
Make sure 'HPBar_C' has been compiled for  Get ConversationPage 
[2016.02.19-15.52.16:868][  0]LogBlueprint:Warning: [compiler ConversationTestNPC] Warning Could not find a variable named "ConversationPage" in 'HPBar_C'.
Make sure 'HPBar_C' has been compiled for  Set ConversationPage 
[2016.02.19-15.52.16:869][  0]LogBlueprint:Error: [compiler ConversationTestNPC] Error The property associated with  Conversation Page  could not be found
[2016.02.19-15.52.16:873][  0]LogBlueprint:Error: [compiler ConversationTestNPC] Error The property associated with  Conversation Page  could not be found
[2016.02.19-15.52.16:873][  0]LogBlueprint:Error: [compiler ConversationTestNPC] Error The property associated with  Conversation Page  could not be found
[2016.02.19-15.52.16:890][  0]LogBlueprint:Warning: [compiler ConversationTestNPC] Warning [0015.52] Compile of ConversationTestNPC failed. 3 Fatal Issue(s) 3 Warning(s) [in 49 ms]
[2016.02.19-15.52.16:891][  0]LogBlueprint:Warning: [compiler ConversationTestNPC] Warning [0015.52] Compile of ConversationTestNPC failed. 3 Fatal Issue(s) 4 Warning(s) [in 0 ms]
[2016.02.19-15.52.16:891][  0]LogBlueprint:Warning: [compiler ConversationTestNPC] Warning [0015.52] Compile of ConversationTestNPC failed. 3 Fatal Issue(s) 5 Warning(s) [in 0 ms]
[2016.02.19-15.52.16:944][  0]LogBlueprint:Warning: [ConversationTestNPC] CreatePinForVariable: 'ConversationPage' variable not found. Base class was probably changed.
[2016.02.19-15.52.16:944][  0]LogBlueprint:Warning: [ConversationTestNPC] CreatePinForVariable: 'ConversationPage' variable not found. Base class was probably changed.
[2016.02.19-15.52.16:944][  0]LogBlueprint:Warning: [ConversationTestNPC] CreatePinForVariable: 'ConversationPage' variable not found. Base class was probably changed.
[2016.02.19-15.52.16:945][  0]LogBlueprint:Warning: [ConversationTestNPC] CreatePinForVariable: 'ConversationPage' variable not found. Base class was probably changed.
[2016.02.19-15.52.17:368][  0]LogTexture:Display: Building textures: MeetingRoomLeft (AutoDXT)
[2016.02.19-15.52.17:377][  0]LogTexture:Display: Building textures: MeetingRoomBack (AutoDXT)
[2016.02.19-15.52.17:589][  0]LogTexture:Display: Building textures: MeetingRoomRight (AutoDXT)
[2016.02.19-15.52.17:639][  0]LogAIModule: Creating AISystem for world TopDownExampleMap
[2016.02.19-15.52.17:735][  0]LogEditorServer: Finished looking for orphan Actors (0.000 secs)
[2016.02.19-15.52.17:739][  0]Cmd: MAP CHECKDEP NOCLEARLOG
[2016.02.19-15.52.17:791][  0]MapCheck: Info Map check complete: 0 Error(s), 0 Warning(s), took 52.088ms to complete.
[2016.02.19-15.52.17:791][  0]LogFileHelpers: Loading map 'TopDownExampleMap' took 1.741
[2016.02.19-15.52.17:943][  0]LogCollectionManager: Loaded 0 collections in 0.002636 seconds
[2016.02.19-15.52.17:999][  0]LogFileCache: Scanning file cache for directory 'C:/Users/dacos/OneDrive/Documents/Unreal Projects/Game_GT/Saved/Collections/' took 0.01s
[2016.02.19-15.52.17:999][  0]LogFileCache: Scanning file cache for directory 'C:/Users/dacos/OneDrive/Documents/Unreal Projects/Game_GT/Content/Developers/dacos/Collections/' took 0.01s
[2016.02.19-15.52.17:999][  0]LogFileCache: Scanning file cache for directory 'C:/Users/dacos/OneDrive/Documents/Unreal Projects/Game_GT/Content/Collections/' took 0.01s
[2016.02.19-15.52.17:999][  0]LogCollectionManager: Rebuilt the GUID cache for 0 collections in 0.000006 seconds
[2016.02.19-15.52.18:010][  0]LogContentBrowser: Native class hierarchy populated in 0.0102 seconds. Added 1897 classes and 340 folders.
[2016.02.19-15.52.18:025][  0]LogContentBrowser: Native class hierarchy updated for 'WidgetCarousel' in 0.0015 seconds. Added 0 classes and 0 folders.
[2016.02.19-15.52.18:301][  0]LogContentBrowser: Native class hierarchy updated for 'AddContentDialog' in 0.0012 seconds. Added 0 classes and 0 folders.
[2016.02.19-15.52.18:312][  0]LogContentBrowser: Native class hierarchy updated for 'SceneOutliner' in 0.0012 seconds. Added 1 classes and 2 folders.
[2016.02.19-15.52.18:367][  0]LogCrashTracker: Crashtracker disabled due to settings.
[2016.02.19-15.52.18:383][  0]LogUObjectGlobals:Warning: Failed to find object 'Class None.'
[2016.02.19-15.52.18:412][  0]LogLoad: Full Startup: 17.04 seconds (BP compile: 0.51 seconds)
[2016.02.19-15.52.18:432][  0]LogOcInput: Can't find Oculus library dev build: is proper Runtime installed? Version: 0.8.0.0
[2016.02.19-15.52.18:674][  0]SourceControl: Info On branch master
[2016.02.19-15.52.18:675][  0]SourceControl: Info Your branch is up-to-date with 'origin/master'.
[2016.02.19-15.52.18:675][  0]SourceControl: Info Changes not staged for commit:
[2016.02.19-15.52.18:675][  0]SourceControl: Info   (use "git add <file>..." to update what will be committed)
[2016.02.19-15.52.18:675][  0]SourceControl: Info   (use "git checkout -- <file>..." to discard changes in working directory)
[2016.02.19-15.52.18:675][  0]SourceControl: Info 	modified:   Intermediate/Config/CoalescedSourceConfigs/Engine.ini
[2016.02.19-15.52.18:675][  0]SourceControl: Info 	modified:   Intermediate/Config/CoalescedSourceConfigs/Game.ini
[2016.02.19-15.52.18:675][  0]SourceControl: Info 	modified:   Saved/Config/Windows/E