[2016.03.11-15.49.26:696][  0]Log file open, 03/11/16 10:49:26
[2016.03.11-15.49.26:696][  0]LogInit:Display: Running engine for game: Game_GT
[2016.03.11-15.49.26:696][  0]LogPlatformFile: Not using cached read wrapper
[2016.03.11-15.49.26:696][  0]LogInit:Display: RandInit(-963602119) SRandInit(-963602119).
[2016.03.11-15.49.26:696][  0]LogTaskGraph: Started task graph with 4 named threads and 7 total threads.
[2016.03.11-15.49.26:696][  0]LogStats: Stats thread started at 0.077548
[2016.03.11-15.49.26:696][  0]LogInit: Version: 4.10.1-2791327+++depot+UE4-Releases+4.10
[2016.03.11-15.49.26:696][  0]LogInit: API Version: 2758231
[2016.03.11-15.49.26:696][  0]LogInit: Compiled (64-bit): Dec  4 2015 19:44:40
[2016.03.11-15.49.26:696][  0]LogInit: Compiled with Visual C++: 19.00.23026.00
[2016.03.11-15.49.26:696][  0]LogInit: Build Configuration: Development
[2016.03.11-15.49.26:696][  0]LogInit: Branch Name: ++depot+UE4-Releases+4.10
[2016.03.11-15.49.26:696][  0]LogInit: Command line:  
[2016.03.11-15.49.26:696][  0]LogInit: Base directory: C:/Program Files (x86)/Epic Games/4.10/Engine/Binaries/Win64/
[2016.03.11-15.49.26:696][  0]LogInit: Rocket: 1
[2016.03.11-15.49.26:705][  0]LogInit: Using libcurl 7.41.0
[2016.03.11-15.49.26:705][  0]LogInit:  - built for x86_64-pc-win32
[2016.03.11-15.49.26:705][  0]LogInit:  - supports SSL with WinSSL
[2016.03.11-15.49.26:705][  0]LogInit:  - other features:
[2016.03.11-15.49.26:705][  0]LogInit:      CURL_VERSION_SSL
[2016.03.11-15.49.26:705][  0]LogInit:      CURL_VERSION_IPV6
[2016.03.11-15.49.26:705][  0]LogInit:      CURL_VERSION_ASYNCHDNS
[2016.03.11-15.49.26:705][  0]LogInit:      CURL_VERSION_LARGEFILE
[2016.03.11-15.49.26:705][  0]LogInit:      CURL_VERSION_IDN
[2016.03.11-15.49.26:705][  0]LogInit:  CurlRequestOptions (configurable via config and command line):
[2016.03.11-15.49.26:705][  0]LogInit:  - bVerifyPeer = true  - Libcurl will verify peer certificate
[2016.03.11-15.49.26:705][  0]LogInit:  - bUseHttpProxy = false  - Libcurl will NOT use HTTP proxy
[2016.03.11-15.49.26:705][  0]LogInit:  - bDontReuseConnections = false  - Libcurl will reuse connections
[2016.03.11-15.49.26:705][  0]LogInit:  - CertBundlePath = nullptr  - Libcurl will use whatever was configured at build time.
[2016.03.11-15.49.26:712][  0]LogInit: Presizing for 0 objects not considered by GC, pre-allocating 0 bytes.
[2016.03.11-15.49.26:718][  0]LogInit: Object subsystem initialized
[2016.03.11-15.49.26:720][  0]LogInit: Selected Device Profile: [Windows]
[2016.03.11-15.49.26:720][  0]LogInit: Applying CVar settings loaded from the selected device profile: [Windows]
[2016.03.11-15.49.26:729][  0]LogInit: Computer: APPLEEATER-V2
[2016.03.11-15.49.26:729][  0]LogInit: User: dacos
[2016.03.11-15.49.26:729][  0]LogInit: CPU Page size=4096, Cores=4
[2016.03.11-15.49.26:729][  0]LogInit: High frequency timer resolution =2.533203 MHz
[2016.03.11-15.49.26:729][  0]LogMemory: Memory total: Physical=11.9GB (12GB approx)
[2016.03.11-15.49.26:729][  0]LogMemory: Platform Memory Stats for Windows
[2016.03.11-15.49.26:729][  0]LogMemory: Process Physical Memory: 57.85 MB used, 57.85 MB peak
[2016.03.11-15.49.26:729][  0]LogMemory: Process Virtual Memory: 56.96 MB used, 56.96 MB peak
[2016.03.11-15.49.26:729][  0]LogMemory: Physical Memory: 3593.35 MB used, 12177.01 MB total
[2016.03.11-15.49.26:729][  0]LogMemory: Virtual Memory: 382.55 MB used, 134217728.00 MB total
[2016.03.11-15.49.26:765][  0]LogTextLocalizationManager: No specific translations for ('en-US') exist, so ('en') translations will be used.
[2016.03.11-15.49.27:373][  0]LogD3D11RHI: Found D3D11 adapter 0: NVIDIA GeForce GTX 960M         (Feature Level 11_0)
[2016.03.11-15.49.27:373][  0]LogD3D11RHI: Adapter has 1995MB of dedicated video memory, 0MB of dedicated system memory, and 6088MB of shared system memory, 1 output[s]
[2016.03.11-15.49.27:380][  0]LogD3D11RHI: Found D3D11 adapter 1: Intel(R) HD Graphics 4600 (Feature Level 11_0)
[2016.03.11-15.49.27:380][  0]LogD3D11RHI: Adapter has 112MB of dedicated video memory, 0MB of dedicated system memory, and 6088MB of shared system memory, 0 output[s]
[2016.03.11-15.49.27:384][  0]LogD3D11RHI: Found D3D11 adapter 2: Microsoft Basic Render Driver (Feature Level 11_0)
[2016.03.11-15.49.27:384][  0]LogD3D11RHI: Adapter has 0MB of dedicated video memory, 0MB of dedicated system memory, and 6088MB of shared system memory, 0 output[s]
[2016.03.11-15.49.27:384][  0]LogD3D11RHI: Chosen D3D11 Adapter Id = 0
[2016.03.11-15.49.27:390][  0]LogD3D11RHI: !Direct3DDevice
[2016.03.11-15.49.27:390][  0]LogRHI: Texture pool is 1361 MB (70% of 1945 MB)
[2016.03.11-15.49.27:402][  0]LogD3D11RHI: Async texture creation enabled
[2016.03.11-15.49.27:958][  0]LogShaderCompilers: Guid format shader working directory is -27 characters bigger than the processId version (../../../../../../Users/dacos/OneDrive/Documents/Unreal Projects/Game_GT/Intermediate/Shaders/WorkingDirectory/12988/).
[2016.03.11-15.49.27:958][  0]LogShaderCompilers: Cleaned the shader compiler working directory 'C:/Users/dacos/AppData/Local/Temp/UnrealShaderWorkingDir/E129965B4E3D3169A23E3CBB8AB827D8/'.
[2016.03.11-15.49.27:958][  0]LogShaderCompilers:Display: Using Local Shader Compiler.
[2016.03.11-15.49.28:848][  0]LogTemp:Display: Loaded TP AllDesktopTargetPlatform
[2016.03.11-15.49.28:852][  0]LogTemp:Display: Loaded TP WindowsClientTargetPlatform
[2016.03.11-15.49.28:859][  0]LogTemp:Display: Loaded TP WindowsNoEditorTargetPlatform
[2016.03.11-15.49.28:863][  0]LogTemp:Display: Loaded TP WindowsServerTargetPlatform
[2016.03.11-15.49.28:868][  0]LogTemp:Display: Loaded TP WindowsTargetPlatform
[2016.03.11-15.49.28:874][  0]LogTemp:Display: Loaded TP AndroidTargetPlatform
[2016.03.11-15.49.28:877][  0]LogTemp:Display: Loaded TP Android_ASTCTargetPlatform
[2016.03.11-15.49.28:879][  0]LogTemp:Display: Loaded TP Android_ATCTargetPlatform
[2016.03.11-15.49.28:882][  0]LogTemp:Display: Loaded TP Android_DXTTargetPlatform
[2016.03.11-15.49.28:885][  0]LogTemp:Display: Loaded TP Android_ETC1TargetPlatform
[2016.03.11-15.49.28:889][  0]LogTemp:Display: Loaded TP Android_ETC2TargetPlatform
[2016.03.11-15.49.28:895][  0]LogTemp:Display: Loaded TP Android_MultiTargetPlatform
[2016.03.11-15.49.28:895][  0]LogTemp:Display: Loaded TP Android_PVRTCTargetPlatform
[2016.03.11-15.49.28:896][  0]LogTemp:Display: Loaded TP HTML5TargetPlatform
[2016.03.11-15.49.28:913][  0]LogTemp:Display: Loaded TP IOSTargetPlatform
[2016.03.11-15.49.28:915][  0]LogTemp:Display: Loaded TP LinuxNoEditorTargetPlatform
[2016.03.11-15.49.28:918][  0]LogTemp:Display: Loaded TP LinuxServerTargetPlatform
[2016.03.11-15.49.28:922][  0]LogTemp:Display: Loaded TP LinuxTargetPlatform
[2016.03.11-15.49.28:922][  0]LogTargetPlatformManager:Display: Building Assets For Windows
[2016.03.11-15.49.29:010][  0]LogDerivedDataCache:Display: Max Cache Size: 512 MB
[2016.03.11-15.49.29:064][  0]LogDerivedDataCache: Loaded boot cache 0.05s 42MB C:/Users/dacos/AppData/Local/UnrealEngine/4.10/DerivedDataCache/Boot.ddc.
[2016.03.11-15.49.29:064][  0]LogDerivedDataCache:Display: Loaded Boot cache: C:/Users/dacos/AppData/Local/UnrealEngine/4.10/DerivedDataCache/Boot.ddc
[2016.03.11-15.49.29:065][  0]LogDerivedDataCache: FDerivedDataBackendGraph:  Pak pak cache file ../../../../../../Users/dacos/OneDrive/Documents/Unreal Projects/Game_GT/DerivedDataCache/DDC.ddp not found, will not use a pak cache.
[2016.03.11-15.49.29:065][  0]LogDerivedDataCache: Unable to find inner node Pak for hierarchical cache Hierarchy.
[2016.03.11-15.49.29:065][  0]LogDerivedDataCache: FDerivedDataBackendGraph:  CompressedPak pak cache file ../../../../../../Users/dacos/OneDrive/Documents/Unreal Projects/Game_GT/DerivedDataCache/Compressed.ddp not found, will not use a pak cache.
[2016.03.11-15.49.29:065][  0]LogDerivedDataCache: Unable to find inner node CompressedPak for hierarchical cache Hierarchy.
[2016.03.11-15.49.29:124][  0]LogDerivedDataCache:Display: Pak cache opened for reading ../../../Engine/DerivedDataCache/Compressed.ddp.
[2016.03.11-15.49.29:135][  0]LogDerivedDataCache: Using Local data cache path C:/Users/dacos/AppData/Local/UnrealEngine/Common/DerivedDataCache: Writable
[2016.03.11-15.49.29:321][  0]LogInit: Selected Device Profile: [Windows]
[2016.03.11-15.49.29:324][  0]LogContentStreaming: Texture pool size is 0.000000MB
[2016.03.11-15.49.29:451][  0]LogMeshUtilities: No automatic mesh reduction module available
[2016.03.11-15.49.29:451][  0]LogMeshUtilities: No automatic mesh merging module available
[2016.03.11-15.49.29:745][  0]LogInit: WinSock: version 1.1 (2.2), MaxSocks=32767, MaxUdp=65467
[2016.03.11-15.49.30:513][  0]UdpMessaging: Initializing bridge on interface 0.0.0.0:0 to multicast group 230.0.0.1:6666.
[2016.03.11-15.49.30:579][  0]LogLinker:Warning: Asset '../../../../../../Users/dacos/OneDrive/Documents/Unreal Projects/Game_GT/Content/Mannequin/Animations/ThirdPerson_AnimBP.uasset' has been saved with empty engine version. The asset will be loaded but may be incompatible.
[2016.03.11-15.49.30:580][  0]LogLinker:Warning: Asset '../../../../../../Users/dacos/OneDrive/Documents/Unreal Projects/Game_GT/Content/Mannequin/Animations/ThirdPerson_Jump.uasset' has been saved with empty engine version. The asset will be loaded but may be incompatible.
[2016.03.11-15.49.30:581][  0]LogLinker:Warning: Asset '../../../../../../Users/dacos/OneDrive/Documents/Unreal Projects/Game_GT/Content/Mannequin/Animations/ThirdPersonJump_Loop.uasset' has been saved with empty engine version. The asset will be loaded but may be incompatible.
[2016.03.11-15.49.30:582][  0]LogLinker:Warning: Asset '../../../../../../Users/dacos/OneDrive/Documents/Unreal Projects/Game_GT/Content/Mannequin/Animations/ThirdPersonJump_Start.uasset' has been saved with empty engine version. The asset will be loaded but may be incompatible.
[2016.03.11-15.49.30:583][  0]LogLinker:Warning: Asset '../../../../../../Users/dacos/OneDrive/Documents/Unreal Projects/Game_GT/Content/Mannequin/Animations/ThirdPerson_IdleRun_2D.uasset' has been saved with empty engine version. The asset will be loaded but may be incompatible.
[2016.03.11-15.49.30:583][  0]LogLinker:Warning: Asset '../../../../../../Users/dacos/OneDrive/Documents/Unreal Projects/Game_GT/Content/Mannequin/Animations/ThirdPersonIdle.uasset' has been saved with empty engine version. The asset will be loaded but may be incompatible.
[2016.03.11-15.49.30:584][  0]LogLinker:Warning: Asset '../../../../../../Users/dacos/OneDrive/Documents/Unreal Projects/Game_GT/Content/Mannequin/Animations/ThirdPersonRun.uasset' has been saved with empty engine version. The asset will be loaded but may be incompatible.
[2016.03.11-15.49.30:585][  0]LogLinker:Warning: Asset '../../../../../../Users/dacos/OneDrive/Documents/Unreal Projects/Game_GT/Content/Mannequin/Animations/ThirdPersonWalk.uasset' has been saved with empty engine version. The asset will be loaded but may be incompatible.
[2016.03.11-15.49.30:923][  0]LogAssetRegistry: FAssetRegistry took 0.0111 seconds to start up
[2016.03.11-15.49.31:143][  0]SourceControl: Info Source control is disabled
[2016.03.11-15.49.32:034][  0]LogObj: 31636 objects as part of root set at end of initial load.
[2016.03.11-15.49.32:034][  0]LogUObjectAllocator: 7168920 out of 0 bytes used by permanent object pool.
[2016.03.11-15.49.32:084][  0]LogEngine: Initializing Engine...
[2016.03.11-15.49.32:088][  0]LogHMD: Can't find Oculus library dev build: is proper Runtime installed? Version: 0.8.0.0
[2016.03.11-15.49.32:088][  0]LogHMD: SteamVR failed to initialize.  Err: 110
[2016.03.11-15.49.32:196][  0]LogAIModule: Creating AISystem for world NewWorld
[2016.03.11-15.49.32:201][  0]LogInit: XAudio2 using 'Speakers (Realtek High Definition Audio)' : 2 channels at 48 kHz using 32 bits per sample (channel mask 0x3)
[2016.03.11-15.49.32:211][  0]LogInit: FAudioDevice initialized.
[2016.03.11-15.49.32:242][  0]LogDerivedDataCache: Saved boot cache 0.03s 42MB C:/Users/dacos/AppData/Local/UnrealEngine/4.10/DerivedDataCache/Boot.ddc.
[2016.03.11-15.49.32:249][  0]LogInit: Texture streaming: Enabled
[2016.03.11-15.49.32:255][  0]LogAnalytics: Creating configured Analytics provider AnalyticsET
[2016.03.11-15.49.32:256][  0]LogAnalytics: [UEEditor.Rocket.Release] APIServer = http://et2.epicgames.com/ET2/. AppVersion = 4.10.1-2791327+++depot+UE4-Releases+4.10
[2016.03.11-15.49.32:256][  0]LogAnalytics: [UEEditor.Rocket.Release] SetUserId 7271a55c42ba7649a468ef8135f6e487|72e7fe8abf234c00b7d4ff8eb3462f9c|ed1d22c6-da52-4d8a-a8db-03a689afc6c5
[2016.03.11-15.49.32:256][  0]LogAnalytics: [UEEditor.Rocket.Release] AnalyticsET::StartSession
[2016.03.11-15.49.32:293][  0]LogInit: Transaction tracking system initialized
[2016.03.11-15.49.32:332][  0]BlueprintLog: New page: Editor Load
[2016.03.11-15.49.32:451][  0]LocalizationService: Info Localization service is disabled
[2016.03.11-15.49.32:531][  0]LogConsoleResponse:Display: 
[2016.03.11-15.49.32:660][  0]LogCook:Display: Done creating registry. It took  0.00s.
[2016.03.11-15.49.32:928][  0]LogFileCache: Scanning file cache for directory 'C:/Users/dacos/OneDrive/Documents/Unreal Projects/Game_GT/Content/' took 0.02s
[2016.03.11-15.49.32:928][  0]Cmd: MAP LOAD FILE="../../../../../../Users/dacos/OneDrive/Documents/Unreal Projects/Game_GT/Content/TopDownCPP/Maps/TopDownExampleMap.umap" TEMPLATE=0 SHOWPROGRESS=1 FEATURELEVEL=3
[2016.03.11-15.49.32:929][  0]LightingResults: New page: Lighting Build
[2016.03.11-15.49.32:933][  0]MapCheck: New page: Map Check
[2016.03.11-15.49.32:933][  0]LightingResults: New page: Lighting Build
[2016.03.11-15.49.32:957][  0]LogParticles: Destroying 0 GPU particle simulations for FXSystem 0x000001D0476DDB20
[2016.03.11-15.49.33:912][  0]LogLinker:Warning: Can't find file '/Game/TestContent/RadaBancroft'
[2016.03.11-15.49.33:912][  0]LogLinker:Warning: Can't find file for asset '/Game/TestContent/RadaBancroft' while loading ../../../../../../Users/dacos/OneDrive/Documents/Unreal Projects/Game_GT/Content/TopDownCPP/Maps/TopDownExampleMap.umap.
[2016.03.11-15.49.33:913][  0]LoadErrors:Error: Error /Game/TopDownCPP/Maps/TopDownExampleMap : Can't find file for asset. /Game/TestContent/RadaBancroft
[2016.03.11-15.49.34:233][  0]LogLinker:Warning: Can't find file '/Game/TestContent/RadaBancroft'
[2016.03.11-15.49.34:233][  0]LogLinker:Warning: Can't find file for asset '/Game/TestContent/RadaBancroft' while loading ../../../../../../Users/dacos/OneDrive/Documents/Unreal Projects/Game_GT/Content/TopDownCPP/Maps/TopDownExampleMap.umap.
[2016.03.11-15.49.34:234][  0]LoadErrors:Error: Error /Game/TopDownCPP/Maps/TopDownExampleMap : Can't find file for asset. /Game/TestContent/RadaBancroft
[2016.03.11-15.49.34:234][  0]LogLinker:Warning: Can't find file '/Game/TestContent/RadaBancroft'
[2016.03.11-15.49.34:234][  0]LogLinker:Warning: Can't find file for asset '/Game/TestContent/RadaBancroft' while loading ../../../../../../Users/dacos/OneDrive/Documents/Unreal Projects/Game_GT/Content/TopDownCPP/Maps/TopDownExampleMap.umap.
[2016.03.11-15.49.34:234][  0]LoadErrors:Error: Error /Game/TopDownCPP/Maps/TopDownExampleMap : Can't find file for asset. /Game/TestContent/RadaBancroft
[2016.03.11-15.49.34:235][  0]LogLinker:Warning: Can't find file '/Game/TestContent/RadaBancroft'
[2016.03.11-15.49.34:235][  0]LogLinker:Warning: Can't find file for asset '/Game/TestContent/RadaBancroft' while loading ../../../../../../Users/dacos/OneDrive/Documents/Unreal Projects/Game_GT/Content/TopDownCPP/Maps/TopDownExampleMap.umap.
[2016.03.11-15.49.34:235][  0]LoadErrors:Error: Error /Game/TopDownCPP/Maps/TopDownExampleMap : Can't find file for asset. /Game/TestContent/RadaBancroft
[2016.03.11-15.49.34:252][  0]LogLinker:Warning: Can't find file '/Game/TestContent/RadaBancroft'
[2016.03.11-15.49.34:253][  0]LogLinker:Warning: Can't find file for asset '/Game/TestContent/RadaBancroft' while loading ../../../../../../Users/dacos/OneDrive/Documents/Unreal Projects/Game_GT/Content/TopDownCPP/Maps/TopDownExampleMap.umap.
[2016.03.11-15.49.34:253][  0]LoadErrors:Error: Error /Game/TopDownCPP/Maps/TopDownExampleMap : Can't find file for asset. /Game/TestContent/RadaBancroft
[2016.03.11-15.49.34:255][  0]LogLinker:Warning: Can't find file '/Game/TestContent/RadaBancroft'
[2016.03.11-15.49.34:256][  0]LogLinker:Warning: Can't find file for asset '/Game/TestContent/RadaBancroft' while loading ../../../../../../Users/dacos/OneDrive/Documents/Unreal Projects/Game_GT/Content/TopDownCPP/Maps/TopDownExampleMap.umap.
[2016.03.11-15.49.34:256][  0]LoadErrors:Error: Error /Game/TopDownCPP/Maps/TopDownExampleMap : Can't find file for asset. /Game/TestContent/RadaBancroft
[2016.03.11-15.49.34:260][  0]LogLinker:Warning: Can't find file '/Game/TestContent/RadaBancroft'
[2016.03.11-15.49.34:260][  0]LogLinker:Warning: Can't find file for asset '/Game/TestContent/RadaBancroft' while loading ../../../../../../Users/dacos/OneDrive/Documents/Unreal Projects/Game_GT/Content/TopDownCPP/Maps/TopDownExampleMap.umap.
[2016.03.11-15.49.34:260][  0]LoadErrors:Error: Error /Game/TopDownCPP/Maps/TopDownExampleMap : Can't find file for asset. /Game/TestContent/RadaBancroft
[2016.03.11-15.49.34:262][  0]LogLinker:Warning: Can't find file '/Game/TestContent/RadaBancroft'
[2016.03.11-15.49.34:262][  0]LogLinker:Warning: Can't find file for asset '/Game/TestContent/RadaBancroft' while loading ../../../../../../Users/dacos/OneDrive/Documents/Unreal Projects/Game_GT/Content/TopDownCPP/Maps/TopDownExampleMap.umap.
[2016.03.11-15.49.34:262][  0]LoadErrors:Error: Error /Game/TopDownCPP/Maps/TopDownExampleMap : Can't find file for asset. /Game/TestContent/RadaBancroft
[2016.03.11-15.49.34:262][  0]LogLinker:Warning: Can't find file '/Game/TestContent/RadaBancroft'
[2016.03.11-15.49.34:262][  0]LogLinker:Warning: Can't find file for asset '/Game/TestContent/RadaBancroft' while loading ../../../../../../Users/dacos/OneDrive/Documents/Unreal Projects/Game_GT/Content/TopDownCPP/Maps/TopDownExampleMap.umap.
[2016.03.11-15.49.34:262][  0]LoadErrors:Error: Error /Game/TopDownCPP/Maps/TopDownExampleMap : Can't find file for asset. /Game/TestContent/RadaBancroft
[2016.03.11-15.49.34:262][  0]LogLinker:Warning: Can't find file '/Game/TestContent/RadaBancroft'
[2016.03.11-15.49.34:262][  0]LogLinker:Warning: Can't find file for asset '/Game/TestContent/RadaBancroft' while loading ../../../../../../Users/dacos/OneDrive/Documents/Unreal Projects/Game_GT/Content/TopDownCPP/Maps/TopDownExampleMap.umap.
[2016.03.11-15.49.34:262][  0]LoadErrors:Error: Error /Game/TopDownCPP/Maps/TopDownExampleMap : Can't find file for asset. /Game/TestContent/RadaBancroft
[2016.03.11-15.49.34:263][  0]LogLinker:Warning: Can't find file '/Game/TestContent/RadaBancroft'
[2016.03.11-15.49.34:263][  0]LogLinker:Warning: Can't find file for asset '/Game/TestContent/RadaBancroft' while loading ../../../../../../Users/dacos/OneDrive/Documents/Unreal Projects/Game_GT/Content/TopDownCPP/Maps/TopDownExampleMap.umap.
[2016.03.11-15.49.34:263][  0]LoadErrors:Error: Error /Game/TopDownCPP/Maps/TopDownExampleMap : Can't find file for asset. /Game/TestContent/RadaBancroft
[2016.03.11-15.49.34:264][  0]LogLinker:Warning: Can't find file '/Game/TestContent/RadaBancroft'
[2016.03.11-15.49.34:264][  0]LogLinker:Warning: Can't find file for asset '/Game/TestContent/RadaBancroft' while loading ../../../../../../Users/dacos/OneDrive/Documents/Unreal Projects/Game_GT/Content/TopDownCPP/Maps/TopDownExampleMap.umap.
[2016.03.11-15.49.34:264][  0]LoadErrors:Error: Error /Game/TopDownCPP/Maps/TopDownExampleMap : Can't find file for asset. /Game/TestContent/RadaBancroft
[2016.03.11-15.49.34:265][  0]LogLinker:Warning: Can't find file '/Game/TestContent/RadaBancroft'
[2016.03.11-15.49.34:265][  0]LogLinker:Warning: Can't find file for asset '/Game/TestContent/RadaBancroft' while loading NULL.
[2016.03.11-15.49.34:265][  0]LogLinker:Warning: Can't find file '/Game/TestContent/RadaBancroft'
[2016.03.11-15.49.34:265][  0]LogLinker:Warning: Can't find file for asset '/Game/TestContent/RadaBancroft' while loading NULL.
[2016.03.11-15.49.34:265][  0]LogLinker:Warning: Can't find file '/Game/TestContent/RadaBancroft'
[2016.03.11-15.49.34:266][  0]LogLinker:Warning: Can't find file for asset '/Game/TestContent/RadaBancroft' while loading NULL.
[2016.03.11-15.49.34:266][  0]LogLinker:Warning: Can't find file '/Game/TestContent/RadaBancroft'
[2016.03.11-15.49.34:266][  0]LogLinker:Warning: Can't find file for asset '/Game/TestContent/RadaBancroft' while loading NULL.
[2016.03.11-15.49.34:266][  0]LogLinker:Warning: Can't find file '/Game/TestContent/RadaBancroft'
[2016.03.11-15.49.34:266][  0]LogLinker:Warning: Can't find file for asset '/Game/TestContent/RadaBancroft' while loading NULL.
[2016.03.11-15.49.34:266][  0]LogLinker:Warning: Can't find file '/Game/TestContent/RadaBancroft'
[2016.03.11-15.49.34:266][  0]LogLinker:Warning: Can't find file for asset '/Game/TestContent/RadaBancroft' while loading NULL.
[2016.03.11-15.49.34:266][  0]LogLinker:Warning: Can't find file '/Game/TestContent/RadaBancroft'
[2016.03.11-15.49.34:266][  0]LogLinker:Warning: Can't find file for asset '/Game/TestContent/RadaBancroft' while loading NULL.
[2016.03.11-15.49.34:266][  0]LogLinker:Warning: Can't find file '/Game/TestContent/RadaBancroft'
[2016.03.11-15.49.34:266][  0]LogLinker:Warning: Can't find file for asset '/Game/TestContent/RadaBancroft' while loading NULL.
[2016.03.11-15.49.34:266][  0]LogLinker:Warning: Can't find file '/Game/TestContent/RadaBancroft'
[2016.03.11-15.49.34:266][  0]LogLinker:Warning: Can't find file for asset '/Game/TestContent/RadaBancroft' while loading NULL.
[2016.03.11-15.49.34:266][  0]LogLinker:Warning: Can't find file '/Game/TestContent/RadaBancroft'
[2016.03.11-15.49.34:266][  0]LogLinker:Warning: Can't find file for asset '/Game/TestContent/RadaBancroft' while loading NULL.
[2016.03.11-15.49.34:267][  0]LogLinker:Warning: Can't find file '/Game/TestContent/RadaBancroft'
[2016.03.11-15.49.34:267][  0]LogLinker:Warning: Can't find file for asset '/Game/TestContent/RadaBancroft' while loading NULL.
[2016.03.11-15.49.34:267][  0]LogLinker:Warning: Can't find file '/Game/TestContent/RadaBancroft'
[2016.03.11-15.49.34:267][  0]LogLinker:Warning: Can't find file for asset '/Game/TestContent/RadaBancroft' while loading NULL.
[2016.03.11-15.49.34:277][  0]LogLinker:Warning: Can't find file '/Game/TestContent/RadaBancroft'
[2016.03.11-15.49.34:277][  0]LogLinker:Warning: Can't find file for asset '/Game/TestContent/RadaBancroft' while loading NULL.
[2016.03.11-15.49.34:277][  0]LogLinker:Warning: Can't find file '/Game/TestContent/RadaBancroft'
[2016.03.11-15.49.34:277][  0]LogLinker:Warning: Can't find file for asset '/Game/TestContent/RadaBancroft' while loading NULL.
[2016.03.11-15.49.34:281][  0]LogLinker:Warning: Can't find file '/Game/TestContent/RadaBancroft'
[2016.03.11-15.49.34:281][  0]LogLinker:Warning: Can't find file for asset '/Game/TestContent/RadaBancroft' while loading NULL.
[2016.03.11-15.49.34:282][  0]LogLinker:Warning: Can't find file '/Game/TestContent/RadaBancroft'
[2016.03.11-15.49.34:282][  0]LogLinker:Warning: Can't find file for asset '/Game/TestContent/RadaBancroft' while loading NULL.
[2016.03.11-15.49.34:285][  0]LogLinker:Warning: Can't find file '/Game/TestContent/RadaBancroft'
[2016.03.11-15.49.34:285][  0]LogLinker:Warning: Can't find file for asset '/Game/TestContent/RadaBancroft' while loading NULL.
[2016.03.11-15.49.34:286][  0]LogLinker:Warning: Can't find file '/Game/TestContent/RadaBancroft'
[2016.03.11-15.49.34:286][  0]LogLinker:Warning: Can't find file for asset '/Game/TestContent/RadaBancroft' while loading NULL.
[2016.03.11-15.49.34:295][  0]LogLinker:Warning: Can't find file '/Game/TestContent/RadaBancroft'
[2016.03.11-15.49.34:295][  0]LogLinker:Warning: Can't find file for asset '/Game/TestContent/RadaBancroft' while loading NULL.
[2016.03.11-15.49.34:295][  0]LogLinker:Warning: Can't find file '/Game/TestContent/RadaBancroft'
[2016.03.11-15.49.34:295][  0]LogLinker:Warning: Can't find file for asset '/Game/TestContent/RadaBancroft' while loading NULL.
[2016.03.11-15.49.34:299][  0]LogLinker:Warning: Can't find file '/Game/TestContent/RadaBancroft'
[2016.03.11-15.49.34:299][  0]LogLinker:Warning: Can't find file for asset '/Game/TestContent/RadaBancroft' while loading NULL.
[2016.03.11-15.49.34:300][  0]LogLinker:Warning: Can't find file '/Game/TestContent/RadaBancroft'
[2016.03.11-15.49.34:300][  0]LogLinker:Warning: Can't find file for asset '/Game/TestContent/RadaBancroft' while loading NULL.
[2016.03.11-15.49.34:301][  0]LogLinker:Warning: Can't find file '/Game/TestContent/RadaBancroft'
[2016.03.11-15.49.34:301][  0]LogLinker:Warning: Can't find file for asset '/Game/TestContent/RadaBancroft' while loading NULL.
[2016.03.11-15.49.34:301][  0]LogLinker:Warning: Can't find file '/Game/TestContent/RadaBancroft'
[2016.03.11-15.49.34:301][  0]LogLinker:Warning: Can't find file for asset '/Game/TestContent/RadaBancroft' while loading NULL.
[2016.03.11-15.49.34:301][  0]LogLinker:Warning: Can't find file '/Game/TestContent/RadaBancroft'
[2016.03.11-15.49.34:301][  0]LogLinker:Warning: Can't find file for asset '/Game/TestContent/RadaBancroft' while loading NULL.
[2016.03.11-15.49.34:301][  0]LogLinker:Warning: Can't find file '/Game/TestContent/RadaBancroft'
[2016.03.11-15.49.34:301][  0]LogLinker:Warning: Can't find file for asset '/Game/TestContent/RadaBancroft' while loading NULL.
[2016.03.11-15.49.34:302][  0]LogLinker:Warning: Can't find file '/Game/TestContent/RadaBancroft'
[2016.03.11-15.49.34:302][  0]LogLinker:Warning: Can't find file for asset '/Game/TestContent/RadaBancroft' while loading NULL.
[2016.03.11-15.49.34:302][  0]LogLinker:Warning: Can't find file '/Game/TestContent/RadaBancroft'
[2016.03.11-15.49.34:302][  0]LogLinker:Warning: Can't find file for asset '/Game/TestContent/RadaBancroft' while loading NULL.
[2016.03.11-15.49.34:302][  0]LogLinker:Warning: Can't find file '/Game/TestContent/RadaBancroft'
[2016.03.11-15.49.34:302][  0]LogLinker:Warning: Can't find file for asset '/Game/TestContent/RadaBancroft' while loading NULL.
[2016.03.11-15.49.34:303][  0]LogLinker:Warning: Can't find file '/Game/TestContent/RadaBancroft'
[2016.03.11-15.49.34:303][  0]LogLinker:Warning: Can't find file for asset '/Game/TestContent/RadaBancroft' while loading NULL.
[2016.03.11-15.49.34:305][  0]LogLinker:Warning: Can't find file '/Game/TestContent/RadaBancroft'
[2016.03.11-15.49.34:305][  0]LogLinker:Warning: Can't find file for asset '/Game/TestContent/RadaBancroft' while loading NULL.
[2016.03.11-15.49.34:306][  0]LogLinker:Warning: Can't find file '/Game/TestContent/RadaBancroft'
[2016.03.11-15.49.34:306][  0]LogLinker:Warning: Can't find file for asset '/Game/TestContent/RadaBancroft' while loading NULL.
[2016.03.11-15.49.34:341][  0]LogLinker:Warning: Can't find file '/Game/TestContent/RadaBancroft'
[2016.03.11-15.49.34:341][  0]LogLinker:Warning: Can't find file for asset '/Game/TestContent/RadaBancroft' while loading NULL.
[2016.03.11-15.49.34:341][  0]LogLinker:Warning: Can't find file '/Game/TestContent/RadaBancroft'
[2016.03.11-15.49.34:342][  0]LoadErrors: Info Failed to load /Game/TestContent/RadaBancroft.RadaBancroft_C Referenced by PersistentLevel
[2016.03.11-15.49.34:342][  0]LogLinker:Warning: Can't find file for asset '/Game/TestContent/RadaBancroft' while loading NULL.
[2016.03.11-15.49.34:342][  0]LoadErrors: Info Failed to load /Game/TestContent/RadaBancroft.RadaBancroft_C Referenced by PersistentLevel
[2016.03.11-15.49.34:785][  0]LogTexture:Display: Building textures: CouchArmRestSide (BGRA8)
[2016.03.11-15.49.34:792][  0]LogTexture:Display: Building textures: CouchArmRestFront (BGRA8)
[2016.03.11-15.49.34:792][  0]LogTexture:Display: Building textures: CouchBackFront (BGRA8)
[2016.03.11-15.49.34:794][  0]LogTexture:Display: Building textures: CouchBack (BGRA8)
[2016.03.11-15.49.34:799][  0]LogTexture:Display: Building textures: CouchArmRestTop (BGRA8)
[2016.03.11-15.49.34:802][  0]LogTexture:Display: Building textures: CouchCusions (BGRA8)
[2016.03.11-15.49.34:806][  0]LogTexture:Display: Building textures: CouchBackSide (BGRA8)
[2016.03.11-15.49.34:808][  0]LogTexture:Display: Building textures: CouchTop (BGRA8)
[2016.03.11-15.49.34:810][  0]LogTexture:Display: Building textures: CouchFront (BGRA8)
[2016.03.11-15.49.34:881][  0]LogAIModule: Creating AISystem for world TopDownExampleMap
[2016.03.11-15.49.35:014][  0]LogEditorServer: Finished looking for orphan Actors (0.000 secs)
[2016.03.11-15.49.35:021][  0]Cmd: MAP CHECKDEP NOCLEARLOG
[2016.03.11-15.49.35:127][  0]MapCheck: Info Map check complete: 0 Error(s), 0 Warning(s), took 105.822ms to complete.
[2016.03.11-15.49.35:127][  0]LogFileHelpers: Loading map 'TopDownExampleMap' took 2.199
[2016.03.11-15.49.35:444][  0]LogCollectionManager: Loaded 0 collections in 0.018526 seconds
[2016.03.11-15.49.35:528][  0]LogFileCache: Scanning file cache for directory 'C:/Users/dacos/OneDrive/Documents/Unreal Projects/Game_GT/Saved/Collections/' took 0.01s
[2016.03.11-15.49.35:528][  0]LogFileCache: Scanning file cache for directory 'C:/Users/dacos/OneDrive/Documents/Unreal Projects/Game_GT/Content/Developers/dacos/Collections/' took 0.01s
[2016.03.11-15.49.35:528][  0]LogFileCache: Scanning file cache for directory 'C:/Users/dacos/OneDrive/Documents/Unreal Projects/Game_GT/Content/Collections/' took 0.01s
[2016.03.11-15.49.35:528][  0]LogCollectionManager: Rebuilt the GUID cache for 0 collections in 0.000002 seconds
[2016.03.11-15.49.35:588][  0]LogContentBrowser: Native class hierarchy populated in 0.0592 seconds. Added 1897 classes and 340 folders.
[2016.03.11-15.49.35:635][  0]LogContentBrowser: Native class hierarchy updated for 'WidgetCarousel' in 0.0070 seconds. Added 0 classes and 0 folders.
[2016.03.11-15.49.35:849][  0]LogContentBrowser: Native class hierarchy updated for 'AddContentDialog' in 0.0051 seconds. Added 0 classes and 0 folders.
[2016.03.11-15.49.35:860][  0]LogContentBrowser: Native class hierarchy updated for 'SceneOutliner' in 0.0017 seconds. Added 1 classes and 2 folders.
[2016.03.11-15.49.35:907][  0]LogCrashTracker: Crashtracker disabled due to settings.
[2016.03.11-15.49.35:920][  0]LogUObjectGlobals:Warning: Failed to find object 'Class None.'
[2016.03.11-15.49.35:945][  0]LogLoad: Full Startup: 10.36 seconds (BP compile: 0.51 seconds)
[2016.03.11-15.49.36:300][  0]LogOcInput: Can't find Oculus library dev build: is proper Runtime installed? Version: 0.8.0.0
[2016.03.11-15.49.36:302][  0]LoadErrors:Error: Error /Game/TopDownCPP/Maps/TopDownExampleMap : Failed import for PaperSpriteComponent /Game/TestContent/CharacterTest1.CharacterTest1_C:PaperSprite_GEN_VARIABLE
[2016.03.11-15.49.36:302][  0]LoadErrors:Warning: Warning CreateExport: Failed to load Outer for resource 'Arrow': RadaBancroft_C /Game/TopDownCPP/Maps/TopDownExampleMap.TopDownExampleMap:PersistentLevel.RadaBancroft_257
[2016.03.11-15.49.36:302][  0]LoadErrors:Warning: Warning CreateExport: Failed to load Outer for resource 'CollisionCylinder': RadaBancroft_C /Game/TopDownCPP/Maps/TopDownExampleMap.TopDownExampleMap:PersistentLevel.RadaBancroft_257
[2016.03.11-15.49.36:302][  0]LoadErrors:Warning: Warning CreateExport: Failed to load Outer for resource 'CharMoveComp': RadaBancroft_C /Game/TopDownCPP/Maps/TopDownExampleMap.TopDownExampleMap:PersistentLevel.RadaBancroft_257
[2016.03.11-15.49.36:302][  0]LoadErrors:Warning: Warning CreateExport: Failed to load Outer for resource 'PaperFlipbook': RadaBancroft_C /Game/TopDownCPP/Maps/TopDownExampleMap.TopDownExampleMap:PersistentLevel.RadaBancroft_257
[2016.03.11-15.49.36:302][  0]LoadErrors:Warning: Warning CreateExport: Failed to load Outer for resource 'CharacterMesh0': RadaBancroft_C /Game/TopDownCPP/Maps/TopDownExampleMap.TopDownExampleMap:PersistentLevel.RadaBancroft_257
[2016.03.11-15.49.36:302][  0]LoadErrors:Warning: Warning CreateExport: Failed to load Outer for resource 'Sphere1': RadaBancroft_C /Game/TopDownCPP/Maps/TopDownExampleMap.TopDownExampleMap:PersistentLevel.RadaBancroft_257
[2016.03.11-15.49.36:302][  0]LoadErrors:Warning: Warning CreateExport: Failed to load Outer for resource 'SpringArm': RadaBancroft_C /Game/TopDownCPP/Maps/TopDownExampleMap.TopDownExampleMap:PersistentLevel.RadaBancroft_257
[2016.03.11-15.49.36:303][  0]LoadErrors:Warning: Warning CreateExport: Failed to load Outer for resource 'Sphere': RadaBancroft_C /Game/TopDownCPP/Maps/TopDownExampleMap.TopDownExampleMap:PersistentLevel.RadaBancroft_257
[2016.03.11-15.49.36:303][  0]LoadErrors:Warning: Warning CreateExport: Failed to load Outer for resource 'HPBar': RadaBancroft_C /Game/TopDownCPP/Maps/TopDownExampleMap.TopDownExampleMap:PersistentLevel.RadaBancroft_257
[2016.03.11-15.49.36:451][  0]SourceControl: Info On branch master
[2016.03.11-15.49.36:451][  0]SourceControl: Info Your branch is up-to-date with 'origin/master'.
[2016.03.11-15.49.36:451][  0]SourceControl: Info Changes not staged for commit:
[2016.03.11-15.49.36:451][  0]SourceControl: Info   (use "git add <file>..." to update what will be committed)
[2016.03.11-15.49.36:451][  0]SourceControl: Info   (use "git checkout -- <file>..." to discard changes in working directory)
[2016.03.11-15.49.36:451][  0]SourceControl: Info 	modified:   Intermediate/CachedAssetRegistry.bin
[2016.03.11-15.49.36:451][  0]SourceControl: Info 	modified:   Saved/Config/Windows/Engine.ini
[2016.03.11-15.49.36:451][  0]SourceControl: Info 	modified:   Saved/Logs/Game_GT.log
[2016.03.11-15.49.36:451][  0]SourceControl: Info Untracked files:
[2016.03.11-15.49.36:451][  0]SourceControl: Info   (use "git add <file>..." to include in what will be committed)
[2016.03.11-15.49.36:451][  0]SourceControl: Info 	Saved/Logs/Game_GT-backup-2016.03.11-10.49.26.log
[2016.03.11-15.49.36:451][  0]SourceControl: Info no changes added to commit (use "git add" and/or "git commit -a")
[2016.03.11-15.49.36:451][  0]LogContentStreaming: Texture pool size now 1000 MB
[2016.03.11-15.49.36:730][  2]LogRenderer: Reallocating scene render targets to support 1088x448 (Frame:2).
[2016.03.11-15.49.40:988][ 13]LogAssetRegistry: Asset discovery search completed in 10.0765 seconds
[2016.03.11-15.49.40:989][ 13]LogCollectionManager: Rebuilt the object cache for 0 collections in 0.000002 seconds (found 0 objects)
[2016.03.11-15.49.40:989][ 13]LogCollectionManager: Fixed up redirectors for 0 collections in 0.000156 seconds (updated 0 objects)
[2016.03.11-15.49.47:068][ 39]LogWindowsTextInputMethodSystem:Display: IME system now deactivated.
[2016.03.11-15.49.47:595][ 40]Cmd: QUIT_EDITOR
[2016.03.11-15.49.47:988][ 40]LogExit: Preparing to exit.
[2016.03.11-15.49.48:735][ 40]LogExit: Editor shut down
[2016.03.11-15.49.48:736][ 40]LogExit: Transaction tracking system shut down
[2016.03.11-15.49.48:745][ 40]LogParticles: Destroying 0 GPU particle simulations for FXSystem 0x000001D04EB8D4E0
[2016.03.11-15.49.48:747][ 40]LogParticles: Destroying 0 GPU particle simulations for FXSystem 0x000001D0554FF880
[2016.03.11-15.49.48:747][ 40]LogParticles: Destroying 0 GPU particle simulations for FXSystem 0x000001D057ACC5E0
[2016.03.11-15.49.48:747][ 40]LogParticles: Destroying 0 GPU particle simulations for FXSystem 0x000001D05557CE00
[2016.03.11-15.49.49:047][ 40]LogExit: Object subsystem successfully closed.
[2016.03.11-15.49.49:065][ 40]LogD3D11RHI: Shutdown
[2016.03.11-15.49.49:065][ 40]LogD3D11RHI: CleanupD3DDevice
[2016.03.11-15.49.49:294][ 40]LogD3D11RHI: ~FD3D11DynamicRHI
[2016.03.11-15.49.49:330][ 40]LogModuleManager: Shutting down and abandoning module CrashTracker (199)
[2016.03.11-15.49.49:330][ 40]LogModuleManager: Shutting down and abandoning module SceneOutliner (198)
[2016.03.11-15.49.49:330][ 40]LogModuleManager: Shutting down and abandoning module SuperSearch (197)
[2016.03.11-15.49.49:330][ 40]LogModuleManager: Shutting down and abandoning module WidgetCarousel (196)
[2016.03.11-15.49.49:330][ 40]LogModuleManager: Shutting down and abandoning module AddContentDialog (195)
[2016.03.11-15.49.49:331][ 40]LogModuleManager: Shutting down and abandoning module EditorWidgets (194)
[2016.03.11-15.49.49:331][ 40]LogModuleManager: Shutting down and abandoning module CollectionManager (193)
[2016.03.11-15.49.49:332][ 40]LogModuleManager: Shutting down and abandoning module StatsViewer (192)
[2016.03.11-15.49.49:332][ 40]LogModuleManager: Shutting down and abandoning module FoliageEdit (191)
[2016.03.11-15.49.49:332][ 40]LogModuleManager: Shutting down and abandoning module LandscapeEditor (190)
[2016.03.11-15.49.49:332][ 40]LogModuleManager: Shutting down and abandoning module ActorPickerMode (189)
[2016.03.11-15.49.49:332][ 40]LogModuleManager: Shutting down and abandoning module GeometryMode (188)
[2016.03.11-15.49.49:332][ 40]LogModuleManager: Shutting down and abandoning module TextureAlignMode (187)
[2016.03.11-15.49.49:332][ 40]LogModuleManager: Shutting down and abandoning module BspMode (186)
[2016.03.11-15.49.49:332][ 40]LogModuleManager: Shutting down and abandoning module PlacementMode (185)
[2016.03.11-15.49.49:332][ 40]LogModuleManager: Shutting down and abandoning module AutomationWorker (184)
[2016.03.11-15.49.49:332][ 40]LogModuleManager: Shutting down and abandoning module CharacterAI (183)
[2016.03.11-15.49.49:332][ 40]LogModuleManager: Shutting down and abandoning module SmartSnapping (182)
[2016.03.11-15.49.49:332][ 40]LogModuleManager: Shutting down and abandoning module ViewportSnapping (181)
[2016.03.11-15.49.49:332][ 40]LogModuleManager: Shutting down and abandoning module LogVisualizer (180)
[2016.03.11-15.49.49:333][ 40]LogModuleManager: Shutting down and abandoning module GameProjectGeneration (179)
[2016.03.11-15.49.49:333][ 40]LogModuleManager: Shutting down and abandoning module IntroTutorials (178)
[2016.03.11-15.49.49:333][ 40]LogModuleManager: Shutting down and abandoning module EditorLiveStreaming (177)
[2016.03.11-15.49.49:333][ 40]LogModuleManager: Shutting down and abandoning module IOSPlatformEditor (176)
[2016.03.11-15.49.49:333][ 40]LogModuleManager: Shutting down and abandoning module HTML5PlatformEditor (175)
[2016.03.11-15.49.49:333][ 40]LogModuleManager: Shutting down and abandoning module AndroidDeviceDetection (174)
[2016.03.11-15.49.49:504][ 40]LogModuleManager: Shutting down and abandoning module AndroidPlatformEditor (173)
[2016.03.11-15.49.49:504][ 40]LogModuleManager: Shutting down and abandoning module IOSRuntimeSettings (172)
[2016.03.11-15.49.49:504][ 40]LogModuleManager: Shutting down and abandoning module AndroidRuntimeSettings (171)
[2016.03.11-15.49.49:504][ 40]LogModuleManager: Shutting down and abandoning module MergeActors (170)
[2016.03.11-15.49.49:505][ 40]LogModuleManager: Shutting down and abandoning module SizeMap (169)
[2016.03.11-15.49.49:505][ 40]LogModuleManager: Shutting down and abandoning module TreeMap (168)
[2016.03.11-15.49.49:505][ 40]LogModuleManager: Shutting down and abandoning module ReferenceViewer (167)
[2016.03.11-15.49.49:505][ 40]LogModuleManager: Shutting down and abandoning module LocalizationService (166)
[2016.03.11-15.49.49:505][ 40]LogModuleManager: Shutting down and abandoning module LocalizationDashboard (165)
[2016.03.11-15.49.49:505][ 40]LogModuleManager: Shutting down and abandoning module HardwareTargeting (164)
[2016.03.11-15.49.49:505][ 40]LogModuleManager: Shutting down and abandoning module DeviceProfileEditor (163)
[2016.03.11-15.49.49:505][ 40]LogModuleManager: Shutting down and abandoning module UndoHistory (162)
[2016.03.11-15.49.49:505][ 40]LogModuleManager: Shutting down and abandoning module GameplayTagsEditor (161)
[2016.03.11-15.49.49:505][ 40]LogModuleManager: Shutting down and abandoning module UserFeedback (160)
[2016.03.11-15.49.49:505][ 40]LogModuleManager: Shutting down and abandoning module XmlParser (159)
[2016.03.11-15.49.49:505][ 40]LogModuleManager: Shutting down and abandoning module Blutility (158)
[2016.03.11-15.49.49:505][ 40]LogModuleManager: Shutting down and abandoning module ProjectTargetPlatformEditor (157)
[2016.03.11-15.49.49:505][ 40]LogModuleManager: Shutting down and abandoning module ProjectSettingsViewer (156)
[2016.03.11-15.49.49:505][ 40]LogModuleManager: Shutting down and abandoning module InputBindingEditor (155)
[2016.03.11-15.49.49:506][ 40]LogModuleManager: Shutting down and abandoning module EditorSettingsViewer (154)
[2016.03.11-15.49.49:506][ 40]LogModuleManager: Shutting down and abandoning module SettingsEditor (153)
[2016.03.11-15.49.49:506][ 40]LogModuleManager: Shutting down and abandoning module ProjectLauncher (152)
[2016.03.11-15.49.49:506][ 40]LogModuleManager: Shutting down and abandoning module SessionFrontend (151)
[2016.03.11-15.49.49:506][ 40]LogModuleManager: Shutting down and abandoning module ProfilerClient (150)
[2016.03.11-15.49.49:506][ 40]LogModuleManager: Shutting down and abandoning module TargetDeviceServices (149)
[2016.03.11-15.49.49:506][ 40]LogModuleManager: Shutting down and abandoning module DeviceManager (148)
[2016.03.11-15.49.49:506][ 40]LogModuleManager: Shutting down and abandoning module AutomationController (147)
[2016.03.11-15.49.49:506][ 40]LogModuleManager: Shutting down and abandoning module AutomationWindow (146)
[2016.03.11-15.49.49:506][ 40]LogModuleManager: Shutting down and abandoning module Layers (145)
[2016.03.11-15.49.49:506][ 40]LogModuleManager: Shutting down and abandoning module ComponentVisualizers (144)
[2016.03.11-15.49.49:506][ 40]LogModuleManager: Shutting down and abandoning module DetailCustomizations (143)
[2016.03.11-15.49.49:507][ 40]LogModuleManager: Shutting down and abandoning module PackagesDialog (142)
[2016.03.11-15.49.49:507][ 40]LogModuleManager: Shutting down and abandoning module Persona (141)
[2016.03.11-15.49.49:507][ 40]LogModuleManager: Shutting down and abandoning module Kismet (140)
[2016.03.11-15.49.49:507][ 40]LogModuleManager: Shutting down and abandoning module GraphEditor (139)
[2016.03.11-15.49.49:507][ 40]LogModuleManager: Shutting down and abandoning module ClassViewer (138)
[2016.03.11-15.49.49:507][ 40]LogModuleManager: Shutting down and abandoning module Toolbox (137)
[2016.03.11-15.49.49:507][ 40]LogModuleManager: Shutting down and abandoning module ModuleUI (136)
[2016.03.11-15.49.49:507][ 40]LogModuleManager: Shutting down and abandoning module MovieSceneTools (135)
[2016.03.11-15.49.49:507][ 40]LogModuleManager: Shutting down and abandoning module OutputLog (134)
[2016.03.11-15.49.49:507][ 40]LogModuleManager: Shutting down and abandoning module GammaUI (133)
[2016.03.11-15.49.49:507][ 40]LogModuleManager: Shutting down and abandoning module Documentation (132)
[2016.03.11-15.49.49:508][ 40]LogModuleManager: Shutting down and abandoning module GameLiveStreaming (131)
[2016.03.11-15.49.49:508][ 40]LogModuleManager: Shutting down and abandoning module StreamingPauseRendering (130)
[2016.03.11-15.49.49:508][ 40]LogModuleManager: Shutting down and abandoning module AnalyticsET (129)
[2016.03.11-15.49.49:508][ 40]LogModuleManager: Shutting down and abandoning module Analytics (128)
[2016.03.11-15.49.49:508][ 40]LogModuleManager: Shutting down and abandoning module AITestSuite (127)
[2016.03.11-15.49.49:508][ 40]LogModuleManager: Shutting down and abandoning module GameplayDebugger (126)
[2016.03.11-15.49.49:508][ 40]LogModuleManager: Shutting down and abandoning module AIModule (125)
[2016.03.11-15.49.49:508][ 40]LogModuleManager: Shutting down and abandoning module ProfilerService (124)
[2016.03.11-15.49.49:561][ 40]LogModuleManager: Shutting down and abandoning module TaskGraph (123)
[2016.03.11-15.49.49:561][ 40]LogModuleManager: Shutting down and abandoning module SlateRemote (122)
[2016.03.11-15.49.49:561][ 40]LogModuleManager: Shutting down and abandoning module SteamVRController (121)
[2016.03.11-15.49.49:561][ 40]LogModuleManager: Shutting down and abandoning module SteamVR (120)
[2016.03.11-15.49.49:561][ 40]LogModuleManager: Shutting down and abandoning module ProceduralMeshComponent (119)
[2016.03.11-15.49.49:561][ 40]LogModuleManager: Shutting down and abandoning module OculusLibrary (118)
[2016.03.11-15.49.49:561][ 40]LogModuleManager: Shutting down and abandoning module OculusInput (117)
[2016.03.11-15.49.49:561][ 40]LogModuleManager: Shutting down and abandoning module LeapMotionController (116)
[2016.03.11-15.49.49:595][ 40]LogModuleManager: Shutting down and abandoning module CustomMeshComponent (115)
[2016.03.11-15.49.49:595][ 40]LogModuleManager: Shutting down and abandoning module CableComponent (114)
[2016.03.11-15.49.49:595][ 40]LogModuleManager: Shutting down and abandoning module ArchVisCharacter (113)
[2016.03.11-15.49.49:595][ 40]LogModuleManager: Shutting down and abandoning module MessagingDebugger (112)
[2016.03.11-15.49.49:595][ 40]LogModuleManager: Shutting down and abandoning module MediaPlayerEditor (111)
[2016.03.11-15.49.49:595][ 40]LogModuleManager: Shutting down and abandoning module HTML5Networking (110)
[2016.03.11-15.49.49:596][ 40]LogModuleManager: Shutting down and abandoning module SpeedTreeImporter (109)
[2016.03.11-15.49.49:596][ 40]LogModuleManager: Shutting down and abandoning module PluginBrowser (108)
[2016.03.11-15.49.49:596][ 40]LogModuleManager: Shutting down and abandoning module EpicSurvey (107)
[2016.03.11-15.49.49:596][ 40]LogModuleManager: Shutting down and abandoning module DesktopPlatform (106)
[2016.03.11-15.49.49:596][ 40]LogModuleManager: Shutting down and abandoning module VisualStudioSourceCodeAccess (105)
[2016.03.11-15.49.49:596][ 40]LogModuleManager: Shutting down and abandoning module UObjectPlugin (104)
[2016.03.11-15.49.49:596][ 40]LogModuleManager: Shutting down and abandoning module SubversionSourceControl (103)
[2016.03.11-15.49.49:596][ 40]LogModuleManager: Shutting down and abandoning module PerforceSourceControl (102)
[2016.03.11-15.49.49:596][ 40]LogModuleManager: Shutting down and abandoning module SourceControl (101)
[2016.03.11-15.49.49:596][ 40]LogModuleManager: Shutting down and abandoning module GitSourceControl (100)
[2016.03.11-15.49.49:596][ 40]LogModuleManager: Shutting down and abandoning module LightPropagationVolumeEditor (99)
[2016.03.11-15.49.49:596][ 40]LogModuleManager: Shutting down and abandoning module PaperTiledImporter (98)
[2016.03.11-15.49.49:596][ 40]LogModuleManager: Shutting down and abandoning module PaperSpriteSheetImporter (97)
[2016.03.11-15.49.49:596][ 40]LogModuleManager: Shutting down and abandoning module MeshPaint (96)
[2016.03.11-15.49.49:596][ 40]LogModuleManager: Shutting down and abandoning module SlateReflector (95)
[2016.03.11-15.49.49:596][ 40]LogModuleManager: Shutting down and abandoning module HotReload (94)
[2016.03.11-15.49.49:596][ 40]LogModuleManager: Shutting down and abandoning module MainFrame (93)
[2016.03.11-15.49.49:596][ 40]LogModuleManager: Shutting down and abandoning module LevelEditor (92)
[2016.03.11-15.49.49:597][ 40]LogModuleManager: Shutting down and abandoning module DirectoryWatcher (91)
[2016.03.11-15.49.49:598][ 40]LogModuleManager: Shutting down and abandoning module AssetRegistry (90)
[2016.03.11-15.49.49:803][ 40]LogModuleManager: Shutting down and abandoning module ContentBrowser (89)
[2016.03.11-15.49.49:806][ 40]LogModuleManager: Shutting down and abandoning module Paper2DEditor (88)
[2016.03.11-15.49.49:806][ 40]LogModuleManager: Shutting down and abandoning module Game_GT (87)
[2016.03.11-15.49.49:806][ 40]LogModuleManager: Shutting down and abandoning module UdpMessaging (86)
[2016.03.11-15.49.49:907][ 40]LogModuleManager: Shutting down and abandoning module LightPropagationVolumeRuntime (85)
[2016.03.11-15.49.49:907][ 40]LogModuleManager: Shutting down and abandoning module Paper2D (84)
[2016.03.11-15.49.49:907][ 40]LogModuleManager: Shutting down and abandoning module WindowsMoviePlayer (83)
[2016.03.11-15.49.49:909][ 40]LogModuleManager: Shutting down and abandoning module Media (82)
[2016.03.11-15.49.49:909][ 40]LogModuleManager: Shutting down and abandoning module WmfMedia (81)
[2016.03.11-15.49.49:909][ 40]LogModuleManager: Shutting down and abandoning module OnlineBlueprintSupport (80)
[2016.03.11-15.49.49:909][ 40]LogModuleManager: Shutting down and abandoning module GameplayTasksEditor (79)
[2016.03.11-15.49.49:909][ 40]LogModuleManager: Shutting down and abandoning module PropertyEditor (78)
[2016.03.11-15.49.49:909][ 40]LogModuleManager: Shutting down and abandoning module BehaviorTreeEditor (77)
[2016.03.11-15.49.49:909][ 40]LogModuleManager: Shutting down and abandoning module FunctionalTesting (76)
[2016.03.11-15.49.49:909][ 40]LogModuleManager: Shutting down and abandoning module CollisionAnalyzer (75)
[2016.03.11-15.49.49:909][ 40]LogModuleManager: Shutting down and abandoning module WorkspaceMenuStructure (74)
[2016.03.11-15.49.49:909][ 40]LogModuleManager: Shutting down and abandoning module MessageLog (73)
[2016.03.11-15.49.49:910][ 40]LogModuleManager: Shutting down and abandoning module Sequencer (72)
[2016.03.11-15.49.49:910][ 40]LogModuleManager: Shutting down and abandoning module AssetTools (71)
[2016.03.11-15.49.49:910][ 40]LogModuleManager: Shutting down and abandoning module UMGEditor (70)
[2016.03.11-15.49.49:910][ 40]LogModuleManager: Shutting down and abandoning module UMG (69)
[2016.03.11-15.49.49:910][ 40]LogModuleManager: Shutting down and abandoning module Slate (68)
[2016.03.11-15.49.49:910][ 40]LogModuleManager: Shutting down and abandoning module EditorStyle (67)
[2016.03.11-15.49.49:914][ 40]LogModuleManager: Shutting down and abandoning module SessionServices (66)
[2016.03.11-15.49.49:914][ 40]LogModuleManager: Shutting down and abandoning module SourceCodeAccess (65)
[2016.03.11-15.49.49:914][ 40]LogModuleManager: Shutting down and abandoning module HeadMountedDisplay (64)
[2016.03.11-15.49.49:914][ 40]LogModuleManager: Shutting down and abandoning module XAudio2 (63)
[2016.03.11-15.49.49:914][ 40]LogModuleManager: Shutting down and abandoning module Networking (61)
[2016.03.11-15.49.49:914][ 40]LogModuleManager: Shutting down and abandoning module Core (60)
[2016.03.11-15.49.49:914][ 40]LogModuleManager: Shutting down and abandoning module KismetCompiler (59)
[2016.03.11-15.49.49:914][ 40]LogModuleManager: Shutting down and abandoning module PhysXFormats (58)
[2016.03.11-15.49.49:914][ 40]LogModuleManager: Shutting down and abandoning module MeshUtilities (57)
[2016.03.11-15.49.49:914][ 40]LogModuleManager: Shutting down and abandoning module DerivedDataCache (56)
[2016.03.11-15.49.50:140][ 40]LogDerivedDataCache: Shutdown
[2016.03.11-15.49.50:140][ 40]LogModuleManager: Shutting down and abandoning module ShaderFormatOpenGL (55)
[2016.03.11-15.49.50:140][ 40]LogModuleManager: Shutting down and abandoning module ShaderFormatD3D (54)
[2016.03.11-15.49.50:140][ 40]LogModuleManager: Shutting down and abandoning module MetalShaderFormat (53)
[2016.03.11-15.49.50:140][ 40]LogModuleManager: Shutting down and abandoning module TextureFormatUncompressed (52)
[2016.03.11-15.49.50:140][ 40]LogModuleManager: Shutting down and abandoning module TextureFormatPVR (51)
[2016.03.11-15.49.50:140][ 40]LogModuleManager: Shutting down and abandoning module TextureFormatIntelISPCTexComp (50)
[2016.03.11-15.49.50:140][ 40]LogModuleManager: Shutting down and abandoning module TextureFormatDXT (49)
[2016.03.11-15.49.50:140][ 40]LogModuleManager: Shutting down and abandoning module ImageWrapper (48)
[2016.03.11-15.49.50:140][ 40]LogModuleManager: Shutting down and abandoning module TextureFormatASTC (47)
[2016.03.11-15.49.50:140][ 40]LogModuleManager: Shutting down and abandoning module TextureFormatAndroid (46)
[2016.03.11-15.49.50:140][ 40]LogModuleManager: Shutting down and abandoning module AudioFormatOpus (45)
[2016.03.11-15.49.50:140][ 40]LogModuleManager: Shutting down and abandoning module AudioFormatOgg (44)
[2016.03.11-15.49.50:140][ 40]LogModuleManager: Shutting down and abandoning module AudioFormatADPCM (43)
[2016.03.11-15.49.50:140][ 40]LogModuleManager: Shutting down and abandoning module LinuxTargetPlatform (42)
[2016.03.11-15.49.50:140][ 40]LogModuleManager: Shutting down and abandoning module LinuxServerTargetPlatform (41)
[2016.03.11-15.49.50:140][ 40]LogModuleManager: Shutting down and abandoning module LinuxNoEditorTargetPlatform (40)
[2016.03.11-15.49.50:140][ 40]LogModuleManager: Shutting down and abandoning module Messaging (39)
[2016.03.11-15.49.50:140][ 40]LogModuleManager: Shutting down and abandoning module IOSTargetPlatform (38)
[2016.03.11-15.49.50:140][ 40]LogModuleManager: Shutting down and abandoning module HTML5TargetPlatform (37)
[2016.03.11-15.49.50:140][ 40]LogModuleManager: Shutting down and abandoning module Android_PVRTCTargetPlatform (36)
[2016.03.11-15.49.50:140][ 40]LogModuleManager: Shutting down and abandoning module Android_MultiTargetPlatform (35)
[2016.03.11-15.49.50:140][ 40]LogModuleManager: Shutting down and abandoning module Android_ETC2TargetPlatform (34)
[2016.03.11-15.49.50:140][ 40]LogModuleManager: Shutting down and abandoning module Android_ETC1TargetPlatform (33)
[2016.03.11-15.49.50:140][ 40]LogModuleManager: Shutting down and abandoning module Android_DXTTargetPlatform (32)
[2016.03.11-15.49.50:140][ 40]LogModuleManager: Shutting down and abandoning module Android_ATCTargetPlatform (31)
[2016.03.11-15.49.50:140][ 40]LogModuleManager: Shutting down and abandoning module Android_ASTCTargetPlatform (30)
[2016.03.11-15.49.50:140][ 40]LogModuleManager: Shutting down and abandoning module AndroidTargetPlatform (29)
[2016.03.11-15.49.50:140][ 40]LogModuleManager: Shutting down and abandoning module WindowsTargetPlatform (28)
[2016.03.11-15.49.50:140][ 40]LogModuleManager: Shutting down and abandoning module WindowsServerTargetPlatform (27)
[2016.03.11-15.49.50:140][ 40]LogModuleManager: Shutting down and abandoning module WindowsNoEditorTargetPlatform (26)
[2016.03.11-15.49.50:140][ 40]LogModuleManager: Shutting down and abandoning module WindowsClientTargetPlatform (25)
[2016.03.11-15.49.50:140][ 40]LogModuleManager: Shutting down and abandoning module AllDesktopTargetPlatform (24)
[2016.03.11-15.49.50:140][ 40]LogModuleManager: Shutting down and abandoning module TargetPlatform (23)
[2016.03.11-15.49.50:140][ 40]LogModuleManager: Shutting down and abandoning module InputCore (22)
[2016.03.11-15.49.50:140][ 40]LogModuleManager: Shutting down and abandoning module Settings (21)
[2016.03.11-15.49.50:140][ 40]LogModuleManager: Shutting down and abandoning module OnlineSubsystem (19)
[2016.03.11-15.49.50:140][ 40]LogModuleManager: Shutting down and abandoning module HTTP (18)
[2016.03.11-15.49.52:643][ 40]LogModuleManager: Shutting down and abandoning module XMPP (17)
[2016.03.11-15.49.52:643][ 40]LogModuleManager: Shutting down and abandoning module OculusRift (16)
[2016.03.11-15.49.52:643][ 40]LogModuleManager: Shutting down and abandoning module ExampleDeviceProfileSelector (15)
[2016.03.11-15.49.52:643][ 40]LogModuleManager: Shutting down and abandoning module TextureCompressor (14)
[2016.03.11-15.49.52:643][ 40]LogModuleManager: Shutting down and abandoning module ShaderCore (13)
[2016.03.11-15.49.52:643][ 40]LogModuleManager: Shutting down and abandoning module Landscape (12)
[2016.03.11-15.49.52:643][ 40]LogModuleManager: Shutting down and abandoning module SlateRHIRenderer (11)
[2016.03.11-15.49.52:643][ 40]LogModuleManager: Shutting down and abandoning module OpenGLDrv (10)
[2016.03.11-15.49.52:643][ 40]LogModuleManager: Shutting down and abandoning module D3D11RHI (9)
[2016.03.11-15.49.52:643][ 40]LogModuleManager: Shutting down and abandoning module AnimGraphRuntime (8)
[2016.03.11-15.49.52:643][ 40]LogModuleManager: Shutting down and abandoning module Renderer (7)
[2016.03.11-15.49.52:643][ 40]LogModuleManager: Shutting down and abandoning module Engine (6)
[2016.03.11-15.49.52:643][ 40]LogModuleManager: Shutting down and abandoning module CoreUObject (5)
[2016.03.11-15.49.52:643][ 40]LogModuleManager: Shutting down and abandoning module NetworkFile (4)
[2016.03.11-15.49.52:643][ 40]LogModuleManager: Shutting down and abandoning module StreamingFile (3)
[2016.03.11-15.49.52:643][ 40]LogModuleManager: Shutting down and abandoning module SandboxFile (2)
[2016.03.11-15.49.52:643][ 40]LogModuleManager: Shutting down and abandoning module PakFile (1)
[2016.03.11-15.49.52:644][ 40]LogExit: Exiting.
[2016.03.11-15.49.52:646][ 40]Log file closed, 03/11/16 10:49:52
