[2016.01.11-16.32.43:062][  0]Log file open, 01/11/16 11:32:43
[2016.01.11-16.32.43:062][  0]LogInit:Display: Running engine for game: Game_GT
[2016.01.11-16.32.43:062][  0]LogPlatformFile: Not using cached read wrapper
[2016.01.11-16.32.43:062][  0]LogInit:Display: RandInit(-1358084672) SRandInit(-1358084671).
[2016.01.11-16.32.43:062][  0]LogTaskGraph: Started task graph with 4 named threads and 7 total threads.
[2016.01.11-16.32.43:062][  0]LogStats: Stats thread started at 0.073418
[2016.01.11-16.32.43:062][  0]LogInit:Warning: Incompatible or missing module: UE4Editor-Game_GT.dll
[2016.01.11-16.32.44:911][  0]Running C:/Program Files (x86)/Epic Games/4.10/Engine/Binaries/DotNET/UnrealBuildTool.exe Game_GT Development Win64 -project="C:/Users/dacos/OneDrive/Documents/Unreal Projects/Game_GT/Game_GT.uproject" -rocket -editorrecompile -progress -noubtmakefiles -2015
[2016.01.11-16.32.48:026][  0]@progress push 5%
[2016.01.11-16.32.48:628][  0]@progress pop
[2016.01.11-16.32.50:740][  0]Performing 10 actions (4 in parallel)
[2016.01.11-16.32.50:740][  0][2/10] Resource PCLaunch.rc
[2016.01.11-16.32.50:740][  0][3/10] Resource ModuleVersionResource.rc.inl
[2016.01.11-16.32.50:740][  0]PCH.Game_GT.h.cpp
[2016.01.11-16.32.57:954][  0]Game_GTPlayerController.cpp
[2016.01.11-16.32.57:954][  0]Game_GTCharacter.cpp
[2016.01.11-16.32.57:954][  0]Game_GTGameMode.cpp
[2016.01.11-16.32.57:954][  0]Game_GT.generated.cpp
[2016.01.11-16.32.58:156][  0]MyCharacter.cpp
[2016.01.11-16.32.58:156][  0]Game_GT.cpp
[2016.01.11-16.32.58:256][  0][10/10] Link UE4Editor-Game_GT.dll
[2016.01.11-16.32.58:356][  0]   Creating library C:\Users\dacos\OneDrive\Documents\Unreal Projects\Game_GT\Intermediate/Build/Win64\UE4Editor\Development\UE4Editor-Game_GT.lib and object C:\Users\dacos\OneDrive\Documents\Unreal Projects\Game_GT\Intermediate/Build/Win64\UE4Editor\Development\UE4Editor-Game_GT.exp
[2016.01.11-16.32.58:757][  0]-------- End Detailed Actions Stats -----------------------------------------------------------
[2016.01.11-16.32.58:757][  0]Total build time: 13.75 seconds
[2016.01.11-16.32.59:141][  0]LogInit: Version: 4.10.1-2791327+++depot+UE4-Releases+4.10
[2016.01.11-16.32.59:141][  0]LogInit: API Version: 2758231
[2016.01.11-16.32.59:141][  0]LogInit: Compiled (64-bit): Dec  4 2015 19:44:40
[2016.01.11-16.32.59:141][  0]LogInit: Compiled with Visual C++: 19.00.23026.00
[2016.01.11-16.32.59:141][  0]LogInit: Build Configuration: Development
[2016.01.11-16.32.59:141][  0]LogInit: Branch Name: ++depot+UE4-Releases+4.10
[2016.01.11-16.32.59:141][  0]LogInit: Command line:  
[2016.01.11-16.32.59:141][  0]LogInit: Base directory: C:/Program Files (x86)/Epic Games/4.10/Engine/Binaries/Win64/
[2016.01.11-16.32.59:141][  0]LogInit: Rocket: 1
[2016.01.11-16.32.59:147][  0]LogInit: Using libcurl 7.41.0
[2016.01.11-16.32.59:147][  0]LogInit:  - built for x86_64-pc-win32
[2016.01.11-16.32.59:147][  0]LogInit:  - supports SSL with WinSSL
[2016.01.11-16.32.59:147][  0]LogInit:  - other features:
[2016.01.11-16.32.59:147][  0]LogInit:      CURL_VERSION_SSL
[2016.01.11-16.32.59:147][  0]LogInit:      CURL_VERSION_IPV6
[2016.01.11-16.32.59:147][  0]LogInit:      CURL_VERSION_ASYNCHDNS
[2016.01.11-16.32.59:147][  0]LogInit:      CURL_VERSION_LARGEFILE
[2016.01.11-16.32.59:147][  0]LogInit:      CURL_VERSION_IDN
[2016.01.11-16.32.59:147][  0]LogInit:  CurlRequestOptions (configurable via config and command line):
[2016.01.11-16.32.59:147][  0]LogInit:  - bVerifyPeer = true  - Libcurl will verify peer certificate
[2016.01.11-16.32.59:147][  0]LogInit:  - bUseHttpProxy = false  - Libcurl will NOT use HTTP proxy
[2016.01.11-16.32.59:147][  0]LogInit:  - bDontReuseConnections = false  - Libcurl will reuse connections
[2016.01.11-16.32.59:147][  0]LogInit:  - CertBundlePath = nullptr  - Libcurl will use whatever was configured at build time.
[2016.01.11-16.32.59:153][  0]LogInit: Presizing for 0 objects not considered by GC, pre-allocating 0 bytes.
[2016.01.11-16.32.59:158][  0]LogInit: Object subsystem initialized
[2016.01.11-16.32.59:159][  0]LogInit: Selected Device Profile: [Windows]
[2016.01.11-16.32.59:159][  0]LogInit: Applying CVar settings loaded from the selected device profile: [Windows]
[2016.01.11-16.32.59:168][  0]LogInit: Computer: APPLEEATER-V2
[2016.01.11-16.32.59:168][  0]LogInit: User: dacos
[2016.01.11-16.32.59:168][  0]LogInit: CPU Page size=4096, Cores=4
[2016.01.11-16.32.59:168][  0]LogInit: High frequency timer resolution =2.533204 MHz
[2016.01.11-16.32.59:168][  0]LogMemory: Memory total: Physical=11.9GB (12GB approx)
[2016.01.11-16.32.59:168][  0]LogMemory: Platform Memory Stats for Windows
[2016.01.11-16.32.59:168][  0]LogMemory: Process Physical Memory: 60.67 MB used, 60.67 MB peak
[2016.01.11-16.32.59:168][  0]LogMemory: Process Virtual Memory: 57.14 MB used, 57.14 MB peak
[2016.01.11-16.32.59:168][  0]LogMemory: Physical Memory: 4954.62 MB used, 12177.01 MB total
[2016.01.11-16.32.59:168][  0]LogMemory: Virtual Memory: 402.31 MB used, 134217728.00 MB total
[2016.01.11-16.32.59:420][  0]LogTextLocalizationManager: No specific translations for ('en-US') exist, so ('en') translations will be used.
[2016.01.11-16.32.59:810][  0]LogD3D11RHI: Found D3D11 adapter 0: NVIDIA GeForce GTX 960M       (Feature Level 11_0)
[2016.01.11-16.32.59:810][  0]LogD3D11RHI: Adapter has 1995MB of dedicated video memory, 0MB of dedicated system memory, and 6088MB of shared system memory, 1 output[s]
[2016.01.11-16.32.59:815][  0]LogD3D11RHI: Found D3D11 adapter 1: Intel(R) HD Graphics 4600 (Feature Level 11_0)
[2016.01.11-16.32.59:815][  0]LogD3D11RHI: Adapter has 112MB of dedicated video memory, 0MB of dedicated system memory, and 6088MB of shared system memory, 0 output[s]
[2016.01.11-16.32.59:816][  0]LogD3D11RHI: Found D3D11 adapter 2: Microsoft Basic Render Driver (Feature Level 11_0)
[2016.01.11-16.32.59:816][  0]LogD3D11RHI: Adapter has 0MB of dedicated video memory, 0MB of dedicated system memory, and 6088MB of shared system memory, 0 output[s]
[2016.01.11-16.32.59:816][  0]LogD3D11RHI: Chosen D3D11 Adapter Id = 0
[2016.01.11-16.32.59:820][  0]LogD3D11RHI: !Direct3DDevice
[2016.01.11-16.32.59:820][  0]LogRHI: Texture pool is 1361 MB (70% of 1945 MB)
[2016.01.11-16.32.59:832][  0]LogD3D11RHI: Async texture creation enabled
[2016.01.11-16.32.59:848][  0]LogShaderCompilers: Guid format shader working directory is -26 characters bigger than the processId version (../../../../../../Users/dacos/OneDrive/Documents/Unreal Projects/Game_GT/Intermediate/Shaders/WorkingDirectory/8252/).
[2016.01.11-16.32.59:848][  0]LogShaderCompilers: Cleaned the shader compiler working directory 'C:/Users/dacos/AppData/Local/Temp/UnrealShaderWorkingDir/C6AEC50D4F147C2F9371C2998D2E22A9/'.
[2016.01.11-16.32.59:848][  0]LogShaderCompilers:Display: Using Local Shader Compiler.
[2016.01.11-16.33.00:515][  0]LogTemp:Display: Loaded TP AllDesktopTargetPlatform
[2016.01.11-16.33.00:519][  0]LogTemp:Display: Loaded TP WindowsClientTargetPlatform
[2016.01.11-16.33.00:524][  0]LogTemp:Display: Loaded TP WindowsNoEditorTargetPlatform
[2016.01.11-16.33.00:528][  0]LogTemp:Display: Loaded TP WindowsServerTargetPlatform
[2016.01.11-16.33.00:532][  0]LogTemp:Display: Loaded TP WindowsTargetPlatform
[2016.01.11-16.33.00:534][  0]LogTemp:Display: Loaded TP AndroidTargetPlatform
[2016.01.11-16.33.00:537][  0]LogTemp:Display: Loaded TP Android_ASTCTargetPlatform
[2016.01.11-16.33.00:540][  0]LogTemp:Display: Loaded TP Android_ATCTargetPlatform
[2016.01.11-16.33.00:543][  0]LogTemp:Display: Loaded TP Android_DXTTargetPlatform
[2016.01.11-16.33.00:545][  0]LogTemp:Display: Loaded TP Android_ETC1TargetPlatform
[2016.01.11-16.33.00:548][  0]LogTemp:Display: Loaded TP Android_ETC2TargetPlatform
[2016.01.11-16.33.00:554][  0]LogTemp:Display: Loaded TP Android_MultiTargetPlatform
[2016.01.11-16.33.00:554][  0]LogTemp:Display: Loaded TP Android_PVRTCTargetPlatform
[2016.01.11-16.33.00:554][  0]LogTemp:Display: Loaded TP HTML5TargetPlatform
[2016.01.11-16.33.00:571][  0]LogTemp:Display: Loaded TP IOSTargetPlatform
[2016.01.11-16.33.00:573][  0]LogTemp:Display: Loaded TP LinuxNoEditorTargetPlatform
[2016.01.11-16.33.00:576][  0]LogTemp:Display: Loaded TP LinuxServerTargetPlatform
[2016.01.11-16.33.00:578][  0]LogTemp:Display: Loaded TP LinuxTargetPlatform
[2016.01.11-16.33.00:578][  0]LogTargetPlatformManager:Display: Building Assets For Windows
[2016.01.11-16.33.00:645][  0]LogDerivedDataCache:Display: Max Cache Size: 512 MB
[2016.01.11-16.33.00:688][  0]LogDerivedDataCache: Loaded boot cache 0.04s 42MB C:/Users/dacos/AppData/Local/UnrealEngine/4.10/DerivedDataCache/Boot.ddc.
[2016.01.11-16.33.00:688][  0]LogDerivedDataCache:Display: Loaded Boot cache: C:/Users/dacos/AppData/Local/UnrealEngine/4.10/DerivedDataCache/Boot.ddc
[2016.01.11-16.33.00:688][  0]LogDerivedDataCache: FDerivedDataBackendGraph:  Pak pak cache file ../../../../../../Users/dacos/OneDrive/Documents/Unreal Projects/Game_GT/DerivedDataCache/DDC.ddp not found, will not use a pak cache.
[2016.01.11-16.33.00:688][  0]LogDerivedDataCache: Unable to find inner node Pak for hierarchical cache Hierarchy.
[2016.01.11-16.33.00:688][  0]LogDerivedDataCache: FDerivedDataBackendGraph:  CompressedPak pak cache file ../../../../../../Users/dacos/OneDrive/Documents/Unreal Projects/Game_GT/DerivedDataCache/Compressed.ddp not found, will not use a pak cache.
[2016.01.11-16.33.00:688][  0]LogDerivedDataCache: Unable to find inner node CompressedPak for hierarchical cache Hierarchy.
[2016.01.11-16.33.00:739][  0]LogDerivedDataCache:Display: Pak cache opened for reading ../../../Engine/DerivedDataCache/Compressed.ddp.
[2016.01.11-16.33.00:751][  0]LogDerivedDataCache: Using Local data cache path C:/Users/dacos/AppData/Local/UnrealEngine/Common/DerivedDataCache: Writable
[2016.01.11-16.33.00:900][  0]LogInit: Selected Device Profile: [Windows]
[2016.01.11-16.33.00:901][  0]LogContentStreaming: Texture pool size is 0.000000MB
[2016.01.11-16.33.00:996][  0]LogMeshUtilities: No automatic mesh reduction module available
[2016.01.11-16.33.00:996][  0]LogMeshUtilities: No automatic mesh merging module available
[2016.01.11-16.33.01:177][  0]LogInit: WinSock: version 1.1 (2.2), MaxSocks=32767, MaxUdp=65467
[2016.01.11-16.33.01:789][  0]UdpMessaging: Initializing bridge on interface 0.0.0.0:0 to multicast group 230.0.0.1:6666.
[2016.01.11-16.33.01:855][  0]LogLinker:Warning: Asset '../../../../../../Users/dacos/OneDrive/Documents/Unreal Projects/Game_GT/Content/Mannequin/Animations/ThirdPerson_AnimBP.uasset' has been saved with empty engine version. The asset will be loaded but may be incompatible.
[2016.01.11-16.33.01:856][  0]LogLinker:Warning: Asset '../../../../../../Users/dacos/OneDrive/Documents/Unreal Projects/Game_GT/Content/Mannequin/Animations/ThirdPerson_Jump.uasset' has been saved with empty engine version. The asset will be loaded but may be incompatible.
[2016.01.11-16.33.01:857][  0]LogLinker:Warning: Asset '../../../../../../Users/dacos/OneDrive/Documents/Unreal Projects/Game_GT/Content/Mannequin/Animations/ThirdPersonJump_Loop.uasset' has been saved with empty engine version. The asset will be loaded but may be incompatible.
[2016.01.11-16.33.01:858][  0]LogLinker:Warning: Asset '../../../../../../Users/dacos/OneDrive/Documents/Unreal Projects/Game_GT/Content/Mannequin/Animations/ThirdPersonJump_Start.uasset' has been saved with empty engine version. The asset will be loaded but may be incompatible.
[2016.01.11-16.33.01:858][  0]LogLinker:Warning: Asset '../../../../../../Users/dacos/OneDrive/Documents/Unreal Projects/Game_GT/Content/Mannequin/Animations/ThirdPerson_IdleRun_2D.uasset' has been saved with empty engine version. The asset will be loaded but may be incompatible.
[2016.01.11-16.33.01:859][  0]LogLinker:Warning: Asset '../../../../../../Users/dacos/OneDrive/Documents/Unreal Projects/Game_GT/Content/Mannequin/Animations/ThirdPersonIdle.uasset' has been saved with empty engine version. The asset will be loaded but may be incompatible.
[2016.01.11-16.33.01:859][  0]LogLinker:Warning: Asset '../../../../../../Users/dacos/OneDrive/Documents/Unreal Projects/Game_GT/Content/Mannequin/Animations/ThirdPersonRun.uasset' has been saved with empty engine version. The asset will be loaded but may be incompatible.
[2016.01.11-16.33.01:860][  0]LogLinker:Warning: Asset '../../../../../../Users/dacos/OneDrive/Documents/Unreal Projects/Game_GT/Content/Mannequin/Animations/ThirdPersonWalk.uasset' has been saved with empty engine version. The asset will be loaded but may be incompatible.
[2016.01.11-16.33.02:152][  0]LogAssetRegistry: FAssetRegistry took 0.0111 seconds to start up
[2016.01.11-16.33.02:335][  0]SourceControl: Info Source control is disabled
[2016.01.11-16.33.02:368][  0]SourceControl: Info Source control is disabled
[2016.01.11-16.33.02:377][  0]SourceControl: Info Source control is disabled
[2016.01.11-16.33.02:385][  0]SourceControl: Info Source control is disabled
[2016.01.11-16.33.02:591][  0]LogObj: 31636 objects as part of root set at end of initial load.
[2016.01.11-16.33.02:591][  0]LogUObjectAllocator: 7168920 out of 0 bytes used by permanent object pool.
[2016.01.11-16.33.02:641][  0]LogEngine: Initializing Engine...
[2016.01.11-16.33.02:643][  0]LogHMD: Can't find Oculus library dev build: is proper Runtime installed? Version: 0.8.0.0
[2016.01.11-16.33.02:644][  0]LogHMD: SteamVR failed to initialize.  Err: 110
[2016.01.11-16.33.02:738][  0]LogAIModule: Creating AISystem for world NewWorld
[2016.01.11-16.33.02:741][  0]LogInit: XAudio2 using 'Speakers (Realtek High Definition Audio)' : 2 channels at 48 kHz using 32 bits per sample (channel mask 0x3)
[2016.01.11-16.33.02:853][  0]LogInit: FAudioDevice initialized.
[2016.01.11-16.33.02:876][  0]LogDerivedDataCache: Saved boot cache 0.02s 42MB C:/Users/dacos/AppData/Local/UnrealEngine/4.10/DerivedDataCache/Boot.ddc.
[2016.01.11-16.33.02:881][  0]LogInit: Texture streaming: Enabled
[2016.01.11-16.33.02:886][  0]LogAnalytics: Creating configured Analytics provider AnalyticsET
[2016.01.11-16.33.02:886][  0]LogAnalytics: [UEEditor.Rocket.Release] APIServer = http://et2.epicgames.com/ET2/. AppVersion = 4.10.1-2791327+++depot+UE4-Releases+4.10
[2016.01.11-16.33.02:886][  0]LogAnalytics: [UEEditor.Rocket.Release] SetUserId 7271a55c42ba7649a468ef8135f6e487|72e7fe8abf234c00b7d4ff8eb3462f9c|ed1d22c6-da52-4d8a-a8db-03a689afc6c5
[2016.01.11-16.33.02:886][  0]LogAnalytics: [UEEditor.Rocket.Release] AnalyticsET::StartSession
[2016.01.11-16.33.02:900][  0]LogWindowsTextInputMethodSystem:Display: IME system now deactivated.
[2016.01.11-16.33.02:916][  0]LogInit: Transaction tracking system initialized
[2016.01.11-16.33.02:947][  0]BlueprintLog: New page: Editor Load
[2016.01.11-16.33.03:042][  0]LocalizationService: Info Localization service is disabled
[2016.01.11-16.33.03:117][  0]LogLinker:Warning: Asset '../../../../../../Users/dacos/OneDrive/Documents/Unreal Projects/Game_GT/Content/TopDownCPP/TopDownOverview.uasset' has been saved with empty engine version. The asset will be loaded but may be incompatible.
[2016.01.11-16.33.03:137][  0]LogConsoleResponse:Display: 
[2016.01.11-16.33.03:237][  0]LogCook:Display: Done creating registry. It took  0.00s.
[2016.01.11-16.33.03:286][  0]LogFileCache: Scanning file cache for directory 'C:/Users/dacos/OneDrive/Documents/Unreal Projects/Game_GT/Content/' took 0.01s
[2016.01.11-16.33.03:286][  0]SourceControl: Info Source control is disabled
[2016.01.11-16.33.03:286][  0]Cmd: MAP LOAD FILE="../../../../../../Users/dacos/OneDrive/Documents/Unreal Projects/Game_GT/Content/TopDownCPP/Maps/TopDownExampleMap.umap" TEMPLATE=0 SHOWPROGRESS=1 FEATURELEVEL=3
[2016.01.11-16.33.03:287][  0]LightingResults: New page: Lighting Build
[2016.01.11-16.33.03:289][  0]MapCheck: New page: Map Check
[2016.01.11-16.33.03:289][  0]LightingResults: New page: Lighting Build
[2016.01.11-16.33.03:301][  0]LogParticles: Destroying 0 GPU particle simulations for FXSystem 0x000001E2F55CDB20
[2016.01.11-16.33.03:765][  0]LogAIModule: Creating AISystem for world TopDownExampleMap
[2016.01.11-16.33.03:787][  0]LogEditorServer: Finished looking for orphan Actors (0.000 secs)
[2016.01.11-16.33.03:788][  0]Cmd: MAP CHECKDEP NOCLEARLOG
[2016.01.11-16.33.03:850][  0]MapCheck: Info Map check complete: 0 Error(s), 0 Warning(s), took 62.439ms to complete.
[2016.01.11-16.33.03:850][  0]LogFileHelpers: Loading map 'TopDownExampleMap' took 0.564
[2016.01.11-16.33.03:949][  0]LogCollectionManager: Loaded 0 collections in 0.002035 seconds
[2016.01.11-16.33.03:989][  0]LogFileCache: Scanning file cache for directory 'C:/Users/dacos/OneDrive/Documents/Unreal Projects/Game_GT/Saved/Collections/' took 0.01s
[2016.01.11-16.33.03:989][  0]LogFileCache: Scanning file cache for directory 'C:/Users/dacos/OneDrive/Documents/Unreal Projects/Game_GT/Content/Developers/dacos/Collections/' took 0.01s
[2016.01.11-16.33.03:989][  0]LogFileCache: Scanning file cache for directory 'C:/Users/dacos/OneDrive/Documents/Unreal Projects/Game_GT/Content/Collections/' took 0.01s
[2016.01.11-16.33.03:989][  0]LogCollectionManager: Rebuilt the GUID cache for 0 collections in 0.000002 seconds
[2016.01.11-16.33.03:997][  0]LogContentBrowser: Native class hierarchy populated in 0.0077 seconds. Added 1897 classes and 340 folders.
[2016.01.11-16.33.04:006][  0]LogContentBrowser: Native class hierarchy updated for 'WidgetCarousel' in 0.0024 seconds. Added 0 classes and 0 folders.
[2016.01.11-16.33.04:047][  0]LogContentBrowser: Native class hierarchy updated for 'AddContentDialog' in 0.0009 seconds. Added 0 classes and 0 folders.
[2016.01.11-16.33.04:051][  0]LogContentBrowser: Native class hierarchy updated for 'SceneOutliner' in 0.0009 seconds. Added 1 classes and 2 folders.
[2016.01.11-16.33.04:070][  0]LogCrashTracker: Crashtracker disabled due to settings.
[2016.01.11-16.33.04:075][  0]LogUObjectGlobals:Warning: Failed to find object 'Class None.'
[2016.01.11-16.33.04:097][  0]LogLoad: Full Startup: 21.69 seconds (BP compile: 0.15 seconds)
[2016.01.11-16.33.04:109][  0]LogOcInput: Can't find Oculus library dev build: is proper Runtime installed? Version: 0.8.0.0
[2016.01.11-16.33.04:178][  0]LogContentStreaming: Texture pool size now 1000 MB
[2016.01.11-16.33.04:311][  0]LogRenderer: Reallocating scene render targets to support 1208x572 (Frame:2).
[2016.01.11-16.33.04:721][  7]LogAssetRegistry: Asset discovery search completed in 2.5790 seconds
[2016.01.11-16.33.04:721][  7]LogCollectionManager: Rebuilt the object cache for 0 collections in 0.000001 seconds (found 0 objects)
[2016.01.11-16.33.04:721][  7]LogCollectionManager: Fixed up redirectors for 0 collections in 0.000022 seconds (updated 0 objects)
[2016.01.11-16.33.29:331][676]SourceControl: Info On branch master
[2016.01.11-16.33.29:331][676]SourceControl: Info Your branch is up-to-date with 'origin/master'.
[2016.01.11-16.33.29:331][676]SourceControl: Info Changes not staged for commit:
[2016.01.11-16.33.29:332][676]SourceControl: Info   (use "git add <file>..." to update what will be committed)
[2016.01.11-16.33.29:332][676]SourceControl: Info   (use "git checkout -- <file>..." to discard changes in working directory)
[2016.01.11-16.33.29:332][676]SourceControl: Info 	modified:   Intermediate/Build/ActionHistory.bin
[2016.01.11-16.33.29:332][676]SourceControl: Info 	modified:   Intermediate/Build/BuildRules/Game_GTModuleRulesSourceFiles.txt
[2016.01.11-16.33.29:332][676]SourceControl: Info 	modified:   Intermediate/Build/Win64/Game_GT/Development/UE4Editor-Game_GT.dll.response
[2016.01.11-16.33.29:332][676]SourceControl: Info 	modified:   Intermediate/Build/Win64/Game_GTEditor/DependencyCache.bin
[2016.01.11-16.33.29:332][676]SourceControl: Info 	modified:   Intermediate/Build/Win64/UE4Editor/Development/UE4Editor-Game_GT.exp
[2016.01.11-16.33.29:332][676]SourceControl: Info 	modified:   Intermediate/CachedAssetRegistry.bin
[2016.01.11-16.33.29:332][676]SourceControl: Info 	modified:   Intermediate/Config/CoalescedSourceConfigs/Engine.ini
[2016.01.11-16.33.29:332][676]SourceControl: Info 	modified:   Intermediate/Config/CoalescedSourceConfigs/Game.ini
[2016.01.11-16.33.29:332][676]SourceControl: Info 	modified:   Saved/Config/Windows/EditorPerProjectUserSettings.ini
[2016.01.11-16.33.29:332][676]SourceControl: Info 	modified:   Saved/Config/Windows/Engine.ini
[2016.01.11-16.33.29:332][676]SourceControl: Info Untracked files:
[2016.01.11-16.33.29:332][676]SourceControl: Info   (use "git add <file>..." to include in what will be committed)
[2016.01.11-16.33.29:332][676]SourceControl: Info 	Binaries/
[2016.01.11-16.33.29:332][676]SourceControl: Info 	Intermediate/Build/BuildRules/Game_GTModuleRules.dll
[2016.01.11-16.33.29:332][676]SourceControl: Info 	Intermediate/Build/BuildRules/Game_GTModuleRules.pdb
[2016.01.11-16.33.29:332][676]SourceControl: Info 	Intermediate/Build/Win64/UE4Editor/Development/Game_GT/Game_GT.cpp.obj
[2016.01.11-16.33.29:332][676]SourceControl: Info 	Intermediate/Build/Win64/UE4Editor/Development/Game_GT/Game_GT.generated.cpp.obj
[2016.01.11-16.33.29:332][676]SourceControl: Info 	Intermediate/Build/Win64/UE4Editor/Development/Game_GT/Game_GT.h.obj
[2016.01.11-16.33.29:332][676]SourceControl: Info 	Intermediate/Build/Win64/UE4Editor/Development/Game_GT/Game_GT.h.pch
[2016.01.11-16.33.29:332][676]SourceControl: Info 	Intermediate/Build/Win64/UE4Editor/Development/Game_GT/Game_GTCharacter.cpp.obj
[2016.01.11-16.33.29:332][676]SourceControl: Info 	Intermediate/Build/Win64/UE4Editor/Development/Game_GT/Game_GTGameMode.cpp.obj
[2016.01.11-16.33.29:332][676]SourceControl: Info 	Intermediate/Build/Win64/UE4Editor/Development/Game_GT/Game_GTPlayerController.cpp.obj
[2016.01.11-16.33.29:332][676]SourceControl: Info 	Intermediate/Build/Win64/UE4Editor/Development/Game_GT/MyCharacter.cpp.obj
[2016.01.11-16.33.29:332][676]SourceControl: Info 	Intermediate/Build/Win64/UE4Editor/Development/UE4Editor-Game_GT.lib
[2016.01.11-16.33.29:332][676]SourceControl: Info 	Saved/Logs/
[2016.01.11-16.33.29:332][676]SourceControl: Info no changes added to commit (use "git add" and/or "git commit -a")
[2016.01.11-16.33.51:746][750]SourceControl: Info fatal: C:/Program Files (x86)/Epic Games/4.10/Engine/Content/ArtTools/RenderToTexture/Blueprints/PhysMesh.uasset: 'C:/Program Files (x86)/Epic Games/4.10/Engine/Content/ArtTools/RenderToTexture/Blueprints/PhysMesh.uasset' is outside repository
[2016.01.11-16.33.51:746][750]SourceControl: Info fatal: C:/Program Files (x86)/Epic Games/4.10/Engine/Content/ArtTools/RenderToTexture/Enums/EFloatTypes.uasset: 'C:/Program Files (x86)/Epic Games/4.10/Engine/Content/ArtTools/RenderToTexture/Enums/EFloatTypes.uasset' is outside repository
[2016.01.11-16.33.51:746][750]SourceControl: Info fatal: C:/Program Files (x86)/Epic Games/4.10/Engine/Content/ArtTools/RenderToTexture/Macros/RenderToTextureMacros.uasset: 'C:/Program Files (x86)/Epic Games/4.10/Engine/Content/ArtTools/RenderToTexture/Macros/RenderToTextureMacros.uasset' is outside repository
[2016.01.11-16.33.51:746][750]SourceControl: Info fatal: C:/Program Files (x86)/Epic Games/4.10/Engine/Content/ArtTools/RenderToTexture/MaterialFunctions/BoundingSphereBased_0-1_UVW.uasset: 'C:/Program Files (x86)/Epic Games/4.10/Engine/Content/ArtTools/RenderToTexture/MaterialFunctions/BoundingSphereBased_0-1_UVW.uasset' is outside repository
[2016.01.11-16.33.51:746][750]SourceControl: Info fatal: C:/Program Files (x86)/Epic Games/4.10/Engine/Content/ArtTools/RenderToTexture/Materials/MPC_R2T.uasset: 'C:/Program Files (x86)/Epic Games/4.10/Engine/Content/ArtTools/RenderToTexture/Materials/MPC_R2T.uasset' is outside repository
[2016.01.11-16.33.51:746][750]SourceControl: Info fatal: C:/Program Files (x86)/Epic Games/4.10/Engine/Content/ArtTools/RenderToTexture/Materials/Debug/M_2sidedLit.uasset: 'C:/Program Files (x86)/Epic Games/4.10/Engine/Content/ArtTools/RenderToTexture/Materials/Debug/M_2sidedLit.uasset' is outside repository
[2016.01.11-16.33.51:746][750]SourceControl: Info fatal: C:/Program Files (x86)/Epic Games/4.10/Engine/Content/ArtTools/RenderToTexture/Materials/Flipbooks/M_FlipBookCounter_01.uasset: 'C:/Program Files (x86)/Epic Games/4.10/Engine/Content/ArtTools/RenderToTexture/Materials/Flipbooks/M_FlipBookCounter_01.uasset' is outside repository
[2016.01.11-16.33.51:746][750]SourceControl: Info fatal: C:/Program Files (x86)/Epic Games/4.10/Engine/Content/ArtTools/RenderToTexture/Materials/Imposters/M_ImposterTest_01.uasset: 'C:/Program Files (x86)/Epic Games/4.10/Engine/Content/ArtTools/RenderToTexture/Materials/Imposters/M_ImposterTest_01.uasset' is outside repository
[2016.01.11-16.33.51:746][750]SourceControl: Info fatal: C:/Program Files (x86)/Epic Games/4.10/Engine/Content/ArtTools/RenderToTexture/Meshes/ShadowTestMesh.uasset: 'C:/Program Files (x86)/Epic Games/4.10/Engine/Content/ArtTools/RenderToTexture/Meshes/ShadowTestMesh.uasset' is outside repository
[2016.01.11-16.33.51:746][750]SourceControl: Info fatal: C:/Program Files (x86)/Epic Games/4.10/Engine/Content/ArtTools/RenderToTexture/Textures/127grey.uasset: 'C:/Program Files (x86)/Epic Games/4.10/Engine/Content/ArtTools/RenderToTexture/Textures/127grey.uasset' is outside repository
[2016.01.11-16.33.51:746][750]SourceControl: Info fatal: C:/Program Files (x86)/Epic Games/4.10/Engine/Content/ArtTools/RenderToTexture/Textures/FlipbookMotionVectors/Position1.uasset: 'C:/Program Files (x86)/Epic Games/4.10/Engine/Content/ArtTools/RenderToTexture/Textures/FlipbookMotionVectors/Position1.uasset' is outside repository
[2016.01.11-16.33.51:746][750]SourceControl: Info fatal: C:/Program Files (x86)/Epic Games/4.10/Engine/Content/BasicShapes/BasicShapeMaterial.uasset: 'C:/Program Files (x86)/Epic Games/4.10/Engine/Content/BasicShapes/BasicShapeMaterial.uasset' is outside repository
[2016.01.11-16.33.51:746][750]SourceControl: Info fatal: C:/Program Files (x86)/Epic Games/4.10/Engine/Content/BufferVisualization/AmbientOcclusion.uasset: 'C:/Program Files (x86)/Epic Games/4.10/Engine/Content/BufferVisualization/AmbientOcclusion.uasset' is outside repository
[2016.01.11-16.33.51:746][750]SourceControl: Info fatal: C:/Program Files (x86)/Epic Games/4.10/Engine/Content/Editor/Slate/Icons/AssetIcons/Cone_16x.uasset: 'C:/Program Files (x86)/Epic Games/4.10/Engine/Content/Editor/Slate/Icons/AssetIcons/Cone_16x.uasset' is outside repository
[2016.01.11-16.33.51:746][750]SourceControl: Info fatal: C:/Program Files (x86)/Epic Games/4.10/Engine/Content/EditorBlueprintResources/ActorMacros.uasset: 'C:/Program Files (x86)/Epic Games/4.10/Engine/Content/EditorBlueprintResources/ActorMacros.uasset' is outside repository
[2016.01.11-16.33.51:746][750]SourceControl: Info fatal: C:/Program Files (x86)/Epic Games/4.10/Engine/Content/EditorKismetResources/StandardMacros.uasset: 'C:/Program Files (x86)/Epic Games/4.10/Engine/Content/EditorKismetResources/StandardMacros.uasset' is outside repository
[2016.01.11-16.33.51:746][750]SourceControl: Info fatal: C:/Program Files (x86)/Epic Games/4.10/Engine/Content/EditorLandscapeResources/AlphaBrushMaterial.uasset: 'C:/Program Files (x86)/Epic Games/4.10/Engine/Content/EditorLandscapeResources/AlphaBrushMaterial.uasset' is outside repository
[2016.01.11-16.33.51:747][750]SourceControl: Info fatal: C:/Program Files (x86)/Epic Games/4.10/Engine/Content/EditorMaterials/Anchor.uasset: 'C:/Program Files (x86)/Epic Games/4.10/Engine/Content/EditorMaterials/Anchor.uasset' is outside repository
[2016.01.11-16.33.51:747][750]SourceControl: Info fatal: C:/Program Files (x86)/Epic Games/4.10/Engine/Content/EditorMaterials/TreeArrow_ExpandedRealtimePreview.uasset: 'C:/Program Files (x86)/Epic Games/4.10/Engine/Content/EditorMaterials/TreeArrow_ExpandedRealtimePreview.uasset' is outside repository
[2016.01.11-16.33.51:747][750]SourceControl: Info fatal: C:/Program Files (x86)/Epic Games/4.10/Engine/Content/EditorMaterials/Cascade/CASC_BackgroundCube_MAT.uasset: 'C:/Program Files (x86)/Epic Games/4.10/Engine/Content/EditorMaterials/Cascade/CASC_BackgroundCube_MAT.uasset' is outside repository
[2016.01.11-16.33.51:747][750]SourceControl: Info fatal: C:/Program Files (x86)/Epic Games/4.10/Engine/Content/EditorMaterials/Matinee/MAT_EnableTrack_Mat.uasset: 'C:/Program Files (x86)/Epic Games/4.10/Engine/Content/EditorMaterials/Matinee/MAT_EnableTrack_Mat.uasset' is outside repository
[2016.01.11-16.33.51:747][750]SourceControl: Info fatal: C:/Program Files (x86)/Epic Games/4.10/Engine/Content/EditorMaterials/MatineeGroups/MAT_ColorTrack.uasset: 'C:/Program Files (x86)/Epic Games/4.10/Engine/Content/EditorMaterials/MatineeGroups/MAT_ColorTrack.uasset' is outside repository
[2016.01.11-16.33.51:747][750]SourceControl: Info fatal: C:/Program Files (x86)/Epic Games/4.10/Engine/Content/EditorMaterials/ParticleSystems/PSysThumbnail_NoImage.uasset: 'C:/Program Files (x86)/Epic Games/4.10/Engine/Content/EditorMaterials/ParticleSystems/PSysThumbnail_NoImage.uasset' is outside repository
[2016.01.11-16.33.51:747][750]SourceControl: Info fatal: C:/Program Files (x86)/Epic Games/4.10/Engine/Content/EditorMaterials/Thumbnails/FloorPlaneMaterial.uasset: 'C:/Program Files (x86)/Epic Games/4.10/Engine/Content/EditorMaterials/Thumbnails/FloorPlaneMaterial.uasset' is outside repository
[2016.01.11-16.33.51:747][750]SourceControl: Info fatal: C:/Program Files (x86)/Epic Games/4.10/Engine/Content/EditorMaterials/Utilities/ImageReflectionPreview.uasset: 'C:/Program Files (x86)/Epic Games/4.10/Engine/Content/EditorMaterials/Utilities/ImageReflectionPreview.uasset' is outside repository
[2016.01.11-16.33.51:747][750]SourceControl: Info fatal: C:/Program Files (x86)/Epic Games/4.10/Engine/Content/EditorMeshes/AnimTreeEd_PreviewFloor.uasset: 'C:/Program Files (x86)/Epic Games/4.10/Engine/Content/EditorMeshes/AnimTreeEd_PreviewFloor.uasset' is outside repository
[2016.01.11-16.33.51:747][750]SourceControl: Info fatal: C:/Program Files (x86)/Epic Games/4.10/Engine/Content/EditorMeshes/Cascade/BackgroundCube.uasset: 'C:/Program Files (x86)/Epic Games/4.10/Engine/Content/EditorMeshes/Cascade/BackgroundCube.uasset' is outside repository
[2016.01.11-16.33.51:747][750]SourceControl: Info fatal: C:/Program Files (x86)/Epic Games/4.10/Engine/Content/EditorMeshes/ColorCalibrator/M_ChromeBall.uasset: 'C:/Program Files (x86)/Epic Games/4.10/Engine/Content/EditorMeshes/ColorCalibrator/M_ChromeBall.uasset' is outside repository
[2016.01.11-16.33.51:747][750]SourceControl: Info fatal: C:/Program Files (x86)/Epic Games/4.10/Engine/Content/EditorMeshes/SkeletalMesh/DefaultSkeletalMesh.uasset: 'C:/Program Files (x86)/Epic Games/4.10/Engine/Content/EditorMeshes/SkeletalMesh/DefaultSkeletalMesh.uasset' is outside repository
[2016.01.11-16.33.51:747][750]SourceControl: Info fatal: C:/Program Files (x86)/Epic Games/4.10/Engine/Content/EditorResources/Ai_Spawnpoint.uasset: 'C:/Program Files (x86)/Epic Games/4.10/Engine/Content/EditorResources/Ai_Spawnpoint.uasset' is outside repository
[2016.01.11-16.33.51:747][750]SourceControl: Info fatal: C:/Program Files (x86)/Epic Games/4.10/Engine/Content/EditorResources/S_Trigger.uasset: 'C:/Program Files (x86)/Epic Games/4.10/Engine/Content/EditorResources/S_Trigger.uasset' is outside repository
[2016.01.11-16.33.51:747][750]SourceControl: Info fatal: C:/Program Files (x86)/Epic Games/4.10/Engine/Content/EditorResources/AI/S_NavLink.uasset: 'C:/Program Files (x86)/Epic Games/4.10/Engine/Content/EditorResources/AI/S_NavLink.uasset' is outside repository
[2016.01.11-16.33.51:747][750]SourceControl: Info fatal: C:/Program Files (x86)/Epic Games/4.10/Engine/Content/EditorResources/AudioIcons/S_Ambient_Sound_Moveable.uasset: 'C:/Program Files (x86)/Epic Games/4.10/Engine/Content/EditorResources/AudioIcons/S_Ambient_Sound_Moveable.uasset' is outside repository
[2016.01.11-16.33.51:747][750]SourceControl: Info fatal: C:/Program Files (x86)/Epic Games/4.10/Engine/Content/EditorResources/Crowd/T_Crowd_Spline.uasset: 'C:/Program Files (x86)/Epic Games/4.10/Engine/Content/EditorResources/Crowd/T_Crowd_Spline.uasset' is outside repository
[2016.01.11-16.33.51:747][750]SourceControl: Info fatal: C:/Program Files (x86)/Epic Games/4.10/Engine/Content/EditorResources/LightIcons/Light_Point_Stationary_Statics.uasset: 'C:/Program Files (x86)/Epic Games/4.10/Engine/Content/EditorResources/LightIcons/Light_Point_Stationary_Statics.uasset' is outside repository
[2016.01.11-16.33.51:747][750]SourceControl: Info fatal: C:/Program Files (x86)/Epic Games/4.10/Engine/Content/EditorResources/Spline/T_Loft_Spline.uasset: 'C:/Program Files (x86)/Epic Games/4.10/Engine/Content/EditorResources/Spline/T_Loft_Spline.uasset' is outside repository
[2016.01.11-16.33.51:747][750]SourceControl: Info fatal: C:/Program Files (x86)/Epic Games/4.10/Engine/Content/EditorShapes/Materials/MI_ShapeInstance.uasset: 'C:/Program Files (x86)/Epic Games/4.10/Engine/Content/EditorShapes/Materials/MI_ShapeInstance.uasset' is outside repository
[2016.01.11-16.33.51:747][750]SourceControl: Info fatal: C:/Program Files (x86)/Epic Games/4.10/Engine/Content/EditorShapes/Textures/T_ShapeDiffuse.uasset: 'C:/Program Files (x86)/Epic Games/4.10/Engine/Content/EditorShapes/Textures/T_ShapeDiffuse.uasset' is outside repository
[2016.01.11-16.33.51:747][750]SourceControl: Info fatal: C:/Program Files (x86)/Epic Games/4.10/Engine/Content/EditorShellMaterials/MI_BaseFlat.uasset: 'C:/Program Files (x86)/Epic Games/4.10/Engine/Content/EditorShellMaterials/MI_BaseFlat.uasset' is outside repository
[2016.01.11-16.33.51:747][750]SourceControl: Info fatal: C:/Program Files (x86)/Epic Games/4.10/Engine/Content/EditorShellMaterials/ManualUVs/MI_BaseGrid_MUV.uasset: 'C:/Program Files (x86)/Epic Games/4.10/Engine/Content/EditorShellMaterials/ManualUVs/MI_BaseGrid_MUV.uasset' is outside repository
[2016.01.11-16.33.51:747][750]SourceControl: Info fatal: C:/Program Files (x86)/Epic Games/4.10/Engine/Content/EditorShellMaterials/SketchUp/MI_BaseGrid_WUV_SketchUp.uasset: 'C:/Program Files (x86)/Epic Games/4.10/Engine/Content/EditorShellMaterials/SketchUp/MI_BaseGrid_WUV_SketchUp.uasset' is outside repository
[2016.01.11-16.33.51:747][750]SourceControl: Info fatal: C:/Program Files (x86)/Epic Games/4.10/Engine/Content/EditorShellMaterials/WorldUVs/MI_BaseGrid_WUV.uasset: 'C:/Program Files (x86)/Epic Games/4.10/Engine/Content/EditorShellMaterials/WorldUVs/MI_BaseGrid_WUV.uasset' is outside repository
[2016.01.11-16.33.51:747][750]SourceControl: Info fatal: C:/Program Files (x86)/Epic Games/4.10/Engine/Content/EditorSounds/GamePreview/EjectFromPlayer.uasset: 'C:/Program Files (x86)/Epic Games/4.10/Engine/Content/EditorSounds/GamePreview/EjectFromPlayer.uasset' is outside repository
[2016.01.11-16.33.51:747][750]SourceControl: Info fatal: C:/Program Files (x86)/Epic Games/4.10/Engine/Content/EditorSounds/Notifications/CompileFailed.uasset: 'C:/Program Files (x86)/Epic Games/4.10/Engine/Content/EditorSounds/Notifications/CompileFailed.uasset' is outside repository
[2016.01.11-16.33.51:747][750]SourceControl: Info fatal: C:/Program Files (x86)/Epic Games/4.10/Engine/Content/EngineAnimNotifies/AnimNotify_PlayParticleEffect.uasset: 'C:/Program Files (x86)/Epic Games/4.10/Engine/Content/EngineAnimNotifies/AnimNotify_PlayParticleEffect.uasset' is outside repository
[2016.01.11-16.33.51:747][750]SourceControl: Info fatal: C:/Program Files (x86)/Epic Games/4.10/Engine/Content/EngineDamageTypes/DmgTypeBP_Environmental.uasset: 'C:/Program Files (x86)/Epic Games/4.10/Engine/Content/EngineDamageTypes/DmgTypeBP_Environmental.uasset' is outside repository
[2016.01.11-16.33.51:747][750]SourceControl: Info fatal: C:/Program Files (x86)/Epic Games/4.10/Engine/Content/EngineDebugMaterials/BlackUnlitMaterial.uasset: 'C:/Program Files (x86)/Epic Games/4.10/Engine/Content/EngineDebugMaterials/BlackUnlitMaterial.uasset' is outside repository
[2016.01.11-16.33.51:747][750]SourceControl: Info fatal: C:/Program Files (x86)/Epic Games/4.10/Engine/Content/EngineDebugMaterials/LightingModels/M_TextureDefinedSpecularReflecti.uasset: 'C:/Program Files (x86)/Epic Games/4.10/Engine/Content/EngineDebugMaterials/LightingModels/M_TextureDefinedSpecularReflecti.uasset' is outside repository
[2016.01.11-16.33.51:747][750]SourceControl: Info fatal: C:/Program Files (x86)/Epic Games/4.10/Engine/Content/EngineFonts/Roboto.uasset: 'C:/Program Files (x86)/Epic Games/4.10/Engine/Content/EngineFonts/Roboto.uasset' is outside repository
[2016.01.11-16.33.51:747][750]SourceControl: Info fatal: C:/Program Files (x86)/Epic Games/4.10/Engine/Content/EngineLightProfiles/180Degree_IES.uasset: 'C:/Program Files (x86)/Epic Games/4.10/Engine/Content/EngineLightProfiles/180Degree_IES.uasset' is outside repository
[2016.01.11-16.33.51:747][750]SourceControl: Info fatal: C:/Program Files (x86)/Epic Games/4.10/Engine/Content/EngineMaterials/AntiAliasedTextMaterialTranslucent.uasset: 'C:/Program Files (x86)/Epic Games/4.10/Engine/Content/EngineMaterials/AntiAliasedTextMaterialTranslucent.uasset' is outside repository
[2016.01.11-16.33.51:747][750]SourceControl: Info fatal: C:/Program Files (x86)/Epic Games/4.10/Engine/Content/EngineMaterials/RandomMirrorDisc.uasset: 'C:/Program Files (x86)/Epic Games/4.10/Engine/Content/EngineMaterials/RandomMirrorDisc.uasset' is outside repository
[2016.01.11-16.33.51:747][750]SourceControl: Info fatal: C:/Program Files (x86)/Epic Games/4.10/Engine/Content/EngineMeshes/BackgroundCube.uasset: 'C:/Program Files (x86)/Epic Games/4.10/Engine/Content/EngineMeshes/BackgroundCube.uasset' is outside repository
[2016.01.11-16.33.51:747][750]SourceControl: Info fatal: C:/Program Files (x86)/Epic Games/4.10/Engine/Content/EngineProduction/ReferenceNormalMap.uasset: 'C:/Program Files (x86)/Epic Games/4.10/Engine/Content/EngineProduction/ReferenceNormalMap.uasset' is outside repository
[2016.01.11-16.33.51:747][750]SourceControl: Info fatal: C:/Program Files (x86)/Epic Games/4.10/Engine/Content/EngineResources/AICON-Green.uasset: 'C:/Program Files (x86)/Epic Games/4.10/Engine/Content/EngineResources/AICON-Green.uasset' is outside repository
[2016.01.11-16.33.51:747][750]SourceControl: Info fatal: C:/Program Files (x86)/Epic Games/4.10/Engine/Content/EngineResources/Cursors/Arrow.uasset: 'C:/Program Files (x86)/Epic Games/4.10/Engine/Content/EngineResources/Cursors/Arrow.uasset' is outside repository
[2016.01.11-16.33.51:747][750]SourceControl: Info fatal: C:/Program Files (x86)/Epic Games/4.10/Engine/Content/EngineSky/BP_Sky_Shere.uasset: 'C:/Program Files (x86)/Epic Games/4.10/Engine/Content/EngineSky/BP_Sky_Shere.uasset' is outside repository
[2016.01.11-16.33.51:747][750]SourceControl: Info fatal: C:/Program Files (x86)/Epic Games/4.10/Engine/Content/EngineSounds/Duck_Normal_Attack_MixMod.uasset: 'C:/Program Files (x86)/Epic Games/4.10/Engine/Content/EngineSounds/Duck_Normal_Attack_MixMod.uasset' is outside repository
[2016.01.11-16.33.51:747][750]SourceControl: Info fatal: C:/Program Files (x86)/Epic Games/4.10/Engine/Content/EngineSounds/ReverbSettings/Alley.uasset: 'C:/Program Files (x86)/Epic Games/4.10/Engine/Content/EngineSounds/ReverbSettings/Alley.uasset' is outside repository
[2016.01.11-16.33.51:747][750]SourceControl: Info fatal: C:/Program Files (x86)/Epic Games/4.10/Engine/Content/EngineTireTypes/DefaultTireType.uasset: 'C:/Program Files (x86)/Epic Games/4.10/Engine/Content/EngineTireTypes/DefaultTireType.uasset' is outside repository
[2016.01.11-16.33.51:747][750]SourceControl: Info fatal: C:/Program Files (x86)/Epic Games/4.10/Engine/Content/EngineVolumetrics/FalloffSphere/Materials/M_EV_FalloffSphere_Master_01.uasset: 'C:/Program Files (x86)/Epic Games/4.10/Engine/Content/EngineVolumetrics/FalloffSphere/Materials/M_EV_FalloffSphere_Master_01.uasset' is outside repository
[2016.01.11-16.33.51:747][750]SourceControl: Info fatal: C:/Program Files (x86)/Epic Games/4.10/Engine/Content/EngineVolumetrics/FalloffSphere/Mesh/S_EV_FalloffSphere_Mesh_01.uasset: 'C:/Program Files (x86)/Epic Games/4.10/Engine/Content/EngineVolumetrics/FalloffSphere/Mesh/S_EV_FalloffSphere_Mesh_01.uasset' is outside repository
[2016.01.11-16.33.51:747][750]SourceControl: Info fatal: C:/Program Files (x86)/Epic Games/4.10/Engine/Content/EngineVolumetrics/FogEnvironment/Materials/M_EV_FogEnvironment_Master_01.uasset: 'C:/Program Files (x86)/Epic Games/4.10/Engine/Content/EngineVolumetrics/FogEnvironment/Materials/M_EV_FogEnvironment_Master_01.uasset' is outside repository
[2016.01.11-16.33.51:747][750]SourceControl: Info fatal: C:/Program Files (x86)/Epic Games/4.10/Engine/Content/EngineVolumetrics/FogEnvironment/Mesh/S_EV_FogEnvironment_01_Mesh.uasset: 'C:/Program Files (x86)/Epic Games/4.10/Engine/Content/EngineVolumetrics/FogEnvironment/Mesh/S_EV_FogEnvironment_01_Mesh.uasset' is outside repository
[2016.01.11-16.33.51:747][750]SourceControl: Info fatal: C:/Program Files (x86)/Epic Games/4.10/Engine/Content/EngineVolumetrics/Fogsheet/T_EV_Fogsheet_FlareColors_01.uasset: 'C:/Program Files (x86)/Epic Games/4.10/Engine/Content/EngineVolumetrics/Fogsheet/T_EV_Fogsheet_FlareColors_01.uasset' is outside repository
[2016.01.11-16.33.51:747][750]SourceControl: Info fatal: C:/Program Files (x86)/Epic Games/4.10/Engine/Content/EngineVolumetrics/Fogsheet/Materials/M_EV_FogSheet_1sided_Master_01.uasset: 'C:/Program Files (x86)/Epic Games/4.10/Engine/Content/EngineVolumetrics/Fogsheet/Materials/M_EV_FogSheet_1sided_Master_01.uasset' is outside repository
[2016.01.11-16.33.51:747][750]SourceControl: Info fatal: C:/Program Files (x86)/Epic Games/4.10/Engine/Content/EngineVolumetrics/Fogsheet/Mesh/MI_Fogsheet_HideClose.uasset: 'C:/Program Files (x86)/Epic Games/4.10/Engine/Content/EngineVolumetrics/Fogsheet/Mesh/MI_Fogsheet_HideClose.uasset' is outside repository
[2016.01.11-16.33.51:747][750]SourceControl: Info fatal: C:/Program Files (x86)/Epic Games/4.10/Engine/Content/EngineVolumetrics/LightBeam/Materials/M_EV_Lightbeam_Master_01.uasset: 'C:/Program Files (x86)/Epic Games/4.10/Engine/Content/EngineVolumetrics/LightBeam/Materials/M_EV_Lightbeam_Master_01.uasset' is outside repository
[2016.01.11-16.33.51:747][750]SourceControl: Info fatal: C:/Program Files (x86)/Epic Games/4.10/Engine/Content/EngineVolumetrics/LightBeam/Mesh/S_EV_SimpleLightBeam_01.uasset: 'C:/Program Files (x86)/Epic Games/4.10/Engine/Content/EngineVolumetrics/LightBeam/Mesh/S_EV_SimpleLightBeam_01.uasset' is outside repository
[2016.01.11-16.33.51:747][750]SourceControl: Info fatal: C:/Program Files (x86)/Epic Games/4.10/Engine/Content/Engine_MI_Shaders/MI_Shader_BaseTileEx.uasset: 'C:/Program Files (x86)/Epic Games/4.10/Engine/Content/Engine_MI_Shaders/MI_Shader_BaseTileEx.uasset' is outside repository
[2016.01.11-16.33.51:747][750]SourceControl: Info fatal: C:/Program Files (x86)/Epic Games/4.10/Engine/Content/Engine_MI_Shaders/Instances/M_ES_Phong_Opaque_INST_01.uasset: 'C:/Program Files (x86)/Epic Games/4.10/Engine/Content/Engine_MI_Shaders/Instances/M_ES_Phong_Opaque_INST_01.uasset' is outside repository
[2016.01.11-16.33.51:747][750]SourceControl: Info fatal: C:/Program Files (x86)/Epic Games/4.10/Engine/Content/Engine_MI_Shaders/Textures/Bokeh.uasset: 'C:/Program Files (x86)/Epic Games/4.10/Engine/Content/Engine_MI_Shaders/Textures/Bokeh.uasset' is outside repository
[2016.01.11-16.33.51:747][750]SourceControl: Info fatal: C:/Program Files (x86)/Epic Games/4.10/Engine/Content/FunctionalTesting/Blueprints/AITesting_MoveGoal.uasset: 'C:/Program Files (x86)/Epic Games/4.10/Engine/Content/FunctionalTesting/Blueprints/AITesting_MoveGoal.uasset' is outside repository
[2016.01.11-16.33.51:747][750]SourceControl: Info fatal: C:/Program Files (x86)/Epic Games/4.10/Engine/Content/Functions/DistanceFields/Combiners/DistanceField_Intersection.uasset: 'C:/Program Files (x86)/Epic Games/4.10/Engine/Content/Functions/DistanceFields/Combiners/DistanceField_Intersection.uasset' is outside repository
[2016.01.11-16.33.51:747][750]SourceControl: Info fatal: C:/Program Files (x86)/Epic Games/4.10/Engine/Content/Functions/DistanceFields/Shapes/DistanceField_Capsule.uasset: 'C:/Program Files (x86)/Epic Games/4.10/Engine/Content/Functions/DistanceFields/Shapes/DistanceField_Capsule.uasset' is outside repository
[2016.01.11-16.33.51:747][750]SourceControl: Info fatal: C:/Program Files (x86)/Epic Games/4.10/Engine/Content/Functions/Engine_MaterialFunctions01/AlphaBlend/World_Aligned_Blend.uasset: 'C:/Program Files (x86)/Epic Games/4.10/Engine/Content/Functions/Engine_MaterialFunctions01/AlphaBlend/World_Aligned_Blend.uasset' is outside repository
[2016.01.11-16.33.51:747][750]SourceControl: Info fatal: C:/Program Files (x86)/Epic Games/4.10/Engine/Content/Functions/Engine_MaterialFunctions01/Coordinates/DrawLine-2D.uasset: 'C:/Program Files (x86)/Epic Games/4.10/Engine/Content/Functions/Engine_MaterialFunctions01/Coordinates/DrawLine-2D.uasset' is outside repository
[2016.01.11-16.33.51:747][750]SourceControl: Info fatal: C:/Program Files (x86)/Epic Games/4.10/Engine/Content/Functions/Engine_MaterialFunctions01/Debug/FunctionGraphSetup.uasset: 'C:/Program Files (x86)/Epic Games/4.10/Engine/Content/Functions/Engine_MaterialFunctions01/Debug/FunctionGraphSetup.uasset' is outside repository
[2016.01.11-16.33.51:748][750]SourceControl: Info fatal: C:/Program Files (x86)/Epic Games/4.10/Engine/Content/Functions/Engine_MaterialFunctions01/Density/ExponentialDensity.uasset: 'C:/Program Files (x86)/Epic Games/4.10/Engine/Content/Functions/Engine_MaterialFunctions01/Density/ExponentialDensity.uasset' is outside repository
[2016.01.11-16.33.51:748][750]SourceControl: Info fatal: C:/Program Files (x86)/Epic Games/4.10/Engine/Content/Functions/Engine_MaterialFunctions01/Gradient/BellCurve.uasset: 'C:/Program Files (x86)/Epic Games/4.10/Engine/Content/Functions/Engine_MaterialFunctions01/Gradient/BellCurve.uasset' is outside repository
[2016.01.11-16.33.51:748][750]SourceControl: Info fatal: C:/Program Files (x86)/Epic Games/4.10/Engine/Content/Functions/Engine_MaterialFunctions01/ImageAdjustment/3ColorBlend.uasset: 'C:/Program Files (x86)/Epic Games/4.10/Engine/Content/Functions/Engine_MaterialFunctions01/ImageAdjustment/3ColorBlend.uasset' is outside repository
[2016.01.11-16.33.51:748][750]SourceControl: Info fatal: C:/Program Files (x86)/Epic Games/4.10/Engine/Content/Functions/Engine_MaterialFunctions01/Lighting/PixelDepthOffset_Foliage.uasset: 'C:/Program Files (x86)/Epic Games/4.10/Engine/Content/Functions/Engine_MaterialFunctions01/Lighting/PixelDepthOffset_Foliage.uasset' is outside repository
[2016.01.11-16.33.51:748][750]SourceControl: Info fatal: C:/Program Files (x86)/Epic Games/4.10/Engine/Content/Functions/Engine_MaterialFunctions01/Opacity/AlphaOffset.uasset: 'C:/Program Files (x86)/Epic Games/4.10/Engine/Content/Functions/Engine_MaterialFunctions01/Opacity/AlphaOffset.uasset' is outside repository
[2016.01.11-16.33.51:748][750]SourceControl: Info fatal: C:/Program Files (x86)/Epic Games/4.10/Engine/Content/Functions/Engine_MaterialFunctions01/Reflections/ReflectionVectorSoft.uasset: 'C:/Program Files (x86)/Epic Games/4.10/Engine/Content/Functions/Engine_MaterialFunctions01/Reflections/ReflectionVectorSoft.uasset' is outside repository
[2016.01.11-16.33.51:748][750]SourceControl: Info fatal: C:/Program Files (x86)/Epic Games/4.10/Engine/Content/Functions/Engine_MaterialFunctions01/Shading/CalcLightsourceAngle.uasset: 'C:/Program Files (x86)/Epic Games/4.10/Engine/Content/Functions/Engine_MaterialFunctions01/Shading/CalcLightsourceAngle.uasset' is outside repository
[2016.01.11-16.33.51:748][750]SourceControl: Info fatal: C:/Program Files (x86)/Epic Games/4.10/Engine/Content/Functions/Engine_MaterialFunctions01/SpeedTree/SpeedTreeColorVariation.uasset: 'C:/Program Files (x86)/Epic Games/4.10/Engine/Content/Functions/Engine_MaterialFunctions01/SpeedTree/SpeedTreeColorVariation.uasset' is outside repository
[2016.01.11-16.33.51:748][750]SourceControl: Info fatal: C:/Program Files (x86)/Epic Games/4.10/Engine/Content/Functions/Engine_MaterialFunctions01/Texturing/BakedDisplacement.uasset: 'C:/Program Files (x86)/Epic Games/4.10/Engine/Content/Functions/Engine_MaterialFunctions01/Texturing/BakedDisplacement.uasset' is outside repository
[2016.01.11-16.33.51:748][750]SourceControl: Info fatal: C:/Program Files (x86)/Epic Games/4.10/Engine/Content/Functions/Engine_MaterialFunctions01/Vectors/MF_RotateVector_90.uasset: 'C:/Program Files (x86)/Epic Games/4.10/Engine/Content/Functions/Engine_MaterialFunctions01/Vectors/MF_RotateVector_90.uasset' is outside repository
[2016.01.11-16.33.51:748][750]SourceControl: Info fatal: C:/Program Files (x86)/Epic Games/4.10/Engine/Content/Functions/Engine_MaterialFunctions01/WorldPositionOffset/ConstantScalebyDistance.uasset: 'C:/Program Files (x86)/Epic Games/4.10/Engine/Content/Functions/Engine_MaterialFunctions01/WorldPositionOffset/ConstantScalebyDistance.uasset' is outside repository
[2016.01.11-16.33.51:748][750]SourceControl: Info fatal: C:/Program Files (x86)/Epic Games/4.10/Engine/Content/Functions/Engine_MaterialFunctions02/3PointLevels.uasset: 'C:/Program Files (x86)/Epic Games/4.10/Engine/Content/Functions/Engine_MaterialFunctions02/3PointLevels.uasset' is outside repository
[2016.01.11-16.33.51:748][750]SourceControl: Info fatal: C:/Program Files (x86)/Epic Games/4.10/Engine/Content/Functions/Engine_MaterialFunctions02/ExampleContent/3dParticleOpacityInstance.uasset: 'C:/Program Files (x86)/Epic Games/4.10/Engine/Content/Functions/Engine_MaterialFunctions02/ExampleContent/3dParticleOpacityInstance.uasset' is outside repository
[2016.01.11-16.33.51:748][750]SourceControl: Info fatal: C:/Program Files (x86)/Epic Games/4.10/Engine/Content/Functions/Engine_MaterialFunctions02/ExampleContent/MacroUVs/MacroUVs.uasset: 'C:/Program Files (x86)/Epic Games/4.10/Engine/Content/Functions/Engine_MaterialFunctions02/ExampleContent/MacroUVs/MacroUVs.uasset' is outside repository
[2016.01.11-16.33.51:748][750]SourceControl: Info fatal: C:/Program Files (x86)/Epic Games/4.10/Engine/Content/Functions/Engine_MaterialFunctions02/ExampleContent/TextureBasedWPO/DemoBox.uasset: 'C:/Program Files (x86)/Epic Games/4.10/Engine/Content/Functions/Engine_MaterialFunctions02/ExampleContent/TextureBasedWPO/DemoBox.uasset' is outside repository
[2016.01.11-16.33.51:748][750]SourceControl: Info fatal: C:/Program Files (x86)/Epic Games/4.10/Engine/Content/Functions/Engine_MaterialFunctions02/ExampleContent/Textures/DebugNumberPeriod.uasset: 'C:/Program Files (x86)/Epic Games/4.10/Engine/Content/Functions/Engine_MaterialFunctions02/ExampleContent/Textures/DebugNumberPeriod.uasset' is outside repository
[2016.01.11-16.33.51:748][750]SourceControl: Info fatal: C:/Program Files (x86)/Epic Games/4.10/Engine/Content/Functions/Engine_MaterialFunctions02/Gradients/GradientMap_Multi.uasset: 'C:/Program Files (x86)/Epic Games/4.10/Engine/Content/Functions/Engine_MaterialFunctions02/Gradients/GradientMap_Multi.uasset' is outside repository
[2016.01.11-16.33.51:748][750]SourceControl: Info fatal: C:/Program Files (x86)/Epic Games/4.10/Engine/Content/Functions/Engine_MaterialFunctions02/Math/AddComponents.uasset: 'C:/Program Files (x86)/Epic Games/4.10/Engine/Content/Functions/Engine_MaterialFunctions02/Math/AddComponents.uasset' is outside repository
[2016.01.11-16.33.51:748][750]SourceControl: Info fatal: C:/Program Files (x86)/Epic Games/4.10/Engine/Content/Functions/Engine_MaterialFunctions02/MAXScripts/MeshSequenceFlipbook_Script.uasset: 'C:/Program Files (x86)/Epic Games/4.10/Engine/Content/Functions/Engine_MaterialFunctions02/MAXScripts/MeshSequenceFlipbook_Script.uasset' is outside repository
[2016.01.11-16.33.51:748][750]SourceControl: Info fatal: C:/Program Files (x86)/Epic Games/4.10/Engine/Content/Functions/Engine_MaterialFunctions02/Normals/RotateNormalWhileMasking.uasset: 'C:/Program Files (x86)/Epic Games/4.10/Engine/Content/Functions/Engine_MaterialFunctions02/Normals/RotateNormalWhileMasking.uasset' is outside repository
[2016.01.11-16.33.51:748][750]SourceControl: Info fatal: C:/Program Files (x86)/Epic Games/4.10/Engine/Content/Functions/Engine_MaterialFunctions02/NotInUse/WorldAlignedNormals_HighQuality_optimizationAttempt.uasset: 'C:/Program Files (x86)/Epic Games/4.10/Engine/Content/Functions/Engine_MaterialFunctions02/NotInUse/WorldAlignedNormals_HighQuality_optimizationAttempt.uasset' is outside repository
[2016.01.11-16.33.51:748][750]SourceControl: Info fatal: C:/Program Files (x86)/Epic Games/4.10/Engine/Content/Functions/Engine_MaterialFunctions02/PivotPainter/PivotPainter_HierarchyData.uasset: 'C:/Program Files (x86)/Epic Games/4.10/Engine/Content/Functions/Engine_MaterialFunctions02/PivotPainter/PivotPainter_HierarchyData.uasset' is outside repository
[2016.01.11-16.33.51:748][750]SourceControl: Info fatal: C:/Program Files (x86)/Epic Games/4.10/Engine/Content/Functions/Engine_MaterialFunctions02/Texturing/3dParticleOpacity.uasset: 'C:/Program Files (x86)/Epic Games/4.10/Engine/Content/Functions/Engine_MaterialFunctions02/Texturing/3dParticleOpacity.uasset' is outside repository
[2016.01.11-16.33.51:748][750]SourceControl: Info fatal: C:/Program Files (x86)/Epic Games/4.10/Engine/Content/Functions/Engine_MaterialFunctions02/Utility/Append4.uasset: 'C:/Program Files (x86)/Epic Games/4.10/Engine/Content/Functions/Engine_MaterialFunctions02/Utility/Append4.uasset' is outside repository
[2016.01.11-16.33.51:748][750]SourceControl: Info fatal: C:/Program Files (x86)/Epic Games/4.10/Engine/Content/Functions/Engine_MaterialFunctions02/UVs/BoundingBoxBased_0-1_UVW.uasset: 'C:/Program Files (x86)/Epic Games/4.10/Engine/Content/Functions/Engine_MaterialFunctions02/UVs/BoundingBoxBased_0-1_UVW.uasset' is outside repository
[2016.01.11-16.33.51:748][750]SourceControl: Info fatal: C:/Program Files (x86)/Epic Games/4.10/Engine/Content/Functions/Engine_MaterialFunctions02/WorldPositionOffset/AdjustNormalsToCompensateForRotateAboutAxisOffset.uasset: 'C:/Program Files (x86)/Epic Games/4.10/Engine/Content/Functions/Engine_MaterialFunctions02/WorldPositionOffset/AdjustNormalsToCompensateForRotateAboutAxisOffset.uasset' is outside repository
[2016.01.11-16.33.51:748][750]SourceControl: Info fatal: C:/Program Files (x86)/Epic Games/4.10/Engine/Content/Functions/Engine_MaterialFunctions03/Blends/Blend_ColorBurn.uasset: 'C:/Program Files (x86)/Epic Games/4.10/Engine/Content/Functions/Engine_MaterialFunctions03/Blends/Blend_ColorBurn.uasset' is outside repository
[2016.01.11-16.33.51:748][750]SourceControl: Info fatal: C:/Program Files (x86)/Epic Games/4.10/Engine/Content/Functions/Engine_MaterialFunctions03/ComplexMotion/Motion_4WayChaos.uasset: 'C:/Program Files (x86)/Epic Games/4.10/Engine/Content/Functions/Engine_MaterialFunctions03/ComplexMotion/Motion_4WayChaos.uasset' is outside repository
[2016.01.11-16.33.51:748][750]SourceControl: Info fatal: C:/Program Files (x86)/Epic Games/4.10/Engine/Content/Functions/Engine_MaterialFunctions03/Particles/Distance_Blend.uasset: 'C:/Program Files (x86)/Epic Games/4.10/Engine/Content/Functions/Engine_MaterialFunctions03/Particles/Distance_Blend.uasset' is outside repository
[2016.01.11-16.33.51:748][750]SourceControl: Info fatal: C:/Program Files (x86)/Epic Games/4.10/Engine/Content/Functions/Engine_MaterialFunctions03/Procedurals/ComputeFilterWidth.uasset: 'C:/Program Files (x86)/Epic Games/4.10/Engine/Content/Functions/Engine_MaterialFunctions03/Procedurals/ComputeFilterWidth.uasset' is outside repository
[2016.01.11-16.33.51:748][750]SourceControl: Info fatal: C:/Program Files (x86)/Epic Games/4.10/Engine/Content/Functions/Engine_MaterialFunctions03/Texturing/CameraWorldBlend.uasset: 'C:/Program Files (x86)/Epic Games/4.10/Engine/Content/Functions/Engine_MaterialFunctions03/Texturing/CameraWorldBlend.uasset' is outside repository
[2016.01.11-16.33.51:748][750]SourceControl: Info fatal: C:/Program Files (x86)/Epic Games/4.10/Engine/Content/Functions/GetPostProcessFunctions/GetAmbientCubemapIntensity.uasset: 'C:/Program Files (x86)/Epic Games/4.10/Engine/Content/Functions/GetPostProcessFunctions/GetAmbientCubemapIntensity.uasset' is outside repository
[2016.01.11-16.33.51:748][750]SourceControl: Info fatal: C:/Program Files (x86)/Epic Games/4.10/Engine/Content/Functions/MaterialLayerFunctions/MatLayerBlend_AddWorldPositionOffset.uasset: 'C:/Program Files (x86)/Epic Games/4.10/Engine/Content/Functions/MaterialLayerFunctions/MatLayerBlend_AddWorldPositionOffset.uasset' is outside repository
[2016.01.11-16.33.51:748][750]SourceControl: Info fatal: C:/Program Files (x86)/Epic Games/4.10/Engine/Content/Maps/Entry.umap: 'C:/Program Files (x86)/Epic Games/4.10/Engine/Content/Maps/Entry.umap' is outside repository
[2016.01.11-16.33.51:748][750]SourceControl: Info fatal: C:/Program Files (x86)/Epic Games/4.10/Engine/Content/Maps/Templates/Template_Default.umap: 'C:/Program Files (x86)/Epic Games/4.10/Engine/Content/Maps/Templates/Template_Default.umap' is outside repository
[2016.01.11-16.33.51:748][750]SourceControl: Info fatal: C:/Program Files (x86)/Epic Games/4.10/Engine/Content/Maps/Templates/Thumbnails/Default.uasset: 'C:/Program Files (x86)/Epic Games/4.10/Engine/Content/Maps/Templates/Thumbnails/Default.uasset' is outside repository
[2016.01.11-16.33.51:748][750]SourceControl: Info fatal: C:/Program Files (x86)/Epic Games/4.10/Engine/Content/MapTemplates/Bokeh_5Sides.uasset: 'C:/Program Files (x86)/Epic Games/4.10/Engine/Content/MapTemplates/Bokeh_5Sides.uasset' is outside repository
[2016.01.11-16.33.51:748][750]SourceControl: Info fatal: C:/Program Files (x86)/Epic Games/4.10/Engine/Content/MapTemplates/lut/LUT_Afternoon.uasset: 'C:/Program Files (x86)/Epic Games/4.10/Engine/Content/MapTemplates/lut/LUT_Afternoon.uasset' is outside repository
[2016.01.11-16.33.51:748][750]SourceControl: Info fatal: C:/Program Files (x86)/Epic Games/4.10/Engine/Content/MapTemplates/Materials/BasicAsset01.uasset: 'C:/Program Files (x86)/Epic Games/4.10/Engine/Content/MapTemplates/Materials/BasicAsset01.uasset' is outside repository
[2016.01.11-16.33.51:748][750]SourceControl: Info fatal: C:/Program Files (x86)/Epic Games/4.10/Engine/Content/MapTemplates/Sky/DaylightAmbientCubemap.uasset: 'C:/Program Files (x86)/Epic Games/4.10/Engine/Content/MapTemplates/Sky/DaylightAmbientCubemap.uasset' is outside repository
[2016.01.11-16.33.51:748][750]SourceControl: Info fatal: C:/Program Files (x86)/Epic Games/4.10/Engine/Content/MaterialTemplates/Gradients/Gradient_Linear.uasset: 'C:/Program Files (x86)/Epic Games/4.10/Engine/Content/MaterialTemplates/Gradients/Gradient_Linear.uasset' is outside repository
[2016.01.11-16.33.51:748][750]SourceControl: Info fatal: C:/Program Files (x86)/Epic Games/4.10/Engine/Content/MaterialTemplates/PerfTricks/MultiChannelMask.uasset: 'C:/Program Files (x86)/Epic Games/4.10/Engine/Content/MaterialTemplates/PerfTricks/MultiChannelMask.uasset' is outside repository
[2016.01.11-16.33.51:748][750]SourceControl: Info fatal: C:/Program Files (x86)/Epic Games/4.10/Engine/Content/MaterialTemplates/Textures/T_multiMask.uasset: 'C:/Program Files (x86)/Epic Games/4.10/Engine/Content/MaterialTemplates/Textures/T_multiMask.uasset' is outside repository
[2016.01.11-16.33.51:748][750]SourceControl: Info fatal: C:/Program Files (x86)/Epic Games/4.10/Engine/Content/MaterialTemplates/VertexAnimation/AdvancedFlag.uasset: 'C:/Program Files (x86)/Epic Games/4.10/Engine/Content/MaterialTemplates/VertexAnimation/AdvancedFlag.uasset' is outside repository
[2016.01.11-16.33.51:748][750]SourceControl: Info fatal: C:/Program Files (x86)/Epic Games/4.10/Engine/Content/MobileResources/T_MobileControls_texture.uasset: 'C:/Program Files (x86)/Epic Games/4.10/Engine/Content/MobileResources/T_MobileControls_texture.uasset' is outside repository
[2016.01.11-16.33.51:748][750]SourceControl: Info fatal: C:/Program Files (x86)/Epic Games/4.10/Engine/Content/MobileResources/HUD/AnalogHat.uasset: 'C:/Program Files (x86)/Epic Games/4.10/Engine/Content/MobileResources/HUD/AnalogHat.uasset' is outside repository
[2016.01.11-16.33.51:748][750]SourceControl: Info fatal: C:/Program Files (x86)/Epic Games/4.10/Engine/Content/TemplateResources/MI_Template_BaseBlue.uasset: 'C:/Program Files (x86)/Epic Games/4.10/Engine/Content/TemplateResources/MI_Template_BaseBlue.uasset' is outside repository
[2016.01.11-16.33.51:748][750]SourceControl: Info fatal: C:/Program Files (x86)/Epic Games/4.10/Engine/Content/Tutorial/ContentIntroCurve.uasset: 'C:/Program Files (x86)/Epic Games/4.10/Engine/Content/Tutorial/ContentIntroCurve.uasset' is outside repository
[2016.01.11-16.33.51:748][750]SourceControl: Info fatal: C:/Program Files (x86)/Epic Games/4.10/Engine/Content/Tutorial/Audio/Audience.uasset: 'C:/Program Files (x86)/Epic Games/4.10/Engine/Content/Tutorial/Audio/Audience.uasset' is outside repository
[2016.01.11-16.33.51:748][750]SourceControl: Info fatal: C:/Program Files (x86)/Epic Games/4.10/Engine/Content/Tutorial/Basics/ContentBrowserOverview.uasset: 'C:/Program Files (x86)/Epic Games/4.10/Engine/Content/Tutorial/Basics/ContentBrowserOverview.uasset' is outside repository
[2016.01.11-16.33.51:749][750]SourceControl: Info fatal: C:/Program Files (x86)/Epic Games/4.10/Engine/Content/Tutorial/Basics/TutorialAssets/CameraActor_64x.uasset: 'C:/Program Files (x86)/Epic Games/4.10/Engine/Content/Tutorial/Basics/TutorialAssets/CameraActor_64x.uasset' is outside repository
[2016.01.11-16.33.51:749][750]SourceControl: Info fatal: C:/Program Files (x86)/Epic Games/4.10/Engine/Content/Tutorial/BlueprintTutorials/BlueprintEditorTutorial.uasset: 'C:/Program Files (x86)/Epic Games/4.10/Engine/Content/Tutorial/BlueprintTutorials/BlueprintEditorTutorial.uasset' is outside repository
[2016.01.11-16.33.51:749][750]SourceControl: Info fatal: C:/Program Files (x86)/Epic Games/4.10/Engine/Content/Tutorial/BlueprintTutorials/TutorialAssets/BlueprintFunctionLibrary_64x.uasset: 'C:/Program Files (x86)/Epic Games/4.10/Engine/Content/Tutorial/BlueprintTutorials/TutorialAssets/BlueprintFunctionLibrary_64x.uasset' is outside repository
[2016.01.11-16.33.51:749][750]SourceControl: Info fatal: C:/Program Files (x86)/Epic Games/4.10/Engine/Content/Tutorial/Code/AddingCode.uasset: 'C:/Program Files (x86)/Epic Games/4.10/Engine/Content/Tutorial/Code/AddingCode.uasset' is outside repository
[2016.01.11-16.33.51:749][750]SourceControl: Info fatal: C:/Program Files (x86)/Epic Games/4.10/Engine/Content/Tutorial/Foliage/FoliageWalkThrough.uasset: 'C:/Program Files (x86)/Epic Games/4.10/Engine/Content/Tutorial/Foliage/FoliageWalkThrough.uasset' is outside repository
[2016.01.11-16.33.51:749][750]SourceControl: Info fatal: C:/Program Files (x86)/Epic Games/4.10/Engine/Content/Tutorial/Foliage/TutorialAssets/Foliage.uasset: 'C:/Program Files (x86)/Epic Games/4.10/Engine/Content/Tutorial/Foliage/TutorialAssets/Foliage.uasset' is outside repository
[2016.01.11-16.33.51:749][750]SourceControl: Info fatal: C:/Program Files (x86)/Epic Games/4.10/Engine/Content/Tutorial/Installation/InstallingVisualStudioTutorial.uasset: 'C:/Program Files (x86)/Epic Games/4.10/Engine/Content/Tutorial/Installation/InstallingVisualStudioTutorial.uasset' is outside repository
[2016.01.11-16.33.51:749][750]SourceControl: Info fatal: C:/Program Files (x86)/Epic Games/4.10/Engine/Content/Tutorial/InWorldBlueprintEditing/IWBE_Tutorial.uasset: 'C:/Program Files (x86)/Epic Games/4.10/Engine/Content/Tutorial/InWorldBlueprintEditing/IWBE_Tutorial.uasset' is outside repository
[2016.01.11-16.33.51:749][750]SourceControl: Info fatal: C:/Program Files (x86)/Epic Games/4.10/Engine/Content/Tutorial/InWorldBlueprintEditing/TutorialAssets/IWBE_Blutility.uasset: 'C:/Program Files (x86)/Epic Games/4.10/Engine/Content/Tutorial/InWorldBlueprintEditing/TutorialAssets/IWBE_Blutility.uasset' is outside repository
[2016.01.11-16.33.51:749][750]SourceControl: Info fatal: C:/Program Files (x86)/Epic Games/4.10/Engine/Content/Tutorial/Landscape/LandscapeWalkThrough.uasset: 'C:/Program Files (x86)/Epic Games/4.10/Engine/Content/Tutorial/Landscape/LandscapeWalkThrough.uasset' is outside repository
[2016.01.11-16.33.51:749][750]SourceControl: Info fatal: C:/Program Files (x86)/Epic Games/4.10/Engine/Content/Tutorial/Landscape/TutorialAssets/Landscape.uasset: 'C:/Program Files (x86)/Epic Games/4.10/Engine/Content/Tutorial/Landscape/TutorialAssets/Landscape.uasset' is outside repository
[2016.01.11-16.33.51:749][750]SourceControl: Info fatal: C:/Program Files (x86)/Epic Games/4.10/Engine/Content/Tutorial/Mobile/CreatingSigningCertAndProvisionTutorial.uasset: 'C:/Program Files (x86)/Epic Games/4.10/Engine/Content/Tutorial/Mobile/CreatingSigningCertAndProvisionTutorial.uasset' is outside repository
[2016.01.11-16.33.51:749][750]SourceControl: Info fatal: C:/Program Files (x86)/Epic Games/4.10/Engine/Content/Tutorial/Mobile/TutorialAssets/android_Icon.uasset: 'C:/Program Files (x86)/Epic Games/4.10/Engine/Content/Tutorial/Mobile/TutorialAssets/android_Icon.uasset' is outside repository
[2016.01.11-16.33.51:749][750]SourceControl: Info fatal: C:/Program Files (x86)/Epic Games/4.10/Engine/Content/Tutorial/Paper2D/FlipbookEditorTutorial.uasset: 'C:/Program Files (x86)/Epic Games/4.10/Engine/Content/Tutorial/Paper2D/FlipbookEditorTutorial.uasset' is outside repository
[2016.01.11-16.33.51:749][750]SourceControl: Info fatal: C:/Program Files (x86)/Epic Games/4.10/Engine/Content/Tutorial/Paper2D/TutorialAssets/Paper2DFlipbook_TutorialIcon.uasset: 'C:/Program Files (x86)/Epic Games/4.10/Engine/Content/Tutorial/Paper2D/TutorialAssets/Paper2DFlipbook_TutorialIcon.uasset' is outside repository
[2016.01.11-16.33.51:749][750]SourceControl: Info fatal: C:/Program Files (x86)/Epic Games/4.10/Engine/Content/Tutorial/SubEditors/DestructibleMeshEditorTutorial.uasset: 'C:/Program Files (x86)/Epic Games/4.10/Engine/Content/Tutorial/SubEditors/DestructibleMeshEditorTutorial.uasset' is outside repository
[2016.01.11-16.33.51:749][750]SourceControl: Info fatal: C:/Program Files (x86)/Epic Games/4.10/Engine/Content/Tutorial/SubEditors/TutorialAssets/icon_Editor_Preferences_General_40x.uasset: 'C:/Program Files (x86)/Epic Games/4.10/Engine/Content/Tutorial/SubEditors/TutorialAssets/icon_Editor_Preferences_General_40x.uasset' is outside repository
[2016.01.11-16.33.51:749][750]SourceControl: Info fatal: C:/Program Files (x86)/Epic Games/4.10/Engine/Content/Tutorial/SubEditors/TutorialAssets/Character/NewBlendSpace1D.uasset: 'C:/Program Files (x86)/Epic Games/4.10/Engine/Content/Tutorial/SubEditors/TutorialAssets/Character/NewBlendSpace1D.uasset' is outside repository
[2016.01.11-16.33.51:749][750]SourceControl: Info fatal: C:/Program Files (x86)/Epic Games/4.10/Engine/Plugins/2D/Paper2D/Content/DefaultLitSpriteMaterial.uasset: 'C:/Program Files (x86)/Epic Games/4.10/Engine/Plugins/2D/Paper2D/Content/DefaultLitSpriteMaterial.uasset' is outside repository
[2016.01.11-16.33.51:749][750]SourceControl: Info fatal: C:/Program Files (x86)/Epic Games/4.10/Engine/Plugins/2D/Paper2D/Content/PlaceholderTextures/DummySpriteTexture.uasset: 'C:/Program Files (x86)/Epic Games/4.10/Engine/Plugins/2D/Paper2D/Content/PlaceholderTextures/DummySpriteTexture.uasset' is outside repository
[2016.01.11-16.33.51:749][750]SourceControl: Info fatal: C:/Program Files (x86)/Epic Games/4.10/Engine/Plugins/Runtime/LeapMotionController/Content/LM_CapsuleMesh.uasset: 'C:/Program Files (x86)/Epic Games/4.10/Engine/Plugins/Runtime/LeapMotionController/Content/LM_CapsuleMesh.uasset' is outside repository
[2016.01.11-16.33.51:749][750]SourceControl: Info fatal: C:/Program Files (x86)/Epic Games/4.10/Engine/Content/: 'C:/Program Files (x86)/Epic Games/4.10/Engine/Content/' is outside repository
[2016.01.11-16.34.23:433][ 97]LogActorComponent: UnregisterComponent: (/Engine/Transient.CharMoveComp) Not registered. Aborting.
[2016.01.11-16.34.23:606][ 97]LogSavePackage: Save=103.722008ms
[2016.01.11-16.34.23:606][ 97]LogSavePackage: Moving '../../../../../../Users/dacos/OneDrive/Documents/Unreal Projects/Game_GT/Saved/TopDownExampleMap6A515D8E4BD3A149C2925086FE53AF1B.tmp' to '../../../../../../Users/dacos/OneDrive/Documents/Unreal Projects/Game_GT/Content/TopDownCPP/Maps/TopDownExampleMap.umap'
[2016.01.11-16.34.23:608][ 97]LogSavePackage: Total save time: 143.623650ms
[2016.01.11-16.34.23:608][ 97]LogSavePackage:Display: Finished SavePackage ../../../../../../Users/dacos/OneDrive/Documents/Unreal Projects/Game_GT/Content/TopDownCPP/Maps/TopDownExampleMap.umap
[2016.01.11-16.34.37:266][899]LogSavePackage: Save=91.102020ms
[2016.01.11-16.34.37:266][899]LogSavePackage: Moving '../../../../../../Users/dacos/OneDrive/Documents/Unreal Projects/Game_GT/Saved/TopDownExampleMap8A084F9245D0C0C98E9F3A8C92A6B2E2.tmp' to '../../../../../../Users/dacos/OneDrive/Documents/Unreal Projects/Game_GT/Content/TopDownCPP/Maps/TopDownExampleMap.umap'
[2016.01.11-16.34.37:267][899]LogSavePackage: Total save time: 125.067305ms
[2016.01.11-16.34.37:267][899]LogSavePackage:Display: Finished SavePackage ../../../../../../Users/dacos/OneDrive/Documents/Unreal Projects/Game_GT/Content/TopDownCPP/Maps/TopDownExampleMap.umap
[2016.01.11-16.34.38:769][978]LogWindowsTextInputMethodSystem:Display: IME system now deactivated.
[2016.01.11-16.34.38:981][979]Cmd: QUIT_EDITOR
[2016.01.11-16.34.39:105][979]LogExit: Preparing to exit.
[2016.01.11-16.34.39:871][979]LogExit: Editor shut down
[2016.01.11-16.34.39:872][979]LogExit: Transaction tracking system shut down
[2016.01.11-16.34.39:873][979]LogParticles: Destroying 0 GPU particle simulations for FXSystem 0x000001E2E6BFD940
[2016.01.11-16.34.39:874][979]LogParticles: Destroying 0 GPU particle simulations for FXSystem 0x000001E28202F880
[2016.01.11-16.34.39:874][979]LogParticles: Destroying 0 GPU particle simulations for FXSystem 0x000001E2821358A0
[2016.01.11-16.34.39:874][979]LogParticles: Destroying 0 GPU particle simulations for FXSystem 0x000001E2FF7BECA0
[2016.01.11-16.34.40:011][979]LogExit: Object subsystem successfully closed.
[2016.01.11-16.34.40:027][979]LogD3D11RHI: Shutdown
[2016.01.11-16.34.40:027][979]LogD3D11RHI: CleanupD3DDevice
[2016.01.11-16.34.40:081][979]LogD3D11RHI: ~FD3D11DynamicRHI
[2016.01.11-16.34.40:094][979]LogModuleManager: Shutting down and abandoning module CookingStats (200)
[2016.01.11-16.34.40:094][979]LogModuleManager: Shutting down and abandoning module CrashTracker (199)
[2016.01.11-16.34.40:094][979]LogModuleManager: Shutting down and abandoning module SceneOutliner (198)
[2016.01.11-16.34.40:094][979]LogModuleManager: Shutting down and abandoning module SuperSearch (197)
[2016.01.11-16.34.40:094][979]LogModuleManager: Shutting down and abandoning module WidgetCarousel (196)
[2016.01.11-16.34.40:094][979]LogModuleManager: Shutting down and abandoning module AddContentDialog (195)
[2016.01.11-16.34.40:095][979]LogModuleManager: Shutting down and abandoning module EditorWidgets (194)
[2016.01.11-16.34.40:095][979]LogModuleManager: Shutting down and abandoning module CollectionManager (193)
[2016.01.11-16.34.40:095][979]LogModuleManager: Shutting down and abandoning module StatsViewer (192)
[2016.01.11-16.34.40:095][979]LogModuleManager: Shutting down and abandoning module FoliageEdit (191)
[2016.01.11-16.34.40:095][979]LogModuleManager: Shutting down and abandoning module LandscapeEditor (190)
[2016.01.11-16.34.40:096][979]LogModuleManager: Shutting down and abandoning module ActorPickerMode (189)
[2016.01.11-16.34.40:096][979]LogModuleManager: Shutting down and abandoning module GeometryMode (188)
[2016.01.11-16.34.40:096][979]LogModuleManager: Shutting down and abandoning module TextureAlignMode (187)
[2016.01.11-16.34.40:096][979]LogModuleManager: Shutting down and abandoning module BspMode (186)
[2016.01.11-16.34.40:096][979]LogModuleManager: Shutting down and abandoning module PlacementMode (185)
[2016.01.11-16.34.40:096][979]LogModuleManager: Shutting down and abandoning module AutomationWorker (184)
[2016.01.11-16.34.40:096][979]LogModuleManager: Shutting down and abandoning module CharacterAI (183)
[2016.01.11-16.34.40:096][979]LogModuleManager: Shutting down and abandoning module SmartSnapping (182)
[2016.01.11-16.34.40:096][979]LogModuleManager: Shutting down and abandoning module ViewportSnapping (181)
[2016.01.11-16.34.40:096][979]LogModuleManager: Shutting down and abandoning module LogVisualizer (180)
[2016.01.11-16.34.40:096][979]LogModuleManager: Shutting down and abandoning module GameProjectGeneration (179)
[2016.01.11-16.34.40:096][979]LogModuleManager: Shutting down and abandoning module IntroTutorials (178)
[2016.01.11-16.34.40:096][979]LogModuleManager: Shutting down and abandoning module EditorLiveStreaming (177)
[2016.01.11-16.34.40:096][979]LogModuleManager: Shutting down and abandoning module IOSPlatformEditor (176)
[2016.01.11-16.34.40:096][979]LogModuleManager: Shutting down and abandoning module HTML5PlatformEditor (175)
[2016.01.11-16.34.40:096][979]LogModuleManager: Shutting down and abandoning module AndroidDeviceDetection (174)
[2016.01.11-16.34.40:102][979]LogModuleManager: Shutting down and abandoning module AndroidPlatformEditor (173)
[2016.01.11-16.34.40:102][979]LogModuleManager: Shutting down and abandoning module IOSRuntimeSettings (172)
[2016.01.11-16.34.40:102][979]LogModuleManager: Shutting down and abandoning module AndroidRuntimeSettings (171)
[2016.01.11-16.34.40:102][979]LogModuleManager: Shutting down and abandoning module MergeActors (170)
[2016.01.11-16.34.40:102][979]LogModuleManager: Shutting down and abandoning module SizeMap (169)
[2016.01.11-16.34.40:102][979]LogModuleManager: Shutting down and abandoning module TreeMap (168)
[2016.01.11-16.34.40:102][979]LogModuleManager: Shutting down and abandoning module ReferenceViewer (167)
[2016.01.11-16.34.40:102][979]LogModuleManager: Shutting down and abandoning module LocalizationService (166)
[2016.01.11-16.34.40:102][979]LogModuleManager: Shutting down and abandoning module LocalizationDashboard (165)
[2016.01.11-16.34.40:102][979]LogModuleManager: Shutting down and abandoning module HardwareTargeting (164)
[2016.01.11-16.34.40:102][979]LogModuleManager: Shutting down and abandoning module DeviceProfileEditor (163)
[2016.01.11-16.34.40:102][979]LogModuleManager: Shutting down and abandoning module UndoHistory (162)
[2016.01.11-16.34.40:102][979]LogModuleManager: Shutting down and abandoning module GameplayTagsEditor (161)
[2016.01.11-16.34.40:102][979]LogModuleManager: Shutting down and abandoning module UserFeedback (160)
[2016.01.11-16.34.40:102][979]LogModuleManager: Shutting down and abandoning module XmlParser (159)
[2016.01.11-16.34.40:102][979]LogModuleManager: Shutting down and abandoning module Blutility (158)
[2016.01.11-16.34.40:102][979]LogModuleManager: Shutting down and abandoning module ProjectTargetPlatformEditor (157)
[2016.01.11-16.34.40:102][979]LogModuleManager: Shutting down and abandoning module ProjectSettingsViewer (156)
[2016.01.11-16.34.40:102][979]LogModuleManager: Shutting down and abandoning module InputBindingEditor (155)
[2016.01.11-16.34.40:102][979]LogModuleManager: Shutting down and abandoning module EditorSettingsViewer (154)
[2016.01.11-16.34.40:102][979]LogModuleManager: Shutting down and abandoning module SettingsEditor (153)
[2016.01.11-16.34.40:102][979]LogModuleManager: Shutting down and abandoning module ProjectLauncher (152)
[2016.01.11-16.34.40:102][979]LogModuleManager: Shutting down and abandoning module SessionFrontend (151)
[2016.01.11-16.34.40:102][979]LogModuleManager: Shutting down and abandoning module ProfilerClient (150)
[2016.01.11-16.34.40:103][979]LogModuleManager: Shutting down and abandoning module TargetDeviceServices (149)
[2016.01.11-16.34.40:103][979]LogModuleManager: Shutting down and abandoning module DeviceManager (148)
[2016.01.11-16.34.40:103][979]LogModuleManager: Shutting down and abandoning module AutomationController (147)
[2016.01.11-16.34.40:103][979]LogModuleManager: Shutting down and abandoning module AutomationWindow (146)
[2016.01.11-16.34.40:103][979]LogModuleManager: Shutting down and abandoning module Layers (145)
[2016.01.11-16.34.40:103][979]LogModuleManager: Shutting down and abandoning module ComponentVisualizers (144)
[2016.01.11-16.34.40:103][979]LogModuleManager: Shutting down and abandoning module DetailCustomizations (143)
[2016.01.11-16.34.40:103][979]LogModuleManager: Shutting down and abandoning module PackagesDialog (142)
[2016.01.11-16.34.40:103][979]LogModuleManager: Shutting down and abandoning module Persona (141)
[2016.01.11-16.34.40:103][979]LogModuleManager: Shutting down and abandoning module Kismet (140)
[2016.01.11-16.34.40:103][979]LogModuleManager: Shutting down and abandoning module GraphEditor (139)
[2016.01.11-16.34.40:103][979]LogModuleManager: Shutting down and abandoning module ClassViewer (138)
[2016.01.11-16.34.40:103][979]LogModuleManager: Shutting down and abandoning module Toolbox (137)
[2016.01.11-16.34.40:103][979]LogModuleManager: Shutting down and abandoning module ModuleUI (136)
[2016.01.11-16.34.40:103][979]LogModuleManager: Shutting down and abandoning module MovieSceneTools (135)
[2016.01.11-16.34.40:103][979]LogModuleManager: Shutting down and abandoning module OutputLog (134)
[2016.01.11-16.34.40:103][979]LogModuleManager: Shutting down and abandoning module GammaUI (133)
[2016.01.11-16.34.40:103][979]LogModuleManager: Shutting down and abandoning module Documentation (132)
[2016.01.11-16.34.40:103][979]LogModuleManager: Shutting down and abandoning module GameLiveStreaming (131)
[2016.01.11-16.34.40:103][979]LogModuleManager: Shutting down and abandoning module StreamingPauseRendering (130)
[2016.01.11-16.34.40:103][979]LogModuleManager: Shutting down and abandoning module AnalyticsET (129)
[2016.01.11-16.34.40:103][979]LogModuleManager: Shutting down and abandoning module Analytics (128)
[2016.01.11-16.34.40:103][979]LogModuleManager: Shutting down and abandoning module AITestSuite (127)
[2016.01.11-16.34.40:103][979]LogModuleManager: Shutting down and abandoning module GameplayDebugger (126)
[2016.01.11-16.34.40:103][979]LogModuleManager: Shutting down and abandoning module AIModule (125)
[2016.01.11-16.34.40:103][979]LogModuleManager: Shutting down and abandoning module ProfilerService (124)
[2016.01.11-16.34.40:183][979]LogModuleManager: Shutting down and abandoning module TaskGraph (123)
[2016.01.11-16.34.40:183][979]LogModuleManager: Shutting down and abandoning module SlateRemote (122)
[2016.01.11-16.34.40:183][979]LogModuleManager: Shutting down and abandoning module SteamVRController (121)
[2016.01.11-16.34.40:183][979]LogModuleManager: Shutting down and abandoning module SteamVR (120)
[2016.01.11-16.34.40:183][979]LogModuleManager: Shutting down and abandoning module ProceduralMeshComponent (119)
[2016.01.11-16.34.40:183][979]LogModuleManager: Shutting down and abandoning module OculusLibrary (118)
[2016.01.11-16.34.40:183][979]LogModuleManager: Shutting down and abandoning module OculusInput (117)
[2016.01.11-16.34.40:183][979]LogModuleManager: Shutting down and abandoning module LeapMotionController (116)
[2016.01.11-16.34.40:198][979]LogModuleManager: Shutting down and abandoning module CustomMeshComponent (115)
[2016.01.11-16.34.40:198][979]LogModuleManager: Shutting down and abandoning module CableComponent (114)
[2016.01.11-16.34.40:198][979]LogModuleManager: Shutting down and abandoning module ArchVisCharacter (113)
[2016.01.11-16.34.40:198][979]LogModuleManager: Shutting down and abandoning module MessagingDebugger (112)
[2016.01.11-16.34.40:198][979]LogModuleManager: Shutting down and abandoning module MediaPlayerEditor (111)
[2016.01.11-16.34.40:198][979]LogModuleManager: Shutting down and abandoning module HTML5Networking (110)
[2016.01.11-16.34.40:198][979]LogModuleManager: Shutting down and abandoning module SpeedTreeImporter (109)
[2016.01.11-16.34.40:198][979]LogModuleManager: Shutting down and abandoning module PluginBrowser (108)
[2016.01.11-16.34.40:198][979]LogModuleManager: Shutting down and abandoning module EpicSurvey (107)
[2016.01.11-16.34.40:198][979]LogModuleManager: Shutting down and abandoning module VisualStudioSourceCodeAccess (106)
[2016.01.11-16.34.40:198][979]LogModuleManager: Shutting down and abandoning module UObjectPlugin (105)
[2016.01.11-16.34.40:198][979]LogModuleManager: Shutting down and abandoning module SubversionSourceControl (104)
[2016.01.11-16.34.40:198][979]LogModuleManager: Shutting down and abandoning module PerforceSourceControl (103)
[2016.01.11-16.34.40:198][979]LogModuleManager: Shutting down and abandoning module SourceControl (102)
[2016.01.11-16.34.40:198][979]LogModuleManager: Shutting down and abandoning module GitSourceControl (101)
[2016.01.11-16.34.40:198][979]LogModuleManager: Shutting down and abandoning module LightPropagationVolumeEditor (100)
[2016.01.11-16.34.40:198][979]LogModuleManager: Shutting down and abandoning module PaperTiledImporter (99)
[2016.01.11-16.34.40:198][979]LogModuleManager: Shutting down and abandoning module PaperSpriteSheetImporter (98)
[2016.01.11-16.34.40:198][979]LogModuleManager: Shutting down and abandoning module MeshPaint (97)
[2016.01.11-16.34.40:198][979]LogModuleManager: Shutting down and abandoning module SlateReflector (96)
[2016.01.11-16.34.40:198][979]LogModuleManager: Shutting down and abandoning module HotReload (95)
[2016.01.11-16.34.40:198][979]LogModuleManager: Shutting down and abandoning module MainFrame (94)
[2016.01.11-16.34.40:198][979]LogModuleManager: Shutting down and abandoning module LevelEditor (93)
[2016.01.11-16.34.40:199][979]LogModuleManager: Shutting down and abandoning module DirectoryWatcher (92)
[2016.01.11-16.34.40:200][979]LogModuleManager: Shutting down and abandoning module AssetRegistry (91)
[2016.01.11-16.34.40:249][979]LogModuleManager: Shutting down and abandoning module ContentBrowser (90)
[2016.01.11-16.34.40:249][979]LogModuleManager: Shutting down and abandoning module Paper2DEditor (89)
[2016.01.11-16.34.40:249][979]LogModuleManager: Shutting down and abandoning module Game_GT (88)
[2016.01.11-16.34.40:249][979]LogModuleManager: Shutting down and abandoning module UdpMessaging (87)
[2016.01.11-16.34.40:350][979]LogModuleManager: Shutting down and abandoning module LightPropagationVolumeRuntime (86)
[2016.01.11-16.34.40:350][979]LogModuleManager: Shutting down and abandoning module Paper2D (85)
[2016.01.11-16.34.40:350][979]LogModuleManager: Shutting down and abandoning module WindowsMoviePlayer (84)
[2016.01.11-16.34.40:352][979]LogModuleManager: Shutting down and abandoning module Media (83)
[2016.01.11-16.34.40:352][979]LogModuleManager: Shutting down and abandoning module WmfMedia (82)
[2016.01.11-16.34.40:352][979]LogModuleManager: Shutting down and abandoning module OnlineBlueprintSupport (81)
[2016.01.11-16.34.40:352][979]LogModuleManager: Shutting down and abandoning module GameplayTasksEditor (80)
[2016.01.11-16.34.40:352][979]LogModuleManager: Shutting down and abandoning module PropertyEditor (79)
[2016.01.11-16.34.40:352][979]LogModuleManager: Shutting down and abandoning module BehaviorTreeEditor (78)
[2016.01.11-16.34.40:352][979]LogModuleManager: Shutting down and abandoning module FunctionalTesting (77)
[2016.01.11-16.34.40:352][979]LogModuleManager: Shutting down and abandoning module CollisionAnalyzer (76)
[2016.01.11-16.34.40:352][979]LogModuleManager: Shutting down and abandoning module WorkspaceMenuStructure (75)
[2016.01.11-16.34.40:352][979]LogModuleManager: Shutting down and abandoning module MessageLog (74)
[2016.01.11-16.34.40:352][979]LogModuleManager: Shutting down and abandoning module Sequencer (73)
[2016.01.11-16.34.40:352][979]LogModuleManager: Shutting down and abandoning module AssetTools (72)
[2016.01.11-16.34.40:352][979]LogModuleManager: Shutting down and abandoning module UMGEditor (71)
[2016.01.11-16.34.40:352][979]LogModuleManager: Shutting down and abandoning module UMG (70)
[2016.01.11-16.34.40:352][979]LogModuleManager: Shutting down and abandoning module Slate (69)
[2016.01.11-16.34.40:352][979]LogModuleManager: Shutting down and abandoning module EditorStyle (68)
[2016.01.11-16.34.40:355][979]LogModuleManager: Shutting down and abandoning module SessionServices (67)
[2016.01.11-16.34.40:355][979]LogModuleManager: Shutting down and abandoning module SourceCodeAccess (66)
[2016.01.11-16.34.40:355][979]LogModuleManager: Shutting down and abandoning module HeadMountedDisplay (65)
[2016.01.11-16.34.40:355][979]LogModuleManager: Shutting down and abandoning module XAudio2 (64)
[2016.01.11-16.34.40:355][979]LogModuleManager: Shutting down and abandoning module Networking (62)
[2016.01.11-16.34.40:355][979]LogModuleManager: Shutting down and abandoning module Core (61)
[2016.01.11-16.34.40:355][979]LogModuleManager: Shutting down and abandoning module KismetCompiler (60)
[2016.01.11-16.34.40:355][979]LogModuleManager: Shutting down and abandoning module PhysXFormats (59)
[2016.01.11-16.34.40:355][979]LogModuleManager: Shutting down and abandoning module MeshUtilities (58)
[2016.01.11-16.34.40:355][979]LogModuleManager: Shutting down and abandoning module DerivedDataCache (57)
[2016.01.11-16.34.40:805][979]LogDerivedDataCache: Shutdown
[2016.01.11-16.34.40:805][979]LogModuleManager: Shutting down and abandoning module ShaderFormatOpenGL (56)
[2016.01.11-16.34.40:805][979]LogModuleManager: Shutting down and abandoning module ShaderFormatD3D (55)
[2016.01.11-16.34.40:805][979]LogModuleManager: Shutting down and abandoning module MetalShaderFormat (54)
[2016.01.11-16.34.40:805][979]LogModuleManager: Shutting down and abandoning module TextureFormatUncompressed (53)
[2016.01.11-16.34.40:805][979]LogModuleManager: Shutting down and abandoning module TextureFormatPVR (52)
[2016.01.11-16.34.40:805][979]LogModuleManager: Shutting down and abandoning module TextureFormatIntelISPCTexComp (51)
[2016.01.11-16.34.40:805][979]LogModuleManager: Shutting down and abandoning module TextureFormatDXT (50)
[2016.01.11-16.34.40:805][979]LogModuleManager: Shutting down and abandoning module ImageWrapper (49)
[2016.01.11-16.34.40:805][979]LogModuleManager: Shutting down and abandoning module TextureFormatASTC (48)
[2016.01.11-16.34.40:805][979]LogModuleManager: Shutting down and abandoning module TextureFormatAndroid (47)
[2016.01.11-16.34.40:805][979]LogModuleManager: Shutting down and abandoning module AudioFormatOpus (46)
[2016.01.11-16.34.40:805][979]LogModuleManager: Shutting down and abandoning module AudioFormatOgg (45)
[2016.01.11-16.34.40:805][979]LogModuleManager: Shutting down and abandoning module AudioFormatADPCM (44)
[2016.01.11-16.34.40:805][979]LogModuleManager: Shutting down and abandoning module LinuxTargetPlatform (43)
[2016.01.11-16.34.40:805][979]LogModuleManager: Shutting down and abandoning module LinuxServerTargetPlatform (42)
[2016.01.11-16.34.40:805][979]LogModuleManager: Shutting down and abandoning module LinuxNoEditorTargetPlatform (41)
[2016.01.11-16.34.40:805][979]LogModuleManager: Shutting down and abandoning module Messaging (40)
[2016.01.11-16.34.40:805][979]LogModuleManager: Shutting down and abandoning module IOSTargetPlatform (39)
[2016.01.11-16.34.40:805][979]LogModuleManager: Shutting down and abandoning module HTML5TargetPlatform (38)
[2016.01.11-16.34.40:805][979]LogModuleManager: Shutting down and abandoning module Android_PVRTCTargetPlatform (37)
[2016.01.11-16.34.40:805][979]LogModuleManager: Shutting down and abandoning module Android_MultiTargetPlatform (36)
[2016.01.11-16.34.40:805][979]LogModuleManager: Shutting down and abandoning module Android_ETC2TargetPlatform (35)
[2016.01.11-16.34.40:805][979]LogModuleManager: Shutting down and abandoning module Android_ETC1TargetPlatform (34)
[2016.01.11-16.34.40:805][979]LogModuleManager: Shutting down and abandoning module Android_DXTTargetPlatform (33)
[2016.01.11-16.34.40:805][979]LogModuleManager: Shutting down and abandoning module Android_ATCTargetPlatform (32)
[2016.01.11-16.34.40:805][979]LogModuleManager: Shutting down and abandoning module Android_ASTCTargetPlatform (31)
[2016.01.11-16.34.40:805][979]LogModuleManager: Shutting down and abandoning module AndroidTargetPlatform (30)
[2016.01.11-16.34.40:805][979]LogModuleManager: Shutting down and abandoning module WindowsTargetPlatform (29)
[2016.01.11-16.34.40:805][979]LogModuleManager: Shutting down and abandoning module WindowsServerTargetPlatform (28)
[2016.01.11-16.34.40:805][979]LogModuleManager: Shutting down and abandoning module WindowsNoEditorTargetPlatform (27)
[2016.01.11-16.34.40:805][979]LogModuleManager: Shutting down and abandoning module WindowsClientTargetPlatform (26)
[2016.01.11-16.34.40:805][979]LogModuleManager: Shutting down and abandoning module AllDesktopTargetPlatform (25)
[2016.01.11-16.34.40:805][979]LogModuleManager: Shutting down and abandoning module TargetPlatform (24)
[2016.01.11-16.34.40:805][979]LogModuleManager: Shutting down and abandoning module InputCore (23)
[2016.01.11-16.34.40:805][979]LogModuleManager: Shutting down and abandoning module Settings (22)
[2016.01.11-16.34.40:805][979]LogModuleManager: Shutting down and abandoning module OnlineSubsystem (20)
[2016.01.11-16.34.40:806][979]LogModuleManager: Shutting down and abandoning module HTTP (19)
[2016.01.11-16.34.41:808][979]LogModuleManager: Shutting down and abandoning module XMPP (18)
[2016.01.11-16.34.41:808][979]LogModuleManager: Shutting down and abandoning module OculusRift (17)
[2016.01.11-16.34.41:808][979]LogModuleManager: Shutting down and abandoning module ExampleDeviceProfileSelector (16)
[2016.01.11-16.34.41:808][979]LogModuleManager: Shutting down and abandoning module DesktopPlatform (15)
[2016.01.11-16.34.41:808][979]LogModuleManager: Shutting down and abandoning module TextureCompressor (14)
[2016.01.11-16.34.41:808][979]LogModuleManager: Shutting down and abandoning module ShaderCore (13)
[2016.01.11-16.34.41:808][979]LogModuleManager: Shutting down and abandoning module Landscape (12)
[2016.01.11-16.34.41:808][979]LogModuleManager: Shutting down and abandoning module SlateRHIRenderer (11)
[2016.01.11-16.34.41:809][979]LogModuleManager: Shutting down and abandoning module OpenGLDrv (10)
[2016.01.11-16.34.41:809][979]LogModuleManager: Shutting down and abandoning module D3D11RHI (9)
[2016.01.11-16.34.41:809][979]LogModuleManager: Shutting down and abandoning module AnimGraphRuntime (8)
[2016.01.11-16.34.41:809][979]LogModuleManager: Shutting down and abandoning module Renderer (7)
[2016.01.11-16.34.41:809][979]LogModuleManager: Shutting down and abandoning module Engine (6)
[2016.01.11-16.34.41:809][979]LogModuleManager: Shutting down and abandoning module CoreUObject (5)
[2016.01.11-16.34.41:809][979]LogModuleManager: Shutting down and abandoning module NetworkFile (4)
[2016.01.11-16.34.41:809][979]LogModuleManager: Shutting down and abandoning module StreamingFile (3)
[2016.01.11-16.34.41:809][979]LogModuleManager: Shutting down and abandoning module SandboxFile (2)
[2016.01.11-16.34.41:809][979]LogModuleManager: Shutting down and abandoning module PakFile (1)
[2016.01.11-16.34.41:810][979]LogExit: Exiting.
[2016.01.11-16.34.41:835][979]Log file closed, 01/11/16 11:34:41
