[2016.01.20-16.50.25:458][  0]Log file open, 01/20/16 11:50:25
[2016.01.20-16.50.25:458][  0]LogInit:Display: Running engine for game: Game_GT
[2016.01.20-16.50.25:458][  0]LogPlatformFile: Not using cached read wrapper
[2016.01.20-16.50.25:458][  0]LogInit:Display: RandInit(1905753780) SRandInit(1905753781).
[2016.01.20-16.50.25:458][  0]LogTaskGraph: Started task graph with 4 named threads and 7 total threads.
[2016.01.20-16.50.25:458][  0]LogStats: Stats thread started at 0.079608
[2016.01.20-16.50.25:458][  0]LogInit: Version: 4.10.1-2791327+++depot+UE4-Releases+4.10
[2016.01.20-16.50.25:458][  0]LogInit: API Version: 2758231
[2016.01.20-16.50.25:458][  0]LogInit: Compiled (64-bit): Dec  4 2015 19:44:40
[2016.01.20-16.50.25:458][  0]LogInit: Compiled with Visual C++: 19.00.23026.00
[2016.01.20-16.50.25:458][  0]LogInit: Build Configuration: Development
[2016.01.20-16.50.25:458][  0]LogInit: Branch Name: ++depot+UE4-Releases+4.10
[2016.01.20-16.50.25:458][  0]LogInit: Command line:  
[2016.01.20-16.50.25:458][  0]LogInit: Base directory: C:/Program Files (x86)/Epic Games/4.10/Engine/Binaries/Win64/
[2016.01.20-16.50.25:458][  0]LogInit: Rocket: 1
[2016.01.20-16.50.25:466][  0]LogInit: Using libcurl 7.41.0
[2016.01.20-16.50.25:466][  0]LogInit:  - built for x86_64-pc-win32
[2016.01.20-16.50.25:466][  0]LogInit:  - supports SSL with WinSSL
[2016.01.20-16.50.25:466][  0]LogInit:  - other features:
[2016.01.20-16.50.25:466][  0]LogInit:      CURL_VERSION_SSL
[2016.01.20-16.50.25:466][  0]LogInit:      CURL_VERSION_IPV6
[2016.01.20-16.50.25:466][  0]LogInit:      CURL_VERSION_ASYNCHDNS
[2016.01.20-16.50.25:466][  0]LogInit:      CURL_VERSION_LARGEFILE
[2016.01.20-16.50.25:466][  0]LogInit:      CURL_VERSION_IDN
[2016.01.20-16.50.25:466][  0]LogInit:  CurlRequestOptions (configurable via config and command line):
[2016.01.20-16.50.25:466][  0]LogInit:  - bVerifyPeer = true  - Libcurl will verify peer certificate
[2016.01.20-16.50.25:466][  0]LogInit:  - bUseHttpProxy = false  - Libcurl will NOT use HTTP proxy
[2016.01.20-16.50.25:466][  0]LogInit:  - bDontReuseConnections = false  - Libcurl will reuse connections
[2016.01.20-16.50.25:466][  0]LogInit:  - CertBundlePath = nullptr  - Libcurl will use whatever was configured at build time.
[2016.01.20-16.50.25:473][  0]LogInit: Presizing for 0 objects not considered by GC, pre-allocating 0 bytes.
[2016.01.20-16.50.25:479][  0]LogInit: Object subsystem initialized
[2016.01.20-16.50.25:480][  0]LogInit: Selected Device Profile: [Windows]
[2016.01.20-16.50.25:480][  0]LogInit: Applying CVar settings loaded from the selected device profile: [Windows]
[2016.01.20-16.50.25:490][  0]LogInit: Computer: APPLEEATER-V2
[2016.01.20-16.50.25:490][  0]LogInit: User: dacos
[2016.01.20-16.50.25:490][  0]LogInit: CPU Page size=4096, Cores=4
[2016.01.20-16.50.25:490][  0]LogInit: High frequency timer resolution =2.533207 MHz
[2016.01.20-16.50.25:490][  0]LogMemory: Memory total: Physical=11.9GB (12GB approx)
[2016.01.20-16.50.25:490][  0]LogMemory: Platform Memory Stats for Windows
[2016.01.20-16.50.25:490][  0]LogMemory: Process Physical Memory: 57.32 MB used, 57.32 MB peak
[2016.01.20-16.50.25:490][  0]LogMemory: Process Virtual Memory: 56.92 MB used, 56.92 MB peak
[2016.01.20-16.50.25:490][  0]LogMemory: Physical Memory: 5653.52 MB used, 12177.01 MB total
[2016.01.20-16.50.25:490][  0]LogMemory: Virtual Memory: 382.13 MB used, 134217728.00 MB total
[2016.01.20-16.50.25:524][  0]LogTextLocalizationManager: No specific translations for ('en-US') exist, so ('en') translations will be used.
[2016.01.20-16.50.25:995][  0]LogD3D11RHI: Found D3D11 adapter 0: NVIDIA GeForce GTX 960M       (Feature Level 11_0)
[2016.01.20-16.50.25:995][  0]LogD3D11RHI: Adapter has 1995MB of dedicated video memory, 0MB of dedicated system memory, and 6088MB of shared system memory, 1 output[s]
[2016.01.20-16.50.26:001][  0]LogD3D11RHI: Found D3D11 adapter 1: Intel(R) HD Graphics 4600 (Feature Level 11_0)
[2016.01.20-16.50.26:001][  0]LogD3D11RHI: Adapter has 112MB of dedicated video memory, 0MB of dedicated system memory, and 6088MB of shared system memory, 0 output[s]
[2016.01.20-16.50.26:002][  0]LogD3D11RHI: Found D3D11 adapter 2: Microsoft Basic Render Driver (Feature Level 11_0)
[2016.01.20-16.50.26:002][  0]LogD3D11RHI: Adapter has 0MB of dedicated video memory, 0MB of dedicated system memory, and 6088MB of shared system memory, 0 output[s]
[2016.01.20-16.50.26:002][  0]LogD3D11RHI: Chosen D3D11 Adapter Id = 0
[2016.01.20-16.50.26:007][  0]LogD3D11RHI: !Direct3DDevice
[2016.01.20-16.50.26:007][  0]LogRHI: Texture pool is 1361 MB (70% of 1945 MB)
[2016.01.20-16.50.26:023][  0]LogD3D11RHI: Async texture creation enabled
[2016.01.20-16.50.26:045][  0]LogShaderCompilers: Guid format shader working directory is -26 characters bigger than the processId version (../../../../../../Users/dacos/OneDrive/Documents/Unreal Projects/Game_GT/Intermediate/Shaders/WorkingDirectory/1308/).
[2016.01.20-16.50.26:045][  0]LogShaderCompilers: Cleaned the shader compiler working directory 'C:/Users/dacos/AppData/Local/Temp/UnrealShaderWorkingDir/A646DE53417B3C26113442B09AD9D82F/'.
[2016.01.20-16.50.26:045][  0]LogShaderCompilers:Display: Using Local Shader Compiler.
[2016.01.20-16.50.26:797][  0]LogTemp:Display: Loaded TP AllDesktopTargetPlatform
[2016.01.20-16.50.26:802][  0]LogTemp:Display: Loaded TP WindowsClientTargetPlatform
[2016.01.20-16.50.26:807][  0]LogTemp:Display: Loaded TP WindowsNoEditorTargetPlatform
[2016.01.20-16.50.26:812][  0]LogTemp:Display: Loaded TP WindowsServerTargetPlatform
[2016.01.20-16.50.26:817][  0]LogTemp:Display: Loaded TP WindowsTargetPlatform
[2016.01.20-16.50.26:821][  0]LogTemp:Display: Loaded TP AndroidTargetPlatform
[2016.01.20-16.50.26:824][  0]LogTemp:Display: Loaded TP Android_ASTCTargetPlatform
[2016.01.20-16.50.26:828][  0]LogTemp:Display: Loaded TP Android_ATCTargetPlatform
[2016.01.20-16.50.26:833][  0]LogTemp:Display: Loaded TP Android_DXTTargetPlatform
[2016.01.20-16.50.26:836][  0]LogTemp:Display: Loaded TP Android_ETC1TargetPlatform
[2016.01.20-16.50.26:840][  0]LogTemp:Display: Loaded TP Android_ETC2TargetPlatform
[2016.01.20-16.50.26:848][  0]LogTemp:Display: Loaded TP Android_MultiTargetPlatform
[2016.01.20-16.50.26:848][  0]LogTemp:Display: Loaded TP Android_PVRTCTargetPlatform
[2016.01.20-16.50.26:848][  0]LogTemp:Display: Loaded TP HTML5TargetPlatform
[2016.01.20-16.50.26:865][  0]LogTemp:Display: Loaded TP IOSTargetPlatform
[2016.01.20-16.50.26:867][  0]LogTemp:Display: Loaded TP LinuxNoEditorTargetPlatform
[2016.01.20-16.50.26:870][  0]LogTemp:Display: Loaded TP LinuxServerTargetPlatform
[2016.01.20-16.50.26:873][  0]LogTemp:Display: Loaded TP LinuxTargetPlatform
[2016.01.20-16.50.26:873][  0]LogTargetPlatformManager:Display: Building Assets For Windows
[2016.01.20-16.50.26:956][  0]LogDerivedDataCache:Display: Max Cache Size: 512 MB
[2016.01.20-16.50.27:007][  0]LogDerivedDataCache: Loaded boot cache 0.05s 42MB C:/Users/dacos/AppData/Local/UnrealEngine/4.10/DerivedDataCache/Boot.ddc.
[2016.01.20-16.50.27:007][  0]LogDerivedDataCache:Display: Loaded Boot cache: C:/Users/dacos/AppData/Local/UnrealEngine/4.10/DerivedDataCache/Boot.ddc
[2016.01.20-16.50.27:007][  0]LogDerivedDataCache: FDerivedDataBackendGraph:  Pak pak cache file ../../../../../../Users/dacos/OneDrive/Documents/Unreal Projects/Game_GT/DerivedDataCache/DDC.ddp not found, will not use a pak cache.
[2016.01.20-16.50.27:007][  0]LogDerivedDataCache: Unable to find inner node Pak for hierarchical cache Hierarchy.
[2016.01.20-16.50.27:007][  0]LogDerivedDataCache: FDerivedDataBackendGraph:  CompressedPak pak cache file ../../../../../../Users/dacos/OneDrive/Documents/Unreal Projects/Game_GT/DerivedDataCache/Compressed.ddp not found, will not use a pak cache.
[2016.01.20-16.50.27:007][  0]LogDerivedDataCache: Unable to find inner node CompressedPak for hierarchical cache Hierarchy.
[2016.01.20-16.50.27:065][  0]LogDerivedDataCache:Display: Pak cache opened for reading ../../../Engine/DerivedDataCache/Compressed.ddp.
[2016.01.20-16.50.27:077][  0]LogDerivedDataCache: Using Local data cache path C:/Users/dacos/AppData/Local/UnrealEngine/Common/DerivedDataCache: Writable
[2016.01.20-16.50.27:254][  0]LogInit: Selected Device Profile: [Windows]
[2016.01.20-16.50.27:256][  0]LogContentStreaming: Texture pool size is 0.000000MB
[2016.01.20-16.50.27:370][  0]LogMeshUtilities: No automatic mesh reduction module available
[2016.01.20-16.50.27:370][  0]LogMeshUtilities: No automatic mesh merging module available
[2016.01.20-16.50.27:601][  0]LogInit: WinSock: version 1.1 (2.2), MaxSocks=32767, MaxUdp=65467
[2016.01.20-16.50.28:302][  0]UdpMessaging: Initializing bridge on interface 0.0.0.0:0 to multicast group 230.0.0.1:6666.
[2016.01.20-16.50.28:367][  0]LogLinker:Warning: Asset '../../../../../../Users/dacos/OneDrive/Documents/Unreal Projects/Game_GT/Content/Mannequin/Animations/ThirdPerson_AnimBP.uasset' has been saved with empty engine version. The asset will be loaded but may be incompatible.
[2016.01.20-16.50.28:368][  0]LogLinker:Warning: Asset '../../../../../../Users/dacos/OneDrive/Documents/Unreal Projects/Game_GT/Content/Mannequin/Animations/ThirdPerson_Jump.uasset' has been saved with empty engine version. The asset will be loaded but may be incompatible.
[2016.01.20-16.50.28:369][  0]LogLinker:Warning: Asset '../../../../../../Users/dacos/OneDrive/Documents/Unreal Projects/Game_GT/Content/Mannequin/Animations/ThirdPersonJump_Loop.uasset' has been saved with empty engine version. The asset will be loaded but may be incompatible.
[2016.01.20-16.50.28:370][  0]LogLinker:Warning: Asset '../../../../../../Users/dacos/OneDrive/Documents/Unreal Projects/Game_GT/Content/Mannequin/Animations/ThirdPersonJump_Start.uasset' has been saved with empty engine version. The asset will be loaded but may be incompatible.
[2016.01.20-16.50.28:371][  0]LogLinker:Warning: Asset '../../../../../../Users/dacos/OneDrive/Documents/Unreal Projects/Game_GT/Content/Mannequin/Animations/ThirdPerson_IdleRun_2D.uasset' has been saved with empty engine version. The asset will be loaded but may be incompatible.
[2016.01.20-16.50.28:371][  0]LogLinker:Warning: Asset '../../../../../../Users/dacos/OneDrive/Documents/Unreal Projects/Game_GT/Content/Mannequin/Animations/ThirdPersonIdle.uasset' has been saved with empty engine version. The asset will be loaded but may be incompatible.
[2016.01.20-16.50.28:372][  0]LogLinker:Warning: Asset '../../../../../../Users/dacos/OneDrive/Documents/Unreal Projects/Game_GT/Content/Mannequin/Animations/ThirdPersonRun.uasset' has been saved with empty engine version. The asset will be loaded but may be incompatible.
[2016.01.20-16.50.28:373][  0]LogLinker:Warning: Asset '../../../../../../Users/dacos/OneDrive/Documents/Unreal Projects/Game_GT/Content/Mannequin/Animations/ThirdPersonWalk.uasset' has been saved with empty engine version. The asset will be loaded but may be incompatible.
[2016.01.20-16.50.28:695][  0]LogAssetRegistry: FAssetRegistry took 0.0106 seconds to start up
[2016.01.20-16.50.28:865][  0]SourceControl: Info Source control is disabled
[2016.01.20-16.50.29:615][  0]LogObj: 31636 objects as part of root set at end of initial load.
[2016.01.20-16.50.29:615][  0]LogUObjectAllocator: 7168920 out of 0 bytes used by permanent object pool.
[2016.01.20-16.50.29:667][  0]LogEngine: Initializing Engine...
[2016.01.20-16.50.29:669][  0]LogHMD: Can't find Oculus library dev build: is proper Runtime installed? Version: 0.8.0.0
[2016.01.20-16.50.29:670][  0]LogHMD: SteamVR failed to initialize.  Err: 110
[2016.01.20-16.50.29:795][  0]LogAIModule: Creating AISystem for world NewWorld
[2016.01.20-16.50.29:800][  0]LogInit: XAudio2 using 'Headset Earphone (2- Logitech G933 Gaming Headset)' : 2 channels at 48 kHz using 16 bits per sample (channel mask 0x3)
[2016.01.20-16.50.29:819][  0]LogInit: FAudioDevice initialized.
[2016.01.20-16.50.29:853][  0]LogDerivedDataCache: Saved boot cache 0.03s 42MB C:/Users/dacos/AppData/Local/UnrealEngine/4.10/DerivedDataCache/Boot.ddc.
[2016.01.20-16.50.29:865][  0]LogInit: Texture streaming: Enabled
[2016.01.20-16.50.29:873][  0]LogAnalytics: Creating configured Analytics provider AnalyticsET
[2016.01.20-16.50.29:873][  0]LogAnalytics: [UEEditor.Rocket.Release] APIServer = http://et2.epicgames.com/ET2/. AppVersion = 4.10.1-2791327+++depot+UE4-Releases+4.10
[2016.01.20-16.50.29:873][  0]LogAnalytics: [UEEditor.Rocket.Release] SetUserId 7271a55c42ba7649a468ef8135f6e487|72e7fe8abf234c00b7d4ff8eb3462f9c|ed1d22c6-da52-4d8a-a8db-03a689afc6c5
[2016.01.20-16.50.29:873][  0]LogAnalytics: [UEEditor.Rocket.Release] AnalyticsET::StartSession
[2016.01.20-16.50.29:897][  0]LogWindowsTextInputMethodSystem:Display: IME system now deactivated.
[2016.01.20-16.50.29:929][  0]LogInit: Transaction tracking system initialized
[2016.01.20-16.50.29:972][  0]BlueprintLog: New page: Editor Load
[2016.01.20-16.50.30:086][  0]LocalizationService: Info Localization service is disabled
[2016.01.20-16.50.30:173][  0]LogConsoleResponse:Display: 
[2016.01.20-16.50.30:282][  0]LogCook:Display: Done creating registry. It took  0.00s.
[2016.01.20-16.50.30:507][  0]LogFileCache: Scanning file cache for directory 'C:/Users/dacos/OneDrive/Documents/Unreal Projects/Game_GT/Content/' took 0.01s
[2016.01.20-16.50.30:508][  0]Cmd: MAP LOAD FILE="../../../../../../Users/dacos/OneDrive/Documents/Unreal Projects/Game_GT/Content/TopDownCPP/Maps/TopDownExampleMap.umap" TEMPLATE=0 SHOWPROGRESS=1 FEATURELEVEL=3
[2016.01.20-16.50.30:508][  0]LightingResults: New page: Lighting Build
[2016.01.20-16.50.30:514][  0]MapCheck: New page: Map Check
[2016.01.20-16.50.30:514][  0]LightingResults: New page: Lighting Build
[2016.01.20-16.50.30:533][  0]LogParticles: Destroying 0 GPU particle simulations for FXSystem 0x00000148EC015B20
[2016.01.20-16.50.31:082][  0]LogAIModule: Creating AISystem for world TopDownExampleMap
[2016.01.20-16.50.31:134][  0]LogEditorServer: Finished looking for orphan Actors (0.000 secs)
[2016.01.20-16.50.31:135][  0]Cmd: MAP CHECKDEP NOCLEARLOG
[2016.01.20-16.50.31:190][  0]MapCheck: Info Map check complete: 0 Error(s), 0 Warning(s), took 54.148ms to complete.
[2016.01.20-16.50.31:190][  0]LogFileHelpers: Loading map 'TopDownExampleMap' took 0.682
[2016.01.20-16.50.31:319][  0]LogCollectionManager: Loaded 0 collections in 0.003901 seconds
[2016.01.20-16.50.31:363][  0]LogFileCache: Scanning file cache for directory 'C:/Users/dacos/OneDrive/Documents/Unreal Projects/Game_GT/Saved/Collections/' took 0.01s
[2016.01.20-16.50.31:363][  0]LogFileCache: Scanning file cache for directory 'C:/Users/dacos/OneDrive/Documents/Unreal Projects/Game_GT/Content/Developers/dacos/Collections/' took 0.01s
[2016.01.20-16.50.31:363][  0]LogFileCache: Scanning file cache for directory 'C:/Users/dacos/OneDrive/Documents/Unreal Projects/Game_GT/Content/Collections/' took 0.01s
[2016.01.20-16.50.31:363][  0]LogCollectionManager: Rebuilt the GUID cache for 0 collections in 0.000002 seconds
[2016.01.20-16.50.31:373][  0]LogContentBrowser: Native class hierarchy populated in 0.0095 seconds. Added 1897 classes and 340 folders.
[2016.01.20-16.50.31:384][  0]LogContentBrowser: Native class hierarchy updated for 'WidgetCarousel' in 0.0015 seconds. Added 0 classes and 0 folders.
[2016.01.20-16.50.31:437][  0]LogContentBrowser: Native class hierarchy updated for 'AddContentDialog' in 0.0016 seconds. Added 0 classes and 0 folders.
[2016.01.20-16.50.31:444][  0]LogContentBrowser: Native class hierarchy updated for 'SceneOutliner' in 0.0021 seconds. Added 1 classes and 2 folders.
[2016.01.20-16.50.31:466][  0]LogCrashTracker: Crashtracker disabled due to settings.
[2016.01.20-16.50.31:472][  0]LogUObjectGlobals:Warning: Failed to find object 'Class None.'
[2016.01.20-16.50.31:495][  0]LogLoad: Full Startup: 6.81 seconds (BP compile: 0.19 seconds)
[2016.01.20-16.50.31:508][  0]LogOcInput: Can't find Oculus library dev build: is proper Runtime installed? Version: 0.8.0.0
[2016.01.20-16.50.31:587][  0]SourceControl: Info On branch master
[2016.01.20-16.50.31:587][  0]SourceControl: Info Your branch is up-to-date with 'origin/master'.
[2016.01.20-16.50.31:587][  0]SourceControl: Info Changes to be committed:
[2016.01.20-16.50.31:587][  0]SourceControl: Info   (use "git reset HEAD <file>..." to unstage)
[2016.01.20-16.50.31:587][  0]SourceControl: Info 	modified:   Content/Blueprints/Characters/MovementTest/BTD_BotUpdateRout.uasset
[2016.01.20-16.50.31:587][  0]SourceControl: Info 	new file:   Content/Blueprints/Characters/MovementTest/BTD_BotUpdateRout_bad.uasset
[2016.01.20-16.50.31:587][  0]SourceControl: Info 	modified:   Content/Blueprints/Characters/MovementTest/BTT_BotNextRout.uasset
[2016.01.20-16.50.31:587][  0]SourceControl: Info 	new file:   Content/Blueprints/Characters/MovementTest/BTT_BotNextRout_bad.uasset
[2016.01.20-16.50.31:587][  0]SourceControl: Info 	modified:   Content/Blueprints/Characters/MovementTest/BTT_BotWalkspeed.uasset
[2016.01.20-16.50.31:587][  0]SourceControl: Info 	modified:   Content/Blueprints/Characters/MovementTest/BotAi.uasset
[2016.01.20-16.50.31:587][  0]SourceControl: Info 	modified:   Content/Blueprints/Characters/MovementTest/BotAiTree.uasset
[2016.01.20-16.50.31:587][  0]SourceControl: Info 	copied:     Content/Blueprints/Characters/MovementTest/BotAiTree.uasset -> Content/Blueprints/Characters/MovementTest/BotAiTree_bad.uasset
[2016.01.20-16.50.31:587][  0]SourceControl: Info 	new file:   Content/Blueprints/Characters/MovementTest/BotAi_bad.uasset
[2016.01.20-16.50.31:587][  0]SourceControl: Info 	modified:   Content/Blueprints/Characters/MovementTest/BotData.uasset
[2016.01.20-16.50.31:587][  0]SourceControl: Info 	new file:   Content/Blueprints/Characters/MovementTest/BotData_bad.uasset
[2016.01.20-16.50.31:587][  0]SourceControl: Info 	modified:   Content/Blueprints/Characters/MovementTest/BotState.uasset
[2016.01.20-16.50.31:587][  0]SourceControl: Info 	new file:   Content/Blueprints/Characters/MovementTest/BotState_bad.uasset
[2016.01.20-16.50.31:587][  0]SourceControl: Info 	modified:   Content/Blueprints/Characters/MovementTest/BotWaypoint.uasset
[2016.01.20-16.50.31:587][  0]SourceControl: Info 	new file:   Content/Blueprints/Characters/MovementTest/BotWaypoint_bad.uasset
[2016.01.20-16.50.31:587][  0]SourceControl: Info Changes not staged for commit:
[2016.01.20-16.50.31:587][  0]SourceControl: Info   (use "git add/rm <file>..." to update what will be committed)
[2016.01.20-16.50.31:587][  0]SourceControl: Info   (use "git checkout -- <file>..." to discard changes in working directory)
[2016.01.20-16.50.31:587][  0]SourceControl: Info 	modified:   Content/Blueprints/Characters/MovementTest/BTD_BotUpdateRout_bad.uasset
[2016.01.20-16.50.31:587][  0]SourceControl: Info 	modified:   Content/Blueprints/Characters/MovementTest/BTT_BotNextRout_bad.uasset
[2016.01.20-16.50.31:587][  0]SourceControl: Info 	modified:   Content/Blueprints/Characters/MovementTest/BotAi_bad.uasset
[2016.01.20-16.50.31:587][  0]SourceControl: Info 	modified:   Content/Blueprints/Characters/MovementTest/BotWaypoint_bad.uasset
[2016.01.20-16.50.31:587][  0]SourceControl: Info 	modified:   Content/Blueprints/Characters/MovementTest/RadaBancroft_v2.uasset
[2016.01.20-16.50.31:587][  0]SourceControl: Info 	modified:   Content/TopDownCPP/Maps/TopDownExampleMap.umap
[2016.01.20-16.50.31:587][  0]SourceControl: Info 	modified:   Intermediate/CachedAssetRegistry.bin
[2016.01.20-16.50.31:587][  0]SourceControl: Info 	modified:   Saved/Autosaves/Game/TopDownCPP/Maps/TopDownExampleMap_Auto1.umap
[2016.01.20-16.50.31:587][  0]SourceControl: Info 	modified:   Saved/Autosaves/PackageRestoreData.json
[2016.01.20-16.50.31:587][  0]SourceControl: Info 	deleted:    Saved/Backup/2DTopDown_Style_2015-09-23-22-02-24.uasset
[2016.01.20-16.50.31:587][  0]SourceControl: Info 	deleted:    Saved/Backup/AITesting_MoveGoal_2015-09-22-18-54-36.uasset
[2016.01.20-16.50.31:587][  0]SourceControl: Info 	deleted:    Saved/Backup/ActorMacros_2015-09-22-18-54-35.uasset
[2016.01.20-16.50.31:587][  0]SourceControl: Info 	deleted:    Saved/Backup/BotAiTree_2016-01-07-11-52-26.uasset
[2016.01.20-16.50.31:587][  0]SourceControl: Info 	deleted:    Saved/Backup/HPBar_2015-11-19-11-40-43.uasset
[2016.01.20-16.50.31:587][  0]SourceControl: Info 	deleted:    Saved/Backup/LizardMan_PaperCharacter_2015-09-24-17-35-03.uasset
[2016.01.20-16.50.31:587][  0]SourceControl: Info 	deleted:    Saved/Backup/LizardMan_PaperCharacter_2015-09-24-18-21-27.uasset
[2016.01.20-16.50.31:587][  0]SourceControl: Info 	deleted:    Saved/Backup/LizardMan_PaperCharacter_2015-09-24-18-41-46.uasset
[2016.01.20-16.50.31:587][  0]SourceControl: Info 	deleted:    Saved/Backup/LizardMan_PaperCharacter_2015-09-24-20-14-26.uasset
[2016.01.20-16.50.31:587][  0]SourceControl: Info 	deleted:    Saved/Backup/LizardMan_PaperCharacter_2015-09-29-12-53-00.uasset
[2016.01.20-16.50.31:587][  0]SourceControl: Info 	deleted:    Saved/Backup/LizardMan_PaperCharacter_2015-10-01-11-58-40.uasset
[2016.01.20-16.50.31:587][  0]SourceControl: Info 	deleted:    Saved/Backup/LizardMan_PaperCharacter_2015-10-16-11-18-52.uasset
[2016.01.20-16.50.31:587][  0]SourceControl: Info 	deleted:    Saved/Backup/LizardMan_PaperCharacter_2015-10-26-11-21-39.uasset
[2016.01.20-16.50.31:587][  0]SourceControl: Info 	deleted:    Saved/Backup/LizardMan_PaperCharacter_2015-10-30-12-01-37.uasset
[2016.01.20-16.50.31:587][  0]SourceControl: Info 	deleted:    Saved/Backup/LizardMan_PaperCharacter_2015-11-03-11-50-09.uasset
[2016.01.20-16.50.31:587][  0]SourceControl: Info 	deleted:    Saved/Backup/LizardMan_PaperCharacter_2015-11-09-10-54-06.uasset
[2016.01.20-16.50.31:587][  0]SourceControl: Info 	modified:   Saved/Config/Windows/Editor.ini
[2016.01.20-16.50.31:587][  0]SourceControl: Info 	modified:   Saved/Config/Windows/EditorPerProjectUserSettings.ini
[2016.01.20-16.50.31:587][  0]SourceControl: Info 	modified:   Saved/Config/Windows/Engine.ini
[2016.01.20-16.50.31:587][  0]SourceControl: Info 	deleted:    Saved/Logs/Game_GT-backup-2016.01.11-11.39.41.log
[2016.01.20-16.50.31:587][  0]SourceControl: Info 	deleted:    Saved/Logs/Game_GT-backup-2016.01.11-11.49.32.log
[2016.01.20-16.50.31:587][  0]SourceControl: Info 	deleted:    Saved/Logs/Game_GT-backup-2016.01.12-17.31.54.log
[2016.01.20-16.50.31:587][  0]SourceControl: Info 	deleted:    Saved/Logs/Game_GT-backup-2016.01.15-10.45.12.log
[2016.01.20-16.50.31:587][  0]SourceControl: Info 	deleted:    Saved/Logs/Game_GT-backup-2016.01.15-10.58.23.log
[2016.01.20-16.50.31:587][  0]SourceControl: Info 	deleted:    Saved/Logs/Game_GT-backup-2016.01.15-11.19.10.log
[2016.01.20-16.50.31:587][  0]SourceControl: Info 	modified:   Saved/Logs/Game_GT.log
[2016.01.20-16.50.31:587][  0]SourceControl: Info Untracked files:
[2016.01.20-16.50.31:587][  0]SourceControl: Info   (use "git add <file>..." to include in what will be committed)
[2016.01.20-16.50.31:587][  0]SourceControl: Info 	Content/Blueprints/Characters/MovementTest/su/
[2016.01.20-16.50.31:587][  0]SourceControl: Info 	Saved/Autosaves/Game/Blueprints/Characters/MovementTest/su/
[2016.01.20-16.50.31:587][  0]SourceControl: Info 	Saved/Backup/BTD_BotUpdateRout_2016-01-20-11-06-36.uasset
[2016.01.20-16.50.31:587][  0]SourceControl: Info 	Saved/Backup/BTD_BotUpdateRout_bad_2016-01-20-11-06-35.uasset
[2016.01.20-16.50.31:587][  0]SourceControl: Info 	Saved/Backup/BTD_botUpdateRoute_2016-01-20-11-13-02.uasset
[2016.01.20-16.50.31:587][  0]SourceControl: Info 	Saved/Backup/BTT_BotNextRout_2016-01-20-11-06-41.uasset
[2016.01.20-16.50.31:587][  0]SourceControl: Info 	Saved/Backup/BTT_BotNextRout_bad_2016-01-20-11-06-41.uasset
[2016.01.20-16.50.31:588][  0]SourceControl: Info 	Saved/Backup/BTT_BotWalkspeed_2016-01-20-11-06-48.uasset
[2016.01.20-16.50.31:588][  0]SourceControl: Info 	Saved/Backup/BTT_BotWalkspeed_bad_2016-01-20-11-06-48.uasset
[2016.01.20-16.50.31:588][  0]SourceControl: Info 	Saved/Backup/BTT_botNextRoute_2016-01-20-11-27-04.uasset
[2016.01.20-16.50.31:588][  0]SourceControl: Info 	Saved/Backup/BotAiTree_2016-01-20-11-06-06.uasset
[2016.01.20-16.50.31:588][  0]SourceControl: Info 	Saved/Backup/BotAi_2016-01-20-11-04-35.uasset
[2016.01.20-16.50.31:588][  0]SourceControl: Info 	Saved/Backup/BotAi_bad_2016-01-20-11-04-34.uasset
[2016.01.20-16.50.31:588][  0]SourceControl: Info 	Saved/Backup/BotData_2016-01-20-11-06-14.uasset
[2016.01.20-16.50.31:588][  0]SourceControl: Info 	Saved/Backup/BotState_2016-01-20-11-06-21.uasset
[2016.01.20-16.50.31:588][  0]SourceControl: Info 	Saved/Backup/BotWaypoint_2016-01-20-11-06-28.uasset
[2016.01.20-16.50.31:588][  0]SourceControl: Info 	Saved/Backup/BotWaypoint_bad_2016-01-20-11-06-28.uasset
[2016.01.20-16.50.31:588][  0]SourceControl: Info 	Saved/Backup/RadaBancroft_v2_2016-01-20-11-32-17.uasset
[2016.01.20-16.50.31:588][  0]SourceControl: Info 	Saved/Backup/TopDownExampleMap_2016-01-20-11-03-16.umap
[2016.01.20-16.50.31:588][  0]SourceControl: Info 	Saved/Backup/TopDownExampleMap_2016-01-20-11-15-29.umap
[2016.01.20-16.50.31:588][  0]SourceControl: Info 	Saved/Backup/TopDownExampleMap_2016-01-20-11-30-24.umap
[2016.01.20-16.50.31:588][  0]SourceControl: Info 	Saved/Backup/TopDownExampleMap_2016-01-20-11-45-25.umap
[2016.01.20-16.50.31:588][  0]SourceControl: Info 	Saved/Backup/botAI_2016-01-20-11-31-21.uasset
[2016.01.20-16.50.31:588][  0]SourceControl: Info 	Saved/Backup/botTree_2016-01-20-11-15-29.uasset
[2016.01.20-16.50.31:588][  0]SourceControl: Info 	Saved/Backup/botTree_2016-01-20-11-22-56.uasset
[2016.01.20-16.50.31:588][  0]SourceControl: Info 	Saved/Logs/Game_GT-backup-2016.01.20-10.54.15.log
[2016.01.20-16.50.31:588][  0]SourceControl: Info 	Saved/Logs/Game_GT-backup-2016.01.20-11.44.34.log
[2016.01.20-16.50.31:588][  0]SourceControl: Info 	Saved/Logs/Game_GT-backup-2016.01.20-11.47.27.log
[2016.01.20-16.50.31:588][  0]SourceControl: Info 	Saved/Logs/Game_GT-backup-2016.01.20-11.50.25.log
[2016.01.20-16.50.31:588][  0]SourceControl: Info 	Saved/Logs/UE4CC-Windows-3B26D9CE48B739A48F800C81E59AE742/
[2016.01.20-16.50.31:588][  0]SourceControl: Info 	Saved/Logs/UE4CC-Windows-3E58DC2C472F024128312EA72D9F51FE/
[2016.01.20-16.50.31:588][  0]SourceControl: Info 	Saved/Logs/UE4CC-Windows-51B405EB4E67664CAC19B1985772B5C5/
[2016.01.20-16.50.31:588][  0]LogContentStreaming: Texture pool size now 1000 MB
[2016.01.20-16.50.31:737][  0]LogRenderer: Reallocating scene render targets to support 1280x624 (Frame:2).
[2016.01.20-16.50.32:224][  6]LogAssetRegistry: Asset discovery search completed in 3.5400 seconds
[2016.01.20-16.50.32:224][  6]LogCollectionManager: Rebuilt the object cache for 0 collections in 0.000000 seconds (found 0 objects)
[2016.01.20-16.50.32:224][  6]LogCollectionManager: Fixed up redirectors for 0 collections in 0.000017 seconds (updated 0 objects)
[2016.01.20-16.50.42:487][152]LogLinker:Warning: Can't find file '/Game/Blueprints/Behavior/botState'
[2016.01.20-16.50.42:488][152]LogLinker:Warning: Can't find file for asset '/Game/Blueprints/Behavior/botState' while loading ../../../../../../Users/dacos/OneDrive/Documents/Unreal Projects/Game_GT/Content/Blueprints/Characters/MovementTest/su/botData.uasset.
[2016.01.20-16.50.42:488][152]LoadErrors:Error: Error /Game/Blueprints/Characters/MovementTest/su/botData : Can't find file for asset. /Game/Blueprints/Behavior/botState
[2016.01.20-16.50.42:488][152]LogLinker:Warning: Can't find file '/Game/Blueprints/Behavior/botState'
[2016.01.20-16.50.42:488][152]LogLinker:Warning: Can't find file for asset '/Game/Blueprints/Behavior/botState' while loading ../../../../../../Users/dacos/OneDrive/Documents/Unreal Projects/Game_GT/Content/Blueprints/Characters/MovementTest/su/botData.uasset.
[2016.01.20-16.50.42:505][152]LogLinker:Warning: Can't find file '/Game/Blueprints/Behavior/botAI'
[2016.01.20-16.50.42:505][152]LogLinker:Warning: Can't find file for asset '/Game/Blueprints/Behavior/botAI' while loading ../../../../../../Users/dacos/OneDrive/Documents/Unreal Projects/Game_GT/Content/Blueprints/Characters/MovementTest/su/BTS_botDetectEnemy.uasset.
[2016.01.20-16.50.42:505][152]LoadErrors:Error: Error /Game/Blueprints/Characters/MovementTest/su/BTS_botDetectEnemy : Can't find file for asset. /Game/Blueprints/Behavior/botAI
[2016.01.20-16.50.42:506][152]LogLinker:Warning: Can't find file '/Game/Blueprints/Pawn/botCharacter'
[2016.01.20-16.50.42:506][152]LogLinker:Warning: Can't find file for asset '/Game/Blueprints/Pawn/botCharacter' while loading ../../../../../../Users/dacos/OneDrive/Documents/Unreal Projects/Game_GT/Content/Blueprints/Characters/MovementTest/su/BTS_botDetectEnemy.uasset.
[2016.01.20-16.50.42:506][152]LoadErrors:Error: Error /Game/Blueprints/Characters/MovementTest/su/BTS_botDetectEnemy : Can't find file for asset. /Game/Blueprints/Pawn/botCharacter
[2016.01.20-16.50.42:506][152]LogLinker:Warning: Can't find file '/Game/Blueprints/Pawn/MyCharacter'
[2016.01.20-16.50.42:506][152]LogLinker:Warning: Can't find file for asset '/Game/Blueprints/Pawn/MyCharacter' while loading ../../../../../../Users/dacos/OneDrive/Documents/Unreal Projects/Game_GT/Content/Blueprints/Characters/MovementTest/su/BTS_botDetectEnemy.uasset.
[2016.01.20-16.50.42:506][152]LoadErrors:Error: Error /Game/Blueprints/Characters/MovementTest/su/BTS_botDetectEnemy : Can't find file for asset. /Game/Blueprints/Pawn/MyCharacter
[2016.01.20-16.50.42:509][152]LogLinker:Warning: Can't find file '/Game/Blueprints/Behavior/botAI'
[2016.01.20-16.50.42:509][152]LogLinker:Warning: Can't find file for asset '/Game/Blueprints/Behavior/botAI' while loading ../../../../../../Users/dacos/OneDrive/Documents/Unreal Projects/Game_GT/Content/Blueprints/Characters/MovementTest/su/BTS_botDetectEnemy.uasset.
[2016.01.20-16.50.42:509][152]LogLinker:Warning: Can't find file '/Game/Blueprints/Behavior/botState'
[2016.01.20-16.50.42:509][152]LogLinker:Warning: Can't find file for asset '/Game/Blueprints/Behavior/botState' while loading ../../../../../../Users/dacos/OneDrive/Documents/Unreal Projects/Game_GT/Content/Blueprints/Characters/MovementTest/su/BTS_botDetectEnemy.uasset.
[2016.01.20-16.50.42:509][152]LoadErrors:Error: Error /Game/Blueprints/Characters/MovementTest/su/BTS_botDetectEnemy : Can't find file for asset. /Game/Blueprints/Behavior/botState
[2016.01.20-16.50.42:509][152]LogLinker:Warning: Can't find file '/Game/Blueprints/Pawn/botCharacter'
[2016.01.20-16.50.42:509][152]LogLinker:Warning: Can't find file for asset '/Game/Blueprints/Pawn/botCharacter' while loading ../../../../../../Users/dacos/OneDrive/Documents/Unreal Projects/Game_GT/Content/Blueprints/Characters/MovementTest/su/BTS_botDetectEnemy.uasset.
[2016.01.20-16.50.42:509][152]LogLinker:Warning: Can't find file '/Game/Blueprints/Pawn/MyCharacter'
[2016.01.20-16.50.42:509][152]LogLinker:Warning: Can't find file for asset '/Game/Blueprints/Pawn/MyCharacter' while loading ../../../../../../Users/dacos/OneDrive/Documents/Unreal Projects/Game_GT/Content/Blueprints/Characters/MovementTest/su/BTS_botDetectEnemy.uasset.
[2016.01.20-16.50.42:510][152]LogLinker:Warning: Can't find file '/Game/Blueprints/Behavior/botState'
[2016.01.20-16.50.42:510][152]LogLinker:Warning: Can't find file for asset '/Game/Blueprints/Behavior/botState' while loading ../../../../../../Users/dacos/OneDrive/Documents/Unreal Projects/Game_GT/Content/Blueprints/Characters/MovementTest/su/BTS_botDetectEnemy.uasset.
[2016.01.20-16.50.42:510][152]LogLinker:Warning: Can't find file '/Game/Blueprints/Behavior/botAI'
[2016.01.20-16.50.42:511][152]LogLinker:Warning: Can't find file for asset '/Game/Blueprints/Behavior/botAI' while loading ../../../../../../Users/dacos/OneDrive/Documents/Unreal Projects/Game_GT/Content/Blueprints/Characters/MovementTest/su/botTree.uasset.
[2016.01.20-16.50.42:511][152]LoadErrors:Error: Error /Game/Blueprints/Characters/MovementTest/su/botTree : Can't find file for asset. /Game/Blueprints/Behavior/botAI
[2016.01.20-16.50.42:511][152]LogLinker:Warning: Can't find file '/Game/Blueprints/Pawn/botCharacter'
[2016.01.20-16.50.42:511][152]LogLinker:Warning: Can't find file for asset '/Game/Blueprints/Pawn/botCharacter' while loading ../../../../../../Users/dacos/OneDrive/Documents/Unreal Projects/Game_GT/Content/Blueprints/Characters/MovementTest/su/botTree.uasset.
[2016.01.20-16.50.42:511][152]LoadErrors:Error: Error /Game/Blueprints/Characters/MovementTest/su/botTree : Can't find file for asset. /Game/Blueprints/Pawn/botCharacter
[2016.01.20-16.50.42:511][152]LogLinker:Warning: Can't find file '/Game/Blueprints/Behavior/botAI'
[2016.01.20-16.50.42:511][152]LogLinker:Warning: Can't find file for asset '/Game/Blueprints/Behavior/botAI' while loading ../../../../../../Users/dacos/OneDrive/Documents/Unreal Projects/Game_GT/Content/Blueprints/Characters/MovementTest/su/botTree.uasset.
[2016.01.20-16.50.42:511][152]LogLinker:Warning: Can't find file '/Game/Blueprints/Pawn/botCharacter'
[2016.01.20-16.50.42:511][152]LogLinker:Warning: Can't find file for asset '/Game/Blueprints/Pawn/botCharacter' while loading ../../../../../../Users/dacos/OneDrive/Documents/Unreal Projects/Game_GT/Content/Blueprints/Characters/MovementTest/su/botTree.uasset.
[2016.01.20-16.50.42:511][152]LogLinker:Warning: Can't find file '/Game/Blueprints/Pawn/MyCharacter'
[2016.01.20-16.50.42:511][152]LogLinker:Warning: Can't find file for asset '/Game/Blueprints/Pawn/MyCharacter' while loading ../../../../../../Users/dacos/OneDrive/Documents/Unreal Projects/Game_GT/Content/Blueprints/Characters/MovementTest/su/botTree.uasset.
[2016.01.20-16.50.42:511][152]LoadErrors:Error: Error /Game/Blueprints/Characters/MovementTest/su/botTree : Can't find file for asset. /Game/Blueprints/Pawn/MyCharacter
[2016.01.20-16.50.42:512][152]LogLinker:Warning: Can't find file '/Game/Blueprints/Behavior/botAI'
[2016.01.20-16.50.42:512][152]LogLinker:Warning: Can't find file for asset '/Game/Blueprints/Behavior/botAI' while loading ../../../../../../Users/dacos/OneDrive/Documents/Unreal Projects/Game_GT/Content/Blueprints/Characters/MovementTest/su/botTree.uasset.
[2016.01.20-16.50.42:512][152]LogLinker:Warning: Can't find file '/Game/Blueprints/Behavior/botState'
[2016.01.20-16.50.42:512][152]LogLinker:Warning: Can't find file for asset '/Game/Blueprints/Behavior/botState' while loading ../../../../../../Users/dacos/OneDrive/Documents/Unreal Projects/Game_GT/Content/Blueprints/Characters/MovementTest/su/botTree.uasset.
[2016.01.20-16.50.42:512][152]LoadErrors:Error: Error /Game/Blueprints/Characters/MovementTest/su/botTree : Can't find file for asset. /Game/Blueprints/Behavior/botState
[2016.01.20-16.50.42:512][152]LogLinker:Warning: Can't find file '/Game/Blueprints/Pawn/botCharacter'
[2016.01.20-16.50.42:512][152]LogLinker:Warning: Can't find file for asset '/Game/Blueprints/Pawn/botCharacter' while loading ../../../../../../Users/dacos/OneDrive/Documents/Unreal Projects/Game_GT/Content/Blueprints/Characters/MovementTest/su/botTree.uasset.
[2016.01.20-16.50.42:512][152]LogLinker:Warning: Can't find file '/Game/Blueprints/Pawn/MyCharacter'
[2016.01.20-16.50.42:512][152]LogLinker:Warning: Can't find file for asset '/Game/Blueprints/Pawn/MyCharacter' while loading ../../../../../../Users/dacos/OneDrive/Documents/Unreal Projects/Game_GT/Content/Blueprints/Characters/MovementTest/su/botTree.uasset.
[2016.01.20-16.50.42:512][152]LogLinker:Warning: Can't find file '/Game/Blueprints/Behavior/botState'
[2016.01.20-16.50.42:512][152]LogLinker:Warning: Can't find file for asset '/Game/Blueprints/Behavior/botState' while loading ../../../../../../Users/dacos/OneDrive/Documents/Unreal Projects/Game_GT/Content/Blueprints/Characters/MovementTest/su/botTree.uasset.
[2016.01.20-16.50.42:515][152]LogLinker:Warning: Can't find file '/Game/Blueprints/Behavior/botAI'
[2016.01.20-16.50.42:515][152]LoadErrors: Info Failed to load /Game/Blueprints/Behavior/botAI.botAI_C Referenced by K2Node_DynamicCast_6215
[2016.01.20-16.50.42:515][152]LogLinker:Warning: Can't find file for asset '/Game/Blueprints/Behavior/botAI' while loading ../../../../../../Users/dacos/OneDrive/Documents/Unreal Projects/Game_GT/Content/Blueprints/Characters/MovementTest/su/botTree.uasset.
[2016.01.20-16.50.42:515][152]LogLinker:Warning: Can't find file '/Game/Blueprints/Behavior/botAI'
[2016.01.20-16.50.42:515][152]LoadErrors: Info Failed to load /Game/Blueprints/Behavior/botAI.botAI_C Referenced by EdGraphPin_18720
[2016.01.20-16.50.42:516][152]LogLinker:Warning: Can't find file for asset '/Game/Blueprints/Behavior/botAI' while loading ../../../../../../Users/dacos/OneDrive/Documents/Unreal Projects/Game_GT/Content/Blueprints/Characters/MovementTest/su/botTree.uasset.
[2016.01.20-16.50.42:516][152]LogLinker:Warning: Can't find file '/Game/Blueprints/Pawn/MyCharacter'
[2016.01.20-16.50.42:516][152]LoadErrors: Info Failed to load /Game/Blueprints/Pawn/MyCharacter.MyCharacter_C Referenced by EdGraphPin_7037
[2016.01.20-16.50.42:516][152]LogLinker:Warning: Can't find file for asset '/Game/Blueprints/Pawn/MyCharacter' while loading ../../../../../../Users/dacos/OneDrive/Documents/Unreal Projects/Game_GT/Content/Blueprints/Characters/MovementTest/su/botTree.uasset.
[2016.01.20-16.50.42:519][152]LogLinker:Warning: Can't find file '/Game/Blueprints/Behavior/botState'
[2016.01.20-16.50.42:519][152]LoadErrors: Info Failed to load /Game/Blueprints/Behavior/botState.botState Referenced by K2Node_SwitchEnum_14743
[2016.01.20-16.50.42:519][152]LogLinker:Warning: Can't find file for asset '/Game/Blueprints/Behavior/botState' while loading ../../../../../../Users/dacos/OneDrive/Documents/Unreal Projects/Game_GT/Content/Blueprints/Characters/MovementTest/su/botTree.uasset.
[2016.01.20-16.50.42:521][152]LogLinker:Warning: Can't find file '/Game/Blueprints/Behavior/botState'
[2016.01.20-16.50.42:521][152]LoadErrors: Info Failed to load /Game/Blueprints/Behavior/botState.botState Referenced by K2Node_SwitchEnum_14788
[2016.01.20-16.50.42:521][152]LogLinker:Warning: Can't find file for asset '/Game/Blueprints/Behavior/botState' while loading ../../../../../../Users/dacos/OneDrive/Documents/Unreal Projects/Game_GT/Content/Blueprints/Characters/MovementTest/su/botTree.uasset.
[2016.01.20-16.50.42:523][152]LogLinker:Warning: Can't find file '/Game/Blueprints/Pawn/botCharacter'
[2016.01.20-16.50.42:523][152]LoadErrors: Info Failed to load /Game/Blueprints/Pawn/botCharacter.botCharacter_C Referenced by K2Node_DynamicCast_47
[2016.01.20-16.50.42:523][152]LogLinker:Warning: Can't find file for asset '/Game/Blueprints/Pawn/botCharacter' while loading ../../../../../../Users/dacos/OneDrive/Documents/Unreal Projects/Game_GT/Content/Blueprints/Characters/MovementTest/su/botTree.uasset.
[2016.01.20-16.50.42:524][152]LogLinker:Warning: Can't find file '/Game/Blueprints/Pawn/botCharacter'
[2016.01.20-16.50.42:524][152]LoadErrors: Info Failed to load /Game/Blueprints/Pawn/botCharacter.botCharacter_C Referenced by EdGraphPin_18756
[2016.01.20-16.50.42:524][152]LogLinker:Warning: Can't find file for asset '/Game/Blueprints/Pawn/botCharacter' while loading ../../../../../../Users/dacos/OneDrive/Documents/Unreal Projects/Game_GT/Content/Blueprints/Characters/MovementTest/su/botTree.uasset.
[2016.01.20-16.50.42:524][152]LogLinker:Warning: Can't find file '/Game/Blueprints/Pawn/botCharacter'
[2016.01.20-16.50.42:524][152]LoadErrors: Info Failed to load /Game/Blueprints/Pawn/botCharacter.botCharacter_C Referenced by K2Node_CallFunction_187347
[2016.01.20-16.50.42:524][152]LogLinker:Warning: Can't find file for asset '/Game/Blueprints/Pawn/botCharacter' while loading ../../../../../../Users/dacos/OneDrive/Documents/Unreal Projects/Game_GT/Content/Blueprints/Characters/MovementTest/su/botTree.uasset.
[2016.01.20-16.50.42:524][152]LogLinker:Warning: Can't find file '/Game/Blueprints/Pawn/botCharacter'
[2016.01.20-16.50.42:525][152]LoadErrors: Info Failed to load /Game/Blueprints/Pawn/botCharacter.botCharacter_C Referenced by EdGraphPin_18769
[2016.01.20-16.50.42:525][152]LogLinker:Warning: Can't find file for asset '/Game/Blueprints/Pawn/botCharacter' while loading ../../../../../../Users/dacos/OneDrive/Documents/Unreal Projects/Game_GT/Content/Blueprints/Characters/MovementTest/su/botTree.uasset.
[2016.01.20-16.50.42:539][152]LogBlueprint:Error: [compiler BTS_botDetectEnemy] Error Could not find a function named "Enemy Lost_Event" in 'BTS_botDetectEnemy'.
Make sure 'BTS_botDetectEnemy' has been compiled for  Enemy Lost Event 
[2016.01.20-16.50.42:539][152]LogBlueprint:Warning: [compiler BTS_botDetectEnemy] Warning Can't connect pins  Object  and  Return Value : This cast has an invalid target type (was the class deleted without a redirect?).
[2016.01.20-16.50.42:539][152]LogBlueprint:Warning: [compiler BTS_botDetectEnemy] Warning Can't connect pins  Return Value  and  Object : This cast has an invalid target type (was the class deleted without a redirect?).
[2016.01.20-16.50.42:540][152]LogBlueprint:Warning: [compiler BTS_botDetectEnemy] Warning Can't connect pins  Object  and  Owner Actor : This cast has an invalid target type (was the class deleted without a redirect?).
[2016.01.20-16.50.42:540][152]LogBlueprint:Warning: [compiler BTS_botDetectEnemy] Warning Can't connect pins  Owner Actor  and  Object : This cast has an invalid target type (was the class deleted without a redirect?).
[2016.01.20-16.50.42:540][152]LogBlueprint:Error: [compiler BTS_botDetectEnemy] Error This blueprint (self) is not compatible with ' Target ', therefore that pin must have a connection.
[2016.01.20-16.50.42:540][152]LogBlueprint:Error: [compiler BTS_botDetectEnemy] Error This blueprint (self) is not a Actor, therefore ' Target ' must have a connection.
[2016.01.20-16.50.42:540][152]LogBlueprint:Error: [compiler BTS_botDetectEnemy] Error This blueprint (self) is not a AIController, therefore ' Target ' must have a connection.
[2016.01.20-16.50.42:540][152]LogBlueprint:Error: [compiler BTS_botDetectEnemy] Error This blueprint (self) is not a Controller, therefore ' Target ' must have a connection.
[2016.01.20-16.50.42:540][152]LogBlueprint:Error: [compiler BTS_botDetectEnemy] Error This blueprint (self) is not a Actor, therefore ' Target ' must have a connection.
[2016.01.20-16.50.42:540][152]LogBlueprint:Error: [compiler BTS_botDetectEnemy] Error This blueprint (self) is not a Controller, therefore ' Target ' must have a connection.
[2016.01.20-16.50.42:549][152]LogBlueprint:Warning: [compiler BTS_botDetectEnemy] Warning [0017.86] Compile of BTS_botDetectEnemy failed. 7 Fatal Issue(s) 4 Warning(s) [in 15 ms]
[2016.01.20-16.50.42:549][152]LogBlueprint:Warning: [compiler BTS_botDetectEnemy] Warning [0017.86] Compile of BTS_botDetectEnemy failed. 7 Fatal Issue(s) 5 Warning(s) [in 0 ms]
[2016.01.20-16.50.42:549][152]LogBlueprint:Warning: [compiler BTS_botDetectEnemy] Warning [0017.86] Compile of BTS_botDetectEnemy failed. 7 Fatal Issue(s) 6 Warning(s) [in 0 ms]
[2016.01.20-16.50.42:605][152]LogLinker:Warning: Can't find file '/Game/Blueprints/Behavior/botState'
[2016.01.20-16.50.42:605][152]LoadErrors: Info Failed to load /Game/Blueprints/Behavior/botState.botState Referenced by BlackboardKeyType_Enum_1
[2016.01.20-16.50.42:605][152]LogLinker:Warning: Can't find file for asset '/Game/Blueprints/Behavior/botState' while loading NULL.
[2016.01.20-16.50.44:522][152]SourceControl: Info rm 'Content/Blueprints/Characters/MovementTest/RadaBancroft_v2.uasset'
[2016.01.20-16.50.50:905][896]LogSlate:Warning: Prevented a slow task dialog from being summoned while a context menu was open
[2016.01.20-16.50.50:950][896]LogLinker:Warning: Can't find file '/Game/Blueprints/Characters/MovementTest/BTT_BotWalkspeed_bad'
[2016.01.20-16.50.50:950][896]LogLinker:Warning: Can't find file for asset '/Game/Blueprints/Characters/MovementTest/BTT_BotWalkspeed_bad' while loading ../../../../../../Users/dacos/OneDrive/Documents/Unreal Projects/Game_GT/Content/Blueprints/Characters/MovementTest/BTT_BotWalkspeed.uasset.
[2016.01.20-16.50.50:950][896]LoadErrors:Error: Error /Game/Blueprints/Characters/MovementTest/BTT_BotWalkspeed : Can't find file for asset. /Game/Blueprints/Characters/MovementTest/BTT_BotWalkspeed_bad
[2016.01.20-16.50.50:950][896]LogLinker:Warning: Can't find file '/Game/Blueprints/Characters/MovementTest/BTT_BotWalkspeed_bad'
[2016.01.20-16.50.50:951][896]LogLinker:Warning: Can't find file for asset '/Game/Blueprints/Characters/MovementTest/BTT_BotWalkspeed_bad' while loading ../../../../../../Users/dacos/OneDrive/Documents/Unreal Projects/Game_GT/Content/Blueprints/Characters/MovementTest/BTT_BotWalkspeed.uasset.
[2016.01.20-16.50.50:951][896]LogLinker:Warning: Can't find file '/Game/Blueprints/Characters/MovementTest/BTT_BotWalkspeed_bad'
[2016.01.20-16.50.50:951][896]LogLinker:Warning: Can't find file for asset '/Game/Blueprints/Characters/MovementTest/BTT_BotWalkspeed_bad' while loading ../../../../../../Users/dacos/OneDrive/Documents/Unreal Projects/Game_GT/Content/Blueprints/Characters/MovementTest/BTT_BotWalkspeed.uasset.
[2016.01.20-16.50.50:951][896]LogLinker:Warning: Can't find file '/Game/Blueprints/Characters/MovementTest/BTT_BotWalkspeed_bad'
[2016.01.20-16.50.50:951][896]LogLinker:Warning: Can't find file for asset '/Game/Blueprints/Characters/MovementTest/BTT_BotWalkspeed_bad' while loading ../../../../../../Users/dacos/OneDrive/Documents/Unreal Projects/Game_GT/Content/Blueprints/Characters/MovementTest/BTT_BotWalkspeed.uasset.
[2016.01.20-16.50.50:952][896]LogLinker:Warning: Can't find file '/Game/Blueprints/Characters/MovementTest/BTT_BotWalkspeed_bad'
[2016.01.20-16.50.50:952][896]LoadErrors: Info Failed to load /Game/Blueprints/Characters/MovementTest/BTT_BotWalkspeed_bad.BTT_BotWalkspeed_bad Referenced by BTT_BotWalkspeed
[2016.01.20-16.50.50:952][896]LogLinker:Warning: Can't find file for asset '/Game/Blueprints/Characters/MovementTest/BTT_BotWalkspeed_bad' while loading ../../../../../../Users/dacos/OneDrive/Documents/Unreal Projects/Game_GT/Content/Blueprints/Characters/MovementTest/BotAiTree_bad.uasset.
[2016.01.20-16.50.50:952][896]LoadErrors:Error: Error /Game/Blueprints/Characters/MovementTest/BotAiTree_bad : Can't find file for asset. /Game/Blueprints/Characters/MovementTest/BTT_BotWalkspeed_bad
[2016.01.20-16.50.50:952][896]LogLinker:Warning: Can't find file '/Game/Blueprints/Characters/MovementTest/BTT_BotWalkspeed_bad'
[2016.01.20-16.50.50:952][896]LoadErrors: Info Failed to load /Game/Blueprints/Characters/MovementTest/BTT_BotWalkspeed_bad.BTT_BotWalkspeed_bad_C Referenced by BTT_BotWalkspeed_C
[2016.01.20-16.50.50:953][896]LogLinker:Warning: Can't find file for asset '/Game/Blueprints/Characters/MovementTest/BTT_BotWalkspeed_bad' while loading ../../../../../../Users/dacos/OneDrive/Documents/Unreal Projects/Game_GT/Content/Blueprints/Characters/MovementTest/BotAiTree_bad.uasset.
[2016.01.20-16.50.50:953][896]LogLinker:Warning: Can't find file '/Game/Blueprints/Characters/MovementTest/BTT_BotWalkspeed_bad'
[2016.01.20-16.50.50:953][896]LoadErrors: Info Failed to load /Game/Blueprints/Characters/MovementTest/BTT_BotWalkspeed_bad.Default__BTT_BotWalkspeed_bad_C Referenced by Default__BTT_BotWalkspeed_C
[2016.01.20-16.50.50:953][896]LogLinker:Warning: Can't find file for asset '/Game/Blueprints/Characters/MovementTest/BTT_BotWalkspeed_bad' while loading ../../../../../../Users/dacos/OneDrive/Documents/Unreal Projects/Game_GT/Content/Blueprints/Characters/MovementTest/BotAiTree_bad.uasset.
[2016.01.20-16.50.50:953][896]LogLinker:Warning: Can't find file '/Game/Blueprints/Characters/MovementTest/BTT_BotWalkspeed_bad'
[2016.01.20-16.50.50:954][896]LogLinker:Warning: Can't find file for asset '/Game/Blueprints/Characters/MovementTest/BTT_BotWalkspeed_bad' while loading ../../../../../../Users/dacos/OneDrive/Documents/Unreal Projects/Game_GT/Content/Blueprints/Characters/MovementTest/BotAiTree_bad.uasset.
[2016.01.20-16.50.50:955][896]LogLinker:Warning: Can't find file '/Game/Blueprints/Characters/MovementTest/BTT_BotWalkspeed_bad'
[2016.01.20-16.50.50:955][896]LogLinker:Warning: Can't find file for asset '/Game/Blueprints/Characters/MovementTest/BTT_BotWalkspeed_bad' while loading ../../../../../../Users/dacos/OneDrive/Documents/Unreal Projects/Game_GT/Content/Blueprints/Characters/MovementTest/BotAiTree.uasset.
[2016.01.20-16.50.50:955][896]LoadErrors:Error: Error /Game/Blueprints/Characters/MovementTest/BotAiTree : Can't find file for asset. /Game/Blueprints/Characters/MovementTest/BTT_BotWalkspeed_bad
[2016.01.20-16.50.50:964][896]LogLinker:Warning: Can't find file '/Game/Blueprints/Characters/MovementTest/BTT_BotWalkspeed_bad'
[2016.01.20-16.50.50:964][896]LogLinker:Warning: Can't find file for asset '/Game/Blueprints/Characters/MovementTest/BTT_BotWalkspeed_bad' while loading NULL.
[2016.01.20-16.50.50:965][896]LogLinker:Warning: Can't find file '/Game/Blueprints/Characters/MovementTest/BTT_BotWalkspeed_bad'
[2016.01.20-16.50.50:965][896]LogLinker:Warning: Can't find file for asset '/Game/Blueprints/Characters/MovementTest/BTT_BotWalkspeed_bad' while loading NULL.
[2016.01.20-16.50.50:975][896]LogLinker:Warning: Can't find file '/Game/Blueprints/Behavior/botWaypoint'
[2016.01.20-16.50.50:975][896]LogLinker:Warning: Can't find file for asset '/Game/Blueprints/Behavior/botWaypoint' while loading ../../../../../../Users/dacos/OneDrive/Documents/Unreal Projects/Game_GT/Content/Blueprints/Characters/MovementTest/su/botWaypoint2.uasset.
[2016.01.20-16.50.50:975][896]LoadErrors:Error: Error /Game/Blueprints/Characters/MovementTest/su/botWaypoint2 : Can't find file for asset. /Game/Blueprints/Behavior/botWaypoint
[2016.01.20-16.50.50:975][896]LogLinker:Warning: Can't find file '/Game/Blueprints/Behavior/botWaypoint'
[2016.01.20-16.50.50:975][896]LogLinker:Warning: Can't find file for asset '/Game/Blueprints/Behavior/botWaypoint' while loading ../../../../../../Users/dacos/OneDrive/Documents/Unreal Projects/Game_GT/Content/Blueprints/Characters/MovementTest/su/botWaypoint2.uasset.
[2016.01.20-16.50.50:976][896]LogLinker:Warning: Can't find file '/Game/Blueprints/Behavior/botWaypoint'
[2016.01.20-16.50.50:976][896]LogLinker:Warning: Can't find file for asset '/Game/Blueprints/Behavior/botWaypoint' while loading ../../../../../../Users/dacos/OneDrive/Documents/Unreal Projects/Game_GT/Content/Blueprints/Characters/MovementTest/su/botWaypoint2.uasset.
[2016.01.20-16.50.50:976][896]LogLinker:Warning: Can't find file '/Game/Blueprints/Behavior/botWaypoint'
[2016.01.20-16.50.50:976][896]LogLinker:Warning: Can't find file for asset '/Game/Blueprints/Behavior/botWaypoint' while loading ../../../../../../Users/dacos/OneDrive/Documents/Unreal Projects/Game_GT/Content/Blueprints/Characters/MovementTest/su/botWaypoint2.uasset.
[2016.01.20-16.50.50:976][896]LogLinker:Warning: Can't find file '/Game/Blueprints/Behavior/botWaypoint'
[2016.01.20-16.50.50:976][896]LoadErrors: Info Failed to load /Game/Blueprints/Behavior/botWaypoint.botWaypoint Referenced by botWaypoint2
[2016.01.20-16.50.50:976][896]LogLinker:Warning: Can't find file for asset '/Game/Blueprints/Behavior/botWaypoint' while loading NULL.
[2016.01.20-16.50.50:976][896]LogLinker:Warning: Can't find file '/Game/Blueprints/Behavior/botWaypoint'
[2016.01.20-16.50.50:976][896]LoadErrors: Info Failed to load /Game/Blueprints/Behavior/botWaypoint.botWaypoint_C Referenced by botWaypoint2_C
[2016.01.20-16.50.50:977][896]LogLinker:Warning: Can't find file for asset '/Game/Blueprints/Behavior/botWaypoint' while loading NULL.
[2016.01.20-16.50.50:977][896]LogLinker:Warning: Can't find file '/Game/Blueprints/Behavior/botWaypoint'
[2016.01.20-16.50.50:977][896]LoadErrors: Info Failed to load /Game/Blueprints/Behavior/botWaypoint.Default__botWaypoint_C Referenced by Default__botWaypoint2_C
[2016.01.20-16.50.50:977][896]LogLinker:Warning: Can't find file for asset '/Game/Blueprints/Behavior/botWaypoint' while loading NULL.
[2016.01.20-16.50.50:978][896]LogLinker:Warning: Can't find file '/Game/Blueprints/Behavior/botAI'
[2016.01.20-16.50.50:978][896]LogLinker:Warning: Can't find file for asset '/Game/Blueprints/Behavior/botAI' while loading ../../../../../../Users/dacos/OneDrive/Documents/Unreal Projects/Game_GT/Content/Blueprints/Characters/MovementTest/su/BTT_botAttackEnemy.uasset.
[2016.01.20-16.50.50:978][896]LoadErrors:Error: Error /Game/Blueprints/Characters/MovementTest/su/BTT_botAttackEnemy : Can't find file for asset. /Game/Blueprints/Behavior/botAI
[2016.01.20-16.50.50:978][896]LogLinker:Warning: Can't find file '/Game/Blueprints/Pawn/botCharacter'
[2016.01.20-16.50.50:978][896]LogLinker:Warning: Can't find file for asset '/Game/Blueprints/Pawn/botCharacter' while loading ../../../../../../Users/dacos/OneDrive/Documents/Unreal Projects/Game_GT/Content/Blueprints/Characters/MovementTest/su/BTT_botAttackEnemy.uasset.
[2016.01.20-16.50.50:979][896]LoadErrors:Error: Error /Game/Blueprints/Characters/MovementTest/su/BTT_botAttackEnemy : Can't find file for asset. /Game/Blueprints/Pawn/botCharacter
[2016.01.20-16.50.50:980][896]LogLinker:Warning: Can't find file '/Game/Blueprints/Pawn/botCharacter'
[2016.01.20-16.50.50:980][896]LogLinker:Warning: Can't find file for asset '/Game/Blueprints/Pawn/botCharacter' while loading ../../../../../../Users/dacos/OneDrive/Documents/Unreal Projects/Game_GT/Content/Blueprints/Characters/MovementTest/su/BTT_botAttackEnemy.uasset.
[2016.01.20-16.50.50:980][896]LogLinker:Warning: Can't find file '/Game/Blueprints/Pawn/botCharacter'
[2016.01.20-16.50.50:980][896]LogLinker:Warning: Can't find file for asset '/Game/Blueprints/Pawn/botCharacter' while loading ../../../../../../Users/dacos/OneDrive/Documents/Unreal Projects/Game_GT/Content/Blueprints/Characters/MovementTest/su/BTT_botAttackEnemy.uasset.
[2016.01.20-16.50.50:980][896]LogLinker:Warning: Can't find file '/Game/Blueprints/Pawn/botCharacter'
[2016.01.20-16.50.50:980][896]LogLinker:Warning: Can't find file for asset '/Game/Blueprints/Pawn/botCharacter' while loading ../../../../../../Users/dacos/OneDrive/Documents/Unreal Projects/Game_GT/Content/Blueprints/Characters/MovementTest/su/BTT_botAttackEnemy.uasset.
[2016.01.20-16.50.50:980][896]LogLinker:Warning: Can't find file '/Game/Blueprints/Pawn/botCharacter'
[2016.01.20-16.50.50:980][896]LogLinker:Warning: Can't find file for asset '/Game/Blueprints/Pawn/botCharacter' while loading ../../../../../../Users/dacos/OneDrive/Documents/Unreal Projects/Game_GT/Content/Blueprints/Characters/MovementTest/su/BTT_botAttackEnemy.uasset.
[2016.01.20-16.50.50:981][896]LogLinker:Warning: Can't find file '/Game/Blueprints/Behavior/botAI'
[2016.01.20-16.50.50:981][896]LogLinker:Warning: Can't find file for asset '/Game/Blueprints/Behavior/botAI' while loading ../../../../../../Users/dacos/OneDrive/Documents/Unreal Projects/Game_GT/Content/Blueprints/Characters/MovementTest/su/BTT_botAttackEnemy.uasset.
[2016.01.20-16.50.50:981][896]LogLinker:Warning: Can't find file '/Game/Blueprints/Behavior/botState'
[2016.01.20-16.50.50:981][896]LogLinker:Warning: Can't find file for asset '/Game/Blueprints/Behavior/botState' while loading ../../../../../../Users/dacos/OneDrive/Documents/Unreal Projects/Game_GT/Content/Blueprints/Characters/MovementTest/su/BTT_botAttackEnemy.uasset.
[2016.01.20-16.50.50:981][896]LoadErrors:Error: Error /Game/Blueprints/Characters/MovementTest/su/BTT_botAttackEnemy : Can't find file for asset. /Game/Blueprints/Behavior/botState
[2016.01.20-16.50.50:981][896]LogLinker:Warning: Can't find file '/Game/Blueprints/Pawn/botCharacter'
[2016.01.20-16.50.50:981][896]LogLinker:Warning: Can't find file for asset '/Game/Blueprints/Pawn/botCharacter' while loading ../../../../../../Users/dacos/OneDrive/Documents/Unreal Projects/Game_GT/Content/Blueprints/Characters/MovementTest/su/BTT_botAttackEnemy.uasset.
[2016.01.20-16.50.50:981][896]LogLinker:Warning: Can't find file '/Game/Blueprints/Behavior/botState'
[2016.01.20-16.50.50:981][896]LogLinker:Warning: Can't find file for asset '/Game/Blueprints/Behavior/botState' while loading ../../../../../../Users/dacos/OneDrive/Documents/Unreal Projects/Game_GT/Content/Blueprints/Characters/MovementTest/su/BTT_botAttackEnemy.uasset.
[2016.01.20-16.50.50:982][896]LogLinker:Warning: Can't find file '/Game/Blueprints/Behavior/botAI'
[2016.01.20-16.50.50:982][896]LogLinker:Warning: Can't find file for asset '/Game/Blueprints/Behavior/botAI' while loading NULL.
[2016.01.20-16.50.50:982][896]LogLinker:Warning: Can't find file '/Game/Blueprints/Pawn/botCharacter'
[2016.01.20-16.50.50:982][896]LogLinker:Warning: Can't find file for asset '/Game/Blueprints/Pawn/botCharacter' while loading NULL.
[2016.01.20-16.50.50:982][896]LogLinker:Warning: Can't find file '/Game/Blueprints/Behavior/botAI'
[2016.01.20-16.50.50:983][896]LogLinker:Warning: Can't find file for asset '/Game/Blueprints/Behavior/botAI' while loading NULL.
[2016.01.20-16.50.50:983][896]LogLinker:Warning: Can't find file '/Game/Blueprints/Pawn/botCharacter'
[2016.01.20-16.50.50:983][896]LogLinker:Warning: Can't find file for asset '/Game/Blueprints/Pawn/botCharacter' while loading NULL.
[2016.01.20-16.50.50:983][896]LogLinker:Warning: Can't find file '/Game/Blueprints/Pawn/botCharacter'
[2016.01.20-16.50.50:983][896]LogLinker:Warning: Can't find file for asset '/Game/Blueprints/Pawn/botCharacter' while loading NULL.
[2016.01.20-16.50.50:983][896]LogLinker:Warning: Can't find file '/Game/Blueprints/Pawn/botCharacter'
[2016.01.20-16.50.50:983][896]LogLinker:Warning: Can't find file for asset '/Game/Blueprints/Pawn/botCharacter' while loading NULL.
[2016.01.20-16.50.50:983][896]LogLinker:Warning: Can't find file '/Game/Blueprints/Pawn/botCharacter'
[2016.01.20-16.50.50:983][896]LogLinker:Warning: Can't find file for asset '/Game/Blueprints/Pawn/botCharacter' while loading NULL.
[2016.01.20-16.50.50:983][896]LogLinker:Warning: Can't find file '/Game/Blueprints/Pawn/botCharacter'
[2016.01.20-16.50.50:983][896]LogLinker:Warning: Can't find file for asset '/Game/Blueprints/Pawn/botCharacter' while loading NULL.
[2016.01.20-16.50.50:983][896]LogLinker:Warning: Can't find file '/Game/Blueprints/Behavior/botAI'
[2016.01.20-16.50.50:984][896]LogLinker:Warning: Can't find file for asset '/Game/Blueprints/Behavior/botAI' while loading NULL.
[2016.01.20-16.50.50:984][896]LogLinker:Warning: Can't find file '/Game/Blueprints/Behavior/botState'
[2016.01.20-16.50.50:984][896]LogLinker:Warning: Can't find file for asset '/Game/Blueprints/Behavior/botState' while loading NULL.
[2016.01.20-16.50.50:984][896]LogLinker:Warning: Can't find file '/Game/Blueprints/Pawn/botCharacter'
[2016.01.20-16.50.50:984][896]LogLinker:Warning: Can't find file for asset '/Game/Blueprints/Pawn/botCharacter' while loading NULL.
[2016.01.20-16.50.50:984][896]LogLinker:Warning: Can't find file '/Game/Blueprints/Behavior/botState'
[2016.01.20-16.50.50:984][896]LogLinker:Warning: Can't find file for asset '/Game/Blueprints/Behavior/botState' while loading NULL.
[2016.01.20-16.50.50:985][896]LogLinker:Warning: Can't find file '/Game/Blueprints/Behavior/botAI'
[2016.01.20-16.50.50:985][896]LoadErrors: Info Failed to load /Game/Blueprints/Behavior/botAI.botAI_C Referenced by K2Node_DynamicCast_2892
[2016.01.20-16.50.50:985][896]LogLinker:Warning: Can't find file for asset '/Game/Blueprints/Behavior/botAI' while loading NULL.
[2016.01.20-16.50.50:985][896]LogLinker:Warning: Can't find file '/Game/Blueprints/Behavior/botAI'
[2016.01.20-16.50.50:986][896]LoadErrors: Info Failed to load /Game/Blueprints/Behavior/botAI.botAI_C Referenced by EdGraphPin_18780
[2016.01.20-16.50.50:986][896]LogLinker:Warning: Can't find file for asset '/Game/Blueprints/Behavior/botAI' while loading NULL.
[2016.01.20-16.50.50:987][896]LogLinker:Warning: Can't find file '/Game/Blueprints/Behavior/botState'
[2016.01.20-16.50.50:987][896]LoadErrors: Info Failed to load /Game/Blueprints/Behavior/botState.botState Referenced by K2Node_SwitchEnum_9863
[2016.01.20-16.50.50:987][896]LogLinker:Warning: Can't find file for asset '/Game/Blueprints/Behavior/botState' while loading NULL.
[2016.01.20-16.50.50:988][896]LogLinker:Warning: Can't find file '/Game/Blueprints/Pawn/botCharacter'
[2016.01.20-16.50.50:988][896]LoadErrors: Info Failed to load /Game/Blueprints/Pawn/botCharacter.botCharacter_C Referenced by K2Node_DynamicCast_202
[2016.01.20-16.50.50:988][896]LogLinker:Warning: Can't find file for asset '/Game/Blueprints/Pawn/botCharacter' while loading NULL.
[2016.01.20-16.50.50:988][896]LogLinker:Warning: Can't find file '/Game/Blueprints/Pawn/botCharacter'
[2016.01.20-16.50.50:988][896]LoadErrors: Info Failed to load /Game/Blueprints/Pawn/botCharacter.botCharacter_C Referenced by EdGraphPin_18807
[2016.01.20-16.50.50:988][896]LogLinker:Warning: Can't find file for asset '/Game/Blueprints/Pawn/botCharacter' while loading NULL.
[2016.01.20-16.50.50:989][896]LogLinker:Warning: Can't find file '/Game/Blueprints/Pawn/botCharacter'
[2016.01.20-16.50.50:989][896]LoadErrors: Info Failed to load /Game/Blueprints/Pawn/botCharacter.botCharacter_C Referenced by K2Node_CallDelegate_2
[2016.01.20-16.50.50:989][896]LogLinker:Warning: Can't find file for asset '/Game/Blueprints/Pawn/botCharacter' while loading NULL.
[2016.01.20-16.50.50:989][896]LogLinker:Warning: Can't find file '/Game/Blueprints/Pawn/botCharacter'
[2016.01.20-16.50.50:989][896]LoadErrors: Info Failed to load /Game/Blueprints/Pawn/botCharacter.botCharacter_C Referenced by EdGraphPin_18820
[2016.01.20-16.50.50:989][896]LogLinker:Warning: Can't find file for asset '/Game/Blueprints/Pawn/botCharacter' while loading NULL.
[2016.01.20-16.50.50:989][896]LogLinker:Warning: Can't find file '/Game/Blueprints/Pawn/botCharacter'
[2016.01.20-16.50.50:989][896]LoadErrors: Info Failed to load /Game/Blueprints/Pawn/botCharacter.botCharacter_C Referenced by K2Node_CallDelegate_6
[2016.01.20-16.50.50:989][896]LogLinker:Warning: Can't find file for asset '/Game/Blueprints/Pawn/botCharacter' while loading NULL.
[2016.01.20-16.50.50:990][896]LogLinker:Warning: Can't find file '/Game/Blueprints/Pawn/botCharacter'
[2016.01.20-16.50.50:990][896]LoadErrors: Info Failed to load /Game/Blueprints/Pawn/botCharacter.botCharacter_C Referenced by EdGraphPin_18829
[2016.01.20-16.50.50:990][896]LogLinker:Warning: Can't find file for asset '/Game/Blueprints/Pawn/botCharacter' while loading NULL.
[2016.01.20-16.50.50:995][896]LogBlueprint:Warning: [compiler BTT_botAttackEnemy] Warning Can't connect pins  Object  and  Return Value : This cast has an invalid target type (was the class deleted without a redirect?).
[2016.01.20-16.50.50:995][896]LogBlueprint:Warning: [compiler BTT_botAttackEnemy] Warning Can't connect pins  Return Value  and  Object : This cast has an invalid target type (was the class deleted without a redirect?).
[2016.01.20-16.50.50:995][896]LogBlueprint:Warning: [compiler BTT_botAttackEnemy] Warning Can't connect pins  Object  and  Owner Actor : This cast has an invalid target type (was the class deleted without a redirect?).
[2016.01.20-16.50.50:995][896]LogBlueprint:Warning: [compiler BTT_botAttackEnemy] Warning Can't connect pins  Owner Actor  and  Object : This cast has an invalid target type (was the class deleted without a redirect?).
[2016.01.20-16.50.50:996][896]LogBlueprint:Error: [compiler BTT_botAttackEnemy] Error This blueprint (self) is not compatible with ' Target ', therefore that pin must have a connection.
[2016.01.20-16.50.50:996][896]LogBlueprint:Error: [compiler BTT_botAttackEnemy] Error This blueprint (self) is not compatible with ' Target ', therefore that pin must have a connection.
[2016.01.20-16.50.50:996][896]LogBlueprint:Error: [compiler BTT_botAttackEnemy] Error This blueprint (self) is not a Controller, therefore ' Target ' must have a connection.
[2016.01.20-16.50.50:996][896]LogBlueprint:Error: [compiler BTT_botAttackEnemy] Error Event Dispatcher has no property  Call Enemy Lost 
[2016.01.20-16.50.50:996][896]LogBlueprint:Error: [compiler BTT_botAttackEnemy] Error Event Dispatcher has no property  Call Enemy Found 
[2016.01.20-16.50.50:999][896]LogBlueprint:Warning: [compiler BTT_botAttackEnemy] Warning [0026.31] Compile of BTT_botAttackEnemy failed. 5 Fatal Issue(s) 4 Warning(s) [in 5 ms]
[2016.01.20-16.50.50:999][896]LogBlueprint:Warning: [compiler BTT_botAttackEnemy] Warning [0026.31] Compile of BTT_botAttackEnemy failed. 5 Fatal Issue(s) 5 Warning(s) [in 0 ms]
[2016.01.20-16.50.50:999][896]LogBlueprint:Warning: [compiler BTT_botAttackEnemy] Warning [0026.31] Compile of BTT_botAttackEnemy failed. 5 Fatal Issue(s) 6 Warning(s) [in 0 ms]
[2016.01.20-16.50.51:004][896]LogLinker:Warning: Can't find file '/Game/Blueprints/Behavior/botAI'
[2016.01.20-16.50.51:004][896]LogLinker:Warning: Can't find file for asset '/Game/Blueprints/Behavior/botAI' while loading ../../../../../../Users/dacos/OneDrive/Documents/Unreal Projects/Game_GT/Content/Blueprints/Characters/MovementTest/su/BTT_botMoveToEnemy.uasset.
[2016.01.20-16.50.51:005][896]LoadErrors:Error: Error /Game/Blueprints/Characters/MovementTest/su/BTT_botMoveToEnemy : Can't find file for asset. /Game/Blueprints/Behavior/botAI
[2016.01.20-16.50.51:006][896]LogLinker:Warning: Can't find file '/Game/Blueprints/Behavior/botAI'
[2016.01.20-16.50.51:006][896]LogLinker:Warning: Can't find file for asset '/Game/Blueprints/Behavior/botAI' while loading ../../../../../../Users/dacos/OneDrive/Documents/Unreal Projects/Game_GT/Content/Blueprints/Characters/MovementTest/su/BTT_botMoveToEnemy.uasset.
[2016.01.20-16.50.51:007][896]LogLinker:Warning: Can't find file '/Game/Blueprints/Behavior/botState'
[2016.01.20-16.50.51:007][896]LogLinker:Warning: Can't find file for asset '/Game/Blueprints/Behavior/botState' while loading ../../../../../../Users/dacos/OneDrive/Documents/Unreal Projects/Game_GT/Content/Blueprints/Characters/MovementTest/su/BTT_botMoveToEnemy.uasset.
[2016.01.20-16.50.51:007][896]LoadErrors:Error: Error /Game/Blueprints/Characters/MovementTest/su/BTT_botMoveToEnemy : Can't find file for asset. /Game/Blueprints/Behavior/botState
[2016.01.20-16.50.51:007][896]LogLinker:Warning: Can't find file '/Game/Blueprints/Behavior/botState'
[2016.01.20-16.50.51:007][896]LogLinker:Warning: Can't find file for asset '/Game/Blueprints/Behavior/botState' while loading ../../../../../../Users/dacos/OneDrive/Documents/Unreal Projects/Game_GT/Content/Blueprints/Characters/MovementTest/su/BTT_botMoveToEnemy.uasset.
[2016.01.20-16.50.51:008][896]LogLinker:Warning: Can't find file '/Game/Blueprints/Behavior/botAI'
[2016.01.20-16.50.51:008][896]LogLinker:Warning: Can't find file for asset '/Game/Blueprints/Behavior/botAI' while loading NULL.
[2016.01.20-16.50.51:008][896]LogLinker:Warning: Can't find file '/Game/Blueprints/Behavior/botAI'
[2016.01.20-16.50.51:008][896]LogLinker:Warning: Can't find file for asset '/Game/Blueprints/Behavior/botAI' while loading NULL.
[2016.01.20-16.50.51:008][896]LogLinker:Warning: Can't find file '/Game/Blueprints/Behavior/botAI'
[2016.01.20-16.50.51:008][896]LogLinker:Warning: Can't find file for asset '/Game/Blueprints/Behavior/botAI' while loading NULL.
[2016.01.20-16.50.51:008][896]LogLinker:Warning: Can't find file '/Game/Blueprints/Behavior/botState'
[2016.01.20-16.50.51:008][896]LogLinker:Warning: Can't find file for asset '/Game/Blueprints/Behavior/botState' while loading NULL.
[2016.01.20-16.50.51:008][896]LogLinker:Warning: Can't find file '/Game/Blueprints/Behavior/botState'
[2016.01.20-16.50.51:008][896]LogLinker:Warning: Can't find file for asset '/Game/Blueprints/Behavior/botState' while loading NULL.
[2016.01.20-16.50.51:010][896]LogLinker:Warning: Can't find file '/Game/Blueprints/Behavior/botAI'
[2016.01.20-16.50.51:010][896]LoadErrors: Info Failed to load /Game/Blueprints/Behavior/botAI.botAI_C Referenced by K2Node_DynamicCast_1159
[2016.01.20-16.50.51:010][896]LogLinker:Warning: Can't find file for asset '/Game/Blueprints/Behavior/botAI' while loading NULL.
[2016.01.20-16.50.51:010][896]LogLinker:Warning: Can't find file '/Game/Blueprints/Behavior/botAI'
[2016.01.20-16.50.51:010][896]LoadErrors: Info Failed to load /Game/Blueprints/Behavior/botAI.botAI_C Referenced by EdGraphPin_8647
[2016.01.20-16.50.51:010][896]LogLinker:Warning: Can't find file for asset '/Game/Blueprints/Behavior/botAI' while loading NULL.
[2016.01.20-16.50.51:011][896]LogLinker:Warning: Can't find file '/Game/Blueprints/Behavior/botState'
[2016.01.20-16.50.51:011][896]LoadErrors: Info Failed to load /Game/Blueprints/Behavior/botState.botState Referenced by K2Node_SwitchEnum_7573
[2016.01.20-16.50.51:011][896]LogLinker:Warning: Can't find file for asset '/Game/Blueprints/Behavior/botState' while loading NULL.
[2016.01.20-16.50.51:021][896]LogBlueprint:Warning: [compiler BTT_botMoveToEnemy] Warning Can't connect pins  Object  and  Owner Actor : This cast has an invalid target type (was the class deleted without a redirect?).
[2016.01.20-16.50.51:021][896]LogBlueprint:Warning: [compiler BTT_botMoveToEnemy] Warning Can't connect pins  Owner Actor  and  Object : This cast has an invalid target type (was the class deleted without a redirect?).
[2016.01.20-16.50.51:021][896]LogBlueprint:Error: [compiler BTT_botMoveToEnemy] Error This blueprint (self) is not a AIController, therefore ' Target ' must have a connection.
[2016.01.20-16.50.51:021][896]LogBlueprint:Error: [compiler BTT_botMoveToEnemy] Error This blueprint (self) is not a Controller, therefore ' Target ' must have a connection.
[2016.01.20-16.50.51:021][896]LogBlueprint:Error: [compiler BTT_botMoveToEnemy] Error This blueprint (self) is not a AIController, therefore ' Target ' must have a connection.
[2016.01.20-16.50.51:025][896]LogBlueprint:Warning: [compiler BTT_botMoveToEnemy] Warning [0026.34] Compile of BTT_botMoveToEnemy failed. 3 Fatal Issue(s) 2 Warning(s) [in 6 ms]
[2016.01.20-16.50.51:025][896]LogBlueprint:Warning: [compiler BTT_botMoveToEnemy] Warning [0026.34] Compile of BTT_botMoveToEnemy failed. 3 Fatal Issue(s) 3 Warning(s) [in 0 ms]
[2016.01.20-16.50.51:025][896]LogBlueprint:Warning: [compiler BTT_botMoveToEnemy] Warning [0026.34] Compile of BTT_botMoveToEnemy failed. 3 Fatal Issue(s) 4 Warning(s) [in 0 ms]
[2016.01.20-16.50.58:085][896]SourceControl: Info rm 'Content/Blueprints/Characters/MovementTest/BTT_BotWalkspeed.uasset'
[2016.01.20-16.50.58:260][896]SourceControl:Error: Error error: pathspec 'C:/Users/dacos/OneDrive/Documents/Unreal Projects/Game_GT/Content/Blueprints/Characters/MovementTest/BTT_BotNextRout_bad.uasset' did not match any file(s) known to git.
[2016.01.20-16.50.58:559][896]SourceControl: Info rm 'Content/Blueprints/Characters/MovementTest/BTT_BotNextRout.uasset'
[2016.01.20-16.50.58:731][896]SourceControl:Error: Error error: pathspec 'C:/Users/dacos/OneDrive/Documents/Unreal Projects/Game_GT/Content/Blueprints/Characters/MovementTest/BTD_BotUpdateRout_bad.uasset' did not match any file(s) known to git.
[2016.01.20-16.50.59:024][896]SourceControl: Info rm 'Content/Blueprints/Characters/MovementTest/BTD_BotUpdateRout.uasset'
[2016.01.20-16.50.59:198][896]SourceControl:Error: Error error: pathspec 'C:/Users/dacos/OneDrive/Documents/Unreal Projects/Game_GT/Content/Blueprints/Characters/MovementTest/BotWaypoint_bad.uasset' did not match any file(s) known to git.
[2016.01.20-16.50.59:492][896]SourceControl: Info rm 'Content/Blueprints/Characters/MovementTest/BotWaypoint.uasset'
[2016.01.20-16.50.59:677][896]SourceControl:Error: Error error: pathspec 'C:/Users/dacos/OneDrive/Documents/Unreal Projects/Game_GT/Content/Blueprints/Characters/MovementTest/BotState_bad.uasset' did not match any file(s) known to git.
[2016.01.20-16.50.59:975][896]SourceControl: Info rm 'Content/Blueprints/Characters/MovementTest/BotState.uasset'
[2016.01.20-16.51.00:160][896]SourceControl:Error: Error error: pathspec 'C:/Users/dacos/OneDrive/Documents/Unreal Projects/Game_GT/Content/Blueprints/Characters/MovementTest/BotData_bad.uasset' did not match any file(s) known to git.
[2016.01.20-16.51.00:459][896]SourceControl: Info rm 'Content/Blueprints/Characters/MovementTest/BotData.uasset'
[2016.01.20-16.51.00:643][896]SourceControl:Error: Error error: pathspec 'C:/Users/dacos/OneDrive/Documents/Unreal Projects/Game_GT/Content/Blueprints/Characters/MovementTest/BotAi_bad.uasset' did not match any file(s) known to git.
[2016.01.20-16.51.00:826][896]SourceControl:Error: Error error: pathspec 'C:/Users/dacos/OneDrive/Documents/Unreal Projects/Game_GT/Content/Blueprints/Characters/MovementTest/BotAiTree_bad.uasset' did not match any file(s) known to git.
[2016.01.20-16.51.01:124][896]SourceControl: Info rm 'Content/Blueprints/Characters/MovementTest/BotAiTree.uasset'
[2016.01.20-16.51.01:426][896]SourceControl: Info rm 'Content/Blueprints/Characters/MovementTest/BotAi.uasset'
[2016.01.20-16.51.01:435][896]LoadErrors:Error: Error /Game/Blueprints/Characters/MovementTest/BotAiTree_bad : Failed import for BlueprintGeneratedClass /Game/Blueprints/Characters/MovementTest/BTT_BotWalkspeed.BTT_BotWalkspeed_C [redirection] in /Game/Blueprints/Characters/MovementTest/BotAiTree_bad
[2016.01.20-16.51.09:921][664]SourceControl: Info rm 'Content/Blueprints/Characters/BTTask_BlueprintBase_New.uasset'
[2016.01.20-16.51.17:673][131]LogObjectTools:Warning: ForceReplaceReferences replaced references for a transient object 'DEADCLASS_BTTask_BlueprintBase_New2_C_1' or package '/Engine/Transient'.
[2016.01.20-16.51.17:673][131]LogObjectTools:Warning: ForceReplaceReferences replaced references for a transient object 'REINST_SKEL_BTTask_BlueprintBase_New2_C_135' or package '/Engine/Transient'.
[2016.01.20-16.51.17:673][131]LogObjectTools:Warning: ForceReplaceReferences replaced references for a transient object 'REINST_BTTask_BlueprintBase_New2_C_134' or package '/Engine/Transient'.
[2016.01.20-16.51.17:673][131]LogObjectTools:Warning: ForceReplaceReferences replaced references for a transient object 'DEADCLASS_BTTask_BlueprintBase_New2_C_0' or package '/Engine/Transient'.
[2016.01.20-16.51.18:142][131]SourceControl: Info rm 'Content/Blueprints/Characters/BTTask_BlueprintBase_New2.uasset'
[2016.01.20-16.51.19:332][265]LogLinker:Warning: Can't find file '/Game/Blueprints/Characters/BTTask_BlueprintBase_New2'
[2016.01.20-16.51.19:332][265]LogLinker:Warning: Can't find file for asset '/Game/Blueprints/Characters/BTTask_BlueprintBase_New2' while loading ../../../../../../Users/dacos/OneDrive/Documents/Unreal Projects/Game_GT/Content/Blueprints/Characters/NewBehaviorTree.uasset.
[2016.01.20-16.51.19:332][265]LoadErrors:Error: Error /Game/Blueprints/Characters/NewBehaviorTree : Can't find file for asset. /Game/Blueprints/Characters/BTTask_BlueprintBase_New2
[2016.01.20-16.51.19:333][265]LogLinker:Warning: Can't find file '/Game/Blueprints/Characters/BTTask_BlueprintBase_New2'
[2016.01.20-16.51.19:333][265]LogLinker:Warning: Can't find file for asset '/Game/Blueprints/Characters/BTTask_BlueprintBase_New2' while loading ../../../../../../Users/dacos/OneDrive/Documents/Unreal Projects/Game_GT/Content/Blueprints/Characters/NewBehaviorTree.uasset.
[2016.01.20-16.51.19:334][265]LogLinker:Warning: Can't find file '/Game/Blueprints/Characters/BTTask_BlueprintBase_New2'
[2016.01.20-16.51.19:334][265]LogLinker:Warning: Can't find file for asset '/Game/Blueprints/Characters/BTTask_BlueprintBase_New2' while loading NULL.
[2016.01.20-16.51.19:335][265]LogLinker:Warning: Can't find file '/Game/Blueprints/Characters/BTTask_BlueprintBase_New2'
[2016.01.20-16.51.19:335][265]LogLinker:Warning: Can't find file for asset '/Game/Blueprints/Characters/BTTask_BlueprintBase_New2' while loading NULL.
[2016.01.20-16.51.19:335][265]LogLinker:Warning: Can't find file '/Game/Blueprints/Characters/BTTask_BlueprintBase_New2'
[2016.01.20-16.51.19:336][265]LogLinker:Warning: Can't find file for asset '/Game/Blueprints/Characters/BTTask_BlueprintBase_New2' while loading NULL.
[2016.01.20-16.51.19:336][265]LogLinker:Warning: Can't find file '/Game/Blueprints/Characters/BTTask_BlueprintBase_New2'
[2016.01.20-16.51.19:336][265]LoadErrors: Info Failed to load /Game/Blueprints/Characters/BTTask_BlueprintBase_New2.BTTask_BlueprintBase_New2_C Referenced by BehaviorTreeGraphNode_Task_28
[2016.01.20-16.51.19:336][265]LogLinker:Warning: Can't find file for asset '/Game/Blueprints/Characters/BTTask_BlueprintBase_New2' while loading NULL.
[2016.01.20-16.51.19:336][265]LogLinker:Warning: Can't find file '/Game/Blueprints/Characters/BTTask_BlueprintBase_New2'
[2016.01.20-16.51.19:336][265]LogLinker:Warning: Can't find file for asset '/Game/Blueprints/Characters/BTTask_BlueprintBase_New2' while loading NULL.
[2016.01.20-16.51.19:336][265]LogLinker:Warning: Can't find file '/Game/Blueprints/Characters/BTTask_BlueprintBase_New2'
[2016.01.20-16.51.19:336][265]LoadErrors: Info Failed to load /Game/Blueprints/Characters/BTTask_BlueprintBase_New2.BTTask_BlueprintBase_New2_C Referenced by BTComposite_Sequence_0
[2016.01.20-16.51.19:336][265]LogLinker:Warning: Can't find file for asset '/Game/Blueprints/Characters/BTTask_BlueprintBase_New2' while loading NULL.
[2016.01.20-16.51.20:825][265]SourceControl: Info rm 'Content/Blueprints/Characters/NewBehaviorTree.uasset'
[2016.01.20-16.51.30:675][ 94]SourceControl: Info rm 'Content/Blueprints/Characters/RadaMovement.uasset'
[2016.01.20-16.55.54:633][152]LogPackageName: SearchForPackageOnDisk took   0.000s, but failed to resolve /Game/TestContents/Z/NewBlueprint.
[2016.01.20-16.56.10:040][938]SourceControl: Info On branch master
[2016.01.20-16.56.10:040][938]SourceControl: Info Your branch is up-to-date with 'origin/master'.
[2016.01.20-16.56.10:040][938]SourceControl: Info Changes to be committed:
[2016.01.20-16.56.10:041][938]SourceControl: Info   (use "git reset HEAD <file>..." to unstage)
[2016.01.20-16.56.10:041][938]SourceControl: Info 	deleted:    Content/Blueprints/Characters/BTTask_BlueprintBase_New.uasset
[2016.01.20-16.56.10:041][938]SourceControl: Info 	deleted:    Content/Blueprints/Characters/BTTask_BlueprintBase_New2.uasset
[2016.01.20-16.56.10:041][938]SourceControl: Info 	deleted:    Content/Blueprints/Characters/MovementTest/BTD_BotUpdateRout.uasset
[2016.01.20-16.56.10:041][938]SourceControl: Info 	deleted:    Content/Blueprints/Characters/MovementTest/BTT_BotNextRout.uasset
[2016.01.20-16.56.10:041][938]SourceControl: Info 	deleted:    Content/Blueprints/Characters/MovementTest/BTT_BotWalkspeed.uasset
[2016.01.20-16.56.10:041][938]SourceControl: Info 	deleted:    Content/Blueprints/Characters/MovementTest/BotAi.uasset
[2016.01.20-16.56.10:041][938]SourceControl: Info 	deleted:    Content/Blueprints/Characters/MovementTest/BotAiTree.uasset
[2016.01.20-16.56.10:041][938]SourceControl: Info 	deleted:    Content/Blueprints/Characters/MovementTest/BotData.uasset
[2016.01.20-16.56.10:041][938]SourceControl: Info 	deleted:    Content/Blueprints/Characters/MovementTest/BotState.uasset
[2016.01.20-16.56.10:041][938]SourceControl: Info 	deleted:    Content/Blueprints/Characters/MovementTest/BotWaypoint.uasset
[2016.01.20-16.56.10:041][938]SourceControl: Info 	deleted:    Content/Blueprints/Characters/MovementTest/RadaBancroft_v2.uasset
[2016.01.20-16.56.10:041][938]SourceControl: Info 	deleted:    Content/Blueprints/Characters/NewBehaviorTree.uasset
[2016.01.20-16.56.10:041][938]SourceControl: Info 	deleted:    Content/Blueprints/Characters/RadaMovement.uasset
[2016.01.20-16.56.10:041][938]SourceControl: Info Changes not staged for commit:
[2016.01.20-16.56.10:041][938]SourceControl: Info   (use "git add/rm <file>..." to update what will be committed)
[2016.01.20-16.56.10:041][938]SourceControl: Info   (use "git checkout -- <file>..." to discard changes in working directory)
[2016.01.20-16.56.10:041][938]SourceControl: Info 	modified:   Content/TopDownCPP/Maps/TopDownExampleMap.umap
[2016.01.20-16.56.10:041][938]SourceControl: Info 	modified:   Intermediate/CachedAssetRegistry.bin
[2016.01.20-16.56.10:041][938]SourceControl: Info 	modified:   Saved/Autosaves/Game/TopDownCPP/Maps/TopDownExampleMap_Auto1.umap
[2016.01.20-16.56.10:041][938]SourceControl: Info 	modified:   Saved/Autosaves/PackageRestoreData.json
[2016.01.20-16.56.10:041][938]SourceControl: Info 	deleted:    Saved/Backup/2DTopDown_Style_2015-09-23-22-02-24.uasset
[2016.01.20-16.56.10:041][938]SourceControl: Info 	deleted:    Saved/Backup/AITesting_MoveGoal_2015-09-22-18-54-36.uasset
[2016.01.20-16.56.10:041][938]SourceControl: Info 	deleted:    Saved/Backup/ActorMacros_2015-09-22-18-54-35.uasset
[2016.01.20-16.56.10:041][938]SourceControl: Info 	deleted:    Saved/Backup/BotAiTree_2016-01-07-11-52-26.uasset
[2016.01.20-16.56.10:041][938]SourceControl: Info 	deleted:    Saved/Backup/HPBar_2015-11-19-11-40-43.uasset
[2016.01.20-16.56.10:041][938]SourceControl: Info 	deleted:    Saved/Backup/LizardMan_PaperCharacter_2015-09-24-17-35-03.uasset
[2016.01.20-16.56.10:041][938]SourceControl: Info 	deleted:    Saved/Backup/LizardMan_PaperCharacter_2015-09-24-18-21-27.uasset
[2016.01.20-16.56.10:041][938]SourceControl: Info 	deleted:    Saved/Backup/LizardMan_PaperCharacter_2015-09-24-18-41-46.uasset
[2016.01.20-16.56.10:041][938]SourceControl: Info 	deleted:    Saved/Backup/LizardMan_PaperCharacter_2015-09-24-20-14-26.uasset
[2016.01.20-16.56.10:041][938]SourceControl: Info 	deleted:    Saved/Backup/LizardMan_PaperCharacter_2015-09-29-12-53-00.uasset
[2016.01.20-16.56.10:041][938]SourceControl: Info 	deleted:    Saved/Backup/LizardMan_PaperCharacter_2015-10-01-11-58-40.uasset
[2016.01.20-16.56.10:041][938]SourceControl: Info 	deleted:    Saved/Backup/LizardMan_PaperCharacter_2015-10-16-11-18-52.uasset
[2016.01.20-16.56.10:041][938]SourceControl: Info 	deleted:    Saved/Backup/LizardMan_PaperCharacter_2015-10-26-11-21-39.uasset
[2016.01.20-16.56.10:041][938]SourceControl: Info 	deleted:    Saved/Backup/LizardMan_PaperCharacter_2015-10-30-12-01-37.uasset
[2016.01.20-16.56.10:041][938]SourceControl: Info 	deleted:    Saved/Backup/LizardMan_PaperCharacter_2015-11-03-11-50-09.uasset
[2016.01.20-16.56.10:041][938]SourceControl: Info 	deleted:    Saved/Backup/LizardMan_PaperCharacter_2015-11-09-10-54-06.uasset
[2016.01.20-16.56.10:041][938]SourceControl: Info 	modified:   Saved/Config/Windows/Editor.ini
[2016.01.20-16.56.10:041][938]SourceControl: Info 	modified:   Saved/Config/Windows/EditorPerProjectUserSettings.ini
[2016.01.20-16.56.10:041][938]SourceControl: Info 	modified:   Saved/Config/Windows/Engine.ini
[2016.01.20-16.56.10:041][938]SourceControl: Info 	deleted:    Saved/Logs/Game_GT-backup-2016.01.11-11.39.41.log
[2016.01.20-16.56.10:041][938]SourceControl: Info 	deleted:    Saved/Logs/Game_GT-backup-2016.01.11-11.49.32.log
[2016.01.20-16.56.10:041][938]SourceControl: Info 	deleted:    Saved/Logs/Game_GT-backup-2016.01.12-17.31.54.log
[2016.01.20-16.56.10:041][938]SourceControl: Info 	deleted:    Saved/Logs/Game_GT-backup-2016.01.15-10.45.12.log
[2016.01.20-16.56.10:041][938]SourceControl: Info 	deleted:    Saved/Logs/Game_GT-backup-2016.01.15-10.58.23.log
[2016.01.20-16.56.10:041][938]SourceControl: Info 	deleted:    Saved/Logs/Game_GT-backup-2016.01.15-11.19.10.log
[2016.01.20-16.56.10:042][938]SourceControl: Info 	modified:   Saved/Logs/Game_GT.log
[2016.01.20-16.56.10:042][938]SourceControl: Info Untracked files:
[2016.01.20-16.56.10:042][938]SourceControl: Info   (use "git add <file>..." to include in what will be committed)
[2016.01.20-16.56.10:042][938]SourceControl: Info 	Content/Blueprints/Characters/MovementTest/su/
[2016.01.20-16.56.10:042][938]SourceControl: Info 	Saved/Autosaves/Game/Blueprints/Characters/MovementTest/su/
[2016.01.20-16.56.10:042][938]SourceControl: Info 	Saved/Backup/BTD_BotUpdateRout_2016-01-20-11-06-36.uasset
[2016.01.20-16.56.10:042][938]SourceControl: Info 	Saved/Backup/BTD_BotUpdateRout_bad_2016-01-20-11-06-35.uasset
[2016.01.20-16.56.10:042][938]SourceControl: Info 	Saved/Backup/BTD_botUpdateRoute_2016-01-20-11-13-02.uasset
[2016.01.20-16.56.10:042][938]SourceControl: Info 	Saved/Backup/BTT_BotNextRout_2016-01-20-11-06-41.uasset
[2016.01.20-16.56.10:042][938]SourceControl: Info 	Saved/Backup/BTT_BotNextRout_bad_2016-01-20-11-06-41.uasset
[2016.01.20-16.56.10:042][938]SourceControl: Info 	Saved/Backup/BTT_BotWalkspeed_2016-01-20-11-06-48.uasset
[2016.01.20-16.56.10:042][938]SourceControl: Info 	Saved/Backup/BTT_BotWalkspeed_bad_2016-01-20-11-06-48.uasset
[2016.01.20-16.56.10:042][938]SourceControl: Info 	Saved/Backup/BTT_botNextRoute_2016-01-20-11-27-04.uasset
[2016.01.20-16.56.10:042][938]SourceControl: Info 	Saved/Backup/BotAiTree_2016-01-20-11-06-06.uasset
[2016.01.20-16.56.10:042][938]SourceControl: Info 	Saved/Backup/BotAi_2016-01-20-11-04-35.uasset
[2016.01.20-16.56.10:042][938]SourceControl: Info 	Saved/Backup/BotAi_bad_2016-01-20-11-04-34.uasset
[2016.01.20-16.56.10:042][938]SourceControl: Info 	Saved/Backup/BotData_2016-01-20-11-06-14.uasset
[2016.01.20-16.56.10:042][938]SourceControl: Info 	Saved/Backup/BotState_2016-01-20-11-06-21.uasset
[2016.01.20-16.56.10:042][938]SourceControl: Info 	Saved/Backup/BotWaypoint_2016-01-20-11-06-28.uasset
[2016.01.20-16.56.10:042][938]SourceControl: Info 	Saved/Backup/BotWaypoint_bad_2016-01-20-11-06-28.uasset
[2016.01.20-16.56.10:042][938]SourceControl: Info 	Saved/Backup/RadaBancroft_v2_2016-01-20-11-32-17.uasset
[2016.01.20-16.56.10:042][938]SourceControl: Info 	Saved/Backup/TopDownExampleMap_2016-01-20-11-03-16.umap
[2016.01.20-16.56.10:042][938]SourceControl: Info 	Saved/Backup/TopDownExampleMap_2016-01-20-11-15-29.umap
[2016.01.20-16.56.10:042][938]SourceControl: Info 	Saved/Backup/TopDownExampleMap_2016-01-20-11-30-24.umap
[2016.01.20-16.56.10:042][938]SourceControl: Info 	Saved/Backup/TopDownExampleMap_2016-01-20-11-45-25.umap
[2016.01.20-16.56.10:042][938]SourceControl: Info 	Saved/Backup/botAI_2016-01-20-11-31-21.uasset
[2016.01.20-16.56.10:042][938]SourceControl: Info 	Saved/Backup/botTree_2016-01-20-11-15-29.uasset
[2016.01.20-16.56.10:042][938]SourceControl: Info 	Saved/Backup/botTree_2016-01-20-11-22-56.uasset
[2016.01.20-16.56.10:042][938]SourceControl: Info 	Saved/Logs/Game_GT-backup-2016.01.20-10.54.15.log
[2016.01.20-16.56.10:042][938]SourceControl: Info 	Saved/Logs/Game_GT-backup-2016.01.20-11.44.34.log
[2016.01.20-16.56.10:042][938]SourceControl: Info 	Saved/Logs/Game_GT-backup-2016.01.20-11.47.27.log
[2016.01.20-16.56.10:042][938]SourceControl: Info 	Saved/Logs/Game_GT-backup-2016.01.20-11.50.25.log
[2016.01.20-16.56.10:042][938]SourceControl: Info 	Saved/Logs/UE4CC-Windows-3B26D9CE48B739A48F800C81E59AE742/
[2016.01.20-16.56.10:042][938]SourceControl: Info 	Saved/Logs/UE4CC-Windows-3E58DC2C472F024128312EA72D9F51FE/
[2016.01.20-16.56.10:042][938]SourceControl: Info 	Saved/Logs/UE4CC-Windows-51B405EB4E67664CAC19B1985772B5C5/
[2016.01.20-16.56.10:473][938]LogCrashTracker: 


[2016.01.20-16.56.10:474][938]LogCrashTracker: 


[2016.01.20-16.56.10:474][938]LogWindows:Error: === Critical error: ===
Fatal error!



[2016.01.20-16.56.10:539][938]LogExit: Executing StaticShutdownAfterError
[2016.01.20-16.56.10:542][938]LogPhysics:Warning: PHYSX: ..\..\PhysX\src\NpScene.cpp (2946) 8 : PxScene::unlockWrite() called without matching call to PxScene::lockWrite(), behaviour will be undefined.
[2016.01.20-16.56.10:542][938]LogPhysics:Warning: PHYSX: ..\..\PhysX\src\NpScene.cpp (2946) 8 : PxScene::unlockWrite() called without matching call to PxScene::lockWrite(), behaviour will be undefined.
[2016.01.20-16.56.10:542][938]LogWindows: FPlatformMisc::RequestExit(1)
[2016.01.20-16.56.10:542][938]Log file closed, 01/20/16 11:56:10
